[35m[1mConsolidate compiler generated dependencies of target position_pub_nomoveit[0m
[35m[1mConsolidate compiler generated dependencies of target position_publisher[0m
[35m[1mConsolidate compiler generated dependencies of target moveit_cartesian_planner[0m
[ 66%] Built target position_publisher
[ 66%] Built target position_pub_nomoveit
[100%] Built target moveit_cartesian_planner
-- Install configuration: ""
-- Up-to-date: /home/om/ur5_robot/install/ur5_controller/lib/ur5_controller/position_pub_nomoveit
-- Up-to-date: /home/om/ur5_robot/install/ur5_controller/lib/ur5_controller/position_publisher
-- Up-to-date: /home/om/ur5_robot/install/ur5_controller/lib/ur5_controller/moveit_cartesian_planner
-- Up-to-date: /home/om/ur5_robot/install/ur5_controller/share/ur5_controller/config
-- Up-to-date: /home/om/ur5_robot/install/ur5_controller/share/ur5_controller/config/ur5_controller.yaml
-- Up-to-date: /home/om/ur5_robot/install/ur5_controller/share/ur5_controller/launch
-- Up-to-date: /home/om/ur5_robot/install/ur5_controller/share/ur5_controller/launch/moveit2_launch.py
-- Up-to-date: /home/om/ur5_robot/install/ur5_controller/share/ur5_controller/launch/controller.launch.py
-- Up-to-date: /home/om/ur5_robot/install/ur5_controller/share/ament_index/resource_index/package_run_dependencies/ur5_controller
-- Up-to-date: /home/om/ur5_robot/install/ur5_controller/share/ament_index/resource_index/parent_prefix_path/ur5_controller
-- Up-to-date: /home/om/ur5_robot/install/ur5_controller/share/ur5_controller/environment/ament_prefix_path.sh
-- Up-to-date: /home/om/ur5_robot/install/ur5_controller/share/ur5_controller/environment/ament_prefix_path.dsv
-- Up-to-date: /home/om/ur5_robot/install/ur5_controller/share/ur5_controller/environment/path.sh
-- Up-to-date: /home/om/ur5_robot/install/ur5_controller/share/ur5_controller/environment/path.dsv
-- Up-to-date: /home/om/ur5_robot/install/ur5_controller/share/ur5_controller/local_setup.bash
-- Up-to-date: /home/om/ur5_robot/install/ur5_controller/share/ur5_controller/local_setup.sh
-- Up-to-date: /home/om/ur5_robot/install/ur5_controller/share/ur5_controller/local_setup.zsh
-- Up-to-date: /home/om/ur5_robot/install/ur5_controller/share/ur5_controller/local_setup.dsv
-- Installing: /home/om/ur5_robot/install/ur5_controller/share/ur5_controller/package.dsv
-- Up-to-date: /home/om/ur5_robot/install/ur5_controller/share/ament_index/resource_index/packages/ur5_controller
-- Up-to-date: /home/om/ur5_robot/install/ur5_controller/share/ur5_controller/cmake/ur5_controllerConfig.cmake
-- Up-to-date: /home/om/ur5_robot/install/ur5_controller/share/ur5_controller/cmake/ur5_controllerConfig-version.cmake
-- Up-to-date: /home/om/ur5_robot/install/ur5_controller/share/ur5_controller/package.xml
