[0.006s] Invoking command in '/home/om/ur5_robot/build/ur5_moveit_config': AMENT_PREFIX_PATH=/home/om/ur5_robot/install/ur_description:${AMENT_PREFIX_PATH} CMAKE_PREFIX_PATH=/home/om/ur5_robot/install/ur_description:/opt/ros/humble /usr/bin/cmake --build /home/om/ur5_robot/build/ur5_moveit_config -- -j12 -l12
[0.027s] -- Found ament_cmake: 1.3.9 (/opt/ros/humble/share/ament_cmake/cmake)
[0.177s] -- Configuring done
[0.179s] -- Generating done
[0.180s] -- Build files have been written to: /home/om/ur5_robot/build/ur5_moveit_config
[0.204s] Invoked command in '/home/om/ur5_robot/build/ur5_moveit_config' returned '0': AMENT_PREFIX_PATH=/home/om/ur5_robot/install/ur_description:${AMENT_PREFIX_PATH} CMAKE_PREFIX_PATH=/home/om/ur5_robot/install/ur_description:/opt/ros/humble /usr/bin/cmake --build /home/om/ur5_robot/build/ur5_moveit_config -- -j12 -l12
[0.224s] Invoking command in '/home/om/ur5_robot/build/ur5_moveit_config': AMENT_PREFIX_PATH=/home/om/ur5_robot/install/ur_description:${AMENT_PREFIX_PATH} CMAKE_PREFIX_PATH=/home/om/ur5_robot/install/ur_description:/opt/ros/humble /usr/bin/cmake --install /home/om/ur5_robot/build/ur5_moveit_config
[0.231s] -- Install configuration: ""
[0.231s] -- Up-to-date: /home/om/ur5_robot/install/ur5_moveit_config/share/ament_index/resource_index/package_run_dependencies/ur5_moveit_config
[0.231s] -- Up-to-date: /home/om/ur5_robot/install/ur5_moveit_config/share/ament_index/resource_index/parent_prefix_path/ur5_moveit_config
[0.231s] -- Up-to-date: /home/om/ur5_robot/install/ur5_moveit_config/share/ur5_moveit_config/environment/ament_prefix_path.sh
[0.231s] -- Installing: /home/om/ur5_robot/install/ur5_moveit_config/share/ur5_moveit_config/environment/ament_prefix_path.dsv
[0.231s] -- Up-to-date: /home/om/ur5_robot/install/ur5_moveit_config/share/ur5_moveit_config/environment/path.sh
[0.231s] -- Installing: /home/om/ur5_robot/install/ur5_moveit_config/share/ur5_moveit_config/environment/path.dsv
[0.231s] -- Up-to-date: /home/om/ur5_robot/install/ur5_moveit_config/share/ur5_moveit_config/local_setup.bash
[0.231s] -- Up-to-date: /home/om/ur5_robot/install/ur5_moveit_config/share/ur5_moveit_config/local_setup.sh
[0.231s] -- Up-to-date: /home/om/ur5_robot/install/ur5_moveit_config/share/ur5_moveit_config/local_setup.zsh
[0.232s] -- Installing: /home/om/ur5_robot/install/ur5_moveit_config/share/ur5_moveit_config/local_setup.dsv
[0.232s] -- Installing: /home/om/ur5_robot/install/ur5_moveit_config/share/ur5_moveit_config/package.dsv
[0.232s] -- Up-to-date: /home/om/ur5_robot/install/ur5_moveit_config/share/ament_index/resource_index/packages/ur5_moveit_config
[0.232s] -- Up-to-date: /home/om/ur5_robot/install/ur5_moveit_config/share/ur5_moveit_config/cmake/ur5_moveit_configConfig.cmake
[0.232s] -- Up-to-date: /home/om/ur5_robot/install/ur5_moveit_config/share/ur5_moveit_config/cmake/ur5_moveit_configConfig-version.cmake
[0.232s] -- Installing: /home/om/ur5_robot/install/ur5_moveit_config/share/ur5_moveit_config/package.xml
[0.232s] -- Up-to-date: /home/om/ur5_robot/install/ur5_moveit_config/share/ur5_moveit_config/launch
[0.232s] -- Installing: /home/om/ur5_robot/install/ur5_moveit_config/share/ur5_moveit_config/launch/rsp.launch.py
[0.232s] -- Installing: /home/om/ur5_robot/install/ur5_moveit_config/share/ur5_moveit_config/launch/move_group.launch.py
[0.232s] -- Installing: /home/om/ur5_robot/install/ur5_moveit_config/share/ur5_moveit_config/launch/setup_assistant.launch.py
[0.233s] -- Installing: /home/om/ur5_robot/install/ur5_moveit_config/share/ur5_moveit_config/launch/spawn_controllers.launch.py
[0.233s] -- Installing: /home/om/ur5_robot/install/ur5_moveit_config/share/ur5_moveit_config/launch/warehouse_db.launch.py
[0.233s] -- Installing: /home/om/ur5_robot/install/ur5_moveit_config/share/ur5_moveit_config/launch/moveit_rviz.launch.py
[0.233s] -- Installing: /home/om/ur5_robot/install/ur5_moveit_config/share/ur5_moveit_config/launch/static_virtual_joint_tfs.launch.py
[0.233s] -- Installing: /home/om/ur5_robot/install/ur5_moveit_config/share/ur5_moveit_config/launch/demo.launch.py
[0.233s] -- Up-to-date: /home/om/ur5_robot/install/ur5_moveit_config/share/ur5_moveit_config/config
[0.233s] -- Installing: /home/om/ur5_robot/install/ur5_moveit_config/share/ur5_moveit_config/config/moveit_controllers.yaml
[0.233s] -- Installing: /home/om/ur5_robot/install/ur5_moveit_config/share/ur5_moveit_config/config/pilz_cartesian_limits.yaml
[0.234s] -- Installing: /home/om/ur5_robot/install/ur5_moveit_config/share/ur5_moveit_config/config/ur5.ros2_control.xacro
[0.234s] -- Installing: /home/om/ur5_robot/install/ur5_moveit_config/share/ur5_moveit_config/config/ur5.srdf
[0.234s] -- Installing: /home/om/ur5_robot/install/ur5_moveit_config/share/ur5_moveit_config/config/ur5.urdf.xacro
[0.234s] -- Installing: /home/om/ur5_robot/install/ur5_moveit_config/share/ur5_moveit_config/config/ros2_controllers.yaml
[0.234s] -- Installing: /home/om/ur5_robot/install/ur5_moveit_config/share/ur5_moveit_config/config/initial_positions.yaml
[0.234s] -- Installing: /home/om/ur5_robot/install/ur5_moveit_config/share/ur5_moveit_config/config/joint_limits.yaml
[0.234s] -- Installing: /home/om/ur5_robot/install/ur5_moveit_config/share/ur5_moveit_config/config/kinematics.yaml
[0.234s] -- Installing: /home/om/ur5_robot/install/ur5_moveit_config/share/ur5_moveit_config/config/moveit.rviz
[0.235s] -- Installing: /home/om/ur5_robot/install/ur5_moveit_config/share/ur5_moveit_config/.setup_assistant
[0.237s] Invoked command in '/home/om/ur5_robot/build/ur5_moveit_config' returned '0': AMENT_PREFIX_PATH=/home/om/ur5_robot/install/ur_description:${AMENT_PREFIX_PATH} CMAKE_PREFIX_PATH=/home/om/ur5_robot/install/ur_description:/opt/ros/humble /usr/bin/cmake --install /home/om/ur5_robot/build/ur5_moveit_config
