[0.010s] Invoking command in '/home/om/ros2_ws/build/ur5_controller': CMAKE_PREFIX_PATH=/opt/ros/humble /usr/bin/cmake /home/om/ros2_ws/src/ur5_controller -DCMAKE_INSTALL_PREFIX=/home/om/ros2_ws/install/ur5_controller
[0.056s] -- The C compiler identification is GNU 11.4.0
[0.099s] -- The CXX compiler identification is GNU 11.4.0
[0.105s] -- Detecting C compiler ABI info
[0.172s] -- Detecting C compiler ABI info - done
[0.178s] -- Check for working C compiler: /usr/bin/cc - skipped
[0.178s] -- Detecting C compile features
[0.179s] -- Detecting C compile features - done
[0.181s] -- Detecting CXX compiler ABI info
[0.244s] -- Detecting CXX compiler ABI info - done
[0.250s] -- Check for working CXX compiler: /usr/bin/c++ - skipped
[0.250s] -- Detecting CXX compile features
[0.250s] -- Detecting CXX compile features - done
[0.252s] -- Found ament_cmake: 1.3.9 (/opt/ros/humble/share/ament_cmake/cmake)
[0.390s] -- Found Python3: /usr/bin/python3 (found version "3.10.12") found components: Interpreter 
[0.472s] -- Found rclcpp: 16.0.9 (/opt/ros/humble/share/rclcpp/cmake)
[0.504s] -- Found rosidl_generator_c: 3.1.5 (/opt/ros/humble/share/rosidl_generator_c/cmake)
[0.508s] -- Found rosidl_adapter: 3.1.5 (/opt/ros/humble/share/rosidl_adapter/cmake)
[0.515s] -- Found rosidl_generator_cpp: 3.1.5 (/opt/ros/humble/share/rosidl_generator_cpp/cmake)
[0.525s] -- Using all available rosidl_typesupport_c: rosidl_typesupport_fastrtps_c;rosidl_typesupport_introspection_c
[0.541s] -- Using all available rosidl_typesupport_cpp: rosidl_typesupport_fastrtps_cpp;rosidl_typesupport_introspection_cpp
[0.615s] -- Found rmw_implementation_cmake: 6.1.2 (/opt/ros/humble/share/rmw_implementation_cmake/cmake)
[0.617s] -- Found rmw_cyclonedds_cpp: 1.3.4 (/opt/ros/humble/share/rmw_cyclonedds_cpp/cmake)
[0.673s] -- Using RMW implementation 'rmw_cyclonedds_cpp' as default
[0.680s] -- Looking for pthread.h
[0.764s] -- Looking for pthread.h - found
[0.764s] -- Performing Test CMAKE_HAVE_LIBC_PTHREAD
[0.825s] -- Performing Test CMAKE_HAVE_LIBC_PTHREAD - Success
[0.826s] -- Found Threads: TRUE  
[1.005s] -- Found controller_manager: 2.41.0 (/opt/ros/humble/share/controller_manager/cmake)
[1.987s] -- Found kdl_parser: 2.6.4 (/opt/ros/humble/share/kdl_parser/cmake)
[1.996s] -- Found eigen3_cmake_module: 0.1.1 (/opt/ros/humble/share/eigen3_cmake_module/cmake)
[1.997s] -- Found Eigen3: TRUE (found version "3.4.0") 
[1.997s] -- Ensuring Eigen3 include directory is part of orocos-kdl CMake target
[2.001s] -- Found urdf: 2.6.0 (/opt/ros/humble/share/urdf/cmake)
[2.008s] -- Found moveit_core: 2.5.5 (/opt/ros/humble/share/moveit_core/cmake)
[2.033s] -- Found Boost: /usr/lib/x86_64-linux-gnu/cmake/Boost-1.74.0/BoostConfig.cmake (found version "1.74.0") found components: chrono date_time filesystem iostreams program_options regex serialization system thread 
[2.043s] -- Found parameter_traits: 0.3.8 (/opt/ros/humble/share/parameter_traits/cmake)
[2.063s] -- Found Boost: /usr/lib/x86_64-linux-gnu/cmake/Boost-1.74.0/BoostConfig.cmake (found version "1.74.0") found components: filesystem 
[2.154s] -- library: /usr/lib/x86_64-linux-gnu/libcurl.so
[3.112s] -- Found moveit_ros_planning_interface: 2.5.5 (/opt/ros/humble/share/moveit_ros_planning_interface/cmake)
[3.116s] -- Found Boost: /usr/lib/x86_64-linux-gnu/cmake/Boost-1.74.0/BoostConfig.cmake (found version "1.74.0") found components: date_time filesystem program_options system thread 
[3.207s] -- Found Boost: /usr/lib/x86_64-linux-gnu/cmake/Boost-1.74.0/BoostConfig.cmake (found version "1.74.0") found components: system filesystem date_time program_options thread chrono 
[3.671s] -- Found Boost: /usr/lib/x86_64-linux-gnu/cmake/Boost-1.74.0/BoostConfig.cmake (found version "1.74.0") found components: thread system filesystem regex date_time program_options 
[3.947s] -- Found Boost: /usr/lib/x86_64-linux-gnu/cmake/Boost-1.74.0/BoostConfig.cmake (found version "1.74.0") found components: system filesystem date_time program_options thread 
[4.316s] -- Found ament_lint_auto: 0.12.11 (/opt/ros/humble/share/ament_lint_auto/cmake)
[4.378s] -- Added test 'cppcheck' to perform static code analysis on C / C++ code
[4.378s] -- Configured cppcheck include dirs: 
[4.378s] -- Configured cppcheck exclude dirs and/or files: 
[4.378s] -- Added test 'flake8' to check Python code syntax and style conventions
[4.378s] -- Added test 'lint_cmake' to check CMake code style
[4.378s] -- Added test 'pep257' to check Python code against some of the docstring style conventions in PEP 257
[4.379s] -- Added test 'uncrustify' to check C / C++ code style
[4.379s] -- Configured uncrustify additional arguments: 
[4.379s] -- Added test 'xmllint' to check XML markup files
[4.380s] -- Configuring done
[4.403s] -- Generating done
[4.405s] -- Build files have been written to: /home/om/ros2_ws/build/ur5_controller
[4.418s] Invoked command in '/home/om/ros2_ws/build/ur5_controller' returned '0': CMAKE_PREFIX_PATH=/opt/ros/humble /usr/bin/cmake /home/om/ros2_ws/src/ur5_controller -DCMAKE_INSTALL_PREFIX=/home/om/ros2_ws/install/ur5_controller
[4.420s] Invoking command in '/home/om/ros2_ws/build/ur5_controller': CMAKE_PREFIX_PATH=/opt/ros/humble /usr/bin/cmake --build /home/om/ros2_ws/build/ur5_controller -- -j8 -l8
[4.465s] [ 50%] [32mBuilding CXX object CMakeFiles/position_publisher.dir/src/position_publisher.cpp.o[0m
[4.465s] [ 50%] [32mBuilding CXX object CMakeFiles/moveit_cartesian_planner.dir/src/moveit_cartesian_planner.cpp.o[0m
[12.349s] [ 75%] [32m[1mLinking CXX executable moveit_cartesian_planner[0m
[12.408s] [100%] [32m[1mLinking CXX executable position_publisher[0m
[12.827s] [100%] Built target moveit_cartesian_planner
[12.865s] [100%] Built target position_publisher
[12.875s] Invoked command in '/home/om/ros2_ws/build/ur5_controller' returned '0': CMAKE_PREFIX_PATH=/opt/ros/humble /usr/bin/cmake --build /home/om/ros2_ws/build/ur5_controller -- -j8 -l8
[12.899s] Invoking command in '/home/om/ros2_ws/build/ur5_controller': CMAKE_PREFIX_PATH=/opt/ros/humble /usr/bin/cmake --install /home/om/ros2_ws/build/ur5_controller
[12.907s] -- Install configuration: ""
[12.907s] -- Installing: /home/om/ros2_ws/install/ur5_controller/lib/ur5_controller/position_publisher
[12.909s] -- Set runtime path of "/home/om/ros2_ws/install/ur5_controller/lib/ur5_controller/position_publisher" to ""
[12.909s] -- Installing: /home/om/ros2_ws/install/ur5_controller/lib/ur5_controller/moveit_cartesian_planner
[12.910s] -- Set runtime path of "/home/om/ros2_ws/install/ur5_controller/lib/ur5_controller/moveit_cartesian_planner" to ""
[12.910s] -- Installing: /home/om/ros2_ws/install/ur5_controller/share/ur5_controller/config
[12.910s] -- Installing: /home/om/ros2_ws/install/ur5_controller/share/ur5_controller/config/ur5_controller.yaml
[12.911s] -- Installing: /home/om/ros2_ws/install/ur5_controller/share/ur5_controller/launch
[12.911s] -- Installing: /home/om/ros2_ws/install/ur5_controller/share/ur5_controller/launch/controller.launch.py
[12.911s] -- Installing: /home/om/ros2_ws/install/ur5_controller/share/ur5_controller/launch/moveit2_launch.py
[12.911s] -- Installing: /home/om/ros2_ws/install/ur5_controller/share/ament_index/resource_index/package_run_dependencies/ur5_controller
[12.911s] -- Installing: /home/om/ros2_ws/install/ur5_controller/share/ament_index/resource_index/parent_prefix_path/ur5_controller
[12.911s] -- Installing: /home/om/ros2_ws/install/ur5_controller/share/ur5_controller/environment/ament_prefix_path.sh
[12.912s] -- Installing: /home/om/ros2_ws/install/ur5_controller/share/ur5_controller/environment/ament_prefix_path.dsv
[12.912s] -- Installing: /home/om/ros2_ws/install/ur5_controller/share/ur5_controller/environment/path.sh
[12.912s] -- Installing: /home/om/ros2_ws/install/ur5_controller/share/ur5_controller/environment/path.dsv
[12.912s] -- Installing: /home/om/ros2_ws/install/ur5_controller/share/ur5_controller/local_setup.bash
[12.912s] -- Installing: /home/om/ros2_ws/install/ur5_controller/share/ur5_controller/local_setup.sh
[12.912s] -- Installing: /home/om/ros2_ws/install/ur5_controller/share/ur5_controller/local_setup.zsh
[12.912s] -- Installing: /home/om/ros2_ws/install/ur5_controller/share/ur5_controller/local_setup.dsv
[12.912s] -- Installing: /home/om/ros2_ws/install/ur5_controller/share/ur5_controller/package.dsv
[12.912s] -- Installing: /home/om/ros2_ws/install/ur5_controller/share/ament_index/resource_index/packages/ur5_controller
[12.912s] -- Installing: /home/om/ros2_ws/install/ur5_controller/share/ur5_controller/cmake/ur5_controllerConfig.cmake
[12.912s] -- Installing: /home/om/ros2_ws/install/ur5_controller/share/ur5_controller/cmake/ur5_controllerConfig-version.cmake
[12.912s] -- Installing: /home/om/ros2_ws/install/ur5_controller/share/ur5_controller/package.xml
[12.914s] Invoked command in '/home/om/ros2_ws/build/ur5_controller' returned '0': CMAKE_PREFIX_PATH=/opt/ros/humble /usr/bin/cmake --install /home/om/ros2_ws/build/ur5_controller
