[0.126s] Invoking command in '/home/om/ros2_ws/build/trac_ik_examples': AMENT_PREFIX_PATH=/home/om/ros2_ws/install/trac_ik_lib:${AMENT_PREFIX_PATH} CMAKE_PREFIX_PATH=/home/om/ros2_ws/install/trac_ik_lib:/opt/ros/humble LD_LIBRARY_PATH=/home/om/ros2_ws/install/trac_ik_lib/lib:${LD_LIBRARY_PATH} /usr/bin/cmake --build /home/om/ros2_ws/build/trac_ik_examples -- -j8 -l8
[0.505s] [100%] Built target ik_tests
[0.577s] Invoked command in '/home/om/ros2_ws/build/trac_ik_examples' returned '0': AMENT_PREFIX_PATH=/home/om/ros2_ws/install/trac_ik_lib:${AMENT_PREFIX_PATH} CMAKE_PREFIX_PATH=/home/om/ros2_ws/install/trac_ik_lib:/opt/ros/humble LD_LIBRARY_PATH=/home/om/ros2_ws/install/trac_ik_lib/lib:${LD_LIBRARY_PATH} /usr/bin/cmake --build /home/om/ros2_ws/build/trac_ik_examples -- -j8 -l8
[0.749s] Invoking command in '/home/om/ros2_ws/build/trac_ik_examples': AMENT_PREFIX_PATH=/home/om/ros2_ws/install/trac_ik_lib:${AMENT_PREFIX_PATH} CMAKE_PREFIX_PATH=/home/om/ros2_ws/install/trac_ik_lib:/opt/ros/humble LD_LIBRARY_PATH=/home/om/ros2_ws/install/trac_ik_lib/lib:${LD_LIBRARY_PATH} /usr/bin/cmake --install /home/om/ros2_ws/build/trac_ik_examples
[0.815s] -- Install configuration: ""
[0.816s] -- Up-to-date: /home/om/ros2_ws/install/trac_ik_examples/lib/trac_ik_examples/ik_tests
[0.817s] -- Up-to-date: /home/om/ros2_ws/install/trac_ik_examples/share/trac_ik_examples/launch
[0.818s] -- Up-to-date: /home/om/ros2_ws/install/trac_ik_examples/share/trac_ik_examples/launch/pr2_arm.launch.py
[0.819s] -- Up-to-date: /home/om/ros2_ws/install/trac_ik_examples/share/trac_ik_examples/launch/pr2.urdf
[0.819s] -- Up-to-date: /home/om/ros2_ws/install/trac_ik_examples/share/ament_index/resource_index/package_run_dependencies/trac_ik_examples
[0.820s] -- Up-to-date: /home/om/ros2_ws/install/trac_ik_examples/share/ament_index/resource_index/parent_prefix_path/trac_ik_examples
[0.821s] -- Up-to-date: /home/om/ros2_ws/install/trac_ik_examples/share/trac_ik_examples/environment/ament_prefix_path.sh
[0.821s] -- Up-to-date: /home/om/ros2_ws/install/trac_ik_examples/share/trac_ik_examples/environment/ament_prefix_path.dsv
[0.822s] -- Up-to-date: /home/om/ros2_ws/install/trac_ik_examples/share/trac_ik_examples/environment/path.sh
[0.822s] -- Up-to-date: /home/om/ros2_ws/install/trac_ik_examples/share/trac_ik_examples/environment/path.dsv
[0.823s] -- Up-to-date: /home/om/ros2_ws/install/trac_ik_examples/share/trac_ik_examples/local_setup.bash
[0.823s] -- Up-to-date: /home/om/ros2_ws/install/trac_ik_examples/share/trac_ik_examples/local_setup.sh
[0.824s] -- Up-to-date: /home/om/ros2_ws/install/trac_ik_examples/share/trac_ik_examples/local_setup.zsh
[0.824s] -- Up-to-date: /home/om/ros2_ws/install/trac_ik_examples/share/trac_ik_examples/local_setup.dsv
[0.825s] -- Up-to-date: /home/om/ros2_ws/install/trac_ik_examples/share/trac_ik_examples/package.dsv
[0.825s] -- Up-to-date: /home/om/ros2_ws/install/trac_ik_examples/share/ament_index/resource_index/packages/trac_ik_examples
[0.826s] -- Up-to-date: /home/om/ros2_ws/install/trac_ik_examples/share/trac_ik_examples/cmake/trac_ik_examplesConfig.cmake
[0.826s] -- Up-to-date: /home/om/ros2_ws/install/trac_ik_examples/share/trac_ik_examples/cmake/trac_ik_examplesConfig-version.cmake
[0.827s] -- Up-to-date: /home/om/ros2_ws/install/trac_ik_examples/share/trac_ik_examples/package.xml
[0.836s] Invoked command in '/home/om/ros2_ws/build/trac_ik_examples' returned '0': AMENT_PREFIX_PATH=/home/om/ros2_ws/install/trac_ik_lib:${AMENT_PREFIX_PATH} CMAKE_PREFIX_PATH=/home/om/ros2_ws/install/trac_ik_lib:/opt/ros/humble LD_LIBRARY_PATH=/home/om/ros2_ws/install/trac_ik_lib/lib:${LD_LIBRARY_PATH} /usr/bin/cmake --install /home/om/ros2_ws/build/trac_ik_examples
