[0.018s] Invoking command in '/home/om/ros2_ws/build/trac_ik_examples': AMENT_PREFIX_PATH=/home/om/ros2_ws/install/trac_ik_lib:${AMENT_PREFIX_PATH} CMAKE_PREFIX_PATH=/home/om/ros2_ws/install/trac_ik_lib:/opt/ros/humble LD_LIBRARY_PATH=/home/om/ros2_ws/install/trac_ik_lib/lib:${LD_LIBRARY_PATH} /usr/bin/cmake --build /home/om/ros2_ws/build/trac_ik_examples -- -j8 -l8
[0.124s] [100%] Built target ik_tests
[0.144s] Invoked command in '/home/om/ros2_ws/build/trac_ik_examples' returned '0': AMENT_PREFIX_PATH=/home/om/ros2_ws/install/trac_ik_lib:${AMENT_PREFIX_PATH} CMAKE_PREFIX_PATH=/home/om/ros2_ws/install/trac_ik_lib:/opt/ros/humble LD_LIBRARY_PATH=/home/om/ros2_ws/install/trac_ik_lib/lib:${LD_LIBRARY_PATH} /usr/bin/cmake --build /home/om/ros2_ws/build/trac_ik_examples -- -j8 -l8
[0.192s] Invoking command in '/home/om/ros2_ws/build/trac_ik_examples': AMENT_PREFIX_PATH=/home/om/ros2_ws/install/trac_ik_lib:${AMENT_PREFIX_PATH} CMAKE_PREFIX_PATH=/home/om/ros2_ws/install/trac_ik_lib:/opt/ros/humble LD_LIBRARY_PATH=/home/om/ros2_ws/install/trac_ik_lib/lib:${LD_LIBRARY_PATH} /usr/bin/cmake --install /home/om/ros2_ws/build/trac_ik_examples
[0.207s] -- Install configuration: ""
[0.207s] -- Up-to-date: /home/om/ros2_ws/install/trac_ik_examples/lib/trac_ik_examples/ik_tests
[0.207s] -- Up-to-date: /home/om/ros2_ws/install/trac_ik_examples/share/trac_ik_examples/launch
[0.208s] -- Up-to-date: /home/om/ros2_ws/install/trac_ik_examples/share/trac_ik_examples/launch/pr2_arm.launch.py
[0.208s] -- Up-to-date: /home/om/ros2_ws/install/trac_ik_examples/share/trac_ik_examples/launch/pr2.urdf
[0.208s] -- Up-to-date: /home/om/ros2_ws/install/trac_ik_examples/share/ament_index/resource_index/package_run_dependencies/trac_ik_examples
[0.208s] -- Up-to-date: /home/om/ros2_ws/install/trac_ik_examples/share/ament_index/resource_index/parent_prefix_path/trac_ik_examples
[0.208s] -- Up-to-date: /home/om/ros2_ws/install/trac_ik_examples/share/trac_ik_examples/environment/ament_prefix_path.sh
[0.208s] -- Up-to-date: /home/om/ros2_ws/install/trac_ik_examples/share/trac_ik_examples/environment/ament_prefix_path.dsv
[0.209s] -- Up-to-date: /home/om/ros2_ws/install/trac_ik_examples/share/trac_ik_examples/environment/path.sh
[0.209s] -- Up-to-date: /home/om/ros2_ws/install/trac_ik_examples/share/trac_ik_examples/environment/path.dsv
[0.209s] -- Up-to-date: /home/om/ros2_ws/install/trac_ik_examples/share/trac_ik_examples/local_setup.bash
[0.209s] -- Up-to-date: /home/om/ros2_ws/install/trac_ik_examples/share/trac_ik_examples/local_setup.sh
[0.209s] -- Up-to-date: /home/om/ros2_ws/install/trac_ik_examples/share/trac_ik_examples/local_setup.zsh
[0.209s] -- Up-to-date: /home/om/ros2_ws/install/trac_ik_examples/share/trac_ik_examples/local_setup.dsv
[0.209s] -- Installing: /home/om/ros2_ws/install/trac_ik_examples/share/trac_ik_examples/package.dsv
[0.210s] -- Up-to-date: /home/om/ros2_ws/install/trac_ik_examples/share/ament_index/resource_index/packages/trac_ik_examples
[0.210s] -- Up-to-date: /home/om/ros2_ws/install/trac_ik_examples/share/trac_ik_examples/cmake/trac_ik_examplesConfig.cmake
[0.210s] -- Up-to-date: /home/om/ros2_ws/install/trac_ik_examples/share/trac_ik_examples/cmake/trac_ik_examplesConfig-version.cmake
[0.210s] -- Up-to-date: /home/om/ros2_ws/install/trac_ik_examples/share/trac_ik_examples/package.xml
[0.212s] Invoked command in '/home/om/ros2_ws/build/trac_ik_examples' returned '0': AMENT_PREFIX_PATH=/home/om/ros2_ws/install/trac_ik_lib:${AMENT_PREFIX_PATH} CMAKE_PREFIX_PATH=/home/om/ros2_ws/install/trac_ik_lib:/opt/ros/humble LD_LIBRARY_PATH=/home/om/ros2_ws/install/trac_ik_lib/lib:${LD_LIBRARY_PATH} /usr/bin/cmake --install /home/om/ros2_ws/build/trac_ik_examples
