[0.115s] DEBUG:colcon:Command line arguments: ['/usr/bin/colcon', 'build', '--allow-overriding', 'ur_description']
[0.115s] DEBUG:colcon:Parsed command line arguments: Namespace(log_base=None, log_level=None, verb_name='build', build_base='build', install_base='install', merge_install=False, symlink_install=False, test_result_base=None, continue_on_error=False, executor='parallel', parallel_workers=8, event_handlers=None, ignore_user_meta=False, metas=['./colcon.meta'], base_paths=['.'], packages_ignore=None, packages_ignore_regex=None, paths=None, packages_up_to=None, packages_up_to_regex=None, packages_above=None, packages_above_and_dependencies=None, packages_above_depth=None, packages_select_by_dep=None, packages_skip_by_dep=None, packages_skip_up_to=None, packages_select_build_failed=False, packages_skip_build_finished=False, packages_select_test_failures=False, packages_skip_test_passed=False, packages_select=None, packages_skip=None, packages_select_regex=None, packages_skip_regex=None, packages_start=None, packages_end=None, allow_overriding=['ur_description'], cmake_args=None, cmake_target=None, cmake_target_skip_unavailable=False, cmake_clean_cache=False, cmake_clean_first=False, cmake_force_configure=False, ament_cmake_args=None, catkin_cmake_args=None, catkin_skip_building_tests=False, verb_parser=<colcon_defaults.argument_parser.defaults.DefaultArgumentsDecorator object at 0x71d756644d90>, verb_extension=<colcon_core.verb.build.BuildVerb object at 0x71d756644790>, main=<bound method BuildVerb.main of <colcon_core.verb.build.BuildVerb object at 0x71d756644790>>)
[0.302s] Level 1:colcon.colcon_core.package_discovery:discover_packages(colcon_meta) check parameters
[0.302s] Level 1:colcon.colcon_core.package_discovery:discover_packages(recursive) check parameters
[0.302s] Level 1:colcon.colcon_core.package_discovery:discover_packages(ignore) check parameters
[0.302s] Level 1:colcon.colcon_core.package_discovery:discover_packages(path) check parameters
[0.302s] Level 1:colcon.colcon_core.package_discovery:discover_packages(colcon_meta) discover
[0.303s] Level 1:colcon.colcon_core.package_discovery:discover_packages(recursive) discover
[0.303s] INFO:colcon.colcon_core.package_discovery:Crawling recursively for packages in '/home/om/ros2_ws'
[0.303s] Level 1:colcon.colcon_core.package_identification:_identify(.) by extensions ['ignore', 'ignore_ament_install']
[0.303s] Level 1:colcon.colcon_core.package_identification:_identify(.) by extension 'ignore'
[0.303s] Level 1:colcon.colcon_core.package_identification:_identify(.) by extension 'ignore_ament_install'
[0.303s] Level 1:colcon.colcon_core.package_identification:_identify(.) by extensions ['colcon_pkg']
[0.303s] Level 1:colcon.colcon_core.package_identification:_identify(.) by extension 'colcon_pkg'
[0.303s] Level 1:colcon.colcon_core.package_identification:_identify(.) by extensions ['colcon_meta']
[0.303s] Level 1:colcon.colcon_core.package_identification:_identify(.) by extension 'colcon_meta'
[0.303s] Level 1:colcon.colcon_core.package_identification:_identify(.) by extensions ['ros']
[0.303s] Level 1:colcon.colcon_core.package_identification:_identify(.) by extension 'ros'
[0.316s] Level 1:colcon.colcon_core.package_identification:_identify(.) by extensions ['cmake', 'python']
[0.317s] Level 1:colcon.colcon_core.package_identification:_identify(.) by extension 'cmake'
[0.317s] Level 1:colcon.colcon_core.package_identification:_identify(.) by extension 'python'
[0.317s] Level 1:colcon.colcon_core.package_identification:_identify(.) by extensions ['python_setup_py']
[0.317s] Level 1:colcon.colcon_core.package_identification:_identify(.) by extension 'python_setup_py'
[0.317s] Level 1:colcon.colcon_core.package_identification:_identify(build) by extensions ['ignore', 'ignore_ament_install']
[0.317s] Level 1:colcon.colcon_core.package_identification:_identify(build) by extension 'ignore'
[0.317s] Level 1:colcon.colcon_core.package_identification:_identify(build) ignored
[0.317s] Level 1:colcon.colcon_core.package_identification:_identify(install) by extensions ['ignore', 'ignore_ament_install']
[0.317s] Level 1:colcon.colcon_core.package_identification:_identify(install) by extension 'ignore'
[0.317s] Level 1:colcon.colcon_core.package_identification:_identify(install) ignored
[0.318s] Level 1:colcon.colcon_core.package_identification:_identify(log) by extensions ['ignore', 'ignore_ament_install']
[0.318s] Level 1:colcon.colcon_core.package_identification:_identify(log) by extension 'ignore'
[0.318s] Level 1:colcon.colcon_core.package_identification:_identify(log) ignored
[0.318s] Level 1:colcon.colcon_core.package_identification:_identify(src) by extensions ['ignore', 'ignore_ament_install']
[0.318s] Level 1:colcon.colcon_core.package_identification:_identify(src) by extension 'ignore'
[0.318s] Level 1:colcon.colcon_core.package_identification:_identify(src) by extension 'ignore_ament_install'
[0.318s] Level 1:colcon.colcon_core.package_identification:_identify(src) by extensions ['colcon_pkg']
[0.318s] Level 1:colcon.colcon_core.package_identification:_identify(src) by extension 'colcon_pkg'
[0.318s] Level 1:colcon.colcon_core.package_identification:_identify(src) by extensions ['colcon_meta']
[0.318s] Level 1:colcon.colcon_core.package_identification:_identify(src) by extension 'colcon_meta'
[0.318s] Level 1:colcon.colcon_core.package_identification:_identify(src) by extensions ['ros']
[0.318s] Level 1:colcon.colcon_core.package_identification:_identify(src) by extension 'ros'
[0.318s] Level 1:colcon.colcon_core.package_identification:_identify(src) by extensions ['cmake', 'python']
[0.318s] Level 1:colcon.colcon_core.package_identification:_identify(src) by extension 'cmake'
[0.318s] Level 1:colcon.colcon_core.package_identification:_identify(src) by extension 'python'
[0.318s] Level 1:colcon.colcon_core.package_identification:_identify(src) by extensions ['python_setup_py']
[0.318s] Level 1:colcon.colcon_core.package_identification:_identify(src) by extension 'python_setup_py'
[0.319s] Level 1:colcon.colcon_core.package_identification:_identify(src/trac_ik) by extensions ['ignore', 'ignore_ament_install']
[0.319s] Level 1:colcon.colcon_core.package_identification:_identify(src/trac_ik) by extension 'ignore'
[0.319s] Level 1:colcon.colcon_core.package_identification:_identify(src/trac_ik) by extension 'ignore_ament_install'
[0.319s] Level 1:colcon.colcon_core.package_identification:_identify(src/trac_ik) by extensions ['colcon_pkg']
[0.319s] Level 1:colcon.colcon_core.package_identification:_identify(src/trac_ik) by extension 'colcon_pkg'
[0.319s] Level 1:colcon.colcon_core.package_identification:_identify(src/trac_ik) by extensions ['colcon_meta']
[0.319s] Level 1:colcon.colcon_core.package_identification:_identify(src/trac_ik) by extension 'colcon_meta'
[0.319s] Level 1:colcon.colcon_core.package_identification:_identify(src/trac_ik) by extensions ['ros']
[0.319s] Level 1:colcon.colcon_core.package_identification:_identify(src/trac_ik) by extension 'ros'
[0.319s] Level 1:colcon.colcon_core.package_identification:_identify(src/trac_ik) by extensions ['cmake', 'python']
[0.319s] Level 1:colcon.colcon_core.package_identification:_identify(src/trac_ik) by extension 'cmake'
[0.319s] Level 1:colcon.colcon_core.package_identification:_identify(src/trac_ik) by extension 'python'
[0.319s] Level 1:colcon.colcon_core.package_identification:_identify(src/trac_ik) by extensions ['python_setup_py']
[0.319s] Level 1:colcon.colcon_core.package_identification:_identify(src/trac_ik) by extension 'python_setup_py'
[0.319s] Level 1:colcon.colcon_core.package_identification:_identify(src/trac_ik/trac_ik) by extensions ['ignore', 'ignore_ament_install']
[0.319s] Level 1:colcon.colcon_core.package_identification:_identify(src/trac_ik/trac_ik) by extension 'ignore'
[0.320s] Level 1:colcon.colcon_core.package_identification:_identify(src/trac_ik/trac_ik) by extension 'ignore_ament_install'
[0.320s] Level 1:colcon.colcon_core.package_identification:_identify(src/trac_ik/trac_ik) by extensions ['colcon_pkg']
[0.320s] Level 1:colcon.colcon_core.package_identification:_identify(src/trac_ik/trac_ik) by extension 'colcon_pkg'
[0.320s] Level 1:colcon.colcon_core.package_identification:_identify(src/trac_ik/trac_ik) by extensions ['colcon_meta']
[0.320s] Level 1:colcon.colcon_core.package_identification:_identify(src/trac_ik/trac_ik) by extension 'colcon_meta'
[0.320s] Level 1:colcon.colcon_core.package_identification:_identify(src/trac_ik/trac_ik) by extensions ['ros']
[0.320s] Level 1:colcon.colcon_core.package_identification:_identify(src/trac_ik/trac_ik) by extension 'ros'
[0.323s] DEBUG:colcon.colcon_core.package_identification:Package 'src/trac_ik/trac_ik' with type 'ros.ament_cmake' and name 'trac_ik'
[0.323s] Level 1:colcon.colcon_core.package_identification:_identify(src/trac_ik/trac_ik_examples) by extensions ['ignore', 'ignore_ament_install']
[0.323s] Level 1:colcon.colcon_core.package_identification:_identify(src/trac_ik/trac_ik_examples) by extension 'ignore'
[0.323s] Level 1:colcon.colcon_core.package_identification:_identify(src/trac_ik/trac_ik_examples) by extension 'ignore_ament_install'
[0.323s] Level 1:colcon.colcon_core.package_identification:_identify(src/trac_ik/trac_ik_examples) by extensions ['colcon_pkg']
[0.323s] Level 1:colcon.colcon_core.package_identification:_identify(src/trac_ik/trac_ik_examples) by extension 'colcon_pkg'
[0.323s] Level 1:colcon.colcon_core.package_identification:_identify(src/trac_ik/trac_ik_examples) by extensions ['colcon_meta']
[0.323s] Level 1:colcon.colcon_core.package_identification:_identify(src/trac_ik/trac_ik_examples) by extension 'colcon_meta'
[0.323s] Level 1:colcon.colcon_core.package_identification:_identify(src/trac_ik/trac_ik_examples) by extensions ['ros']
[0.323s] Level 1:colcon.colcon_core.package_identification:_identify(src/trac_ik/trac_ik_examples) by extension 'ros'
[0.324s] DEBUG:colcon.colcon_core.package_identification:Package 'src/trac_ik/trac_ik_examples' with type 'ros.ament_cmake' and name 'trac_ik_examples'
[0.324s] Level 1:colcon.colcon_core.package_identification:_identify(src/trac_ik/trac_ik_kinematics_plugin) by extensions ['ignore', 'ignore_ament_install']
[0.324s] Level 1:colcon.colcon_core.package_identification:_identify(src/trac_ik/trac_ik_kinematics_plugin) by extension 'ignore'
[0.324s] Level 1:colcon.colcon_core.package_identification:_identify(src/trac_ik/trac_ik_kinematics_plugin) ignored
[0.324s] Level 1:colcon.colcon_core.package_identification:_identify(src/trac_ik/trac_ik_lib) by extensions ['ignore', 'ignore_ament_install']
[0.324s] Level 1:colcon.colcon_core.package_identification:_identify(src/trac_ik/trac_ik_lib) by extension 'ignore'
[0.324s] Level 1:colcon.colcon_core.package_identification:_identify(src/trac_ik/trac_ik_lib) by extension 'ignore_ament_install'
[0.324s] Level 1:colcon.colcon_core.package_identification:_identify(src/trac_ik/trac_ik_lib) by extensions ['colcon_pkg']
[0.324s] Level 1:colcon.colcon_core.package_identification:_identify(src/trac_ik/trac_ik_lib) by extension 'colcon_pkg'
[0.325s] Level 1:colcon.colcon_core.package_identification:_identify(src/trac_ik/trac_ik_lib) by extensions ['colcon_meta']
[0.325s] Level 1:colcon.colcon_core.package_identification:_identify(src/trac_ik/trac_ik_lib) by extension 'colcon_meta'
[0.325s] Level 1:colcon.colcon_core.package_identification:_identify(src/trac_ik/trac_ik_lib) by extensions ['ros']
[0.325s] Level 1:colcon.colcon_core.package_identification:_identify(src/trac_ik/trac_ik_lib) by extension 'ros'
[0.325s] DEBUG:colcon.colcon_core.package_identification:Package 'src/trac_ik/trac_ik_lib' with type 'ros.ament_cmake' and name 'trac_ik_lib'
[0.325s] Level 1:colcon.colcon_core.package_identification:_identify(src/trac_ik/trac_ik_python) by extensions ['ignore', 'ignore_ament_install']
[0.325s] Level 1:colcon.colcon_core.package_identification:_identify(src/trac_ik/trac_ik_python) by extension 'ignore'
[0.326s] Level 1:colcon.colcon_core.package_identification:_identify(src/trac_ik/trac_ik_python) ignored
[0.326s] Level 1:colcon.colcon_core.package_identification:_identify(src/ur5_controller) by extensions ['ignore', 'ignore_ament_install']
[0.326s] Level 1:colcon.colcon_core.package_identification:_identify(src/ur5_controller) by extension 'ignore'
[0.326s] Level 1:colcon.colcon_core.package_identification:_identify(src/ur5_controller) by extension 'ignore_ament_install'
[0.326s] Level 1:colcon.colcon_core.package_identification:_identify(src/ur5_controller) by extensions ['colcon_pkg']
[0.326s] Level 1:colcon.colcon_core.package_identification:_identify(src/ur5_controller) by extension 'colcon_pkg'
[0.326s] Level 1:colcon.colcon_core.package_identification:_identify(src/ur5_controller) by extensions ['colcon_meta']
[0.326s] Level 1:colcon.colcon_core.package_identification:_identify(src/ur5_controller) by extension 'colcon_meta'
[0.326s] Level 1:colcon.colcon_core.package_identification:_identify(src/ur5_controller) by extensions ['ros']
[0.326s] Level 1:colcon.colcon_core.package_identification:_identify(src/ur5_controller) by extension 'ros'
[0.327s] DEBUG:colcon.colcon_core.package_identification:Package 'src/ur5_controller' with type 'ros.ament_cmake' and name 'ur5_controller'
[0.328s] Level 1:colcon.colcon_core.package_identification:_identify(src/ur_description) by extensions ['ignore', 'ignore_ament_install']
[0.328s] Level 1:colcon.colcon_core.package_identification:_identify(src/ur_description) by extension 'ignore'
[0.328s] Level 1:colcon.colcon_core.package_identification:_identify(src/ur_description) by extension 'ignore_ament_install'
[0.328s] Level 1:colcon.colcon_core.package_identification:_identify(src/ur_description) by extensions ['colcon_pkg']
[0.328s] Level 1:colcon.colcon_core.package_identification:_identify(src/ur_description) by extension 'colcon_pkg'
[0.328s] Level 1:colcon.colcon_core.package_identification:_identify(src/ur_description) by extensions ['colcon_meta']
[0.328s] Level 1:colcon.colcon_core.package_identification:_identify(src/ur_description) by extension 'colcon_meta'
[0.328s] Level 1:colcon.colcon_core.package_identification:_identify(src/ur_description) by extensions ['ros']
[0.328s] Level 1:colcon.colcon_core.package_identification:_identify(src/ur_description) by extension 'ros'
[0.329s] DEBUG:colcon.colcon_core.package_identification:Package 'src/ur_description' with type 'ros.ament_cmake' and name 'ur_description'
[0.329s] Level 1:colcon.colcon_core.package_discovery:discover_packages(recursive) using defaults
[0.329s] Level 1:colcon.colcon_core.package_discovery:discover_packages(ignore) discover
[0.329s] Level 1:colcon.colcon_core.package_discovery:discover_packages(ignore) using defaults
[0.329s] Level 1:colcon.colcon_core.package_discovery:discover_packages(path) discover
[0.329s] Level 1:colcon.colcon_core.package_discovery:discover_packages(path) using defaults
[0.367s] Level 1:colcon.colcon_core.package_discovery:discover_packages(prefix_path) check parameters
[0.367s] Level 1:colcon.colcon_core.package_discovery:discover_packages(prefix_path) discover
[0.370s] DEBUG:colcon.colcon_installed_package_information.package_discovery:Found 385 installed packages in /opt/ros/humble
[0.373s] Level 1:colcon.colcon_core.package_discovery:discover_packages(prefix_path) using defaults
[0.428s] Level 5:colcon.colcon_core.verb:set package 'trac_ik_lib' build argument 'cmake_args' from command line to 'None'
[0.428s] Level 5:colcon.colcon_core.verb:set package 'trac_ik_lib' build argument 'cmake_target' from command line to 'None'
[0.428s] Level 5:colcon.colcon_core.verb:set package 'trac_ik_lib' build argument 'cmake_target_skip_unavailable' from command line to 'False'
[0.428s] Level 5:colcon.colcon_core.verb:set package 'trac_ik_lib' build argument 'cmake_clean_cache' from command line to 'False'
[0.428s] Level 5:colcon.colcon_core.verb:set package 'trac_ik_lib' build argument 'cmake_clean_first' from command line to 'False'
[0.428s] Level 5:colcon.colcon_core.verb:set package 'trac_ik_lib' build argument 'cmake_force_configure' from command line to 'False'
[0.428s] Level 5:colcon.colcon_core.verb:set package 'trac_ik_lib' build argument 'ament_cmake_args' from command line to 'None'
[0.428s] Level 5:colcon.colcon_core.verb:set package 'trac_ik_lib' build argument 'catkin_cmake_args' from command line to 'None'
[0.428s] Level 5:colcon.colcon_core.verb:set package 'trac_ik_lib' build argument 'catkin_skip_building_tests' from command line to 'False'
[0.428s] DEBUG:colcon.colcon_core.verb:Building package 'trac_ik_lib' with the following arguments: {'ament_cmake_args': None, 'build_base': '/home/om/ros2_ws/build/trac_ik_lib', 'catkin_cmake_args': None, 'catkin_skip_building_tests': False, 'cmake_args': None, 'cmake_clean_cache': False, 'cmake_clean_first': False, 'cmake_force_configure': False, 'cmake_target': None, 'cmake_target_skip_unavailable': False, 'install_base': '/home/om/ros2_ws/install/trac_ik_lib', 'merge_install': False, 'path': '/home/om/ros2_ws/src/trac_ik/trac_ik_lib', 'symlink_install': False, 'test_result_base': None}
[0.429s] Level 5:colcon.colcon_core.verb:set package 'ur5_controller' build argument 'cmake_args' from command line to 'None'
[0.429s] Level 5:colcon.colcon_core.verb:set package 'ur5_controller' build argument 'cmake_target' from command line to 'None'
[0.429s] Level 5:colcon.colcon_core.verb:set package 'ur5_controller' build argument 'cmake_target_skip_unavailable' from command line to 'False'
[0.429s] Level 5:colcon.colcon_core.verb:set package 'ur5_controller' build argument 'cmake_clean_cache' from command line to 'False'
[0.429s] Level 5:colcon.colcon_core.verb:set package 'ur5_controller' build argument 'cmake_clean_first' from command line to 'False'
[0.429s] Level 5:colcon.colcon_core.verb:set package 'ur5_controller' build argument 'cmake_force_configure' from command line to 'False'
[0.429s] Level 5:colcon.colcon_core.verb:set package 'ur5_controller' build argument 'ament_cmake_args' from command line to 'None'
[0.429s] Level 5:colcon.colcon_core.verb:set package 'ur5_controller' build argument 'catkin_cmake_args' from command line to 'None'
[0.429s] Level 5:colcon.colcon_core.verb:set package 'ur5_controller' build argument 'catkin_skip_building_tests' from command line to 'False'
[0.429s] DEBUG:colcon.colcon_core.verb:Building package 'ur5_controller' with the following arguments: {'ament_cmake_args': None, 'build_base': '/home/om/ros2_ws/build/ur5_controller', 'catkin_cmake_args': None, 'catkin_skip_building_tests': False, 'cmake_args': None, 'cmake_clean_cache': False, 'cmake_clean_first': False, 'cmake_force_configure': False, 'cmake_target': None, 'cmake_target_skip_unavailable': False, 'install_base': '/home/om/ros2_ws/install/ur5_controller', 'merge_install': False, 'path': '/home/om/ros2_ws/src/ur5_controller', 'symlink_install': False, 'test_result_base': None}
[0.430s] Level 5:colcon.colcon_core.verb:set package 'ur_description' build argument 'cmake_args' from command line to 'None'
[0.430s] Level 5:colcon.colcon_core.verb:set package 'ur_description' build argument 'cmake_target' from command line to 'None'
[0.430s] Level 5:colcon.colcon_core.verb:set package 'ur_description' build argument 'cmake_target_skip_unavailable' from command line to 'False'
[0.430s] Level 5:colcon.colcon_core.verb:set package 'ur_description' build argument 'cmake_clean_cache' from command line to 'False'
[0.430s] Level 5:colcon.colcon_core.verb:set package 'ur_description' build argument 'cmake_clean_first' from command line to 'False'
[0.430s] Level 5:colcon.colcon_core.verb:set package 'ur_description' build argument 'cmake_force_configure' from command line to 'False'
[0.430s] Level 5:colcon.colcon_core.verb:set package 'ur_description' build argument 'ament_cmake_args' from command line to 'None'
[0.430s] Level 5:colcon.colcon_core.verb:set package 'ur_description' build argument 'catkin_cmake_args' from command line to 'None'
[0.430s] Level 5:colcon.colcon_core.verb:set package 'ur_description' build argument 'catkin_skip_building_tests' from command line to 'False'
[0.430s] DEBUG:colcon.colcon_core.verb:Building package 'ur_description' with the following arguments: {'ament_cmake_args': None, 'build_base': '/home/om/ros2_ws/build/ur_description', 'catkin_cmake_args': None, 'catkin_skip_building_tests': False, 'cmake_args': None, 'cmake_clean_cache': False, 'cmake_clean_first': False, 'cmake_force_configure': False, 'cmake_target': None, 'cmake_target_skip_unavailable': False, 'install_base': '/home/om/ros2_ws/install/ur_description', 'merge_install': False, 'path': '/home/om/ros2_ws/src/ur_description', 'symlink_install': False, 'test_result_base': None}
[0.430s] Level 5:colcon.colcon_core.verb:set package 'trac_ik_examples' build argument 'cmake_args' from command line to 'None'
[0.430s] Level 5:colcon.colcon_core.verb:set package 'trac_ik_examples' build argument 'cmake_target' from command line to 'None'
[0.430s] Level 5:colcon.colcon_core.verb:set package 'trac_ik_examples' build argument 'cmake_target_skip_unavailable' from command line to 'False'
[0.430s] Level 5:colcon.colcon_core.verb:set package 'trac_ik_examples' build argument 'cmake_clean_cache' from command line to 'False'
[0.430s] Level 5:colcon.colcon_core.verb:set package 'trac_ik_examples' build argument 'cmake_clean_first' from command line to 'False'
[0.430s] Level 5:colcon.colcon_core.verb:set package 'trac_ik_examples' build argument 'cmake_force_configure' from command line to 'False'
[0.430s] Level 5:colcon.colcon_core.verb:set package 'trac_ik_examples' build argument 'ament_cmake_args' from command line to 'None'
[0.430s] Level 5:colcon.colcon_core.verb:set package 'trac_ik_examples' build argument 'catkin_cmake_args' from command line to 'None'
[0.430s] Level 5:colcon.colcon_core.verb:set package 'trac_ik_examples' build argument 'catkin_skip_building_tests' from command line to 'False'
[0.430s] DEBUG:colcon.colcon_core.verb:Building package 'trac_ik_examples' with the following arguments: {'ament_cmake_args': None, 'build_base': '/home/om/ros2_ws/build/trac_ik_examples', 'catkin_cmake_args': None, 'catkin_skip_building_tests': False, 'cmake_args': None, 'cmake_clean_cache': False, 'cmake_clean_first': False, 'cmake_force_configure': False, 'cmake_target': None, 'cmake_target_skip_unavailable': False, 'install_base': '/home/om/ros2_ws/install/trac_ik_examples', 'merge_install': False, 'path': '/home/om/ros2_ws/src/trac_ik/trac_ik_examples', 'symlink_install': False, 'test_result_base': None}
[0.431s] Level 5:colcon.colcon_core.verb:set package 'trac_ik' build argument 'cmake_args' from command line to 'None'
[0.431s] Level 5:colcon.colcon_core.verb:set package 'trac_ik' build argument 'cmake_target' from command line to 'None'
[0.431s] Level 5:colcon.colcon_core.verb:set package 'trac_ik' build argument 'cmake_target_skip_unavailable' from command line to 'False'
[0.431s] Level 5:colcon.colcon_core.verb:set package 'trac_ik' build argument 'cmake_clean_cache' from command line to 'False'
[0.431s] Level 5:colcon.colcon_core.verb:set package 'trac_ik' build argument 'cmake_clean_first' from command line to 'False'
[0.431s] Level 5:colcon.colcon_core.verb:set package 'trac_ik' build argument 'cmake_force_configure' from command line to 'False'
[0.431s] Level 5:colcon.colcon_core.verb:set package 'trac_ik' build argument 'ament_cmake_args' from command line to 'None'
[0.431s] Level 5:colcon.colcon_core.verb:set package 'trac_ik' build argument 'catkin_cmake_args' from command line to 'None'
[0.431s] Level 5:colcon.colcon_core.verb:set package 'trac_ik' build argument 'catkin_skip_building_tests' from command line to 'False'
[0.431s] DEBUG:colcon.colcon_core.verb:Building package 'trac_ik' with the following arguments: {'ament_cmake_args': None, 'build_base': '/home/om/ros2_ws/build/trac_ik', 'catkin_cmake_args': None, 'catkin_skip_building_tests': False, 'cmake_args': None, 'cmake_clean_cache': False, 'cmake_clean_first': False, 'cmake_force_configure': False, 'cmake_target': None, 'cmake_target_skip_unavailable': False, 'install_base': '/home/om/ros2_ws/install/trac_ik', 'merge_install': False, 'path': '/home/om/ros2_ws/src/trac_ik/trac_ik', 'symlink_install': False, 'test_result_base': None}
[0.431s] INFO:colcon.colcon_core.executor:Executing jobs using 'parallel' executor
[0.432s] DEBUG:colcon.colcon_parallel_executor.executor.parallel:run_until_complete
[0.433s] INFO:colcon.colcon_ros.task.ament_cmake.build:Building ROS package in '/home/om/ros2_ws/src/trac_ik/trac_ik_lib' with build type 'ament_cmake'
[0.433s] INFO:colcon.colcon_cmake.task.cmake.build:Building CMake package in '/home/om/ros2_ws/src/trac_ik/trac_ik_lib'
[0.435s] INFO:colcon.colcon_core.plugin_system:Skipping extension 'colcon_core.shell.bat': Not used on non-Windows systems
[0.436s] INFO:colcon.colcon_core.shell:Skip shell extension 'powershell' for command environment: Not usable outside of PowerShell
[0.436s] DEBUG:colcon.colcon_core.shell:Skip shell extension 'dsv' for command environment
[0.440s] INFO:colcon.colcon_ros.task.ament_cmake.build:Building ROS package in '/home/om/ros2_ws/src/ur5_controller' with build type 'ament_cmake'
[0.440s] INFO:colcon.colcon_cmake.task.cmake.build:Building CMake package in '/home/om/ros2_ws/src/ur5_controller'
[0.440s] INFO:colcon.colcon_core.shell:Skip shell extension 'powershell' for command environment: Not usable outside of PowerShell
[0.440s] DEBUG:colcon.colcon_core.shell:Skip shell extension 'dsv' for command environment
[0.444s] INFO:colcon.colcon_ros.task.ament_cmake.build:Building ROS package in '/home/om/ros2_ws/src/ur_description' with build type 'ament_cmake'
[0.444s] INFO:colcon.colcon_cmake.task.cmake.build:Building CMake package in '/home/om/ros2_ws/src/ur_description'
[0.444s] INFO:colcon.colcon_core.shell:Skip shell extension 'powershell' for command environment: Not usable outside of PowerShell
[0.444s] DEBUG:colcon.colcon_core.shell:Skip shell extension 'dsv' for command environment
[0.454s] DEBUG:colcon.colcon_core.event_handler.log_command:Invoking command in '/home/om/ros2_ws/build/trac_ik_lib': CMAKE_PREFIX_PATH=/opt/ros/humble /usr/bin/cmake --build /home/om/ros2_ws/build/trac_ik_lib -- -j8 -l8
[0.459s] DEBUG:colcon.colcon_core.event_handler.log_command:Invoking command in '/home/om/ros2_ws/build/ur5_controller': CMAKE_PREFIX_PATH=/opt/ros/humble /usr/bin/cmake --build /home/om/ros2_ws/build/ur5_controller -- -j8 -l8
[0.467s] DEBUG:colcon.colcon_core.event_handler.log_command:Invoking command in '/home/om/ros2_ws/build/ur_description': CMAKE_PREFIX_PATH=/opt/ros/humble /usr/bin/cmake --build /home/om/ros2_ws/build/ur_description -- -j8 -l8
[0.512s] DEBUG:colcon.colcon_core.event_handler.log_command:Invoked command in '/home/om/ros2_ws/build/ur_description' returned '0': CMAKE_PREFIX_PATH=/opt/ros/humble /usr/bin/cmake --build /home/om/ros2_ws/build/ur_description -- -j8 -l8
[0.538s] DEBUG:colcon.colcon_core.event_handler.log_command:Invoked command in '/home/om/ros2_ws/build/trac_ik_lib' returned '0': CMAKE_PREFIX_PATH=/opt/ros/humble /usr/bin/cmake --build /home/om/ros2_ws/build/trac_ik_lib -- -j8 -l8
[0.555s] DEBUG:colcon.colcon_core.event_handler.log_command:Invoking command in '/home/om/ros2_ws/build/ur_description': CMAKE_PREFIX_PATH=/opt/ros/humble /usr/bin/cmake --install /home/om/ros2_ws/build/ur_description
[0.570s] Level 1:colcon.colcon_core.environment:create_environment_scripts_only(ur_description)
[0.575s] Level 1:colcon.colcon_core.environment:checking '/home/om/ros2_ws/install/ur_description' for CMake module files
[0.576s] Level 1:colcon.colcon_core.environment:checking '/home/om/ros2_ws/install/ur_description' for CMake config files
[0.580s] Level 1:colcon.colcon_core.shell:create_environment_hook('ur_description', 'cmake_prefix_path')
[0.580s] INFO:colcon.colcon_core.shell:Creating environment hook '/home/om/ros2_ws/install/ur_description/share/ur_description/hook/cmake_prefix_path.ps1'
[0.581s] INFO:colcon.colcon_core.shell:Creating environment descriptor '/home/om/ros2_ws/install/ur_description/share/ur_description/hook/cmake_prefix_path.dsv'
[0.581s] INFO:colcon.colcon_core.shell:Creating environment hook '/home/om/ros2_ws/install/ur_description/share/ur_description/hook/cmake_prefix_path.sh'
[0.583s] Level 1:colcon.colcon_core.environment:checking '/home/om/ros2_ws/install/ur_description/bin'
[0.583s] Level 1:colcon.colcon_core.environment:checking '/home/om/ros2_ws/install/ur_description/lib/pkgconfig/ur_description.pc'
[0.583s] Level 1:colcon.colcon_core.environment:checking '/home/om/ros2_ws/install/ur_description/lib/python3.10/site-packages'
[0.583s] Level 1:colcon.colcon_core.environment:checking '/home/om/ros2_ws/install/ur_description/bin'
[0.584s] INFO:colcon.colcon_core.shell:Creating package script '/home/om/ros2_ws/install/ur_description/share/ur_description/package.ps1'
[0.585s] INFO:colcon.colcon_core.shell:Creating package descriptor '/home/om/ros2_ws/install/ur_description/share/ur_description/package.dsv'
[0.586s] INFO:colcon.colcon_core.shell:Creating package script '/home/om/ros2_ws/install/ur_description/share/ur_description/package.sh'
[0.587s] INFO:colcon.colcon_core.shell:Creating package script '/home/om/ros2_ws/install/ur_description/share/ur_description/package.bash'
[0.587s] INFO:colcon.colcon_core.shell:Creating package script '/home/om/ros2_ws/install/ur_description/share/ur_description/package.zsh'
[0.588s] Level 1:colcon.colcon_core.environment:create_file_with_runtime_dependencies(/home/om/ros2_ws/install/ur_description/share/colcon-core/packages/ur_description)
[0.600s] DEBUG:colcon.colcon_core.event_handler.log_command:Invoked command in '/home/om/ros2_ws/build/ur_description' returned '0': CMAKE_PREFIX_PATH=/opt/ros/humble /usr/bin/cmake --install /home/om/ros2_ws/build/ur_description
[0.607s] DEBUG:colcon.colcon_core.event_handler.log_command:Invoking command in '/home/om/ros2_ws/build/trac_ik_lib': CMAKE_PREFIX_PATH=/opt/ros/humble /usr/bin/cmake --install /home/om/ros2_ws/build/trac_ik_lib
[0.628s] Level 1:colcon.colcon_core.environment:create_environment_scripts_only(trac_ik_lib)
[0.628s] Level 1:colcon.colcon_core.environment:checking '/home/om/ros2_ws/install/trac_ik_lib' for CMake module files
[0.629s] DEBUG:colcon.colcon_core.event_handler.log_command:Invoked command in '/home/om/ros2_ws/build/trac_ik_lib' returned '0': CMAKE_PREFIX_PATH=/opt/ros/humble /usr/bin/cmake --install /home/om/ros2_ws/build/trac_ik_lib
[0.629s] Level 1:colcon.colcon_core.environment:checking '/home/om/ros2_ws/install/trac_ik_lib' for CMake config files
[0.629s] Level 1:colcon.colcon_core.shell:create_environment_hook('trac_ik_lib', 'cmake_prefix_path')
[0.630s] INFO:colcon.colcon_core.shell:Creating environment hook '/home/om/ros2_ws/install/trac_ik_lib/share/trac_ik_lib/hook/cmake_prefix_path.ps1'
[0.630s] INFO:colcon.colcon_core.shell:Creating environment descriptor '/home/om/ros2_ws/install/trac_ik_lib/share/trac_ik_lib/hook/cmake_prefix_path.dsv'
[0.631s] INFO:colcon.colcon_core.shell:Creating environment hook '/home/om/ros2_ws/install/trac_ik_lib/share/trac_ik_lib/hook/cmake_prefix_path.sh'
[0.633s] Level 1:colcon.colcon_core.environment:checking '/home/om/ros2_ws/install/trac_ik_lib/lib'
[0.633s] Level 1:colcon.colcon_core.shell:create_environment_hook('trac_ik_lib', 'ld_library_path_lib')
[0.633s] INFO:colcon.colcon_core.shell:Creating environment hook '/home/om/ros2_ws/install/trac_ik_lib/share/trac_ik_lib/hook/ld_library_path_lib.ps1'
[0.634s] INFO:colcon.colcon_core.shell:Creating environment descriptor '/home/om/ros2_ws/install/trac_ik_lib/share/trac_ik_lib/hook/ld_library_path_lib.dsv'
[0.635s] INFO:colcon.colcon_core.shell:Creating environment hook '/home/om/ros2_ws/install/trac_ik_lib/share/trac_ik_lib/hook/ld_library_path_lib.sh'
[0.635s] Level 1:colcon.colcon_core.environment:checking '/home/om/ros2_ws/install/trac_ik_lib/bin'
[0.635s] Level 1:colcon.colcon_core.environment:checking '/home/om/ros2_ws/install/trac_ik_lib/lib/pkgconfig/trac_ik_lib.pc'
[0.636s] Level 1:colcon.colcon_core.environment:checking '/home/om/ros2_ws/install/trac_ik_lib/lib/python3.10/site-packages'
[0.636s] Level 1:colcon.colcon_core.environment:checking '/home/om/ros2_ws/install/trac_ik_lib/bin'
[0.636s] INFO:colcon.colcon_core.shell:Creating package script '/home/om/ros2_ws/install/trac_ik_lib/share/trac_ik_lib/package.ps1'
[0.637s] INFO:colcon.colcon_core.shell:Creating package descriptor '/home/om/ros2_ws/install/trac_ik_lib/share/trac_ik_lib/package.dsv'
[0.638s] INFO:colcon.colcon_core.shell:Creating package script '/home/om/ros2_ws/install/trac_ik_lib/share/trac_ik_lib/package.sh'
[0.638s] INFO:colcon.colcon_core.shell:Creating package script '/home/om/ros2_ws/install/trac_ik_lib/share/trac_ik_lib/package.bash'
[0.639s] INFO:colcon.colcon_core.shell:Creating package script '/home/om/ros2_ws/install/trac_ik_lib/share/trac_ik_lib/package.zsh'
[0.640s] Level 1:colcon.colcon_core.environment:create_file_with_runtime_dependencies(/home/om/ros2_ws/install/trac_ik_lib/share/colcon-core/packages/trac_ik_lib)
[0.645s] Level 1:colcon.colcon_core.environment:create_environment_scripts_only(ur_description)
[0.645s] Level 1:colcon.colcon_core.environment:checking '/home/om/ros2_ws/install/ur_description' for CMake module files
[0.646s] Level 1:colcon.colcon_core.environment:checking '/home/om/ros2_ws/install/ur_description' for CMake config files
[0.646s] Level 1:colcon.colcon_core.shell:create_environment_hook('ur_description', 'cmake_prefix_path')
[0.647s] INFO:colcon.colcon_core.shell:Creating environment hook '/home/om/ros2_ws/install/ur_description/share/ur_description/hook/cmake_prefix_path.ps1'
[0.647s] INFO:colcon.colcon_core.shell:Creating environment descriptor '/home/om/ros2_ws/install/ur_description/share/ur_description/hook/cmake_prefix_path.dsv'
[0.648s] INFO:colcon.colcon_core.shell:Creating environment hook '/home/om/ros2_ws/install/ur_description/share/ur_description/hook/cmake_prefix_path.sh'
[0.648s] Level 1:colcon.colcon_core.environment:checking '/home/om/ros2_ws/install/ur_description/bin'
[0.648s] Level 1:colcon.colcon_core.environment:checking '/home/om/ros2_ws/install/ur_description/lib/pkgconfig/ur_description.pc'
[0.648s] Level 1:colcon.colcon_core.environment:checking '/home/om/ros2_ws/install/ur_description/lib/python3.10/site-packages'
[0.649s] Level 1:colcon.colcon_core.environment:checking '/home/om/ros2_ws/install/ur_description/bin'
[0.649s] INFO:colcon.colcon_core.shell:Creating package script '/home/om/ros2_ws/install/ur_description/share/ur_description/package.ps1'
[0.650s] INFO:colcon.colcon_core.shell:Creating package descriptor '/home/om/ros2_ws/install/ur_description/share/ur_description/package.dsv'
[0.650s] INFO:colcon.colcon_core.shell:Creating package script '/home/om/ros2_ws/install/ur_description/share/ur_description/package.sh'
[0.651s] INFO:colcon.colcon_core.shell:Creating package script '/home/om/ros2_ws/install/ur_description/share/ur_description/package.bash'
[0.651s] INFO:colcon.colcon_core.shell:Creating package script '/home/om/ros2_ws/install/ur_description/share/ur_description/package.zsh'
[0.651s] Level 1:colcon.colcon_core.environment:create_file_with_runtime_dependencies(/home/om/ros2_ws/install/ur_description/share/colcon-core/packages/ur_description)
[0.676s] Level 1:colcon.colcon_core.environment:create_environment_scripts_only(trac_ik_lib)
[0.677s] Level 1:colcon.colcon_core.environment:checking '/home/om/ros2_ws/install/trac_ik_lib' for CMake module files
[0.678s] Level 1:colcon.colcon_core.environment:checking '/home/om/ros2_ws/install/trac_ik_lib' for CMake config files
[0.678s] Level 1:colcon.colcon_core.shell:create_environment_hook('trac_ik_lib', 'cmake_prefix_path')
[0.679s] INFO:colcon.colcon_core.shell:Creating environment hook '/home/om/ros2_ws/install/trac_ik_lib/share/trac_ik_lib/hook/cmake_prefix_path.ps1'
[0.679s] INFO:colcon.colcon_core.shell:Creating environment descriptor '/home/om/ros2_ws/install/trac_ik_lib/share/trac_ik_lib/hook/cmake_prefix_path.dsv'
[0.680s] INFO:colcon.colcon_core.shell:Creating environment hook '/home/om/ros2_ws/install/trac_ik_lib/share/trac_ik_lib/hook/cmake_prefix_path.sh'
[0.680s] Level 1:colcon.colcon_core.environment:checking '/home/om/ros2_ws/install/trac_ik_lib/lib'
[0.681s] Level 1:colcon.colcon_core.shell:create_environment_hook('trac_ik_lib', 'ld_library_path_lib')
[0.681s] INFO:colcon.colcon_core.shell:Creating environment hook '/home/om/ros2_ws/install/trac_ik_lib/share/trac_ik_lib/hook/ld_library_path_lib.ps1'
[0.681s] INFO:colcon.colcon_core.shell:Creating environment descriptor '/home/om/ros2_ws/install/trac_ik_lib/share/trac_ik_lib/hook/ld_library_path_lib.dsv'
[0.682s] INFO:colcon.colcon_core.shell:Creating environment hook '/home/om/ros2_ws/install/trac_ik_lib/share/trac_ik_lib/hook/ld_library_path_lib.sh'
[0.682s] Level 1:colcon.colcon_core.environment:checking '/home/om/ros2_ws/install/trac_ik_lib/bin'
[0.682s] Level 1:colcon.colcon_core.environment:checking '/home/om/ros2_ws/install/trac_ik_lib/lib/pkgconfig/trac_ik_lib.pc'
[0.682s] Level 1:colcon.colcon_core.environment:checking '/home/om/ros2_ws/install/trac_ik_lib/lib/python3.10/site-packages'
[0.682s] Level 1:colcon.colcon_core.environment:checking '/home/om/ros2_ws/install/trac_ik_lib/bin'
[0.683s] INFO:colcon.colcon_core.shell:Creating package script '/home/om/ros2_ws/install/trac_ik_lib/share/trac_ik_lib/package.ps1'
[0.683s] INFO:colcon.colcon_core.shell:Creating package descriptor '/home/om/ros2_ws/install/trac_ik_lib/share/trac_ik_lib/package.dsv'
[0.684s] INFO:colcon.colcon_core.shell:Creating package script '/home/om/ros2_ws/install/trac_ik_lib/share/trac_ik_lib/package.sh'
[0.684s] INFO:colcon.colcon_core.shell:Creating package script '/home/om/ros2_ws/install/trac_ik_lib/share/trac_ik_lib/package.bash'
[0.685s] INFO:colcon.colcon_core.shell:Creating package script '/home/om/ros2_ws/install/trac_ik_lib/share/trac_ik_lib/package.zsh'
[0.685s] Level 1:colcon.colcon_core.environment:create_file_with_runtime_dependencies(/home/om/ros2_ws/install/trac_ik_lib/share/colcon-core/packages/trac_ik_lib)
[0.685s] INFO:colcon.colcon_ros.task.ament_cmake.build:Building ROS package in '/home/om/ros2_ws/src/trac_ik/trac_ik_examples' with build type 'ament_cmake'
[0.685s] INFO:colcon.colcon_cmake.task.cmake.build:Building CMake package in '/home/om/ros2_ws/src/trac_ik/trac_ik_examples'
[0.686s] INFO:colcon.colcon_core.shell:Skip shell extension 'powershell' for command environment: Not usable outside of PowerShell
[0.686s] DEBUG:colcon.colcon_core.shell:Skip shell extension 'dsv' for command environment
[0.698s] DEBUG:colcon.colcon_core.event_handler.log_command:Invoking command in '/home/om/ros2_ws/build/trac_ik_examples': AMENT_PREFIX_PATH=/home/om/ros2_ws/install/trac_ik_lib:${AMENT_PREFIX_PATH} CMAKE_PREFIX_PATH=/home/om/ros2_ws/install/trac_ik_lib:/opt/ros/humble LD_LIBRARY_PATH=/home/om/ros2_ws/install/trac_ik_lib/lib:${LD_LIBRARY_PATH} /usr/bin/cmake --build /home/om/ros2_ws/build/trac_ik_examples -- -j8 -l8
[0.776s] DEBUG:colcon.colcon_core.event_handler.log_command:Invoked command in '/home/om/ros2_ws/build/trac_ik_examples' returned '0': AMENT_PREFIX_PATH=/home/om/ros2_ws/install/trac_ik_lib:${AMENT_PREFIX_PATH} CMAKE_PREFIX_PATH=/home/om/ros2_ws/install/trac_ik_lib:/opt/ros/humble LD_LIBRARY_PATH=/home/om/ros2_ws/install/trac_ik_lib/lib:${LD_LIBRARY_PATH} /usr/bin/cmake --build /home/om/ros2_ws/build/trac_ik_examples -- -j8 -l8
[0.808s] DEBUG:colcon.colcon_core.event_handler.log_command:Invoking command in '/home/om/ros2_ws/build/trac_ik_examples': AMENT_PREFIX_PATH=/home/om/ros2_ws/install/trac_ik_lib:${AMENT_PREFIX_PATH} CMAKE_PREFIX_PATH=/home/om/ros2_ws/install/trac_ik_lib:/opt/ros/humble LD_LIBRARY_PATH=/home/om/ros2_ws/install/trac_ik_lib/lib:${LD_LIBRARY_PATH} /usr/bin/cmake --install /home/om/ros2_ws/build/trac_ik_examples
[0.819s] Level 1:colcon.colcon_core.environment:create_environment_scripts_only(trac_ik_examples)
[0.819s] Level 1:colcon.colcon_core.environment:checking '/home/om/ros2_ws/install/trac_ik_examples' for CMake module files
[0.820s] DEBUG:colcon.colcon_core.event_handler.log_command:Invoked command in '/home/om/ros2_ws/build/trac_ik_examples' returned '0': AMENT_PREFIX_PATH=/home/om/ros2_ws/install/trac_ik_lib:${AMENT_PREFIX_PATH} CMAKE_PREFIX_PATH=/home/om/ros2_ws/install/trac_ik_lib:/opt/ros/humble LD_LIBRARY_PATH=/home/om/ros2_ws/install/trac_ik_lib/lib:${LD_LIBRARY_PATH} /usr/bin/cmake --install /home/om/ros2_ws/build/trac_ik_examples
[0.820s] Level 1:colcon.colcon_core.environment:checking '/home/om/ros2_ws/install/trac_ik_examples' for CMake config files
[0.820s] Level 1:colcon.colcon_core.shell:create_environment_hook('trac_ik_examples', 'cmake_prefix_path')
[0.821s] INFO:colcon.colcon_core.shell:Creating environment hook '/home/om/ros2_ws/install/trac_ik_examples/share/trac_ik_examples/hook/cmake_prefix_path.ps1'
[0.821s] INFO:colcon.colcon_core.shell:Creating environment descriptor '/home/om/ros2_ws/install/trac_ik_examples/share/trac_ik_examples/hook/cmake_prefix_path.dsv'
[0.822s] INFO:colcon.colcon_core.shell:Creating environment hook '/home/om/ros2_ws/install/trac_ik_examples/share/trac_ik_examples/hook/cmake_prefix_path.sh'
[0.822s] Level 1:colcon.colcon_core.environment:checking '/home/om/ros2_ws/install/trac_ik_examples/lib'
[0.822s] Level 1:colcon.colcon_core.environment:checking '/home/om/ros2_ws/install/trac_ik_examples/bin'
[0.822s] Level 1:colcon.colcon_core.environment:checking '/home/om/ros2_ws/install/trac_ik_examples/lib/pkgconfig/trac_ik_examples.pc'
[0.823s] Level 1:colcon.colcon_core.environment:checking '/home/om/ros2_ws/install/trac_ik_examples/lib/python3.10/site-packages'
[0.823s] Level 1:colcon.colcon_core.environment:checking '/home/om/ros2_ws/install/trac_ik_examples/bin'
[0.823s] INFO:colcon.colcon_core.shell:Creating package script '/home/om/ros2_ws/install/trac_ik_examples/share/trac_ik_examples/package.ps1'
[0.824s] INFO:colcon.colcon_core.shell:Creating package descriptor '/home/om/ros2_ws/install/trac_ik_examples/share/trac_ik_examples/package.dsv'
[0.824s] INFO:colcon.colcon_core.shell:Creating package script '/home/om/ros2_ws/install/trac_ik_examples/share/trac_ik_examples/package.sh'
[0.825s] INFO:colcon.colcon_core.shell:Creating package script '/home/om/ros2_ws/install/trac_ik_examples/share/trac_ik_examples/package.bash'
[0.825s] INFO:colcon.colcon_core.shell:Creating package script '/home/om/ros2_ws/install/trac_ik_examples/share/trac_ik_examples/package.zsh'
[0.825s] Level 1:colcon.colcon_core.environment:create_file_with_runtime_dependencies(/home/om/ros2_ws/install/trac_ik_examples/share/colcon-core/packages/trac_ik_examples)
[0.855s] Level 1:colcon.colcon_core.environment:create_environment_scripts_only(trac_ik_examples)
[0.856s] Level 1:colcon.colcon_core.environment:checking '/home/om/ros2_ws/install/trac_ik_examples' for CMake module files
[0.856s] Level 1:colcon.colcon_core.environment:checking '/home/om/ros2_ws/install/trac_ik_examples' for CMake config files
[0.856s] Level 1:colcon.colcon_core.shell:create_environment_hook('trac_ik_examples', 'cmake_prefix_path')
[0.856s] INFO:colcon.colcon_core.shell:Creating environment hook '/home/om/ros2_ws/install/trac_ik_examples/share/trac_ik_examples/hook/cmake_prefix_path.ps1'
[0.857s] INFO:colcon.colcon_core.shell:Creating environment descriptor '/home/om/ros2_ws/install/trac_ik_examples/share/trac_ik_examples/hook/cmake_prefix_path.dsv'
[0.857s] INFO:colcon.colcon_core.shell:Creating environment hook '/home/om/ros2_ws/install/trac_ik_examples/share/trac_ik_examples/hook/cmake_prefix_path.sh'
[0.858s] Level 1:colcon.colcon_core.environment:checking '/home/om/ros2_ws/install/trac_ik_examples/lib'
[0.858s] Level 1:colcon.colcon_core.environment:checking '/home/om/ros2_ws/install/trac_ik_examples/bin'
[0.858s] Level 1:colcon.colcon_core.environment:checking '/home/om/ros2_ws/install/trac_ik_examples/lib/pkgconfig/trac_ik_examples.pc'
[0.858s] Level 1:colcon.colcon_core.environment:checking '/home/om/ros2_ws/install/trac_ik_examples/lib/python3.10/site-packages'
[0.858s] Level 1:colcon.colcon_core.environment:checking '/home/om/ros2_ws/install/trac_ik_examples/bin'
[0.859s] INFO:colcon.colcon_core.shell:Creating package script '/home/om/ros2_ws/install/trac_ik_examples/share/trac_ik_examples/package.ps1'
[0.860s] INFO:colcon.colcon_core.shell:Creating package descriptor '/home/om/ros2_ws/install/trac_ik_examples/share/trac_ik_examples/package.dsv'
[0.861s] INFO:colcon.colcon_core.shell:Creating package script '/home/om/ros2_ws/install/trac_ik_examples/share/trac_ik_examples/package.sh'
[0.861s] INFO:colcon.colcon_core.shell:Creating package script '/home/om/ros2_ws/install/trac_ik_examples/share/trac_ik_examples/package.bash'
[0.862s] INFO:colcon.colcon_core.shell:Creating package script '/home/om/ros2_ws/install/trac_ik_examples/share/trac_ik_examples/package.zsh'
[0.862s] Level 1:colcon.colcon_core.environment:create_file_with_runtime_dependencies(/home/om/ros2_ws/install/trac_ik_examples/share/colcon-core/packages/trac_ik_examples)
[0.863s] INFO:colcon.colcon_ros.task.ament_cmake.build:Building ROS package in '/home/om/ros2_ws/src/trac_ik/trac_ik' with build type 'ament_cmake'
[0.863s] INFO:colcon.colcon_cmake.task.cmake.build:Building CMake package in '/home/om/ros2_ws/src/trac_ik/trac_ik'
[0.863s] INFO:colcon.colcon_core.shell:Skip shell extension 'powershell' for command environment: Not usable outside of PowerShell
[0.863s] DEBUG:colcon.colcon_core.shell:Skip shell extension 'dsv' for command environment
[0.877s] DEBUG:colcon.colcon_core.event_handler.log_command:Invoking command in '/home/om/ros2_ws/build/trac_ik': AMENT_PREFIX_PATH=/home/om/ros2_ws/install/trac_ik_examples:/home/om/ros2_ws/install/trac_ik_lib:${AMENT_PREFIX_PATH} CMAKE_PREFIX_PATH=/home/om/ros2_ws/install/trac_ik_examples:/home/om/ros2_ws/install/trac_ik_lib:/opt/ros/humble LD_LIBRARY_PATH=/home/om/ros2_ws/install/trac_ik_lib/lib:${LD_LIBRARY_PATH} /usr/bin/cmake --build /home/om/ros2_ws/build/trac_ik -- -j8 -l8
[0.922s] DEBUG:colcon.colcon_core.event_handler.log_command:Invoked command in '/home/om/ros2_ws/build/trac_ik' returned '0': AMENT_PREFIX_PATH=/home/om/ros2_ws/install/trac_ik_examples:/home/om/ros2_ws/install/trac_ik_lib:${AMENT_PREFIX_PATH} CMAKE_PREFIX_PATH=/home/om/ros2_ws/install/trac_ik_examples:/home/om/ros2_ws/install/trac_ik_lib:/opt/ros/humble LD_LIBRARY_PATH=/home/om/ros2_ws/install/trac_ik_lib/lib:${LD_LIBRARY_PATH} /usr/bin/cmake --build /home/om/ros2_ws/build/trac_ik -- -j8 -l8
[0.949s] DEBUG:colcon.colcon_core.event_handler.log_command:Invoking command in '/home/om/ros2_ws/build/trac_ik': AMENT_PREFIX_PATH=/home/om/ros2_ws/install/trac_ik_examples:/home/om/ros2_ws/install/trac_ik_lib:${AMENT_PREFIX_PATH} CMAKE_PREFIX_PATH=/home/om/ros2_ws/install/trac_ik_examples:/home/om/ros2_ws/install/trac_ik_lib:/opt/ros/humble LD_LIBRARY_PATH=/home/om/ros2_ws/install/trac_ik_lib/lib:${LD_LIBRARY_PATH} /usr/bin/cmake --install /home/om/ros2_ws/build/trac_ik
[0.960s] Level 1:colcon.colcon_core.environment:create_environment_scripts_only(trac_ik)
[0.961s] Level 1:colcon.colcon_core.environment:checking '/home/om/ros2_ws/install/trac_ik' for CMake module files
[0.961s] Level 1:colcon.colcon_core.environment:checking '/home/om/ros2_ws/install/trac_ik' for CMake config files
[0.962s] DEBUG:colcon.colcon_core.event_handler.log_command:Invoked command in '/home/om/ros2_ws/build/trac_ik' returned '0': AMENT_PREFIX_PATH=/home/om/ros2_ws/install/trac_ik_examples:/home/om/ros2_ws/install/trac_ik_lib:${AMENT_PREFIX_PATH} CMAKE_PREFIX_PATH=/home/om/ros2_ws/install/trac_ik_examples:/home/om/ros2_ws/install/trac_ik_lib:/opt/ros/humble LD_LIBRARY_PATH=/home/om/ros2_ws/install/trac_ik_lib/lib:${LD_LIBRARY_PATH} /usr/bin/cmake --install /home/om/ros2_ws/build/trac_ik
[0.962s] Level 1:colcon.colcon_core.shell:create_environment_hook('trac_ik', 'cmake_prefix_path')
[0.963s] INFO:colcon.colcon_core.shell:Creating environment hook '/home/om/ros2_ws/install/trac_ik/share/trac_ik/hook/cmake_prefix_path.ps1'
[0.963s] INFO:colcon.colcon_core.shell:Creating environment descriptor '/home/om/ros2_ws/install/trac_ik/share/trac_ik/hook/cmake_prefix_path.dsv'
[0.964s] INFO:colcon.colcon_core.shell:Creating environment hook '/home/om/ros2_ws/install/trac_ik/share/trac_ik/hook/cmake_prefix_path.sh'
[0.964s] Level 1:colcon.colcon_core.environment:checking '/home/om/ros2_ws/install/trac_ik/bin'
[0.965s] Level 1:colcon.colcon_core.environment:checking '/home/om/ros2_ws/install/trac_ik/lib/pkgconfig/trac_ik.pc'
[0.965s] Level 1:colcon.colcon_core.environment:checking '/home/om/ros2_ws/install/trac_ik/lib/python3.10/site-packages'
[0.965s] Level 1:colcon.colcon_core.environment:checking '/home/om/ros2_ws/install/trac_ik/bin'
[0.965s] INFO:colcon.colcon_core.shell:Creating package script '/home/om/ros2_ws/install/trac_ik/share/trac_ik/package.ps1'
[0.966s] INFO:colcon.colcon_core.shell:Creating package descriptor '/home/om/ros2_ws/install/trac_ik/share/trac_ik/package.dsv'
[0.966s] INFO:colcon.colcon_core.shell:Creating package script '/home/om/ros2_ws/install/trac_ik/share/trac_ik/package.sh'
[0.967s] INFO:colcon.colcon_core.shell:Creating package script '/home/om/ros2_ws/install/trac_ik/share/trac_ik/package.bash'
[0.967s] INFO:colcon.colcon_core.shell:Creating package script '/home/om/ros2_ws/install/trac_ik/share/trac_ik/package.zsh'
[0.968s] Level 1:colcon.colcon_core.environment:create_file_with_runtime_dependencies(/home/om/ros2_ws/install/trac_ik/share/colcon-core/packages/trac_ik)
[0.998s] Level 1:colcon.colcon_core.environment:create_environment_scripts_only(trac_ik)
[0.998s] Level 1:colcon.colcon_core.environment:checking '/home/om/ros2_ws/install/trac_ik' for CMake module files
[0.999s] Level 1:colcon.colcon_core.environment:checking '/home/om/ros2_ws/install/trac_ik' for CMake config files
[1.000s] Level 1:colcon.colcon_core.shell:create_environment_hook('trac_ik', 'cmake_prefix_path')
[1.000s] INFO:colcon.colcon_core.shell:Creating environment hook '/home/om/ros2_ws/install/trac_ik/share/trac_ik/hook/cmake_prefix_path.ps1'
[1.001s] INFO:colcon.colcon_core.shell:Creating environment descriptor '/home/om/ros2_ws/install/trac_ik/share/trac_ik/hook/cmake_prefix_path.dsv'
[1.001s] INFO:colcon.colcon_core.shell:Creating environment hook '/home/om/ros2_ws/install/trac_ik/share/trac_ik/hook/cmake_prefix_path.sh'
[1.002s] Level 1:colcon.colcon_core.environment:checking '/home/om/ros2_ws/install/trac_ik/bin'
[1.002s] Level 1:colcon.colcon_core.environment:checking '/home/om/ros2_ws/install/trac_ik/lib/pkgconfig/trac_ik.pc'
[1.003s] Level 1:colcon.colcon_core.environment:checking '/home/om/ros2_ws/install/trac_ik/lib/python3.10/site-packages'
[1.003s] Level 1:colcon.colcon_core.environment:checking '/home/om/ros2_ws/install/trac_ik/bin'
[1.003s] INFO:colcon.colcon_core.shell:Creating package script '/home/om/ros2_ws/install/trac_ik/share/trac_ik/package.ps1'
[1.004s] INFO:colcon.colcon_core.shell:Creating package descriptor '/home/om/ros2_ws/install/trac_ik/share/trac_ik/package.dsv'
[1.005s] INFO:colcon.colcon_core.shell:Creating package script '/home/om/ros2_ws/install/trac_ik/share/trac_ik/package.sh'
[1.005s] INFO:colcon.colcon_core.shell:Creating package script '/home/om/ros2_ws/install/trac_ik/share/trac_ik/package.bash'
[1.006s] INFO:colcon.colcon_core.shell:Creating package script '/home/om/ros2_ws/install/trac_ik/share/trac_ik/package.zsh'
[1.007s] Level 1:colcon.colcon_core.environment:create_file_with_runtime_dependencies(/home/om/ros2_ws/install/trac_ik/share/colcon-core/packages/trac_ik)
[10.482s] DEBUG:colcon.colcon_core.event_handler.log_command:Invoked command in '/home/om/ros2_ws/build/ur5_controller' returned '0': CMAKE_PREFIX_PATH=/opt/ros/humble /usr/bin/cmake --build /home/om/ros2_ws/build/ur5_controller -- -j8 -l8
[10.512s] DEBUG:colcon.colcon_core.event_handler.log_command:Invoking command in '/home/om/ros2_ws/build/ur5_controller': CMAKE_PREFIX_PATH=/opt/ros/humble /usr/bin/cmake --install /home/om/ros2_ws/build/ur5_controller
[10.525s] Level 1:colcon.colcon_core.environment:create_environment_scripts_only(ur5_controller)
[10.525s] Level 1:colcon.colcon_core.environment:checking '/home/om/ros2_ws/install/ur5_controller' for CMake module files
[10.526s] DEBUG:colcon.colcon_core.event_handler.log_command:Invoked command in '/home/om/ros2_ws/build/ur5_controller' returned '0': CMAKE_PREFIX_PATH=/opt/ros/humble /usr/bin/cmake --install /home/om/ros2_ws/build/ur5_controller
[10.526s] Level 1:colcon.colcon_core.environment:checking '/home/om/ros2_ws/install/ur5_controller' for CMake config files
[10.526s] Level 1:colcon.colcon_core.shell:create_environment_hook('ur5_controller', 'cmake_prefix_path')
[10.526s] INFO:colcon.colcon_core.shell:Creating environment hook '/home/om/ros2_ws/install/ur5_controller/share/ur5_controller/hook/cmake_prefix_path.ps1'
[10.527s] INFO:colcon.colcon_core.shell:Creating environment descriptor '/home/om/ros2_ws/install/ur5_controller/share/ur5_controller/hook/cmake_prefix_path.dsv'
[10.527s] INFO:colcon.colcon_core.shell:Creating environment hook '/home/om/ros2_ws/install/ur5_controller/share/ur5_controller/hook/cmake_prefix_path.sh'
[10.527s] Level 1:colcon.colcon_core.environment:checking '/home/om/ros2_ws/install/ur5_controller/lib'
[10.527s] Level 1:colcon.colcon_core.environment:checking '/home/om/ros2_ws/install/ur5_controller/bin'
[10.527s] Level 1:colcon.colcon_core.environment:checking '/home/om/ros2_ws/install/ur5_controller/lib/pkgconfig/ur5_controller.pc'
[10.528s] Level 1:colcon.colcon_core.environment:checking '/home/om/ros2_ws/install/ur5_controller/lib/python3.10/site-packages'
[10.528s] Level 1:colcon.colcon_core.environment:checking '/home/om/ros2_ws/install/ur5_controller/bin'
[10.528s] INFO:colcon.colcon_core.shell:Creating package script '/home/om/ros2_ws/install/ur5_controller/share/ur5_controller/package.ps1'
[10.528s] INFO:colcon.colcon_core.shell:Creating package descriptor '/home/om/ros2_ws/install/ur5_controller/share/ur5_controller/package.dsv'
[10.528s] INFO:colcon.colcon_core.shell:Creating package script '/home/om/ros2_ws/install/ur5_controller/share/ur5_controller/package.sh'
[10.529s] INFO:colcon.colcon_core.shell:Creating package script '/home/om/ros2_ws/install/ur5_controller/share/ur5_controller/package.bash'
[10.529s] INFO:colcon.colcon_core.shell:Creating package script '/home/om/ros2_ws/install/ur5_controller/share/ur5_controller/package.zsh'
[10.529s] Level 1:colcon.colcon_core.environment:create_file_with_runtime_dependencies(/home/om/ros2_ws/install/ur5_controller/share/colcon-core/packages/ur5_controller)
[10.559s] Level 1:colcon.colcon_core.environment:create_environment_scripts_only(ur5_controller)
[10.559s] Level 1:colcon.colcon_core.environment:checking '/home/om/ros2_ws/install/ur5_controller' for CMake module files
[10.560s] Level 1:colcon.colcon_core.environment:checking '/home/om/ros2_ws/install/ur5_controller' for CMake config files
[10.560s] Level 1:colcon.colcon_core.shell:create_environment_hook('ur5_controller', 'cmake_prefix_path')
[10.560s] INFO:colcon.colcon_core.shell:Creating environment hook '/home/om/ros2_ws/install/ur5_controller/share/ur5_controller/hook/cmake_prefix_path.ps1'
[10.560s] INFO:colcon.colcon_core.shell:Creating environment descriptor '/home/om/ros2_ws/install/ur5_controller/share/ur5_controller/hook/cmake_prefix_path.dsv'
[10.561s] INFO:colcon.colcon_core.shell:Creating environment hook '/home/om/ros2_ws/install/ur5_controller/share/ur5_controller/hook/cmake_prefix_path.sh'
[10.561s] Level 1:colcon.colcon_core.environment:checking '/home/om/ros2_ws/install/ur5_controller/lib'
[10.561s] Level 1:colcon.colcon_core.environment:checking '/home/om/ros2_ws/install/ur5_controller/bin'
[10.561s] Level 1:colcon.colcon_core.environment:checking '/home/om/ros2_ws/install/ur5_controller/lib/pkgconfig/ur5_controller.pc'
[10.561s] Level 1:colcon.colcon_core.environment:checking '/home/om/ros2_ws/install/ur5_controller/lib/python3.10/site-packages'
[10.561s] Level 1:colcon.colcon_core.environment:checking '/home/om/ros2_ws/install/ur5_controller/bin'
[10.562s] INFO:colcon.colcon_core.shell:Creating package script '/home/om/ros2_ws/install/ur5_controller/share/ur5_controller/package.ps1'
[10.562s] INFO:colcon.colcon_core.shell:Creating package descriptor '/home/om/ros2_ws/install/ur5_controller/share/ur5_controller/package.dsv'
[10.562s] INFO:colcon.colcon_core.shell:Creating package script '/home/om/ros2_ws/install/ur5_controller/share/ur5_controller/package.sh'
[10.563s] INFO:colcon.colcon_core.shell:Creating package script '/home/om/ros2_ws/install/ur5_controller/share/ur5_controller/package.bash'
[10.563s] INFO:colcon.colcon_core.shell:Creating package script '/home/om/ros2_ws/install/ur5_controller/share/ur5_controller/package.zsh'
[10.563s] Level 1:colcon.colcon_core.environment:create_file_with_runtime_dependencies(/home/om/ros2_ws/install/ur5_controller/share/colcon-core/packages/ur5_controller)
[10.563s] DEBUG:colcon.colcon_parallel_executor.executor.parallel:closing loop
[10.563s] DEBUG:colcon.colcon_parallel_executor.executor.parallel:loop closed
[10.563s] DEBUG:colcon.colcon_parallel_executor.executor.parallel:run_until_complete finished with '0'
[10.564s] DEBUG:colcon.colcon_core.event_reactor:joining thread
[10.568s] INFO:colcon.colcon_core.plugin_system:Skipping extension 'colcon_notification.desktop_notification.terminal_notifier': Not used on non-Darwin systems
[10.568s] INFO:colcon.colcon_core.plugin_system:Skipping extension 'colcon_notification.desktop_notification.win32': Not used on non-Windows systems
[10.568s] INFO:colcon.colcon_notification.desktop_notification:Sending desktop notification using 'notify2'
[10.579s] DEBUG:colcon.colcon_core.event_reactor:joined thread
[10.579s] INFO:colcon.colcon_core.shell:Creating prefix script '/home/om/ros2_ws/install/local_setup.ps1'
[10.580s] INFO:colcon.colcon_core.shell:Creating prefix util module '/home/om/ros2_ws/install/_local_setup_util_ps1.py'
[10.581s] INFO:colcon.colcon_core.shell:Creating prefix chain script '/home/om/ros2_ws/install/setup.ps1'
[10.582s] INFO:colcon.colcon_core.shell:Creating prefix script '/home/om/ros2_ws/install/local_setup.sh'
[10.582s] INFO:colcon.colcon_core.shell:Creating prefix util module '/home/om/ros2_ws/install/_local_setup_util_sh.py'
[10.582s] INFO:colcon.colcon_core.shell:Creating prefix chain script '/home/om/ros2_ws/install/setup.sh'
[10.584s] INFO:colcon.colcon_core.shell:Creating prefix script '/home/om/ros2_ws/install/local_setup.bash'
[10.584s] INFO:colcon.colcon_core.shell:Creating prefix chain script '/home/om/ros2_ws/install/setup.bash'
[10.585s] INFO:colcon.colcon_core.shell:Creating prefix script '/home/om/ros2_ws/install/local_setup.zsh'
[10.585s] INFO:colcon.colcon_core.shell:Creating prefix chain script '/home/om/ros2_ws/install/setup.zsh'
