[0.014s] Invoking command in '/home/om/ros2_ws/build/ur5_controller': CMAKE_PREFIX_PATH=/opt/ros/humble /usr/bin/cmake --build /home/om/ros2_ws/build/ur5_controller -- -j8 -l8
[0.118s] [ 66%] Built target position_pub_nomoveit
[0.118s] [ 66%] Built target position_publisher
[0.126s] [100%] Built target moveit_cartesian_planner
[0.202s] Invoked command in '/home/om/ros2_ws/build/ur5_controller' returned '0': CMAKE_PREFIX_PATH=/opt/ros/humble /usr/bin/cmake --build /home/om/ros2_ws/build/ur5_controller -- -j8 -l8
[0.204s] Invoking command in '/home/om/ros2_ws/build/ur5_controller': CMAKE_PREFIX_PATH=/opt/ros/humble /usr/bin/cmake --install /home/om/ros2_ws/build/ur5_controller
[0.210s] -- Install configuration: ""
[0.210s] -- Up-to-date: /home/om/ros2_ws/install/ur5_controller/lib/ur5_controller/position_pub_nomoveit
[0.211s] -- Up-to-date: /home/om/ros2_ws/install/ur5_controller/lib/ur5_controller/position_publisher
[0.212s] -- Up-to-date: /home/om/ros2_ws/install/ur5_controller/lib/ur5_controller/moveit_cartesian_planner
[0.212s] -- Up-to-date: /home/om/ros2_ws/install/ur5_controller/share/ur5_controller/config
[0.212s] -- Up-to-date: /home/om/ros2_ws/install/ur5_controller/share/ur5_controller/config/ur5_controller.yaml
[0.213s] -- Up-to-date: /home/om/ros2_ws/install/ur5_controller/share/ur5_controller/launch
[0.213s] -- Up-to-date: /home/om/ros2_ws/install/ur5_controller/share/ur5_controller/launch/controller.launch.py
[0.213s] -- Up-to-date: /home/om/ros2_ws/install/ur5_controller/share/ur5_controller/launch/moveit2_launch.py
[0.213s] -- Up-to-date: /home/om/ros2_ws/install/ur5_controller/share/ament_index/resource_index/package_run_dependencies/ur5_controller
[0.213s] -- Up-to-date: /home/om/ros2_ws/install/ur5_controller/share/ament_index/resource_index/parent_prefix_path/ur5_controller
[0.213s] -- Up-to-date: /home/om/ros2_ws/install/ur5_controller/share/ur5_controller/environment/ament_prefix_path.sh
[0.213s] -- Up-to-date: /home/om/ros2_ws/install/ur5_controller/share/ur5_controller/environment/ament_prefix_path.dsv
[0.213s] -- Up-to-date: /home/om/ros2_ws/install/ur5_controller/share/ur5_controller/environment/path.sh
[0.213s] -- Up-to-date: /home/om/ros2_ws/install/ur5_controller/share/ur5_controller/environment/path.dsv
[0.213s] -- Up-to-date: /home/om/ros2_ws/install/ur5_controller/share/ur5_controller/local_setup.bash
[0.213s] -- Up-to-date: /home/om/ros2_ws/install/ur5_controller/share/ur5_controller/local_setup.sh
[0.213s] -- Up-to-date: /home/om/ros2_ws/install/ur5_controller/share/ur5_controller/local_setup.zsh
[0.213s] -- Up-to-date: /home/om/ros2_ws/install/ur5_controller/share/ur5_controller/local_setup.dsv
[0.213s] -- Installing: /home/om/ros2_ws/install/ur5_controller/share/ur5_controller/package.dsv
[0.214s] -- Up-to-date: /home/om/ros2_ws/install/ur5_controller/share/ament_index/resource_index/packages/ur5_controller
[0.215s] -- Up-to-date: /home/om/ros2_ws/install/ur5_controller/share/ur5_controller/cmake/ur5_controllerConfig.cmake
[0.215s] -- Up-to-date: /home/om/ros2_ws/install/ur5_controller/share/ur5_controller/cmake/ur5_controllerConfig-version.cmake
[0.216s] -- Up-to-date: /home/om/ros2_ws/install/ur5_controller/share/ur5_controller/package.xml
[0.241s] Invoked command in '/home/om/ros2_ws/build/ur5_controller' returned '0': CMAKE_PREFIX_PATH=/opt/ros/humble /usr/bin/cmake --install /home/om/ros2_ws/build/ur5_controller
