[0.009s] Invoking command in '/home/om/ros2_ws/build/trac_ik': AMENT_PREFIX_PATH=/home/om/ros2_ws/install/trac_ik_examples:/home/om/ros2_ws/install/trac_ik_lib:${AMENT_PREFIX_PATH} CMAKE_PREFIX_PATH=/home/om/ros2_ws/install/trac_ik_examples:/home/om/ros2_ws/install/trac_ik_lib:/opt/ros/humble LD_LIBRARY_PATH=/home/om/ros2_ws/install/trac_ik_lib/lib:${LD_LIBRARY_PATH} /usr/bin/cmake --build /home/om/ros2_ws/build/trac_ik -- -j8 -l8
[0.042s] Invoked command in '/home/om/ros2_ws/build/trac_ik' returned '0': AMENT_PREFIX_PATH=/home/om/ros2_ws/install/trac_ik_examples:/home/om/ros2_ws/install/trac_ik_lib:${AMENT_PREFIX_PATH} CMAKE_PREFIX_PATH=/home/om/ros2_ws/install/trac_ik_examples:/home/om/ros2_ws/install/trac_ik_lib:/opt/ros/humble LD_LIBRARY_PATH=/home/om/ros2_ws/install/trac_ik_lib/lib:${LD_LIBRARY_PATH} /usr/bin/cmake --build /home/om/ros2_ws/build/trac_ik -- -j8 -l8
[0.060s] Invoking command in '/home/om/ros2_ws/build/trac_ik': AMENT_PREFIX_PATH=/home/om/ros2_ws/install/trac_ik_examples:/home/om/ros2_ws/install/trac_ik_lib:${AMENT_PREFIX_PATH} CMAKE_PREFIX_PATH=/home/om/ros2_ws/install/trac_ik_examples:/home/om/ros2_ws/install/trac_ik_lib:/opt/ros/humble LD_LIBRARY_PATH=/home/om/ros2_ws/install/trac_ik_lib/lib:${LD_LIBRARY_PATH} /usr/bin/cmake --install /home/om/ros2_ws/build/trac_ik
[0.066s] -- Install configuration: ""
[0.066s] -- Up-to-date: /home/om/ros2_ws/install/trac_ik/share/ament_index/resource_index/package_run_dependencies/trac_ik
[0.066s] -- Up-to-date: /home/om/ros2_ws/install/trac_ik/share/ament_index/resource_index/parent_prefix_path/trac_ik
[0.067s] -- Up-to-date: /home/om/ros2_ws/install/trac_ik/share/trac_ik/environment/ament_prefix_path.sh
[0.067s] -- Up-to-date: /home/om/ros2_ws/install/trac_ik/share/trac_ik/environment/ament_prefix_path.dsv
[0.067s] -- Up-to-date: /home/om/ros2_ws/install/trac_ik/share/trac_ik/environment/path.sh
[0.067s] -- Up-to-date: /home/om/ros2_ws/install/trac_ik/share/trac_ik/environment/path.dsv
[0.067s] -- Up-to-date: /home/om/ros2_ws/install/trac_ik/share/trac_ik/local_setup.bash
[0.067s] -- Up-to-date: /home/om/ros2_ws/install/trac_ik/share/trac_ik/local_setup.sh
[0.067s] -- Up-to-date: /home/om/ros2_ws/install/trac_ik/share/trac_ik/local_setup.zsh
[0.067s] -- Up-to-date: /home/om/ros2_ws/install/trac_ik/share/trac_ik/local_setup.dsv
[0.067s] -- Installing: /home/om/ros2_ws/install/trac_ik/share/trac_ik/package.dsv
[0.068s] -- Up-to-date: /home/om/ros2_ws/install/trac_ik/share/ament_index/resource_index/packages/trac_ik
[0.068s] -- Up-to-date: /home/om/ros2_ws/install/trac_ik/share/trac_ik/cmake/trac_ikConfig.cmake
[0.068s] -- Up-to-date: /home/om/ros2_ws/install/trac_ik/share/trac_ik/cmake/trac_ikConfig-version.cmake
[0.069s] -- Up-to-date: /home/om/ros2_ws/install/trac_ik/share/trac_ik/package.xml
[0.069s] Invoked command in '/home/om/ros2_ws/build/trac_ik' returned '0': AMENT_PREFIX_PATH=/home/om/ros2_ws/install/trac_ik_examples:/home/om/ros2_ws/install/trac_ik_lib:${AMENT_PREFIX_PATH} CMAKE_PREFIX_PATH=/home/om/ros2_ws/install/trac_ik_examples:/home/om/ros2_ws/install/trac_ik_lib:/opt/ros/humble LD_LIBRARY_PATH=/home/om/ros2_ws/install/trac_ik_lib/lib:${LD_LIBRARY_PATH} /usr/bin/cmake --install /home/om/ros2_ws/build/trac_ik
