[0.032s] Invoking command in '/home/om/ros2_ws/build/ur5_controller': CMAKE_PREFIX_PATH=/opt/ros/humble /usr/bin/cmake --build /home/om/ros2_ws/build/ur5_controller -- -j8 -l8
[0.147s] [ 33%] Built target position_publisher
[0.149s] [ 50%] [32mBuilding CXX object CMakeFiles/position_pub_nomoveit.dir/src/position_pub_nomoveit.cpp.o[0m
[0.158s] [ 83%] Built target moveit_cartesian_planner
[6.560s] [100%] [32m[1mLinking CXX executable position_pub_nomoveit[0m
[6.764s] [100%] Built target position_pub_nomoveit
[6.774s] Invoked command in '/home/om/ros2_ws/build/ur5_controller' returned '0': CMAKE_PREFIX_PATH=/opt/ros/humble /usr/bin/cmake --build /home/om/ros2_ws/build/ur5_controller -- -j8 -l8
[6.800s] Invoking command in '/home/om/ros2_ws/build/ur5_controller': CMAKE_PREFIX_PATH=/opt/ros/humble /usr/bin/cmake --install /home/om/ros2_ws/build/ur5_controller
[6.805s] -- Install configuration: ""
[6.805s] -- Installing: /home/om/ros2_ws/install/ur5_controller/lib/ur5_controller/position_pub_nomoveit
[6.807s] -- Set runtime path of "/home/om/ros2_ws/install/ur5_controller/lib/ur5_controller/position_pub_nomoveit" to ""
[6.807s] -- Up-to-date: /home/om/ros2_ws/install/ur5_controller/lib/ur5_controller/position_publisher
[6.807s] -- Up-to-date: /home/om/ros2_ws/install/ur5_controller/lib/ur5_controller/moveit_cartesian_planner
[6.807s] -- Up-to-date: /home/om/ros2_ws/install/ur5_controller/share/ur5_controller/config
[6.807s] -- Up-to-date: /home/om/ros2_ws/install/ur5_controller/share/ur5_controller/config/ur5_controller.yaml
[6.807s] -- Up-to-date: /home/om/ros2_ws/install/ur5_controller/share/ur5_controller/launch
[6.807s] -- Up-to-date: /home/om/ros2_ws/install/ur5_controller/share/ur5_controller/launch/controller.launch.py
[6.808s] -- Up-to-date: /home/om/ros2_ws/install/ur5_controller/share/ur5_controller/launch/moveit2_launch.py
[6.808s] -- Up-to-date: /home/om/ros2_ws/install/ur5_controller/share/ament_index/resource_index/package_run_dependencies/ur5_controller
[6.808s] -- Up-to-date: /home/om/ros2_ws/install/ur5_controller/share/ament_index/resource_index/parent_prefix_path/ur5_controller
[6.808s] -- Up-to-date: /home/om/ros2_ws/install/ur5_controller/share/ur5_controller/environment/ament_prefix_path.sh
[6.808s] -- Up-to-date: /home/om/ros2_ws/install/ur5_controller/share/ur5_controller/environment/ament_prefix_path.dsv
[6.808s] -- Up-to-date: /home/om/ros2_ws/install/ur5_controller/share/ur5_controller/environment/path.sh
[6.808s] -- Up-to-date: /home/om/ros2_ws/install/ur5_controller/share/ur5_controller/environment/path.dsv
[6.808s] -- Up-to-date: /home/om/ros2_ws/install/ur5_controller/share/ur5_controller/local_setup.bash
[6.808s] -- Up-to-date: /home/om/ros2_ws/install/ur5_controller/share/ur5_controller/local_setup.sh
[6.808s] -- Up-to-date: /home/om/ros2_ws/install/ur5_controller/share/ur5_controller/local_setup.zsh
[6.808s] -- Up-to-date: /home/om/ros2_ws/install/ur5_controller/share/ur5_controller/local_setup.dsv
[6.808s] -- Installing: /home/om/ros2_ws/install/ur5_controller/share/ur5_controller/package.dsv
[6.808s] -- Up-to-date: /home/om/ros2_ws/install/ur5_controller/share/ament_index/resource_index/packages/ur5_controller
[6.808s] -- Up-to-date: /home/om/ros2_ws/install/ur5_controller/share/ur5_controller/cmake/ur5_controllerConfig.cmake
[6.808s] -- Up-to-date: /home/om/ros2_ws/install/ur5_controller/share/ur5_controller/cmake/ur5_controllerConfig-version.cmake
[6.808s] -- Up-to-date: /home/om/ros2_ws/install/ur5_controller/share/ur5_controller/package.xml
[6.809s] Invoked command in '/home/om/ros2_ws/build/ur5_controller' returned '0': CMAKE_PREFIX_PATH=/opt/ros/humble /usr/bin/cmake --install /home/om/ros2_ws/build/ur5_controller
