[0.035s] Invoking command in '/home/om/ros2_ws/build/trac_ik_lib': CMAKE_PREFIX_PATH=/opt/ros/humble /usr/bin/cmake /home/om/ros2_ws/src/trac_ik/trac_ik_lib -DCMAKE_INSTALL_PREFIX=/home/om/ros2_ws/install/trac_ik_lib
[0.224s] -- The C compiler identification is GNU 11.4.0
[0.372s] -- The CXX compiler identification is GNU 11.4.0
[0.389s] -- Detecting C compiler ABI info
[0.531s] -- Detecting C compiler ABI info - done
[0.550s] -- Check for working C compiler: /usr/bin/cc - skipped
[0.551s] -- Detecting C compile features
[0.552s] -- Detecting C compile features - done
[0.559s] -- Detecting CXX compiler ABI info
[0.724s] -- Detecting CXX compiler ABI info - done
[0.743s] -- Check for working CXX compiler: /usr/bin/c++ - skipped
[0.744s] -- Detecting CXX compile features
[0.745s] -- Detecting CXX compile features - done
[0.752s] -- Found ament_cmake: 1.3.9 (/opt/ros/humble/share/ament_cmake/cmake)
[1.067s] -- Found Python3: /usr/bin/python3 (found version "3.10.12") found components: Interpreter 
[1.262s] -- Found eigen3_cmake_module: 0.1.1 (/opt/ros/humble/share/eigen3_cmake_module/cmake)
[1.280s] -- Found Eigen3: TRUE (found version "3.4.0") 
[1.284s] -- Found kdl_parser: 2.6.4 (/opt/ros/humble/share/kdl_parser/cmake)
[1.317s] -- Ensuring Eigen3 include directory is part of orocos-kdl CMake target
[1.342s] -- Found rclcpp: 16.0.9 (/opt/ros/humble/share/rclcpp/cmake)
[1.418s] -- Found rosidl_generator_c: 3.1.5 (/opt/ros/humble/share/rosidl_generator_c/cmake)
[1.430s] -- Found rosidl_adapter: 3.1.5 (/opt/ros/humble/share/rosidl_adapter/cmake)
[1.451s] -- Found rosidl_generator_cpp: 3.1.5 (/opt/ros/humble/share/rosidl_generator_cpp/cmake)
[1.486s] -- Using all available rosidl_typesupport_c: rosidl_typesupport_fastrtps_c;rosidl_typesupport_introspection_c
[1.535s] -- Using all available rosidl_typesupport_cpp: rosidl_typesupport_fastrtps_cpp;rosidl_typesupport_introspection_cpp
[1.713s] -- Found rmw_implementation_cmake: 6.1.2 (/opt/ros/humble/share/rmw_implementation_cmake/cmake)
[1.720s] -- Found rmw_cyclonedds_cpp: 1.3.4 (/opt/ros/humble/share/rmw_cyclonedds_cpp/cmake)
[1.802s] -- Using RMW implementation 'rmw_cyclonedds_cpp' as default
[1.824s] -- Looking for pthread.h
[1.964s] -- Looking for pthread.h - found
[1.964s] -- Performing Test CMAKE_HAVE_LIBC_PTHREAD
[2.113s] -- Performing Test CMAKE_HAVE_LIBC_PTHREAD - Success
[2.115s] -- Found Threads: TRUE  
[2.528s] -- Found urdf: 2.6.0 (/opt/ros/humble/share/urdf/cmake)
[2.623s] -- Found ament_lint_auto: 0.12.11 (/opt/ros/humble/share/ament_lint_auto/cmake)
[2.808s] -- Added test 'copyright' to check source files copyright and LICENSE
[2.811s] -- Added test 'cpplint' to check C / C++ code against the Google style
[2.811s] -- Configured cpplint exclude dirs and/or files: 
[2.813s] -- Added test 'lint_cmake' to check CMake code style
[2.815s] -- Added test 'xmllint' to check XML markup files
[2.819s] -- Configuring done
[2.841s] -- Generating done
[2.845s] -- Build files have been written to: /home/om/ros2_ws/build/trac_ik_lib
[2.860s] Invoked command in '/home/om/ros2_ws/build/trac_ik_lib' returned '0': CMAKE_PREFIX_PATH=/opt/ros/humble /usr/bin/cmake /home/om/ros2_ws/src/trac_ik/trac_ik_lib -DCMAKE_INSTALL_PREFIX=/home/om/ros2_ws/install/trac_ik_lib
[2.864s] Invoking command in '/home/om/ros2_ws/build/trac_ik_lib': CMAKE_PREFIX_PATH=/opt/ros/humble /usr/bin/cmake --build /home/om/ros2_ws/build/trac_ik_lib -- -j8 -l8
[2.956s] [ 50%] [32mBuilding CXX object CMakeFiles/trac_ik_lib.dir/src/kdl_tl.cpp.o[0m
[2.958s] [ 50%] [32mBuilding CXX object CMakeFiles/trac_ik_lib.dir/src/nlopt_ik.cpp.o[0m
[2.959s] [ 75%] [32mBuilding CXX object CMakeFiles/trac_ik_lib.dir/src/trac_ik.cpp.o[0m
[15.075s] [100%] [32m[1mLinking CXX shared library libtrac_ik_lib.so[0m
[15.433s] [100%] Built target trac_ik_lib
[15.445s] Invoked command in '/home/om/ros2_ws/build/trac_ik_lib' returned '0': CMAKE_PREFIX_PATH=/opt/ros/humble /usr/bin/cmake --build /home/om/ros2_ws/build/trac_ik_lib -- -j8 -l8
[15.473s] Invoking command in '/home/om/ros2_ws/build/trac_ik_lib': CMAKE_PREFIX_PATH=/opt/ros/humble /usr/bin/cmake --install /home/om/ros2_ws/build/trac_ik_lib
[15.480s] -- Install configuration: ""
[15.480s] -- Installing: /home/om/ros2_ws/install/trac_ik_lib/share/trac_ik_lib/environment/library_path.sh
[15.481s] -- Installing: /home/om/ros2_ws/install/trac_ik_lib/share/trac_ik_lib/environment/library_path.dsv
[15.481s] -- Installing: /home/om/ros2_ws/install/trac_ik_lib/include
[15.481s] -- Installing: /home/om/ros2_ws/install/trac_ik_lib/include/trac_ik
[15.481s] -- Installing: /home/om/ros2_ws/install/trac_ik_lib/include/trac_ik/trac_ik.hpp
[15.481s] -- Installing: /home/om/ros2_ws/install/trac_ik_lib/include/trac_ik/nlopt_ik.hpp
[15.481s] -- Installing: /home/om/ros2_ws/install/trac_ik_lib/include/trac_ik/kdl_tl.hpp
[15.482s] -- Installing: /home/om/ros2_ws/install/trac_ik_lib/include/trac_ik/math3d.h
[15.482s] -- Installing: /home/om/ros2_ws/install/trac_ik_lib/include/trac_ik/visibility_control.hpp
[15.482s] -- Installing: /home/om/ros2_ws/install/trac_ik_lib/include/trac_ik/dual_quaternion.h
[15.482s] -- Installing: /home/om/ros2_ws/install/trac_ik_lib/lib/libtrac_ik_lib.so
[15.486s] -- Set runtime path of "/home/om/ros2_ws/install/trac_ik_lib/lib/libtrac_ik_lib.so" to ""
[15.486s] -- Installing: /home/om/ros2_ws/install/trac_ik_lib/share/ament_index/resource_index/package_run_dependencies/trac_ik_lib
[15.486s] -- Installing: /home/om/ros2_ws/install/trac_ik_lib/share/ament_index/resource_index/parent_prefix_path/trac_ik_lib
[15.487s] -- Installing: /home/om/ros2_ws/install/trac_ik_lib/share/trac_ik_lib/environment/ament_prefix_path.sh
[15.487s] -- Installing: /home/om/ros2_ws/install/trac_ik_lib/share/trac_ik_lib/environment/ament_prefix_path.dsv
[15.487s] -- Installing: /home/om/ros2_ws/install/trac_ik_lib/share/trac_ik_lib/environment/path.sh
[15.487s] -- Installing: /home/om/ros2_ws/install/trac_ik_lib/share/trac_ik_lib/environment/path.dsv
[15.487s] -- Installing: /home/om/ros2_ws/install/trac_ik_lib/share/trac_ik_lib/local_setup.bash
[15.488s] -- Installing: /home/om/ros2_ws/install/trac_ik_lib/share/trac_ik_lib/local_setup.sh
[15.488s] -- Installing: /home/om/ros2_ws/install/trac_ik_lib/share/trac_ik_lib/local_setup.zsh
[15.488s] -- Installing: /home/om/ros2_ws/install/trac_ik_lib/share/trac_ik_lib/local_setup.dsv
[15.488s] -- Installing: /home/om/ros2_ws/install/trac_ik_lib/share/trac_ik_lib/package.dsv
[15.488s] -- Installing: /home/om/ros2_ws/install/trac_ik_lib/share/ament_index/resource_index/packages/trac_ik_lib
[15.488s] -- Installing: /home/om/ros2_ws/install/trac_ik_lib/share/trac_ik_lib/cmake/export_trac_ik_libExport.cmake
[15.489s] -- Installing: /home/om/ros2_ws/install/trac_ik_lib/share/trac_ik_lib/cmake/export_trac_ik_libExport-noconfig.cmake
[15.489s] -- Installing: /home/om/ros2_ws/install/trac_ik_lib/share/trac_ik_lib/cmake/ament_cmake_export_targets-extras.cmake
[15.489s] -- Installing: /home/om/ros2_ws/install/trac_ik_lib/share/trac_ik_lib/cmake/ament_cmake_export_dependencies-extras.cmake
[15.489s] -- Installing: /home/om/ros2_ws/install/trac_ik_lib/share/trac_ik_lib/cmake/trac_ik_libConfig.cmake
[15.489s] -- Installing: /home/om/ros2_ws/install/trac_ik_lib/share/trac_ik_lib/cmake/trac_ik_libConfig-version.cmake
[15.489s] -- Installing: /home/om/ros2_ws/install/trac_ik_lib/share/trac_ik_lib/package.xml
[15.492s] Invoked command in '/home/om/ros2_ws/build/trac_ik_lib' returned '0': CMAKE_PREFIX_PATH=/opt/ros/humble /usr/bin/cmake --install /home/om/ros2_ws/build/trac_ik_lib
