[0.032s] Invoking command in '/home/om/ros2_ws/build/ur5_controller': CMAKE_PREFIX_PATH=/opt/ros/humble /usr/bin/cmake --build /home/om/ros2_ws/build/ur5_controller -- -j8 -l8
[0.142s] [35m[1mConsolidate compiler generated dependencies of target position_publisher[0m
[0.147s] [35m[1mConsolidate compiler generated dependencies of target moveit_cartesian_planner[0m
[0.187s] [ 50%] Built target position_publisher
[0.205s] [100%] Built target moveit_cartesian_planner
[0.303s] Invoked command in '/home/om/ros2_ws/build/ur5_controller' returned '0': CMAKE_PREFIX_PATH=/opt/ros/humble /usr/bin/cmake --build /home/om/ros2_ws/build/ur5_controller -- -j8 -l8
[0.306s] Invoking command in '/home/om/ros2_ws/build/ur5_controller': CMAKE_PREFIX_PATH=/opt/ros/humble /usr/bin/cmake --install /home/om/ros2_ws/build/ur5_controller
[0.319s] -- Install configuration: ""
[0.319s] -- Up-to-date: /home/om/ros2_ws/install/ur5_controller/lib/ur5_controller/position_publisher
[0.320s] -- Up-to-date: /home/om/ros2_ws/install/ur5_controller/lib/ur5_controller/moveit_cartesian_planner
[0.320s] -- Up-to-date: /home/om/ros2_ws/install/ur5_controller/share/ur5_controller/config
[0.320s] -- Up-to-date: /home/om/ros2_ws/install/ur5_controller/share/ur5_controller/config/ur5_controller.yaml
[0.321s] -- Up-to-date: /home/om/ros2_ws/install/ur5_controller/share/ur5_controller/launch
[0.321s] -- Up-to-date: /home/om/ros2_ws/install/ur5_controller/share/ur5_controller/launch/controller.launch.py
[0.321s] -- Up-to-date: /home/om/ros2_ws/install/ur5_controller/share/ur5_controller/launch/moveit2_launch.py
[0.322s] -- Up-to-date: /home/om/ros2_ws/install/ur5_controller/share/ament_index/resource_index/package_run_dependencies/ur5_controller
[0.323s] -- Up-to-date: /home/om/ros2_ws/install/ur5_controller/share/ament_index/resource_index/parent_prefix_path/ur5_controller
[0.323s] -- Up-to-date: /home/om/ros2_ws/install/ur5_controller/share/ur5_controller/environment/ament_prefix_path.sh
[0.323s] -- Up-to-date: /home/om/ros2_ws/install/ur5_controller/share/ur5_controller/environment/ament_prefix_path.dsv
[0.324s] -- Up-to-date: /home/om/ros2_ws/install/ur5_controller/share/ur5_controller/environment/path.sh
[0.325s] -- Up-to-date: /home/om/ros2_ws/install/ur5_controller/share/ur5_controller/environment/path.dsv
[0.325s] -- Up-to-date: /home/om/ros2_ws/install/ur5_controller/share/ur5_controller/local_setup.bash
[0.325s] -- Up-to-date: /home/om/ros2_ws/install/ur5_controller/share/ur5_controller/local_setup.sh
[0.326s] -- Up-to-date: /home/om/ros2_ws/install/ur5_controller/share/ur5_controller/local_setup.zsh
[0.327s] -- Up-to-date: /home/om/ros2_ws/install/ur5_controller/share/ur5_controller/local_setup.dsv
[0.327s] -- Installing: /home/om/ros2_ws/install/ur5_controller/share/ur5_controller/package.dsv
[0.328s] -- Up-to-date: /home/om/ros2_ws/install/ur5_controller/share/ament_index/resource_index/packages/ur5_controller
[0.328s] -- Up-to-date: /home/om/ros2_ws/install/ur5_controller/share/ur5_controller/cmake/ur5_controllerConfig.cmake
[0.329s] -- Up-to-date: /home/om/ros2_ws/install/ur5_controller/share/ur5_controller/cmake/ur5_controllerConfig-version.cmake
[0.329s] -- Up-to-date: /home/om/ros2_ws/install/ur5_controller/share/ur5_controller/package.xml
[0.354s] Invoked command in '/home/om/ros2_ws/build/ur5_controller' returned '0': CMAKE_PREFIX_PATH=/opt/ros/humble /usr/bin/cmake --install /home/om/ros2_ws/build/ur5_controller
