[0.141s] DEBUG:colcon:Command line arguments: ['/usr/bin/colcon', 'build', '--allow-overriding', 'ur_description']
[0.141s] DEBUG:colcon:Parsed command line arguments: Namespace(log_base=None, log_level=None, verb_name='build', build_base='build', install_base='install', merge_install=False, symlink_install=False, test_result_base=None, continue_on_error=False, executor='parallel', parallel_workers=8, event_handlers=None, ignore_user_meta=False, metas=['./colcon.meta'], base_paths=['.'], packages_ignore=None, packages_ignore_regex=None, paths=None, packages_up_to=None, packages_up_to_regex=None, packages_above=None, packages_above_and_dependencies=None, packages_above_depth=None, packages_select_by_dep=None, packages_skip_by_dep=None, packages_skip_up_to=None, packages_select_build_failed=False, packages_skip_build_finished=False, packages_select_test_failures=False, packages_skip_test_passed=False, packages_select=None, packages_skip=None, packages_select_regex=None, packages_skip_regex=None, packages_start=None, packages_end=None, allow_overriding=['ur_description'], cmake_args=None, cmake_target=None, cmake_target_skip_unavailable=False, cmake_clean_cache=False, cmake_clean_first=False, cmake_force_configure=False, ament_cmake_args=None, catkin_cmake_args=None, catkin_skip_building_tests=False, verb_parser=<colcon_defaults.argument_parser.defaults.DefaultArgumentsDecorator object at 0x707045c48d90>, verb_extension=<colcon_core.verb.build.BuildVerb object at 0x707045c48790>, main=<bound method BuildVerb.main of <colcon_core.verb.build.BuildVerb object at 0x707045c48790>>)
[0.440s] Level 1:colcon.colcon_core.package_discovery:discover_packages(colcon_meta) check parameters
[0.440s] Level 1:colcon.colcon_core.package_discovery:discover_packages(recursive) check parameters
[0.441s] Level 1:colcon.colcon_core.package_discovery:discover_packages(ignore) check parameters
[0.441s] Level 1:colcon.colcon_core.package_discovery:discover_packages(path) check parameters
[0.441s] Level 1:colcon.colcon_core.package_discovery:discover_packages(colcon_meta) discover
[0.441s] Level 1:colcon.colcon_core.package_discovery:discover_packages(recursive) discover
[0.441s] INFO:colcon.colcon_core.package_discovery:Crawling recursively for packages in '/home/om/ros2_ws'
[0.441s] Level 1:colcon.colcon_core.package_identification:_identify(.) by extensions ['ignore', 'ignore_ament_install']
[0.441s] Level 1:colcon.colcon_core.package_identification:_identify(.) by extension 'ignore'
[0.441s] Level 1:colcon.colcon_core.package_identification:_identify(.) by extension 'ignore_ament_install'
[0.442s] Level 1:colcon.colcon_core.package_identification:_identify(.) by extensions ['colcon_pkg']
[0.442s] Level 1:colcon.colcon_core.package_identification:_identify(.) by extension 'colcon_pkg'
[0.442s] Level 1:colcon.colcon_core.package_identification:_identify(.) by extensions ['colcon_meta']
[0.442s] Level 1:colcon.colcon_core.package_identification:_identify(.) by extension 'colcon_meta'
[0.442s] Level 1:colcon.colcon_core.package_identification:_identify(.) by extensions ['ros']
[0.442s] Level 1:colcon.colcon_core.package_identification:_identify(.) by extension 'ros'
[0.466s] Level 1:colcon.colcon_core.package_identification:_identify(.) by extensions ['cmake', 'python']
[0.466s] Level 1:colcon.colcon_core.package_identification:_identify(.) by extension 'cmake'
[0.466s] Level 1:colcon.colcon_core.package_identification:_identify(.) by extension 'python'
[0.466s] Level 1:colcon.colcon_core.package_identification:_identify(.) by extensions ['python_setup_py']
[0.466s] Level 1:colcon.colcon_core.package_identification:_identify(.) by extension 'python_setup_py'
[0.467s] Level 1:colcon.colcon_core.package_identification:_identify(build) by extensions ['ignore', 'ignore_ament_install']
[0.467s] Level 1:colcon.colcon_core.package_identification:_identify(build) by extension 'ignore'
[0.467s] Level 1:colcon.colcon_core.package_identification:_identify(build) ignored
[0.467s] Level 1:colcon.colcon_core.package_identification:_identify(install) by extensions ['ignore', 'ignore_ament_install']
[0.467s] Level 1:colcon.colcon_core.package_identification:_identify(install) by extension 'ignore'
[0.467s] Level 1:colcon.colcon_core.package_identification:_identify(install) ignored
[0.468s] Level 1:colcon.colcon_core.package_identification:_identify(log) by extensions ['ignore', 'ignore_ament_install']
[0.468s] Level 1:colcon.colcon_core.package_identification:_identify(log) by extension 'ignore'
[0.468s] Level 1:colcon.colcon_core.package_identification:_identify(log) ignored
[0.468s] Level 1:colcon.colcon_core.package_identification:_identify(src) by extensions ['ignore', 'ignore_ament_install']
[0.468s] Level 1:colcon.colcon_core.package_identification:_identify(src) by extension 'ignore'
[0.468s] Level 1:colcon.colcon_core.package_identification:_identify(src) by extension 'ignore_ament_install'
[0.468s] Level 1:colcon.colcon_core.package_identification:_identify(src) by extensions ['colcon_pkg']
[0.469s] Level 1:colcon.colcon_core.package_identification:_identify(src) by extension 'colcon_pkg'
[0.469s] Level 1:colcon.colcon_core.package_identification:_identify(src) by extensions ['colcon_meta']
[0.469s] Level 1:colcon.colcon_core.package_identification:_identify(src) by extension 'colcon_meta'
[0.469s] Level 1:colcon.colcon_core.package_identification:_identify(src) by extensions ['ros']
[0.469s] Level 1:colcon.colcon_core.package_identification:_identify(src) by extension 'ros'
[0.469s] Level 1:colcon.colcon_core.package_identification:_identify(src) by extensions ['cmake', 'python']
[0.469s] Level 1:colcon.colcon_core.package_identification:_identify(src) by extension 'cmake'
[0.469s] Level 1:colcon.colcon_core.package_identification:_identify(src) by extension 'python'
[0.469s] Level 1:colcon.colcon_core.package_identification:_identify(src) by extensions ['python_setup_py']
[0.469s] Level 1:colcon.colcon_core.package_identification:_identify(src) by extension 'python_setup_py'
[0.470s] Level 1:colcon.colcon_core.package_identification:_identify(src/trac_ik) by extensions ['ignore', 'ignore_ament_install']
[0.470s] Level 1:colcon.colcon_core.package_identification:_identify(src/trac_ik) by extension 'ignore'
[0.470s] Level 1:colcon.colcon_core.package_identification:_identify(src/trac_ik) by extension 'ignore_ament_install'
[0.470s] Level 1:colcon.colcon_core.package_identification:_identify(src/trac_ik) by extensions ['colcon_pkg']
[0.470s] Level 1:colcon.colcon_core.package_identification:_identify(src/trac_ik) by extension 'colcon_pkg'
[0.470s] Level 1:colcon.colcon_core.package_identification:_identify(src/trac_ik) by extensions ['colcon_meta']
[0.470s] Level 1:colcon.colcon_core.package_identification:_identify(src/trac_ik) by extension 'colcon_meta'
[0.470s] Level 1:colcon.colcon_core.package_identification:_identify(src/trac_ik) by extensions ['ros']
[0.470s] Level 1:colcon.colcon_core.package_identification:_identify(src/trac_ik) by extension 'ros'
[0.471s] Level 1:colcon.colcon_core.package_identification:_identify(src/trac_ik) by extensions ['cmake', 'python']
[0.471s] Level 1:colcon.colcon_core.package_identification:_identify(src/trac_ik) by extension 'cmake'
[0.471s] Level 1:colcon.colcon_core.package_identification:_identify(src/trac_ik) by extension 'python'
[0.471s] Level 1:colcon.colcon_core.package_identification:_identify(src/trac_ik) by extensions ['python_setup_py']
[0.471s] Level 1:colcon.colcon_core.package_identification:_identify(src/trac_ik) by extension 'python_setup_py'
[0.471s] Level 1:colcon.colcon_core.package_identification:_identify(src/trac_ik/trac_ik) by extensions ['ignore', 'ignore_ament_install']
[0.471s] Level 1:colcon.colcon_core.package_identification:_identify(src/trac_ik/trac_ik) by extension 'ignore'
[0.471s] Level 1:colcon.colcon_core.package_identification:_identify(src/trac_ik/trac_ik) by extension 'ignore_ament_install'
[0.472s] Level 1:colcon.colcon_core.package_identification:_identify(src/trac_ik/trac_ik) by extensions ['colcon_pkg']
[0.472s] Level 1:colcon.colcon_core.package_identification:_identify(src/trac_ik/trac_ik) by extension 'colcon_pkg'
[0.472s] Level 1:colcon.colcon_core.package_identification:_identify(src/trac_ik/trac_ik) by extensions ['colcon_meta']
[0.472s] Level 1:colcon.colcon_core.package_identification:_identify(src/trac_ik/trac_ik) by extension 'colcon_meta'
[0.472s] Level 1:colcon.colcon_core.package_identification:_identify(src/trac_ik/trac_ik) by extensions ['ros']
[0.472s] Level 1:colcon.colcon_core.package_identification:_identify(src/trac_ik/trac_ik) by extension 'ros'
[0.477s] DEBUG:colcon.colcon_core.package_identification:Package 'src/trac_ik/trac_ik' with type 'ros.ament_cmake' and name 'trac_ik'
[0.477s] Level 1:colcon.colcon_core.package_identification:_identify(src/trac_ik/trac_ik_examples) by extensions ['ignore', 'ignore_ament_install']
[0.478s] Level 1:colcon.colcon_core.package_identification:_identify(src/trac_ik/trac_ik_examples) by extension 'ignore'
[0.478s] Level 1:colcon.colcon_core.package_identification:_identify(src/trac_ik/trac_ik_examples) by extension 'ignore_ament_install'
[0.478s] Level 1:colcon.colcon_core.package_identification:_identify(src/trac_ik/trac_ik_examples) by extensions ['colcon_pkg']
[0.478s] Level 1:colcon.colcon_core.package_identification:_identify(src/trac_ik/trac_ik_examples) by extension 'colcon_pkg'
[0.478s] Level 1:colcon.colcon_core.package_identification:_identify(src/trac_ik/trac_ik_examples) by extensions ['colcon_meta']
[0.478s] Level 1:colcon.colcon_core.package_identification:_identify(src/trac_ik/trac_ik_examples) by extension 'colcon_meta'
[0.478s] Level 1:colcon.colcon_core.package_identification:_identify(src/trac_ik/trac_ik_examples) by extensions ['ros']
[0.478s] Level 1:colcon.colcon_core.package_identification:_identify(src/trac_ik/trac_ik_examples) by extension 'ros'
[0.480s] DEBUG:colcon.colcon_core.package_identification:Package 'src/trac_ik/trac_ik_examples' with type 'ros.ament_cmake' and name 'trac_ik_examples'
[0.480s] Level 1:colcon.colcon_core.package_identification:_identify(src/trac_ik/trac_ik_kinematics_plugin) by extensions ['ignore', 'ignore_ament_install']
[0.480s] Level 1:colcon.colcon_core.package_identification:_identify(src/trac_ik/trac_ik_kinematics_plugin) by extension 'ignore'
[0.480s] Level 1:colcon.colcon_core.package_identification:_identify(src/trac_ik/trac_ik_kinematics_plugin) ignored
[0.481s] Level 1:colcon.colcon_core.package_identification:_identify(src/trac_ik/trac_ik_lib) by extensions ['ignore', 'ignore_ament_install']
[0.481s] Level 1:colcon.colcon_core.package_identification:_identify(src/trac_ik/trac_ik_lib) by extension 'ignore'
[0.481s] Level 1:colcon.colcon_core.package_identification:_identify(src/trac_ik/trac_ik_lib) by extension 'ignore_ament_install'
[0.481s] Level 1:colcon.colcon_core.package_identification:_identify(src/trac_ik/trac_ik_lib) by extensions ['colcon_pkg']
[0.481s] Level 1:colcon.colcon_core.package_identification:_identify(src/trac_ik/trac_ik_lib) by extension 'colcon_pkg'
[0.481s] Level 1:colcon.colcon_core.package_identification:_identify(src/trac_ik/trac_ik_lib) by extensions ['colcon_meta']
[0.481s] Level 1:colcon.colcon_core.package_identification:_identify(src/trac_ik/trac_ik_lib) by extension 'colcon_meta'
[0.481s] Level 1:colcon.colcon_core.package_identification:_identify(src/trac_ik/trac_ik_lib) by extensions ['ros']
[0.481s] Level 1:colcon.colcon_core.package_identification:_identify(src/trac_ik/trac_ik_lib) by extension 'ros'
[0.483s] DEBUG:colcon.colcon_core.package_identification:Package 'src/trac_ik/trac_ik_lib' with type 'ros.ament_cmake' and name 'trac_ik_lib'
[0.483s] Level 1:colcon.colcon_core.package_identification:_identify(src/trac_ik/trac_ik_python) by extensions ['ignore', 'ignore_ament_install']
[0.483s] Level 1:colcon.colcon_core.package_identification:_identify(src/trac_ik/trac_ik_python) by extension 'ignore'
[0.483s] Level 1:colcon.colcon_core.package_identification:_identify(src/trac_ik/trac_ik_python) ignored
[0.484s] Level 1:colcon.colcon_core.package_identification:_identify(src/ur5_controller) by extensions ['ignore', 'ignore_ament_install']
[0.484s] Level 1:colcon.colcon_core.package_identification:_identify(src/ur5_controller) by extension 'ignore'
[0.484s] Level 1:colcon.colcon_core.package_identification:_identify(src/ur5_controller) by extension 'ignore_ament_install'
[0.484s] Level 1:colcon.colcon_core.package_identification:_identify(src/ur5_controller) by extensions ['colcon_pkg']
[0.484s] Level 1:colcon.colcon_core.package_identification:_identify(src/ur5_controller) by extension 'colcon_pkg'
[0.484s] Level 1:colcon.colcon_core.package_identification:_identify(src/ur5_controller) by extensions ['colcon_meta']
[0.484s] Level 1:colcon.colcon_core.package_identification:_identify(src/ur5_controller) by extension 'colcon_meta'
[0.484s] Level 1:colcon.colcon_core.package_identification:_identify(src/ur5_controller) by extensions ['ros']
[0.484s] Level 1:colcon.colcon_core.package_identification:_identify(src/ur5_controller) by extension 'ros'
[0.487s] DEBUG:colcon.colcon_core.package_identification:Package 'src/ur5_controller' with type 'ros.ament_cmake' and name 'ur5_controller'
[0.488s] Level 1:colcon.colcon_core.package_identification:_identify(src/ur_description) by extensions ['ignore', 'ignore_ament_install']
[0.488s] Level 1:colcon.colcon_core.package_identification:_identify(src/ur_description) by extension 'ignore'
[0.488s] Level 1:colcon.colcon_core.package_identification:_identify(src/ur_description) by extension 'ignore_ament_install'
[0.488s] Level 1:colcon.colcon_core.package_identification:_identify(src/ur_description) by extensions ['colcon_pkg']
[0.488s] Level 1:colcon.colcon_core.package_identification:_identify(src/ur_description) by extension 'colcon_pkg'
[0.488s] Level 1:colcon.colcon_core.package_identification:_identify(src/ur_description) by extensions ['colcon_meta']
[0.488s] Level 1:colcon.colcon_core.package_identification:_identify(src/ur_description) by extension 'colcon_meta'
[0.488s] Level 1:colcon.colcon_core.package_identification:_identify(src/ur_description) by extensions ['ros']
[0.488s] Level 1:colcon.colcon_core.package_identification:_identify(src/ur_description) by extension 'ros'
[0.490s] DEBUG:colcon.colcon_core.package_identification:Package 'src/ur_description' with type 'ros.ament_cmake' and name 'ur_description'
[0.490s] Level 1:colcon.colcon_core.package_discovery:discover_packages(recursive) using defaults
[0.491s] Level 1:colcon.colcon_core.package_discovery:discover_packages(ignore) discover
[0.491s] Level 1:colcon.colcon_core.package_discovery:discover_packages(ignore) using defaults
[0.491s] Level 1:colcon.colcon_core.package_discovery:discover_packages(path) discover
[0.491s] Level 1:colcon.colcon_core.package_discovery:discover_packages(path) using defaults
[0.555s] Level 1:colcon.colcon_core.package_discovery:discover_packages(prefix_path) check parameters
[0.555s] Level 1:colcon.colcon_core.package_discovery:discover_packages(prefix_path) discover
[0.561s] DEBUG:colcon.colcon_installed_package_information.package_discovery:Found 385 installed packages in /opt/ros/humble
[0.565s] Level 1:colcon.colcon_core.package_discovery:discover_packages(prefix_path) using defaults
[0.673s] Level 5:colcon.colcon_core.verb:set package 'trac_ik_lib' build argument 'cmake_args' from command line to 'None'
[0.673s] Level 5:colcon.colcon_core.verb:set package 'trac_ik_lib' build argument 'cmake_target' from command line to 'None'
[0.673s] Level 5:colcon.colcon_core.verb:set package 'trac_ik_lib' build argument 'cmake_target_skip_unavailable' from command line to 'False'
[0.673s] Level 5:colcon.colcon_core.verb:set package 'trac_ik_lib' build argument 'cmake_clean_cache' from command line to 'False'
[0.673s] Level 5:colcon.colcon_core.verb:set package 'trac_ik_lib' build argument 'cmake_clean_first' from command line to 'False'
[0.673s] Level 5:colcon.colcon_core.verb:set package 'trac_ik_lib' build argument 'cmake_force_configure' from command line to 'False'
[0.673s] Level 5:colcon.colcon_core.verb:set package 'trac_ik_lib' build argument 'ament_cmake_args' from command line to 'None'
[0.673s] Level 5:colcon.colcon_core.verb:set package 'trac_ik_lib' build argument 'catkin_cmake_args' from command line to 'None'
[0.673s] Level 5:colcon.colcon_core.verb:set package 'trac_ik_lib' build argument 'catkin_skip_building_tests' from command line to 'False'
[0.674s] DEBUG:colcon.colcon_core.verb:Building package 'trac_ik_lib' with the following arguments: {'ament_cmake_args': None, 'build_base': '/home/om/ros2_ws/build/trac_ik_lib', 'catkin_cmake_args': None, 'catkin_skip_building_tests': False, 'cmake_args': None, 'cmake_clean_cache': False, 'cmake_clean_first': False, 'cmake_force_configure': False, 'cmake_target': None, 'cmake_target_skip_unavailable': False, 'install_base': '/home/om/ros2_ws/install/trac_ik_lib', 'merge_install': False, 'path': '/home/om/ros2_ws/src/trac_ik/trac_ik_lib', 'symlink_install': False, 'test_result_base': None}
[0.674s] Level 5:colcon.colcon_core.verb:set package 'ur5_controller' build argument 'cmake_args' from command line to 'None'
[0.675s] Level 5:colcon.colcon_core.verb:set package 'ur5_controller' build argument 'cmake_target' from command line to 'None'
[0.675s] Level 5:colcon.colcon_core.verb:set package 'ur5_controller' build argument 'cmake_target_skip_unavailable' from command line to 'False'
[0.675s] Level 5:colcon.colcon_core.verb:set package 'ur5_controller' build argument 'cmake_clean_cache' from command line to 'False'
[0.675s] Level 5:colcon.colcon_core.verb:set package 'ur5_controller' build argument 'cmake_clean_first' from command line to 'False'
[0.675s] Level 5:colcon.colcon_core.verb:set package 'ur5_controller' build argument 'cmake_force_configure' from command line to 'False'
[0.675s] Level 5:colcon.colcon_core.verb:set package 'ur5_controller' build argument 'ament_cmake_args' from command line to 'None'
[0.675s] Level 5:colcon.colcon_core.verb:set package 'ur5_controller' build argument 'catkin_cmake_args' from command line to 'None'
[0.675s] Level 5:colcon.colcon_core.verb:set package 'ur5_controller' build argument 'catkin_skip_building_tests' from command line to 'False'
[0.675s] DEBUG:colcon.colcon_core.verb:Building package 'ur5_controller' with the following arguments: {'ament_cmake_args': None, 'build_base': '/home/om/ros2_ws/build/ur5_controller', 'catkin_cmake_args': None, 'catkin_skip_building_tests': False, 'cmake_args': None, 'cmake_clean_cache': False, 'cmake_clean_first': False, 'cmake_force_configure': False, 'cmake_target': None, 'cmake_target_skip_unavailable': False, 'install_base': '/home/om/ros2_ws/install/ur5_controller', 'merge_install': False, 'path': '/home/om/ros2_ws/src/ur5_controller', 'symlink_install': False, 'test_result_base': None}
[0.676s] Level 5:colcon.colcon_core.verb:set package 'ur_description' build argument 'cmake_args' from command line to 'None'
[0.676s] Level 5:colcon.colcon_core.verb:set package 'ur_description' build argument 'cmake_target' from command line to 'None'
[0.676s] Level 5:colcon.colcon_core.verb:set package 'ur_description' build argument 'cmake_target_skip_unavailable' from command line to 'False'
[0.676s] Level 5:colcon.colcon_core.verb:set package 'ur_description' build argument 'cmake_clean_cache' from command line to 'False'
[0.676s] Level 5:colcon.colcon_core.verb:set package 'ur_description' build argument 'cmake_clean_first' from command line to 'False'
[0.676s] Level 5:colcon.colcon_core.verb:set package 'ur_description' build argument 'cmake_force_configure' from command line to 'False'
[0.676s] Level 5:colcon.colcon_core.verb:set package 'ur_description' build argument 'ament_cmake_args' from command line to 'None'
[0.676s] Level 5:colcon.colcon_core.verb:set package 'ur_description' build argument 'catkin_cmake_args' from command line to 'None'
[0.676s] Level 5:colcon.colcon_core.verb:set package 'ur_description' build argument 'catkin_skip_building_tests' from command line to 'False'
[0.676s] DEBUG:colcon.colcon_core.verb:Building package 'ur_description' with the following arguments: {'ament_cmake_args': None, 'build_base': '/home/om/ros2_ws/build/ur_description', 'catkin_cmake_args': None, 'catkin_skip_building_tests': False, 'cmake_args': None, 'cmake_clean_cache': False, 'cmake_clean_first': False, 'cmake_force_configure': False, 'cmake_target': None, 'cmake_target_skip_unavailable': False, 'install_base': '/home/om/ros2_ws/install/ur_description', 'merge_install': False, 'path': '/home/om/ros2_ws/src/ur_description', 'symlink_install': False, 'test_result_base': None}
[0.677s] Level 5:colcon.colcon_core.verb:set package 'trac_ik_examples' build argument 'cmake_args' from command line to 'None'
[0.677s] Level 5:colcon.colcon_core.verb:set package 'trac_ik_examples' build argument 'cmake_target' from command line to 'None'
[0.677s] Level 5:colcon.colcon_core.verb:set package 'trac_ik_examples' build argument 'cmake_target_skip_unavailable' from command line to 'False'
[0.677s] Level 5:colcon.colcon_core.verb:set package 'trac_ik_examples' build argument 'cmake_clean_cache' from command line to 'False'
[0.677s] Level 5:colcon.colcon_core.verb:set package 'trac_ik_examples' build argument 'cmake_clean_first' from command line to 'False'
[0.677s] Level 5:colcon.colcon_core.verb:set package 'trac_ik_examples' build argument 'cmake_force_configure' from command line to 'False'
[0.678s] Level 5:colcon.colcon_core.verb:set package 'trac_ik_examples' build argument 'ament_cmake_args' from command line to 'None'
[0.678s] Level 5:colcon.colcon_core.verb:set package 'trac_ik_examples' build argument 'catkin_cmake_args' from command line to 'None'
[0.678s] Level 5:colcon.colcon_core.verb:set package 'trac_ik_examples' build argument 'catkin_skip_building_tests' from command line to 'False'
[0.678s] DEBUG:colcon.colcon_core.verb:Building package 'trac_ik_examples' with the following arguments: {'ament_cmake_args': None, 'build_base': '/home/om/ros2_ws/build/trac_ik_examples', 'catkin_cmake_args': None, 'catkin_skip_building_tests': False, 'cmake_args': None, 'cmake_clean_cache': False, 'cmake_clean_first': False, 'cmake_force_configure': False, 'cmake_target': None, 'cmake_target_skip_unavailable': False, 'install_base': '/home/om/ros2_ws/install/trac_ik_examples', 'merge_install': False, 'path': '/home/om/ros2_ws/src/trac_ik/trac_ik_examples', 'symlink_install': False, 'test_result_base': None}
[0.678s] Level 5:colcon.colcon_core.verb:set package 'trac_ik' build argument 'cmake_args' from command line to 'None'
[0.679s] Level 5:colcon.colcon_core.verb:set package 'trac_ik' build argument 'cmake_target' from command line to 'None'
[0.679s] Level 5:colcon.colcon_core.verb:set package 'trac_ik' build argument 'cmake_target_skip_unavailable' from command line to 'False'
[0.679s] Level 5:colcon.colcon_core.verb:set package 'trac_ik' build argument 'cmake_clean_cache' from command line to 'False'
[0.679s] Level 5:colcon.colcon_core.verb:set package 'trac_ik' build argument 'cmake_clean_first' from command line to 'False'
[0.679s] Level 5:colcon.colcon_core.verb:set package 'trac_ik' build argument 'cmake_force_configure' from command line to 'False'
[0.679s] Level 5:colcon.colcon_core.verb:set package 'trac_ik' build argument 'ament_cmake_args' from command line to 'None'
[0.679s] Level 5:colcon.colcon_core.verb:set package 'trac_ik' build argument 'catkin_cmake_args' from command line to 'None'
[0.679s] Level 5:colcon.colcon_core.verb:set package 'trac_ik' build argument 'catkin_skip_building_tests' from command line to 'False'
[0.679s] DEBUG:colcon.colcon_core.verb:Building package 'trac_ik' with the following arguments: {'ament_cmake_args': None, 'build_base': '/home/om/ros2_ws/build/trac_ik', 'catkin_cmake_args': None, 'catkin_skip_building_tests': False, 'cmake_args': None, 'cmake_clean_cache': False, 'cmake_clean_first': False, 'cmake_force_configure': False, 'cmake_target': None, 'cmake_target_skip_unavailable': False, 'install_base': '/home/om/ros2_ws/install/trac_ik', 'merge_install': False, 'path': '/home/om/ros2_ws/src/trac_ik/trac_ik', 'symlink_install': False, 'test_result_base': None}
[0.679s] INFO:colcon.colcon_core.executor:Executing jobs using 'parallel' executor
[0.681s] DEBUG:colcon.colcon_parallel_executor.executor.parallel:run_until_complete
[0.682s] INFO:colcon.colcon_ros.task.ament_cmake.build:Building ROS package in '/home/om/ros2_ws/src/trac_ik/trac_ik_lib' with build type 'ament_cmake'
[0.683s] INFO:colcon.colcon_cmake.task.cmake.build:Building CMake package in '/home/om/ros2_ws/src/trac_ik/trac_ik_lib'
[0.686s] INFO:colcon.colcon_core.plugin_system:Skipping extension 'colcon_core.shell.bat': Not used on non-Windows systems
[0.687s] INFO:colcon.colcon_core.shell:Skip shell extension 'powershell' for command environment: Not usable outside of PowerShell
[0.687s] DEBUG:colcon.colcon_core.shell:Skip shell extension 'dsv' for command environment
[0.694s] INFO:colcon.colcon_ros.task.ament_cmake.build:Building ROS package in '/home/om/ros2_ws/src/ur5_controller' with build type 'ament_cmake'
[0.694s] INFO:colcon.colcon_cmake.task.cmake.build:Building CMake package in '/home/om/ros2_ws/src/ur5_controller'
[0.695s] INFO:colcon.colcon_core.shell:Skip shell extension 'powershell' for command environment: Not usable outside of PowerShell
[0.695s] DEBUG:colcon.colcon_core.shell:Skip shell extension 'dsv' for command environment
[0.701s] INFO:colcon.colcon_ros.task.ament_cmake.build:Building ROS package in '/home/om/ros2_ws/src/ur_description' with build type 'ament_cmake'
[0.701s] INFO:colcon.colcon_cmake.task.cmake.build:Building CMake package in '/home/om/ros2_ws/src/ur_description'
[0.702s] INFO:colcon.colcon_core.shell:Skip shell extension 'powershell' for command environment: Not usable outside of PowerShell
[0.702s] DEBUG:colcon.colcon_core.shell:Skip shell extension 'dsv' for command environment
[0.720s] DEBUG:colcon.colcon_core.event_handler.log_command:Invoking command in '/home/om/ros2_ws/build/trac_ik_lib': CMAKE_PREFIX_PATH=/opt/ros/humble /usr/bin/cmake --build /home/om/ros2_ws/build/trac_ik_lib -- -j8 -l8
[0.727s] DEBUG:colcon.colcon_core.event_handler.log_command:Invoking command in '/home/om/ros2_ws/build/ur5_controller': CMAKE_PREFIX_PATH=/opt/ros/humble /usr/bin/cmake --build /home/om/ros2_ws/build/ur5_controller -- -j8 -l8
[0.735s] DEBUG:colcon.colcon_core.event_handler.log_command:Invoking command in '/home/om/ros2_ws/build/ur_description': CMAKE_PREFIX_PATH=/opt/ros/humble /usr/bin/cmake --build /home/om/ros2_ws/build/ur_description -- -j8 -l8
[0.809s] DEBUG:colcon.colcon_core.event_handler.log_command:Invoked command in '/home/om/ros2_ws/build/ur_description' returned '0': CMAKE_PREFIX_PATH=/opt/ros/humble /usr/bin/cmake --build /home/om/ros2_ws/build/ur_description -- -j8 -l8
[0.866s] DEBUG:colcon.colcon_core.event_handler.log_command:Invoking command in '/home/om/ros2_ws/build/ur_description': CMAKE_PREFIX_PATH=/opt/ros/humble /usr/bin/cmake --install /home/om/ros2_ws/build/ur_description
[0.868s] DEBUG:colcon.colcon_core.event_handler.log_command:Invoked command in '/home/om/ros2_ws/build/trac_ik_lib' returned '0': CMAKE_PREFIX_PATH=/opt/ros/humble /usr/bin/cmake --build /home/om/ros2_ws/build/trac_ik_lib -- -j8 -l8
[0.893s] Level 1:colcon.colcon_core.environment:create_environment_scripts_only(ur_description)
[0.902s] Level 1:colcon.colcon_core.environment:checking '/home/om/ros2_ws/install/ur_description' for CMake module files
[0.904s] Level 1:colcon.colcon_core.environment:checking '/home/om/ros2_ws/install/ur_description' for CMake config files
[0.911s] Level 1:colcon.colcon_core.shell:create_environment_hook('ur_description', 'cmake_prefix_path')
[0.912s] INFO:colcon.colcon_core.shell:Creating environment hook '/home/om/ros2_ws/install/ur_description/share/ur_description/hook/cmake_prefix_path.ps1'
[0.914s] INFO:colcon.colcon_core.shell:Creating environment descriptor '/home/om/ros2_ws/install/ur_description/share/ur_description/hook/cmake_prefix_path.dsv'
[0.915s] INFO:colcon.colcon_core.shell:Creating environment hook '/home/om/ros2_ws/install/ur_description/share/ur_description/hook/cmake_prefix_path.sh'
[0.918s] Level 1:colcon.colcon_core.environment:checking '/home/om/ros2_ws/install/ur_description/bin'
[0.918s] Level 1:colcon.colcon_core.environment:checking '/home/om/ros2_ws/install/ur_description/lib/pkgconfig/ur_description.pc'
[0.919s] Level 1:colcon.colcon_core.environment:checking '/home/om/ros2_ws/install/ur_description/lib/python3.10/site-packages'
[0.920s] Level 1:colcon.colcon_core.environment:checking '/home/om/ros2_ws/install/ur_description/bin'
[0.920s] INFO:colcon.colcon_core.shell:Creating package script '/home/om/ros2_ws/install/ur_description/share/ur_description/package.ps1'
[0.925s] INFO:colcon.colcon_core.shell:Creating package descriptor '/home/om/ros2_ws/install/ur_description/share/ur_description/package.dsv'
[0.926s] INFO:colcon.colcon_core.shell:Creating package script '/home/om/ros2_ws/install/ur_description/share/ur_description/package.sh'
[0.928s] INFO:colcon.colcon_core.shell:Creating package script '/home/om/ros2_ws/install/ur_description/share/ur_description/package.bash'
[0.930s] INFO:colcon.colcon_core.shell:Creating package script '/home/om/ros2_ws/install/ur_description/share/ur_description/package.zsh'
[0.932s] Level 1:colcon.colcon_core.environment:create_file_with_runtime_dependencies(/home/om/ros2_ws/install/ur_description/share/colcon-core/packages/ur_description)
[0.950s] DEBUG:colcon.colcon_core.event_handler.log_command:Invoked command in '/home/om/ros2_ws/build/ur_description' returned '0': CMAKE_PREFIX_PATH=/opt/ros/humble /usr/bin/cmake --install /home/om/ros2_ws/build/ur_description
[0.951s] DEBUG:colcon.colcon_core.event_handler.log_command:Invoking command in '/home/om/ros2_ws/build/trac_ik_lib': CMAKE_PREFIX_PATH=/opt/ros/humble /usr/bin/cmake --install /home/om/ros2_ws/build/trac_ik_lib
[0.958s] Level 1:colcon.colcon_core.environment:create_environment_scripts_only(trac_ik_lib)
[0.959s] Level 1:colcon.colcon_core.environment:checking '/home/om/ros2_ws/install/trac_ik_lib' for CMake module files
[0.960s] Level 1:colcon.colcon_core.environment:checking '/home/om/ros2_ws/install/trac_ik_lib' for CMake config files
[0.962s] DEBUG:colcon.colcon_core.event_handler.log_command:Invoked command in '/home/om/ros2_ws/build/trac_ik_lib' returned '0': CMAKE_PREFIX_PATH=/opt/ros/humble /usr/bin/cmake --install /home/om/ros2_ws/build/trac_ik_lib
[0.963s] Level 1:colcon.colcon_core.shell:create_environment_hook('trac_ik_lib', 'cmake_prefix_path')
[0.963s] INFO:colcon.colcon_core.shell:Creating environment hook '/home/om/ros2_ws/install/trac_ik_lib/share/trac_ik_lib/hook/cmake_prefix_path.ps1'
[0.964s] INFO:colcon.colcon_core.shell:Creating environment descriptor '/home/om/ros2_ws/install/trac_ik_lib/share/trac_ik_lib/hook/cmake_prefix_path.dsv'
[0.965s] INFO:colcon.colcon_core.shell:Creating environment hook '/home/om/ros2_ws/install/trac_ik_lib/share/trac_ik_lib/hook/cmake_prefix_path.sh'
[0.966s] Level 1:colcon.colcon_core.environment:checking '/home/om/ros2_ws/install/trac_ik_lib/lib'
[0.966s] Level 1:colcon.colcon_core.shell:create_environment_hook('trac_ik_lib', 'ld_library_path_lib')
[0.966s] INFO:colcon.colcon_core.shell:Creating environment hook '/home/om/ros2_ws/install/trac_ik_lib/share/trac_ik_lib/hook/ld_library_path_lib.ps1'
[0.967s] INFO:colcon.colcon_core.shell:Creating environment descriptor '/home/om/ros2_ws/install/trac_ik_lib/share/trac_ik_lib/hook/ld_library_path_lib.dsv'
[0.968s] INFO:colcon.colcon_core.shell:Creating environment hook '/home/om/ros2_ws/install/trac_ik_lib/share/trac_ik_lib/hook/ld_library_path_lib.sh'
[0.969s] Level 1:colcon.colcon_core.environment:checking '/home/om/ros2_ws/install/trac_ik_lib/bin'
[0.969s] Level 1:colcon.colcon_core.environment:checking '/home/om/ros2_ws/install/trac_ik_lib/lib/pkgconfig/trac_ik_lib.pc'
[0.970s] Level 1:colcon.colcon_core.environment:checking '/home/om/ros2_ws/install/trac_ik_lib/lib/python3.10/site-packages'
[0.970s] Level 1:colcon.colcon_core.environment:checking '/home/om/ros2_ws/install/trac_ik_lib/bin'
[0.971s] INFO:colcon.colcon_core.shell:Creating package script '/home/om/ros2_ws/install/trac_ik_lib/share/trac_ik_lib/package.ps1'
[0.972s] INFO:colcon.colcon_core.shell:Creating package descriptor '/home/om/ros2_ws/install/trac_ik_lib/share/trac_ik_lib/package.dsv'
[0.973s] INFO:colcon.colcon_core.shell:Creating package script '/home/om/ros2_ws/install/trac_ik_lib/share/trac_ik_lib/package.sh'
[0.973s] INFO:colcon.colcon_core.shell:Creating package script '/home/om/ros2_ws/install/trac_ik_lib/share/trac_ik_lib/package.bash'
[0.974s] INFO:colcon.colcon_core.shell:Creating package script '/home/om/ros2_ws/install/trac_ik_lib/share/trac_ik_lib/package.zsh'
[0.975s] Level 1:colcon.colcon_core.environment:create_file_with_runtime_dependencies(/home/om/ros2_ws/install/trac_ik_lib/share/colcon-core/packages/trac_ik_lib)
[0.978s] Level 1:colcon.colcon_core.environment:create_environment_scripts_only(ur_description)
[0.978s] Level 1:colcon.colcon_core.environment:checking '/home/om/ros2_ws/install/ur_description' for CMake module files
[0.979s] Level 1:colcon.colcon_core.environment:checking '/home/om/ros2_ws/install/ur_description' for CMake config files
[0.980s] Level 1:colcon.colcon_core.shell:create_environment_hook('ur_description', 'cmake_prefix_path')
[0.981s] INFO:colcon.colcon_core.shell:Creating environment hook '/home/om/ros2_ws/install/ur_description/share/ur_description/hook/cmake_prefix_path.ps1'
[0.982s] INFO:colcon.colcon_core.shell:Creating environment descriptor '/home/om/ros2_ws/install/ur_description/share/ur_description/hook/cmake_prefix_path.dsv'
[0.982s] INFO:colcon.colcon_core.shell:Creating environment hook '/home/om/ros2_ws/install/ur_description/share/ur_description/hook/cmake_prefix_path.sh'
[0.983s] Level 1:colcon.colcon_core.environment:checking '/home/om/ros2_ws/install/ur_description/bin'
[0.984s] Level 1:colcon.colcon_core.environment:checking '/home/om/ros2_ws/install/ur_description/lib/pkgconfig/ur_description.pc'
[0.984s] Level 1:colcon.colcon_core.environment:checking '/home/om/ros2_ws/install/ur_description/lib/python3.10/site-packages'
[0.984s] Level 1:colcon.colcon_core.environment:checking '/home/om/ros2_ws/install/ur_description/bin'
[0.985s] INFO:colcon.colcon_core.shell:Creating package script '/home/om/ros2_ws/install/ur_description/share/ur_description/package.ps1'
[0.986s] INFO:colcon.colcon_core.shell:Creating package descriptor '/home/om/ros2_ws/install/ur_description/share/ur_description/package.dsv'
[0.987s] INFO:colcon.colcon_core.shell:Creating package script '/home/om/ros2_ws/install/ur_description/share/ur_description/package.sh'
[0.988s] INFO:colcon.colcon_core.shell:Creating package script '/home/om/ros2_ws/install/ur_description/share/ur_description/package.bash'
[0.988s] INFO:colcon.colcon_core.shell:Creating package script '/home/om/ros2_ws/install/ur_description/share/ur_description/package.zsh'
[0.989s] Level 1:colcon.colcon_core.environment:create_file_with_runtime_dependencies(/home/om/ros2_ws/install/ur_description/share/colcon-core/packages/ur_description)
[1.029s] Level 1:colcon.colcon_core.environment:create_environment_scripts_only(trac_ik_lib)
[1.029s] Level 1:colcon.colcon_core.environment:checking '/home/om/ros2_ws/install/trac_ik_lib' for CMake module files
[1.030s] Level 1:colcon.colcon_core.environment:checking '/home/om/ros2_ws/install/trac_ik_lib' for CMake config files
[1.031s] Level 1:colcon.colcon_core.shell:create_environment_hook('trac_ik_lib', 'cmake_prefix_path')
[1.031s] INFO:colcon.colcon_core.shell:Creating environment hook '/home/om/ros2_ws/install/trac_ik_lib/share/trac_ik_lib/hook/cmake_prefix_path.ps1'
[1.032s] INFO:colcon.colcon_core.shell:Creating environment descriptor '/home/om/ros2_ws/install/trac_ik_lib/share/trac_ik_lib/hook/cmake_prefix_path.dsv'
[1.032s] INFO:colcon.colcon_core.shell:Creating environment hook '/home/om/ros2_ws/install/trac_ik_lib/share/trac_ik_lib/hook/cmake_prefix_path.sh'
[1.033s] Level 1:colcon.colcon_core.environment:checking '/home/om/ros2_ws/install/trac_ik_lib/lib'
[1.034s] Level 1:colcon.colcon_core.shell:create_environment_hook('trac_ik_lib', 'ld_library_path_lib')
[1.034s] INFO:colcon.colcon_core.shell:Creating environment hook '/home/om/ros2_ws/install/trac_ik_lib/share/trac_ik_lib/hook/ld_library_path_lib.ps1'
[1.035s] INFO:colcon.colcon_core.shell:Creating environment descriptor '/home/om/ros2_ws/install/trac_ik_lib/share/trac_ik_lib/hook/ld_library_path_lib.dsv'
[1.035s] INFO:colcon.colcon_core.shell:Creating environment hook '/home/om/ros2_ws/install/trac_ik_lib/share/trac_ik_lib/hook/ld_library_path_lib.sh'
[1.036s] Level 1:colcon.colcon_core.environment:checking '/home/om/ros2_ws/install/trac_ik_lib/bin'
[1.036s] Level 1:colcon.colcon_core.environment:checking '/home/om/ros2_ws/install/trac_ik_lib/lib/pkgconfig/trac_ik_lib.pc'
[1.037s] Level 1:colcon.colcon_core.environment:checking '/home/om/ros2_ws/install/trac_ik_lib/lib/python3.10/site-packages'
[1.037s] Level 1:colcon.colcon_core.environment:checking '/home/om/ros2_ws/install/trac_ik_lib/bin'
[1.038s] INFO:colcon.colcon_core.shell:Creating package script '/home/om/ros2_ws/install/trac_ik_lib/share/trac_ik_lib/package.ps1'
[1.039s] INFO:colcon.colcon_core.shell:Creating package descriptor '/home/om/ros2_ws/install/trac_ik_lib/share/trac_ik_lib/package.dsv'
[1.040s] INFO:colcon.colcon_core.shell:Creating package script '/home/om/ros2_ws/install/trac_ik_lib/share/trac_ik_lib/package.sh'
[1.041s] INFO:colcon.colcon_core.shell:Creating package script '/home/om/ros2_ws/install/trac_ik_lib/share/trac_ik_lib/package.bash'
[1.042s] INFO:colcon.colcon_core.shell:Creating package script '/home/om/ros2_ws/install/trac_ik_lib/share/trac_ik_lib/package.zsh'
[1.043s] Level 1:colcon.colcon_core.environment:create_file_with_runtime_dependencies(/home/om/ros2_ws/install/trac_ik_lib/share/colcon-core/packages/trac_ik_lib)
[1.044s] INFO:colcon.colcon_ros.task.ament_cmake.build:Building ROS package in '/home/om/ros2_ws/src/trac_ik/trac_ik_examples' with build type 'ament_cmake'
[1.044s] INFO:colcon.colcon_cmake.task.cmake.build:Building CMake package in '/home/om/ros2_ws/src/trac_ik/trac_ik_examples'
[1.045s] INFO:colcon.colcon_core.shell:Skip shell extension 'powershell' for command environment: Not usable outside of PowerShell
[1.045s] DEBUG:colcon.colcon_core.shell:Skip shell extension 'dsv' for command environment
[1.064s] DEBUG:colcon.colcon_core.event_handler.log_command:Invoking command in '/home/om/ros2_ws/build/trac_ik_examples': AMENT_PREFIX_PATH=/home/om/ros2_ws/install/trac_ik_lib:${AMENT_PREFIX_PATH} CMAKE_PREFIX_PATH=/home/om/ros2_ws/install/trac_ik_lib:/opt/ros/humble LD_LIBRARY_PATH=/home/om/ros2_ws/install/trac_ik_lib/lib:${LD_LIBRARY_PATH} /usr/bin/cmake --build /home/om/ros2_ws/build/trac_ik_examples -- -j8 -l8
[1.190s] DEBUG:colcon.colcon_core.event_handler.log_command:Invoked command in '/home/om/ros2_ws/build/trac_ik_examples' returned '0': AMENT_PREFIX_PATH=/home/om/ros2_ws/install/trac_ik_lib:${AMENT_PREFIX_PATH} CMAKE_PREFIX_PATH=/home/om/ros2_ws/install/trac_ik_lib:/opt/ros/humble LD_LIBRARY_PATH=/home/om/ros2_ws/install/trac_ik_lib/lib:${LD_LIBRARY_PATH} /usr/bin/cmake --build /home/om/ros2_ws/build/trac_ik_examples -- -j8 -l8
[1.239s] DEBUG:colcon.colcon_core.event_handler.log_command:Invoking command in '/home/om/ros2_ws/build/trac_ik_examples': AMENT_PREFIX_PATH=/home/om/ros2_ws/install/trac_ik_lib:${AMENT_PREFIX_PATH} CMAKE_PREFIX_PATH=/home/om/ros2_ws/install/trac_ik_lib:/opt/ros/humble LD_LIBRARY_PATH=/home/om/ros2_ws/install/trac_ik_lib/lib:${LD_LIBRARY_PATH} /usr/bin/cmake --install /home/om/ros2_ws/build/trac_ik_examples
[1.257s] Level 1:colcon.colcon_core.environment:create_environment_scripts_only(trac_ik_examples)
[1.258s] DEBUG:colcon.colcon_core.event_handler.log_command:Invoked command in '/home/om/ros2_ws/build/trac_ik_examples' returned '0': AMENT_PREFIX_PATH=/home/om/ros2_ws/install/trac_ik_lib:${AMENT_PREFIX_PATH} CMAKE_PREFIX_PATH=/home/om/ros2_ws/install/trac_ik_lib:/opt/ros/humble LD_LIBRARY_PATH=/home/om/ros2_ws/install/trac_ik_lib/lib:${LD_LIBRARY_PATH} /usr/bin/cmake --install /home/om/ros2_ws/build/trac_ik_examples
[1.259s] Level 1:colcon.colcon_core.environment:checking '/home/om/ros2_ws/install/trac_ik_examples' for CMake module files
[1.260s] Level 1:colcon.colcon_core.environment:checking '/home/om/ros2_ws/install/trac_ik_examples' for CMake config files
[1.260s] Level 1:colcon.colcon_core.shell:create_environment_hook('trac_ik_examples', 'cmake_prefix_path')
[1.261s] INFO:colcon.colcon_core.shell:Creating environment hook '/home/om/ros2_ws/install/trac_ik_examples/share/trac_ik_examples/hook/cmake_prefix_path.ps1'
[1.263s] INFO:colcon.colcon_core.shell:Creating environment descriptor '/home/om/ros2_ws/install/trac_ik_examples/share/trac_ik_examples/hook/cmake_prefix_path.dsv'
[1.263s] INFO:colcon.colcon_core.shell:Creating environment hook '/home/om/ros2_ws/install/trac_ik_examples/share/trac_ik_examples/hook/cmake_prefix_path.sh'
[1.264s] Level 1:colcon.colcon_core.environment:checking '/home/om/ros2_ws/install/trac_ik_examples/lib'
[1.264s] Level 1:colcon.colcon_core.environment:checking '/home/om/ros2_ws/install/trac_ik_examples/bin'
[1.265s] Level 1:colcon.colcon_core.environment:checking '/home/om/ros2_ws/install/trac_ik_examples/lib/pkgconfig/trac_ik_examples.pc'
[1.265s] Level 1:colcon.colcon_core.environment:checking '/home/om/ros2_ws/install/trac_ik_examples/lib/python3.10/site-packages'
[1.265s] Level 1:colcon.colcon_core.environment:checking '/home/om/ros2_ws/install/trac_ik_examples/bin'
[1.266s] INFO:colcon.colcon_core.shell:Creating package script '/home/om/ros2_ws/install/trac_ik_examples/share/trac_ik_examples/package.ps1'
[1.267s] INFO:colcon.colcon_core.shell:Creating package descriptor '/home/om/ros2_ws/install/trac_ik_examples/share/trac_ik_examples/package.dsv'
[1.268s] INFO:colcon.colcon_core.shell:Creating package script '/home/om/ros2_ws/install/trac_ik_examples/share/trac_ik_examples/package.sh'
[1.268s] INFO:colcon.colcon_core.shell:Creating package script '/home/om/ros2_ws/install/trac_ik_examples/share/trac_ik_examples/package.bash'
[1.269s] INFO:colcon.colcon_core.shell:Creating package script '/home/om/ros2_ws/install/trac_ik_examples/share/trac_ik_examples/package.zsh'
[1.269s] Level 1:colcon.colcon_core.environment:create_file_with_runtime_dependencies(/home/om/ros2_ws/install/trac_ik_examples/share/colcon-core/packages/trac_ik_examples)
[1.318s] Level 1:colcon.colcon_core.environment:create_environment_scripts_only(trac_ik_examples)
[1.318s] Level 1:colcon.colcon_core.environment:checking '/home/om/ros2_ws/install/trac_ik_examples' for CMake module files
[1.319s] Level 1:colcon.colcon_core.environment:checking '/home/om/ros2_ws/install/trac_ik_examples' for CMake config files
[1.320s] Level 1:colcon.colcon_core.shell:create_environment_hook('trac_ik_examples', 'cmake_prefix_path')
[1.320s] INFO:colcon.colcon_core.shell:Creating environment hook '/home/om/ros2_ws/install/trac_ik_examples/share/trac_ik_examples/hook/cmake_prefix_path.ps1'
[1.321s] INFO:colcon.colcon_core.shell:Creating environment descriptor '/home/om/ros2_ws/install/trac_ik_examples/share/trac_ik_examples/hook/cmake_prefix_path.dsv'
[1.322s] INFO:colcon.colcon_core.shell:Creating environment hook '/home/om/ros2_ws/install/trac_ik_examples/share/trac_ik_examples/hook/cmake_prefix_path.sh'
[1.323s] Level 1:colcon.colcon_core.environment:checking '/home/om/ros2_ws/install/trac_ik_examples/lib'
[1.323s] Level 1:colcon.colcon_core.environment:checking '/home/om/ros2_ws/install/trac_ik_examples/bin'
[1.323s] Level 1:colcon.colcon_core.environment:checking '/home/om/ros2_ws/install/trac_ik_examples/lib/pkgconfig/trac_ik_examples.pc'
[1.324s] Level 1:colcon.colcon_core.environment:checking '/home/om/ros2_ws/install/trac_ik_examples/lib/python3.10/site-packages'
[1.324s] Level 1:colcon.colcon_core.environment:checking '/home/om/ros2_ws/install/trac_ik_examples/bin'
[1.326s] INFO:colcon.colcon_core.shell:Creating package script '/home/om/ros2_ws/install/trac_ik_examples/share/trac_ik_examples/package.ps1'
[1.327s] INFO:colcon.colcon_core.shell:Creating package descriptor '/home/om/ros2_ws/install/trac_ik_examples/share/trac_ik_examples/package.dsv'
[1.328s] INFO:colcon.colcon_core.shell:Creating package script '/home/om/ros2_ws/install/trac_ik_examples/share/trac_ik_examples/package.sh'
[1.329s] INFO:colcon.colcon_core.shell:Creating package script '/home/om/ros2_ws/install/trac_ik_examples/share/trac_ik_examples/package.bash'
[1.330s] INFO:colcon.colcon_core.shell:Creating package script '/home/om/ros2_ws/install/trac_ik_examples/share/trac_ik_examples/package.zsh'
[1.331s] Level 1:colcon.colcon_core.environment:create_file_with_runtime_dependencies(/home/om/ros2_ws/install/trac_ik_examples/share/colcon-core/packages/trac_ik_examples)
[1.333s] INFO:colcon.colcon_ros.task.ament_cmake.build:Building ROS package in '/home/om/ros2_ws/src/trac_ik/trac_ik' with build type 'ament_cmake'
[1.333s] INFO:colcon.colcon_cmake.task.cmake.build:Building CMake package in '/home/om/ros2_ws/src/trac_ik/trac_ik'
[1.333s] INFO:colcon.colcon_core.shell:Skip shell extension 'powershell' for command environment: Not usable outside of PowerShell
[1.333s] DEBUG:colcon.colcon_core.shell:Skip shell extension 'dsv' for command environment
[1.355s] DEBUG:colcon.colcon_core.event_handler.log_command:Invoking command in '/home/om/ros2_ws/build/trac_ik': AMENT_PREFIX_PATH=/home/om/ros2_ws/install/trac_ik_examples:/home/om/ros2_ws/install/trac_ik_lib:${AMENT_PREFIX_PATH} CMAKE_PREFIX_PATH=/home/om/ros2_ws/install/trac_ik_examples:/home/om/ros2_ws/install/trac_ik_lib:/opt/ros/humble LD_LIBRARY_PATH=/home/om/ros2_ws/install/trac_ik_lib/lib:${LD_LIBRARY_PATH} /usr/bin/cmake --build /home/om/ros2_ws/build/trac_ik -- -j8 -l8
[1.429s] DEBUG:colcon.colcon_core.event_handler.log_command:Invoked command in '/home/om/ros2_ws/build/trac_ik' returned '0': AMENT_PREFIX_PATH=/home/om/ros2_ws/install/trac_ik_examples:/home/om/ros2_ws/install/trac_ik_lib:${AMENT_PREFIX_PATH} CMAKE_PREFIX_PATH=/home/om/ros2_ws/install/trac_ik_examples:/home/om/ros2_ws/install/trac_ik_lib:/opt/ros/humble LD_LIBRARY_PATH=/home/om/ros2_ws/install/trac_ik_lib/lib:${LD_LIBRARY_PATH} /usr/bin/cmake --build /home/om/ros2_ws/build/trac_ik -- -j8 -l8
[1.466s] DEBUG:colcon.colcon_core.event_handler.log_command:Invoking command in '/home/om/ros2_ws/build/trac_ik': AMENT_PREFIX_PATH=/home/om/ros2_ws/install/trac_ik_examples:/home/om/ros2_ws/install/trac_ik_lib:${AMENT_PREFIX_PATH} CMAKE_PREFIX_PATH=/home/om/ros2_ws/install/trac_ik_examples:/home/om/ros2_ws/install/trac_ik_lib:/opt/ros/humble LD_LIBRARY_PATH=/home/om/ros2_ws/install/trac_ik_lib/lib:${LD_LIBRARY_PATH} /usr/bin/cmake --install /home/om/ros2_ws/build/trac_ik
[1.485s] Level 1:colcon.colcon_core.environment:create_environment_scripts_only(trac_ik)
[1.485s] Level 1:colcon.colcon_core.environment:checking '/home/om/ros2_ws/install/trac_ik' for CMake module files
[1.486s] DEBUG:colcon.colcon_core.event_handler.log_command:Invoked command in '/home/om/ros2_ws/build/trac_ik' returned '0': AMENT_PREFIX_PATH=/home/om/ros2_ws/install/trac_ik_examples:/home/om/ros2_ws/install/trac_ik_lib:${AMENT_PREFIX_PATH} CMAKE_PREFIX_PATH=/home/om/ros2_ws/install/trac_ik_examples:/home/om/ros2_ws/install/trac_ik_lib:/opt/ros/humble LD_LIBRARY_PATH=/home/om/ros2_ws/install/trac_ik_lib/lib:${LD_LIBRARY_PATH} /usr/bin/cmake --install /home/om/ros2_ws/build/trac_ik
[1.487s] Level 1:colcon.colcon_core.environment:checking '/home/om/ros2_ws/install/trac_ik' for CMake config files
[1.488s] Level 1:colcon.colcon_core.shell:create_environment_hook('trac_ik', 'cmake_prefix_path')
[1.488s] INFO:colcon.colcon_core.shell:Creating environment hook '/home/om/ros2_ws/install/trac_ik/share/trac_ik/hook/cmake_prefix_path.ps1'
[1.489s] INFO:colcon.colcon_core.shell:Creating environment descriptor '/home/om/ros2_ws/install/trac_ik/share/trac_ik/hook/cmake_prefix_path.dsv'
[1.490s] INFO:colcon.colcon_core.shell:Creating environment hook '/home/om/ros2_ws/install/trac_ik/share/trac_ik/hook/cmake_prefix_path.sh'
[1.491s] Level 1:colcon.colcon_core.environment:checking '/home/om/ros2_ws/install/trac_ik/bin'
[1.491s] Level 1:colcon.colcon_core.environment:checking '/home/om/ros2_ws/install/trac_ik/lib/pkgconfig/trac_ik.pc'
[1.491s] Level 1:colcon.colcon_core.environment:checking '/home/om/ros2_ws/install/trac_ik/lib/python3.10/site-packages'
[1.492s] Level 1:colcon.colcon_core.environment:checking '/home/om/ros2_ws/install/trac_ik/bin'
[1.492s] INFO:colcon.colcon_core.shell:Creating package script '/home/om/ros2_ws/install/trac_ik/share/trac_ik/package.ps1'
[1.493s] INFO:colcon.colcon_core.shell:Creating package descriptor '/home/om/ros2_ws/install/trac_ik/share/trac_ik/package.dsv'
[1.494s] INFO:colcon.colcon_core.shell:Creating package script '/home/om/ros2_ws/install/trac_ik/share/trac_ik/package.sh'
[1.495s] INFO:colcon.colcon_core.shell:Creating package script '/home/om/ros2_ws/install/trac_ik/share/trac_ik/package.bash'
[1.495s] INFO:colcon.colcon_core.shell:Creating package script '/home/om/ros2_ws/install/trac_ik/share/trac_ik/package.zsh'
[1.496s] Level 1:colcon.colcon_core.environment:create_file_with_runtime_dependencies(/home/om/ros2_ws/install/trac_ik/share/colcon-core/packages/trac_ik)
[1.536s] Level 1:colcon.colcon_core.environment:create_environment_scripts_only(trac_ik)
[1.537s] Level 1:colcon.colcon_core.environment:checking '/home/om/ros2_ws/install/trac_ik' for CMake module files
[1.537s] Level 1:colcon.colcon_core.environment:checking '/home/om/ros2_ws/install/trac_ik' for CMake config files
[1.538s] Level 1:colcon.colcon_core.shell:create_environment_hook('trac_ik', 'cmake_prefix_path')
[1.538s] INFO:colcon.colcon_core.shell:Creating environment hook '/home/om/ros2_ws/install/trac_ik/share/trac_ik/hook/cmake_prefix_path.ps1'
[1.539s] INFO:colcon.colcon_core.shell:Creating environment descriptor '/home/om/ros2_ws/install/trac_ik/share/trac_ik/hook/cmake_prefix_path.dsv'
[1.540s] INFO:colcon.colcon_core.shell:Creating environment hook '/home/om/ros2_ws/install/trac_ik/share/trac_ik/hook/cmake_prefix_path.sh'
[1.541s] Level 1:colcon.colcon_core.environment:checking '/home/om/ros2_ws/install/trac_ik/bin'
[1.541s] Level 1:colcon.colcon_core.environment:checking '/home/om/ros2_ws/install/trac_ik/lib/pkgconfig/trac_ik.pc'
[1.542s] Level 1:colcon.colcon_core.environment:checking '/home/om/ros2_ws/install/trac_ik/lib/python3.10/site-packages'
[1.542s] Level 1:colcon.colcon_core.environment:checking '/home/om/ros2_ws/install/trac_ik/bin'
[1.543s] INFO:colcon.colcon_core.shell:Creating package script '/home/om/ros2_ws/install/trac_ik/share/trac_ik/package.ps1'
[1.544s] INFO:colcon.colcon_core.shell:Creating package descriptor '/home/om/ros2_ws/install/trac_ik/share/trac_ik/package.dsv'
[1.545s] INFO:colcon.colcon_core.shell:Creating package script '/home/om/ros2_ws/install/trac_ik/share/trac_ik/package.sh'
[1.546s] INFO:colcon.colcon_core.shell:Creating package script '/home/om/ros2_ws/install/trac_ik/share/trac_ik/package.bash'
[1.547s] INFO:colcon.colcon_core.shell:Creating package script '/home/om/ros2_ws/install/trac_ik/share/trac_ik/package.zsh'
[1.547s] Level 1:colcon.colcon_core.environment:create_file_with_runtime_dependencies(/home/om/ros2_ws/install/trac_ik/share/colcon-core/packages/trac_ik)
[7.468s] DEBUG:colcon.colcon_core.event_handler.log_command:Invoked command in '/home/om/ros2_ws/build/ur5_controller' returned '0': CMAKE_PREFIX_PATH=/opt/ros/humble /usr/bin/cmake --build /home/om/ros2_ws/build/ur5_controller -- -j8 -l8
[7.494s] DEBUG:colcon.colcon_core.event_handler.log_command:Invoking command in '/home/om/ros2_ws/build/ur5_controller': CMAKE_PREFIX_PATH=/opt/ros/humble /usr/bin/cmake --install /home/om/ros2_ws/build/ur5_controller
[7.503s] Level 1:colcon.colcon_core.environment:create_environment_scripts_only(ur5_controller)
[7.503s] DEBUG:colcon.colcon_core.event_handler.log_command:Invoked command in '/home/om/ros2_ws/build/ur5_controller' returned '0': CMAKE_PREFIX_PATH=/opt/ros/humble /usr/bin/cmake --install /home/om/ros2_ws/build/ur5_controller
[7.504s] Level 1:colcon.colcon_core.environment:checking '/home/om/ros2_ws/install/ur5_controller' for CMake module files
[7.504s] Level 1:colcon.colcon_core.environment:checking '/home/om/ros2_ws/install/ur5_controller' for CMake config files
[7.505s] Level 1:colcon.colcon_core.shell:create_environment_hook('ur5_controller', 'cmake_prefix_path')
[7.505s] INFO:colcon.colcon_core.shell:Creating environment hook '/home/om/ros2_ws/install/ur5_controller/share/ur5_controller/hook/cmake_prefix_path.ps1'
[7.506s] INFO:colcon.colcon_core.shell:Creating environment descriptor '/home/om/ros2_ws/install/ur5_controller/share/ur5_controller/hook/cmake_prefix_path.dsv'
[7.506s] INFO:colcon.colcon_core.shell:Creating environment hook '/home/om/ros2_ws/install/ur5_controller/share/ur5_controller/hook/cmake_prefix_path.sh'
[7.506s] Level 1:colcon.colcon_core.environment:checking '/home/om/ros2_ws/install/ur5_controller/lib'
[7.507s] Level 1:colcon.colcon_core.environment:checking '/home/om/ros2_ws/install/ur5_controller/bin'
[7.507s] Level 1:colcon.colcon_core.environment:checking '/home/om/ros2_ws/install/ur5_controller/lib/pkgconfig/ur5_controller.pc'
[7.507s] Level 1:colcon.colcon_core.environment:checking '/home/om/ros2_ws/install/ur5_controller/lib/python3.10/site-packages'
[7.507s] Level 1:colcon.colcon_core.environment:checking '/home/om/ros2_ws/install/ur5_controller/bin'
[7.507s] INFO:colcon.colcon_core.shell:Creating package script '/home/om/ros2_ws/install/ur5_controller/share/ur5_controller/package.ps1'
[7.507s] INFO:colcon.colcon_core.shell:Creating package descriptor '/home/om/ros2_ws/install/ur5_controller/share/ur5_controller/package.dsv'
[7.508s] INFO:colcon.colcon_core.shell:Creating package script '/home/om/ros2_ws/install/ur5_controller/share/ur5_controller/package.sh'
[7.508s] INFO:colcon.colcon_core.shell:Creating package script '/home/om/ros2_ws/install/ur5_controller/share/ur5_controller/package.bash'
[7.508s] INFO:colcon.colcon_core.shell:Creating package script '/home/om/ros2_ws/install/ur5_controller/share/ur5_controller/package.zsh'
[7.508s] Level 1:colcon.colcon_core.environment:create_file_with_runtime_dependencies(/home/om/ros2_ws/install/ur5_controller/share/colcon-core/packages/ur5_controller)
[7.540s] Level 1:colcon.colcon_core.environment:create_environment_scripts_only(ur5_controller)
[7.540s] Level 1:colcon.colcon_core.environment:checking '/home/om/ros2_ws/install/ur5_controller' for CMake module files
[7.541s] Level 1:colcon.colcon_core.environment:checking '/home/om/ros2_ws/install/ur5_controller' for CMake config files
[7.541s] Level 1:colcon.colcon_core.shell:create_environment_hook('ur5_controller', 'cmake_prefix_path')
[7.541s] INFO:colcon.colcon_core.shell:Creating environment hook '/home/om/ros2_ws/install/ur5_controller/share/ur5_controller/hook/cmake_prefix_path.ps1'
[7.542s] INFO:colcon.colcon_core.shell:Creating environment descriptor '/home/om/ros2_ws/install/ur5_controller/share/ur5_controller/hook/cmake_prefix_path.dsv'
[7.542s] INFO:colcon.colcon_core.shell:Creating environment hook '/home/om/ros2_ws/install/ur5_controller/share/ur5_controller/hook/cmake_prefix_path.sh'
[7.543s] Level 1:colcon.colcon_core.environment:checking '/home/om/ros2_ws/install/ur5_controller/lib'
[7.543s] Level 1:colcon.colcon_core.environment:checking '/home/om/ros2_ws/install/ur5_controller/bin'
[7.543s] Level 1:colcon.colcon_core.environment:checking '/home/om/ros2_ws/install/ur5_controller/lib/pkgconfig/ur5_controller.pc'
[7.543s] Level 1:colcon.colcon_core.environment:checking '/home/om/ros2_ws/install/ur5_controller/lib/python3.10/site-packages'
[7.543s] Level 1:colcon.colcon_core.environment:checking '/home/om/ros2_ws/install/ur5_controller/bin'
[7.543s] INFO:colcon.colcon_core.shell:Creating package script '/home/om/ros2_ws/install/ur5_controller/share/ur5_controller/package.ps1'
[7.544s] INFO:colcon.colcon_core.shell:Creating package descriptor '/home/om/ros2_ws/install/ur5_controller/share/ur5_controller/package.dsv'
[7.544s] INFO:colcon.colcon_core.shell:Creating package script '/home/om/ros2_ws/install/ur5_controller/share/ur5_controller/package.sh'
[7.544s] INFO:colcon.colcon_core.shell:Creating package script '/home/om/ros2_ws/install/ur5_controller/share/ur5_controller/package.bash'
[7.544s] INFO:colcon.colcon_core.shell:Creating package script '/home/om/ros2_ws/install/ur5_controller/share/ur5_controller/package.zsh'
[7.545s] Level 1:colcon.colcon_core.environment:create_file_with_runtime_dependencies(/home/om/ros2_ws/install/ur5_controller/share/colcon-core/packages/ur5_controller)
[7.545s] DEBUG:colcon.colcon_parallel_executor.executor.parallel:closing loop
[7.545s] DEBUG:colcon.colcon_parallel_executor.executor.parallel:loop closed
[7.545s] DEBUG:colcon.colcon_parallel_executor.executor.parallel:run_until_complete finished with '0'
[7.546s] DEBUG:colcon.colcon_core.event_reactor:joining thread
[7.550s] INFO:colcon.colcon_core.plugin_system:Skipping extension 'colcon_notification.desktop_notification.terminal_notifier': Not used on non-Darwin systems
[7.551s] INFO:colcon.colcon_core.plugin_system:Skipping extension 'colcon_notification.desktop_notification.win32': Not used on non-Windows systems
[7.551s] INFO:colcon.colcon_notification.desktop_notification:Sending desktop notification using 'notify2'
[7.561s] DEBUG:colcon.colcon_core.event_reactor:joined thread
[7.562s] INFO:colcon.colcon_core.shell:Creating prefix script '/home/om/ros2_ws/install/local_setup.ps1'
[7.563s] INFO:colcon.colcon_core.shell:Creating prefix util module '/home/om/ros2_ws/install/_local_setup_util_ps1.py'
[7.564s] INFO:colcon.colcon_core.shell:Creating prefix chain script '/home/om/ros2_ws/install/setup.ps1'
[7.565s] INFO:colcon.colcon_core.shell:Creating prefix script '/home/om/ros2_ws/install/local_setup.sh'
[7.565s] INFO:colcon.colcon_core.shell:Creating prefix util module '/home/om/ros2_ws/install/_local_setup_util_sh.py'
[7.565s] INFO:colcon.colcon_core.shell:Creating prefix chain script '/home/om/ros2_ws/install/setup.sh'
[7.566s] INFO:colcon.colcon_core.shell:Creating prefix script '/home/om/ros2_ws/install/local_setup.bash'
[7.567s] INFO:colcon.colcon_core.shell:Creating prefix chain script '/home/om/ros2_ws/install/setup.bash'
[7.567s] INFO:colcon.colcon_core.shell:Creating prefix script '/home/om/ros2_ws/install/local_setup.zsh'
[7.568s] INFO:colcon.colcon_core.shell:Creating prefix chain script '/home/om/ros2_ws/install/setup.zsh'
