[0.138s] Invoking command in '/home/om/ros2_ws/build/trac_ik_lib': CMAKE_PREFIX_PATH=/opt/ros/humble /usr/bin/cmake --build /home/om/ros2_ws/build/trac_ik_lib -- -j8 -l8
[0.586s] [100%] Built target trac_ik_lib
[0.680s] Invoked command in '/home/om/ros2_ws/build/trac_ik_lib' returned '0': CMAKE_PREFIX_PATH=/opt/ros/humble /usr/bin/cmake --build /home/om/ros2_ws/build/trac_ik_lib -- -j8 -l8
[1.130s] Invoking command in '/home/om/ros2_ws/build/trac_ik_lib': CMAKE_PREFIX_PATH=/opt/ros/humble /usr/bin/cmake --install /home/om/ros2_ws/build/trac_ik_lib
[1.179s] -- Install configuration: ""
[1.180s] -- Up-to-date: /home/om/ros2_ws/install/trac_ik_lib/share/trac_ik_lib/environment/library_path.sh
[1.182s] -- Up-to-date: /home/om/ros2_ws/install/trac_ik_lib/share/trac_ik_lib/environment/library_path.dsv
[1.182s] -- Up-to-date: /home/om/ros2_ws/install/trac_ik_lib/include
[1.183s] -- Up-to-date: /home/om/ros2_ws/install/trac_ik_lib/include/trac_ik
[1.184s] -- Up-to-date: /home/om/ros2_ws/install/trac_ik_lib/include/trac_ik/trac_ik.hpp
[1.184s] -- Up-to-date: /home/om/ros2_ws/install/trac_ik_lib/include/trac_ik/nlopt_ik.hpp
[1.187s] -- Up-to-date: /home/om/ros2_ws/install/trac_ik_lib/include/trac_ik/kdl_tl.hpp
[1.188s] -- Up-to-date: /home/om/ros2_ws/install/trac_ik_lib/include/trac_ik/math3d.h
[1.188s] -- Up-to-date: /home/om/ros2_ws/install/trac_ik_lib/include/trac_ik/visibility_control.hpp
[1.189s] -- Up-to-date: /home/om/ros2_ws/install/trac_ik_lib/include/trac_ik/dual_quaternion.h
[1.191s] -- Up-to-date: /home/om/ros2_ws/install/trac_ik_lib/lib/libtrac_ik_lib.so
[1.192s] -- Up-to-date: /home/om/ros2_ws/install/trac_ik_lib/share/ament_index/resource_index/package_run_dependencies/trac_ik_lib
[1.194s] -- Up-to-date: /home/om/ros2_ws/install/trac_ik_lib/share/ament_index/resource_index/parent_prefix_path/trac_ik_lib
[1.195s] -- Up-to-date: /home/om/ros2_ws/install/trac_ik_lib/share/trac_ik_lib/environment/ament_prefix_path.sh
[1.196s] -- Up-to-date: /home/om/ros2_ws/install/trac_ik_lib/share/trac_ik_lib/environment/ament_prefix_path.dsv
[1.197s] -- Up-to-date: /home/om/ros2_ws/install/trac_ik_lib/share/trac_ik_lib/environment/path.sh
[1.208s] -- Up-to-date: /home/om/ros2_ws/install/trac_ik_lib/share/trac_ik_lib/environment/path.dsv
[1.222s] -- Up-to-date: /home/om/ros2_ws/install/trac_ik_lib/share/trac_ik_lib/local_setup.bash
[1.224s] -- Up-to-date: /home/om/ros2_ws/install/trac_ik_lib/share/trac_ik_lib/local_setup.sh
[1.225s] -- Up-to-date: /home/om/ros2_ws/install/trac_ik_lib/share/trac_ik_lib/local_setup.zsh
[1.226s] -- Up-to-date: /home/om/ros2_ws/install/trac_ik_lib/share/trac_ik_lib/local_setup.dsv
[1.227s] -- Installing: /home/om/ros2_ws/install/trac_ik_lib/share/trac_ik_lib/package.dsv
[1.228s] -- Up-to-date: /home/om/ros2_ws/install/trac_ik_lib/share/ament_index/resource_index/packages/trac_ik_lib
[1.229s] -- Up-to-date: /home/om/ros2_ws/install/trac_ik_lib/share/trac_ik_lib/cmake/export_trac_ik_libExport.cmake
[1.229s] -- Up-to-date: /home/om/ros2_ws/install/trac_ik_lib/share/trac_ik_lib/cmake/export_trac_ik_libExport-noconfig.cmake
[1.230s] -- Up-to-date: /home/om/ros2_ws/install/trac_ik_lib/share/trac_ik_lib/cmake/ament_cmake_export_targets-extras.cmake
[1.232s] -- Up-to-date: /home/om/ros2_ws/install/trac_ik_lib/share/trac_ik_lib/cmake/ament_cmake_export_dependencies-extras.cmake
[1.233s] -- Up-to-date: /home/om/ros2_ws/install/trac_ik_lib/share/trac_ik_lib/cmake/trac_ik_libConfig.cmake
[1.233s] -- Up-to-date: /home/om/ros2_ws/install/trac_ik_lib/share/trac_ik_lib/cmake/trac_ik_libConfig-version.cmake
[1.234s] -- Up-to-date: /home/om/ros2_ws/install/trac_ik_lib/share/trac_ik_lib/package.xml
[1.257s] Invoked command in '/home/om/ros2_ws/build/trac_ik_lib' returned '0': CMAKE_PREFIX_PATH=/opt/ros/humble /usr/bin/cmake --install /home/om/ros2_ws/build/trac_ik_lib
