[0.232s] DEBUG:colcon:Command line arguments: ['/usr/bin/colcon', 'build', '--allow-overriding', 'ur_description']
[0.232s] DEBUG:colcon:Parsed command line arguments: Namespace(log_base=None, log_level=None, verb_name='build', build_base='build', install_base='install', merge_install=False, symlink_install=False, test_result_base=None, continue_on_error=False, executor='parallel', parallel_workers=8, event_handlers=None, ignore_user_meta=False, metas=['./colcon.meta'], base_paths=['.'], packages_ignore=None, packages_ignore_regex=None, paths=None, packages_up_to=None, packages_up_to_regex=None, packages_above=None, packages_above_and_dependencies=None, packages_above_depth=None, packages_select_by_dep=None, packages_skip_by_dep=None, packages_skip_up_to=None, packages_select_build_failed=False, packages_skip_build_finished=False, packages_select_test_failures=False, packages_skip_test_passed=False, packages_select=None, packages_skip=None, packages_select_regex=None, packages_skip_regex=None, packages_start=None, packages_end=None, allow_overriding=['ur_description'], cmake_args=None, cmake_target=None, cmake_target_skip_unavailable=False, cmake_clean_cache=False, cmake_clean_first=False, cmake_force_configure=False, ament_cmake_args=None, catkin_cmake_args=None, catkin_skip_building_tests=False, verb_parser=<colcon_defaults.argument_parser.defaults.DefaultArgumentsDecorator object at 0x7d5eab550d90>, verb_extension=<colcon_core.verb.build.BuildVerb object at 0x7d5eab550790>, main=<bound method BuildVerb.main of <colcon_core.verb.build.BuildVerb object at 0x7d5eab550790>>)
[0.608s] Level 1:colcon.colcon_core.package_discovery:discover_packages(colcon_meta) check parameters
[0.608s] Level 1:colcon.colcon_core.package_discovery:discover_packages(recursive) check parameters
[0.608s] Level 1:colcon.colcon_core.package_discovery:discover_packages(ignore) check parameters
[0.608s] Level 1:colcon.colcon_core.package_discovery:discover_packages(path) check parameters
[0.608s] Level 1:colcon.colcon_core.package_discovery:discover_packages(colcon_meta) discover
[0.608s] Level 1:colcon.colcon_core.package_discovery:discover_packages(recursive) discover
[0.608s] INFO:colcon.colcon_core.package_discovery:Crawling recursively for packages in '/home/om/ros2_ws'
[0.608s] Level 1:colcon.colcon_core.package_identification:_identify(.) by extensions ['ignore', 'ignore_ament_install']
[0.609s] Level 1:colcon.colcon_core.package_identification:_identify(.) by extension 'ignore'
[0.609s] Level 1:colcon.colcon_core.package_identification:_identify(.) by extension 'ignore_ament_install'
[0.609s] Level 1:colcon.colcon_core.package_identification:_identify(.) by extensions ['colcon_pkg']
[0.609s] Level 1:colcon.colcon_core.package_identification:_identify(.) by extension 'colcon_pkg'
[0.609s] Level 1:colcon.colcon_core.package_identification:_identify(.) by extensions ['colcon_meta']
[0.609s] Level 1:colcon.colcon_core.package_identification:_identify(.) by extension 'colcon_meta'
[0.609s] Level 1:colcon.colcon_core.package_identification:_identify(.) by extensions ['ros']
[0.609s] Level 1:colcon.colcon_core.package_identification:_identify(.) by extension 'ros'
[0.634s] Level 1:colcon.colcon_core.package_identification:_identify(.) by extensions ['cmake', 'python']
[0.634s] Level 1:colcon.colcon_core.package_identification:_identify(.) by extension 'cmake'
[0.635s] Level 1:colcon.colcon_core.package_identification:_identify(.) by extension 'python'
[0.635s] Level 1:colcon.colcon_core.package_identification:_identify(.) by extensions ['python_setup_py']
[0.635s] Level 1:colcon.colcon_core.package_identification:_identify(.) by extension 'python_setup_py'
[0.635s] Level 1:colcon.colcon_core.package_identification:_identify(build) by extensions ['ignore', 'ignore_ament_install']
[0.635s] Level 1:colcon.colcon_core.package_identification:_identify(build) by extension 'ignore'
[0.635s] Level 1:colcon.colcon_core.package_identification:_identify(build) ignored
[0.636s] Level 1:colcon.colcon_core.package_identification:_identify(install) by extensions ['ignore', 'ignore_ament_install']
[0.636s] Level 1:colcon.colcon_core.package_identification:_identify(install) by extension 'ignore'
[0.636s] Level 1:colcon.colcon_core.package_identification:_identify(install) ignored
[0.636s] Level 1:colcon.colcon_core.package_identification:_identify(log) by extensions ['ignore', 'ignore_ament_install']
[0.636s] Level 1:colcon.colcon_core.package_identification:_identify(log) by extension 'ignore'
[0.636s] Level 1:colcon.colcon_core.package_identification:_identify(log) ignored
[0.637s] Level 1:colcon.colcon_core.package_identification:_identify(src) by extensions ['ignore', 'ignore_ament_install']
[0.637s] Level 1:colcon.colcon_core.package_identification:_identify(src) by extension 'ignore'
[0.637s] Level 1:colcon.colcon_core.package_identification:_identify(src) by extension 'ignore_ament_install'
[0.637s] Level 1:colcon.colcon_core.package_identification:_identify(src) by extensions ['colcon_pkg']
[0.637s] Level 1:colcon.colcon_core.package_identification:_identify(src) by extension 'colcon_pkg'
[0.637s] Level 1:colcon.colcon_core.package_identification:_identify(src) by extensions ['colcon_meta']
[0.637s] Level 1:colcon.colcon_core.package_identification:_identify(src) by extension 'colcon_meta'
[0.638s] Level 1:colcon.colcon_core.package_identification:_identify(src) by extensions ['ros']
[0.638s] Level 1:colcon.colcon_core.package_identification:_identify(src) by extension 'ros'
[0.638s] Level 1:colcon.colcon_core.package_identification:_identify(src) by extensions ['cmake', 'python']
[0.638s] Level 1:colcon.colcon_core.package_identification:_identify(src) by extension 'cmake'
[0.638s] Level 1:colcon.colcon_core.package_identification:_identify(src) by extension 'python'
[0.638s] Level 1:colcon.colcon_core.package_identification:_identify(src) by extensions ['python_setup_py']
[0.638s] Level 1:colcon.colcon_core.package_identification:_identify(src) by extension 'python_setup_py'
[0.638s] Level 1:colcon.colcon_core.package_identification:_identify(src/trac_ik) by extensions ['ignore', 'ignore_ament_install']
[0.639s] Level 1:colcon.colcon_core.package_identification:_identify(src/trac_ik) by extension 'ignore'
[0.639s] Level 1:colcon.colcon_core.package_identification:_identify(src/trac_ik) by extension 'ignore_ament_install'
[0.639s] Level 1:colcon.colcon_core.package_identification:_identify(src/trac_ik) by extensions ['colcon_pkg']
[0.639s] Level 1:colcon.colcon_core.package_identification:_identify(src/trac_ik) by extension 'colcon_pkg'
[0.639s] Level 1:colcon.colcon_core.package_identification:_identify(src/trac_ik) by extensions ['colcon_meta']
[0.639s] Level 1:colcon.colcon_core.package_identification:_identify(src/trac_ik) by extension 'colcon_meta'
[0.639s] Level 1:colcon.colcon_core.package_identification:_identify(src/trac_ik) by extensions ['ros']
[0.639s] Level 1:colcon.colcon_core.package_identification:_identify(src/trac_ik) by extension 'ros'
[0.639s] Level 1:colcon.colcon_core.package_identification:_identify(src/trac_ik) by extensions ['cmake', 'python']
[0.639s] Level 1:colcon.colcon_core.package_identification:_identify(src/trac_ik) by extension 'cmake'
[0.640s] Level 1:colcon.colcon_core.package_identification:_identify(src/trac_ik) by extension 'python'
[0.640s] Level 1:colcon.colcon_core.package_identification:_identify(src/trac_ik) by extensions ['python_setup_py']
[0.640s] Level 1:colcon.colcon_core.package_identification:_identify(src/trac_ik) by extension 'python_setup_py'
[0.640s] Level 1:colcon.colcon_core.package_identification:_identify(src/trac_ik/trac_ik) by extensions ['ignore', 'ignore_ament_install']
[0.640s] Level 1:colcon.colcon_core.package_identification:_identify(src/trac_ik/trac_ik) by extension 'ignore'
[0.640s] Level 1:colcon.colcon_core.package_identification:_identify(src/trac_ik/trac_ik) by extension 'ignore_ament_install'
[0.640s] Level 1:colcon.colcon_core.package_identification:_identify(src/trac_ik/trac_ik) by extensions ['colcon_pkg']
[0.640s] Level 1:colcon.colcon_core.package_identification:_identify(src/trac_ik/trac_ik) by extension 'colcon_pkg'
[0.641s] Level 1:colcon.colcon_core.package_identification:_identify(src/trac_ik/trac_ik) by extensions ['colcon_meta']
[0.641s] Level 1:colcon.colcon_core.package_identification:_identify(src/trac_ik/trac_ik) by extension 'colcon_meta'
[0.641s] Level 1:colcon.colcon_core.package_identification:_identify(src/trac_ik/trac_ik) by extensions ['ros']
[0.641s] Level 1:colcon.colcon_core.package_identification:_identify(src/trac_ik/trac_ik) by extension 'ros'
[0.646s] DEBUG:colcon.colcon_core.package_identification:Package 'src/trac_ik/trac_ik' with type 'ros.ament_cmake' and name 'trac_ik'
[0.647s] Level 1:colcon.colcon_core.package_identification:_identify(src/trac_ik/trac_ik_examples) by extensions ['ignore', 'ignore_ament_install']
[0.647s] Level 1:colcon.colcon_core.package_identification:_identify(src/trac_ik/trac_ik_examples) by extension 'ignore'
[0.647s] Level 1:colcon.colcon_core.package_identification:_identify(src/trac_ik/trac_ik_examples) by extension 'ignore_ament_install'
[0.647s] Level 1:colcon.colcon_core.package_identification:_identify(src/trac_ik/trac_ik_examples) by extensions ['colcon_pkg']
[0.647s] Level 1:colcon.colcon_core.package_identification:_identify(src/trac_ik/trac_ik_examples) by extension 'colcon_pkg'
[0.647s] Level 1:colcon.colcon_core.package_identification:_identify(src/trac_ik/trac_ik_examples) by extensions ['colcon_meta']
[0.647s] Level 1:colcon.colcon_core.package_identification:_identify(src/trac_ik/trac_ik_examples) by extension 'colcon_meta'
[0.647s] Level 1:colcon.colcon_core.package_identification:_identify(src/trac_ik/trac_ik_examples) by extensions ['ros']
[0.647s] Level 1:colcon.colcon_core.package_identification:_identify(src/trac_ik/trac_ik_examples) by extension 'ros'
[0.649s] DEBUG:colcon.colcon_core.package_identification:Package 'src/trac_ik/trac_ik_examples' with type 'ros.ament_cmake' and name 'trac_ik_examples'
[0.649s] Level 1:colcon.colcon_core.package_identification:_identify(src/trac_ik/trac_ik_kinematics_plugin) by extensions ['ignore', 'ignore_ament_install']
[0.649s] Level 1:colcon.colcon_core.package_identification:_identify(src/trac_ik/trac_ik_kinematics_plugin) by extension 'ignore'
[0.649s] Level 1:colcon.colcon_core.package_identification:_identify(src/trac_ik/trac_ik_kinematics_plugin) ignored
[0.650s] Level 1:colcon.colcon_core.package_identification:_identify(src/trac_ik/trac_ik_lib) by extensions ['ignore', 'ignore_ament_install']
[0.650s] Level 1:colcon.colcon_core.package_identification:_identify(src/trac_ik/trac_ik_lib) by extension 'ignore'
[0.650s] Level 1:colcon.colcon_core.package_identification:_identify(src/trac_ik/trac_ik_lib) by extension 'ignore_ament_install'
[0.650s] Level 1:colcon.colcon_core.package_identification:_identify(src/trac_ik/trac_ik_lib) by extensions ['colcon_pkg']
[0.650s] Level 1:colcon.colcon_core.package_identification:_identify(src/trac_ik/trac_ik_lib) by extension 'colcon_pkg'
[0.650s] Level 1:colcon.colcon_core.package_identification:_identify(src/trac_ik/trac_ik_lib) by extensions ['colcon_meta']
[0.650s] Level 1:colcon.colcon_core.package_identification:_identify(src/trac_ik/trac_ik_lib) by extension 'colcon_meta'
[0.650s] Level 1:colcon.colcon_core.package_identification:_identify(src/trac_ik/trac_ik_lib) by extensions ['ros']
[0.650s] Level 1:colcon.colcon_core.package_identification:_identify(src/trac_ik/trac_ik_lib) by extension 'ros'
[0.652s] DEBUG:colcon.colcon_core.package_identification:Package 'src/trac_ik/trac_ik_lib' with type 'ros.ament_cmake' and name 'trac_ik_lib'
[0.652s] Level 1:colcon.colcon_core.package_identification:_identify(src/trac_ik/trac_ik_python) by extensions ['ignore', 'ignore_ament_install']
[0.652s] Level 1:colcon.colcon_core.package_identification:_identify(src/trac_ik/trac_ik_python) by extension 'ignore'
[0.652s] Level 1:colcon.colcon_core.package_identification:_identify(src/trac_ik/trac_ik_python) ignored
[0.653s] Level 1:colcon.colcon_core.package_identification:_identify(src/ur5_controller) by extensions ['ignore', 'ignore_ament_install']
[0.653s] Level 1:colcon.colcon_core.package_identification:_identify(src/ur5_controller) by extension 'ignore'
[0.653s] Level 1:colcon.colcon_core.package_identification:_identify(src/ur5_controller) by extension 'ignore_ament_install'
[0.653s] Level 1:colcon.colcon_core.package_identification:_identify(src/ur5_controller) by extensions ['colcon_pkg']
[0.653s] Level 1:colcon.colcon_core.package_identification:_identify(src/ur5_controller) by extension 'colcon_pkg'
[0.653s] Level 1:colcon.colcon_core.package_identification:_identify(src/ur5_controller) by extensions ['colcon_meta']
[0.653s] Level 1:colcon.colcon_core.package_identification:_identify(src/ur5_controller) by extension 'colcon_meta'
[0.653s] Level 1:colcon.colcon_core.package_identification:_identify(src/ur5_controller) by extensions ['ros']
[0.654s] Level 1:colcon.colcon_core.package_identification:_identify(src/ur5_controller) by extension 'ros'
[0.656s] DEBUG:colcon.colcon_core.package_identification:Package 'src/ur5_controller' with type 'ros.ament_cmake' and name 'ur5_controller'
[0.657s] Level 1:colcon.colcon_core.package_identification:_identify(src/ur_description) by extensions ['ignore', 'ignore_ament_install']
[0.657s] Level 1:colcon.colcon_core.package_identification:_identify(src/ur_description) by extension 'ignore'
[0.657s] Level 1:colcon.colcon_core.package_identification:_identify(src/ur_description) by extension 'ignore_ament_install'
[0.657s] Level 1:colcon.colcon_core.package_identification:_identify(src/ur_description) by extensions ['colcon_pkg']
[0.657s] Level 1:colcon.colcon_core.package_identification:_identify(src/ur_description) by extension 'colcon_pkg'
[0.657s] Level 1:colcon.colcon_core.package_identification:_identify(src/ur_description) by extensions ['colcon_meta']
[0.657s] Level 1:colcon.colcon_core.package_identification:_identify(src/ur_description) by extension 'colcon_meta'
[0.658s] Level 1:colcon.colcon_core.package_identification:_identify(src/ur_description) by extensions ['ros']
[0.658s] Level 1:colcon.colcon_core.package_identification:_identify(src/ur_description) by extension 'ros'
[0.659s] DEBUG:colcon.colcon_core.package_identification:Package 'src/ur_description' with type 'ros.ament_cmake' and name 'ur_description'
[0.660s] Level 1:colcon.colcon_core.package_discovery:discover_packages(recursive) using defaults
[0.660s] Level 1:colcon.colcon_core.package_discovery:discover_packages(ignore) discover
[0.660s] Level 1:colcon.colcon_core.package_discovery:discover_packages(ignore) using defaults
[0.660s] Level 1:colcon.colcon_core.package_discovery:discover_packages(path) discover
[0.660s] Level 1:colcon.colcon_core.package_discovery:discover_packages(path) using defaults
[0.724s] Level 1:colcon.colcon_core.package_discovery:discover_packages(prefix_path) check parameters
[0.725s] Level 1:colcon.colcon_core.package_discovery:discover_packages(prefix_path) discover
[0.731s] DEBUG:colcon.colcon_installed_package_information.package_discovery:Found 385 installed packages in /opt/ros/humble
[0.735s] Level 1:colcon.colcon_core.package_discovery:discover_packages(prefix_path) using defaults
[0.844s] Level 5:colcon.colcon_core.verb:set package 'trac_ik_lib' build argument 'cmake_args' from command line to 'None'
[0.845s] Level 5:colcon.colcon_core.verb:set package 'trac_ik_lib' build argument 'cmake_target' from command line to 'None'
[0.845s] Level 5:colcon.colcon_core.verb:set package 'trac_ik_lib' build argument 'cmake_target_skip_unavailable' from command line to 'False'
[0.845s] Level 5:colcon.colcon_core.verb:set package 'trac_ik_lib' build argument 'cmake_clean_cache' from command line to 'False'
[0.845s] Level 5:colcon.colcon_core.verb:set package 'trac_ik_lib' build argument 'cmake_clean_first' from command line to 'False'
[0.845s] Level 5:colcon.colcon_core.verb:set package 'trac_ik_lib' build argument 'cmake_force_configure' from command line to 'False'
[0.845s] Level 5:colcon.colcon_core.verb:set package 'trac_ik_lib' build argument 'ament_cmake_args' from command line to 'None'
[0.845s] Level 5:colcon.colcon_core.verb:set package 'trac_ik_lib' build argument 'catkin_cmake_args' from command line to 'None'
[0.845s] Level 5:colcon.colcon_core.verb:set package 'trac_ik_lib' build argument 'catkin_skip_building_tests' from command line to 'False'
[0.845s] DEBUG:colcon.colcon_core.verb:Building package 'trac_ik_lib' with the following arguments: {'ament_cmake_args': None, 'build_base': '/home/om/ros2_ws/build/trac_ik_lib', 'catkin_cmake_args': None, 'catkin_skip_building_tests': False, 'cmake_args': None, 'cmake_clean_cache': False, 'cmake_clean_first': False, 'cmake_force_configure': False, 'cmake_target': None, 'cmake_target_skip_unavailable': False, 'install_base': '/home/om/ros2_ws/install/trac_ik_lib', 'merge_install': False, 'path': '/home/om/ros2_ws/src/trac_ik/trac_ik_lib', 'symlink_install': False, 'test_result_base': None}
[0.846s] Level 5:colcon.colcon_core.verb:set package 'ur5_controller' build argument 'cmake_args' from command line to 'None'
[0.846s] Level 5:colcon.colcon_core.verb:set package 'ur5_controller' build argument 'cmake_target' from command line to 'None'
[0.846s] Level 5:colcon.colcon_core.verb:set package 'ur5_controller' build argument 'cmake_target_skip_unavailable' from command line to 'False'
[0.846s] Level 5:colcon.colcon_core.verb:set package 'ur5_controller' build argument 'cmake_clean_cache' from command line to 'False'
[0.846s] Level 5:colcon.colcon_core.verb:set package 'ur5_controller' build argument 'cmake_clean_first' from command line to 'False'
[0.846s] Level 5:colcon.colcon_core.verb:set package 'ur5_controller' build argument 'cmake_force_configure' from command line to 'False'
[0.846s] Level 5:colcon.colcon_core.verb:set package 'ur5_controller' build argument 'ament_cmake_args' from command line to 'None'
[0.846s] Level 5:colcon.colcon_core.verb:set package 'ur5_controller' build argument 'catkin_cmake_args' from command line to 'None'
[0.846s] Level 5:colcon.colcon_core.verb:set package 'ur5_controller' build argument 'catkin_skip_building_tests' from command line to 'False'
[0.847s] DEBUG:colcon.colcon_core.verb:Building package 'ur5_controller' with the following arguments: {'ament_cmake_args': None, 'build_base': '/home/om/ros2_ws/build/ur5_controller', 'catkin_cmake_args': None, 'catkin_skip_building_tests': False, 'cmake_args': None, 'cmake_clean_cache': False, 'cmake_clean_first': False, 'cmake_force_configure': False, 'cmake_target': None, 'cmake_target_skip_unavailable': False, 'install_base': '/home/om/ros2_ws/install/ur5_controller', 'merge_install': False, 'path': '/home/om/ros2_ws/src/ur5_controller', 'symlink_install': False, 'test_result_base': None}
[0.848s] Level 5:colcon.colcon_core.verb:set package 'ur_description' build argument 'cmake_args' from command line to 'None'
[0.848s] Level 5:colcon.colcon_core.verb:set package 'ur_description' build argument 'cmake_target' from command line to 'None'
[0.848s] Level 5:colcon.colcon_core.verb:set package 'ur_description' build argument 'cmake_target_skip_unavailable' from command line to 'False'
[0.848s] Level 5:colcon.colcon_core.verb:set package 'ur_description' build argument 'cmake_clean_cache' from command line to 'False'
[0.848s] Level 5:colcon.colcon_core.verb:set package 'ur_description' build argument 'cmake_clean_first' from command line to 'False'
[0.848s] Level 5:colcon.colcon_core.verb:set package 'ur_description' build argument 'cmake_force_configure' from command line to 'False'
[0.848s] Level 5:colcon.colcon_core.verb:set package 'ur_description' build argument 'ament_cmake_args' from command line to 'None'
[0.848s] Level 5:colcon.colcon_core.verb:set package 'ur_description' build argument 'catkin_cmake_args' from command line to 'None'
[0.848s] Level 5:colcon.colcon_core.verb:set package 'ur_description' build argument 'catkin_skip_building_tests' from command line to 'False'
[0.848s] DEBUG:colcon.colcon_core.verb:Building package 'ur_description' with the following arguments: {'ament_cmake_args': None, 'build_base': '/home/om/ros2_ws/build/ur_description', 'catkin_cmake_args': None, 'catkin_skip_building_tests': False, 'cmake_args': None, 'cmake_clean_cache': False, 'cmake_clean_first': False, 'cmake_force_configure': False, 'cmake_target': None, 'cmake_target_skip_unavailable': False, 'install_base': '/home/om/ros2_ws/install/ur_description', 'merge_install': False, 'path': '/home/om/ros2_ws/src/ur_description', 'symlink_install': False, 'test_result_base': None}
[0.849s] Level 5:colcon.colcon_core.verb:set package 'trac_ik_examples' build argument 'cmake_args' from command line to 'None'
[0.849s] Level 5:colcon.colcon_core.verb:set package 'trac_ik_examples' build argument 'cmake_target' from command line to 'None'
[0.849s] Level 5:colcon.colcon_core.verb:set package 'trac_ik_examples' build argument 'cmake_target_skip_unavailable' from command line to 'False'
[0.849s] Level 5:colcon.colcon_core.verb:set package 'trac_ik_examples' build argument 'cmake_clean_cache' from command line to 'False'
[0.849s] Level 5:colcon.colcon_core.verb:set package 'trac_ik_examples' build argument 'cmake_clean_first' from command line to 'False'
[0.849s] Level 5:colcon.colcon_core.verb:set package 'trac_ik_examples' build argument 'cmake_force_configure' from command line to 'False'
[0.849s] Level 5:colcon.colcon_core.verb:set package 'trac_ik_examples' build argument 'ament_cmake_args' from command line to 'None'
[0.849s] Level 5:colcon.colcon_core.verb:set package 'trac_ik_examples' build argument 'catkin_cmake_args' from command line to 'None'
[0.849s] Level 5:colcon.colcon_core.verb:set package 'trac_ik_examples' build argument 'catkin_skip_building_tests' from command line to 'False'
[0.849s] DEBUG:colcon.colcon_core.verb:Building package 'trac_ik_examples' with the following arguments: {'ament_cmake_args': None, 'build_base': '/home/om/ros2_ws/build/trac_ik_examples', 'catkin_cmake_args': None, 'catkin_skip_building_tests': False, 'cmake_args': None, 'cmake_clean_cache': False, 'cmake_clean_first': False, 'cmake_force_configure': False, 'cmake_target': None, 'cmake_target_skip_unavailable': False, 'install_base': '/home/om/ros2_ws/install/trac_ik_examples', 'merge_install': False, 'path': '/home/om/ros2_ws/src/trac_ik/trac_ik_examples', 'symlink_install': False, 'test_result_base': None}
[0.850s] Level 5:colcon.colcon_core.verb:set package 'trac_ik' build argument 'cmake_args' from command line to 'None'
[0.850s] Level 5:colcon.colcon_core.verb:set package 'trac_ik' build argument 'cmake_target' from command line to 'None'
[0.850s] Level 5:colcon.colcon_core.verb:set package 'trac_ik' build argument 'cmake_target_skip_unavailable' from command line to 'False'
[0.850s] Level 5:colcon.colcon_core.verb:set package 'trac_ik' build argument 'cmake_clean_cache' from command line to 'False'
[0.850s] Level 5:colcon.colcon_core.verb:set package 'trac_ik' build argument 'cmake_clean_first' from command line to 'False'
[0.850s] Level 5:colcon.colcon_core.verb:set package 'trac_ik' build argument 'cmake_force_configure' from command line to 'False'
[0.850s] Level 5:colcon.colcon_core.verb:set package 'trac_ik' build argument 'ament_cmake_args' from command line to 'None'
[0.850s] Level 5:colcon.colcon_core.verb:set package 'trac_ik' build argument 'catkin_cmake_args' from command line to 'None'
[0.851s] Level 5:colcon.colcon_core.verb:set package 'trac_ik' build argument 'catkin_skip_building_tests' from command line to 'False'
[0.851s] DEBUG:colcon.colcon_core.verb:Building package 'trac_ik' with the following arguments: {'ament_cmake_args': None, 'build_base': '/home/om/ros2_ws/build/trac_ik', 'catkin_cmake_args': None, 'catkin_skip_building_tests': False, 'cmake_args': None, 'cmake_clean_cache': False, 'cmake_clean_first': False, 'cmake_force_configure': False, 'cmake_target': None, 'cmake_target_skip_unavailable': False, 'install_base': '/home/om/ros2_ws/install/trac_ik', 'merge_install': False, 'path': '/home/om/ros2_ws/src/trac_ik/trac_ik', 'symlink_install': False, 'test_result_base': None}
[0.851s] INFO:colcon.colcon_core.executor:Executing jobs using 'parallel' executor
[0.853s] DEBUG:colcon.colcon_parallel_executor.executor.parallel:run_until_complete
[0.854s] INFO:colcon.colcon_ros.task.ament_cmake.build:Building ROS package in '/home/om/ros2_ws/src/trac_ik/trac_ik_lib' with build type 'ament_cmake'
[0.854s] INFO:colcon.colcon_cmake.task.cmake.build:Building CMake package in '/home/om/ros2_ws/src/trac_ik/trac_ik_lib'
[0.857s] INFO:colcon.colcon_core.plugin_system:Skipping extension 'colcon_core.shell.bat': Not used on non-Windows systems
[0.858s] INFO:colcon.colcon_core.shell:Skip shell extension 'powershell' for command environment: Not usable outside of PowerShell
[0.858s] DEBUG:colcon.colcon_core.shell:Skip shell extension 'dsv' for command environment
[0.864s] INFO:colcon.colcon_ros.task.ament_cmake.build:Building ROS package in '/home/om/ros2_ws/src/ur5_controller' with build type 'ament_cmake'
[0.865s] INFO:colcon.colcon_cmake.task.cmake.build:Building CMake package in '/home/om/ros2_ws/src/ur5_controller'
[0.865s] INFO:colcon.colcon_core.shell:Skip shell extension 'powershell' for command environment: Not usable outside of PowerShell
[0.865s] DEBUG:colcon.colcon_core.shell:Skip shell extension 'dsv' for command environment
[0.871s] INFO:colcon.colcon_ros.task.ament_cmake.build:Building ROS package in '/home/om/ros2_ws/src/ur_description' with build type 'ament_cmake'
[0.872s] INFO:colcon.colcon_cmake.task.cmake.build:Building CMake package in '/home/om/ros2_ws/src/ur_description'
[0.872s] INFO:colcon.colcon_core.shell:Skip shell extension 'powershell' for command environment: Not usable outside of PowerShell
[0.873s] DEBUG:colcon.colcon_core.shell:Skip shell extension 'dsv' for command environment
[0.890s] DEBUG:colcon.colcon_core.event_handler.log_command:Invoking command in '/home/om/ros2_ws/build/trac_ik_lib': CMAKE_PREFIX_PATH=/opt/ros/humble /usr/bin/cmake --build /home/om/ros2_ws/build/trac_ik_lib -- -j8 -l8
[0.898s] DEBUG:colcon.colcon_core.event_handler.log_command:Invoking command in '/home/om/ros2_ws/build/ur5_controller': CMAKE_PREFIX_PATH=/opt/ros/humble /usr/bin/cmake --build /home/om/ros2_ws/build/ur5_controller -- -j8 -l8
[0.906s] DEBUG:colcon.colcon_core.event_handler.log_command:Invoking command in '/home/om/ros2_ws/build/ur_description': CMAKE_PREFIX_PATH=/opt/ros/humble /usr/bin/cmake --build /home/om/ros2_ws/build/ur_description -- -j8 -l8
[0.979s] DEBUG:colcon.colcon_core.event_handler.log_command:Invoked command in '/home/om/ros2_ws/build/ur_description' returned '0': CMAKE_PREFIX_PATH=/opt/ros/humble /usr/bin/cmake --build /home/om/ros2_ws/build/ur_description -- -j8 -l8
[1.040s] DEBUG:colcon.colcon_core.event_handler.log_command:Invoking command in '/home/om/ros2_ws/build/ur_description': CMAKE_PREFIX_PATH=/opt/ros/humble /usr/bin/cmake --install /home/om/ros2_ws/build/ur_description
[1.043s] DEBUG:colcon.colcon_core.event_handler.log_command:Invoked command in '/home/om/ros2_ws/build/trac_ik_lib' returned '0': CMAKE_PREFIX_PATH=/opt/ros/humble /usr/bin/cmake --build /home/om/ros2_ws/build/trac_ik_lib -- -j8 -l8
[1.054s] DEBUG:colcon.colcon_core.event_handler.log_command:Invoked command in '/home/om/ros2_ws/build/ur5_controller' returned '0': CMAKE_PREFIX_PATH=/opt/ros/humble /usr/bin/cmake --build /home/om/ros2_ws/build/ur5_controller -- -j8 -l8
[1.067s] Level 1:colcon.colcon_core.environment:create_environment_scripts_only(ur_description)
[1.078s] Level 1:colcon.colcon_core.environment:checking '/home/om/ros2_ws/install/ur_description' for CMake module files
[1.079s] Level 1:colcon.colcon_core.environment:checking '/home/om/ros2_ws/install/ur_description' for CMake config files
[1.082s] Level 1:colcon.colcon_core.shell:create_environment_hook('ur_description', 'cmake_prefix_path')
[1.083s] INFO:colcon.colcon_core.shell:Creating environment hook '/home/om/ros2_ws/install/ur_description/share/ur_description/hook/cmake_prefix_path.ps1'
[1.086s] INFO:colcon.colcon_core.shell:Creating environment descriptor '/home/om/ros2_ws/install/ur_description/share/ur_description/hook/cmake_prefix_path.dsv'
[1.087s] INFO:colcon.colcon_core.shell:Creating environment hook '/home/om/ros2_ws/install/ur_description/share/ur_description/hook/cmake_prefix_path.sh'
[1.090s] Level 1:colcon.colcon_core.environment:checking '/home/om/ros2_ws/install/ur_description/bin'
[1.090s] Level 1:colcon.colcon_core.environment:checking '/home/om/ros2_ws/install/ur_description/lib/pkgconfig/ur_description.pc'
[1.091s] Level 1:colcon.colcon_core.environment:checking '/home/om/ros2_ws/install/ur_description/lib/python3.10/site-packages'
[1.091s] Level 1:colcon.colcon_core.environment:checking '/home/om/ros2_ws/install/ur_description/bin'
[1.092s] INFO:colcon.colcon_core.shell:Creating package script '/home/om/ros2_ws/install/ur_description/share/ur_description/package.ps1'
[1.095s] INFO:colcon.colcon_core.shell:Creating package descriptor '/home/om/ros2_ws/install/ur_description/share/ur_description/package.dsv'
[1.096s] INFO:colcon.colcon_core.shell:Creating package script '/home/om/ros2_ws/install/ur_description/share/ur_description/package.sh'
[1.098s] INFO:colcon.colcon_core.shell:Creating package script '/home/om/ros2_ws/install/ur_description/share/ur_description/package.bash'
[1.102s] INFO:colcon.colcon_core.shell:Creating package script '/home/om/ros2_ws/install/ur_description/share/ur_description/package.zsh'
[1.105s] Level 1:colcon.colcon_core.environment:create_file_with_runtime_dependencies(/home/om/ros2_ws/install/ur_description/share/colcon-core/packages/ur_description)
[1.132s] Level 1:colcon.colcon_core.environment:create_environment_scripts_only(trac_ik_lib)
[1.133s] Level 1:colcon.colcon_core.environment:checking '/home/om/ros2_ws/install/trac_ik_lib' for CMake module files
[1.135s] Level 1:colcon.colcon_core.environment:checking '/home/om/ros2_ws/install/trac_ik_lib' for CMake config files
[1.138s] DEBUG:colcon.colcon_core.event_handler.log_command:Invoked command in '/home/om/ros2_ws/build/ur_description' returned '0': CMAKE_PREFIX_PATH=/opt/ros/humble /usr/bin/cmake --install /home/om/ros2_ws/build/ur_description
[1.139s] DEBUG:colcon.colcon_core.event_handler.log_command:Invoking command in '/home/om/ros2_ws/build/trac_ik_lib': CMAKE_PREFIX_PATH=/opt/ros/humble /usr/bin/cmake --install /home/om/ros2_ws/build/trac_ik_lib
[1.139s] DEBUG:colcon.colcon_core.event_handler.log_command:Invoking command in '/home/om/ros2_ws/build/ur5_controller': CMAKE_PREFIX_PATH=/opt/ros/humble /usr/bin/cmake --install /home/om/ros2_ws/build/ur5_controller
[1.140s] Level 1:colcon.colcon_core.shell:create_environment_hook('trac_ik_lib', 'cmake_prefix_path')
[1.140s] INFO:colcon.colcon_core.shell:Creating environment hook '/home/om/ros2_ws/install/trac_ik_lib/share/trac_ik_lib/hook/cmake_prefix_path.ps1'
[1.142s] INFO:colcon.colcon_core.shell:Creating environment descriptor '/home/om/ros2_ws/install/trac_ik_lib/share/trac_ik_lib/hook/cmake_prefix_path.dsv'
[1.143s] INFO:colcon.colcon_core.shell:Creating environment hook '/home/om/ros2_ws/install/trac_ik_lib/share/trac_ik_lib/hook/cmake_prefix_path.sh'
[1.144s] Level 1:colcon.colcon_core.environment:checking '/home/om/ros2_ws/install/trac_ik_lib/lib'
[1.145s] Level 1:colcon.colcon_core.shell:create_environment_hook('trac_ik_lib', 'ld_library_path_lib')
[1.146s] INFO:colcon.colcon_core.shell:Creating environment hook '/home/om/ros2_ws/install/trac_ik_lib/share/trac_ik_lib/hook/ld_library_path_lib.ps1'
[1.147s] INFO:colcon.colcon_core.shell:Creating environment descriptor '/home/om/ros2_ws/install/trac_ik_lib/share/trac_ik_lib/hook/ld_library_path_lib.dsv'
[1.148s] INFO:colcon.colcon_core.shell:Creating environment hook '/home/om/ros2_ws/install/trac_ik_lib/share/trac_ik_lib/hook/ld_library_path_lib.sh'
[1.149s] Level 1:colcon.colcon_core.environment:checking '/home/om/ros2_ws/install/trac_ik_lib/bin'
[1.149s] Level 1:colcon.colcon_core.environment:checking '/home/om/ros2_ws/install/trac_ik_lib/lib/pkgconfig/trac_ik_lib.pc'
[1.150s] Level 1:colcon.colcon_core.environment:checking '/home/om/ros2_ws/install/trac_ik_lib/lib/python3.10/site-packages'
[1.151s] Level 1:colcon.colcon_core.environment:checking '/home/om/ros2_ws/install/trac_ik_lib/bin'
[1.151s] INFO:colcon.colcon_core.shell:Creating package script '/home/om/ros2_ws/install/trac_ik_lib/share/trac_ik_lib/package.ps1'
[1.153s] INFO:colcon.colcon_core.shell:Creating package descriptor '/home/om/ros2_ws/install/trac_ik_lib/share/trac_ik_lib/package.dsv'
[1.154s] INFO:colcon.colcon_core.shell:Creating package script '/home/om/ros2_ws/install/trac_ik_lib/share/trac_ik_lib/package.sh'
[1.156s] INFO:colcon.colcon_core.shell:Creating package script '/home/om/ros2_ws/install/trac_ik_lib/share/trac_ik_lib/package.bash'
[1.157s] INFO:colcon.colcon_core.shell:Creating package script '/home/om/ros2_ws/install/trac_ik_lib/share/trac_ik_lib/package.zsh'
[1.158s] DEBUG:colcon.colcon_core.event_handler.log_command:Invoked command in '/home/om/ros2_ws/build/trac_ik_lib' returned '0': CMAKE_PREFIX_PATH=/opt/ros/humble /usr/bin/cmake --install /home/om/ros2_ws/build/trac_ik_lib
[1.159s] Level 1:colcon.colcon_core.environment:create_file_with_runtime_dependencies(/home/om/ros2_ws/install/trac_ik_lib/share/colcon-core/packages/trac_ik_lib)
[1.165s] Level 1:colcon.colcon_core.environment:create_environment_scripts_only(ur_description)
[1.166s] Level 1:colcon.colcon_core.environment:checking '/home/om/ros2_ws/install/ur_description' for CMake module files
[1.168s] Level 1:colcon.colcon_core.environment:checking '/home/om/ros2_ws/install/ur_description' for CMake config files
[1.169s] Level 1:colcon.colcon_core.shell:create_environment_hook('ur_description', 'cmake_prefix_path')
[1.170s] INFO:colcon.colcon_core.shell:Creating environment hook '/home/om/ros2_ws/install/ur_description/share/ur_description/hook/cmake_prefix_path.ps1'
[1.171s] INFO:colcon.colcon_core.shell:Creating environment descriptor '/home/om/ros2_ws/install/ur_description/share/ur_description/hook/cmake_prefix_path.dsv'
[1.171s] INFO:colcon.colcon_core.shell:Creating environment hook '/home/om/ros2_ws/install/ur_description/share/ur_description/hook/cmake_prefix_path.sh'
[1.172s] Level 1:colcon.colcon_core.environment:checking '/home/om/ros2_ws/install/ur_description/bin'
[1.172s] Level 1:colcon.colcon_core.environment:checking '/home/om/ros2_ws/install/ur_description/lib/pkgconfig/ur_description.pc'
[1.173s] Level 1:colcon.colcon_core.environment:checking '/home/om/ros2_ws/install/ur_description/lib/python3.10/site-packages'
[1.173s] Level 1:colcon.colcon_core.environment:checking '/home/om/ros2_ws/install/ur_description/bin'
[1.174s] INFO:colcon.colcon_core.shell:Creating package script '/home/om/ros2_ws/install/ur_description/share/ur_description/package.ps1'
[1.175s] INFO:colcon.colcon_core.shell:Creating package descriptor '/home/om/ros2_ws/install/ur_description/share/ur_description/package.dsv'
[1.176s] INFO:colcon.colcon_core.shell:Creating package script '/home/om/ros2_ws/install/ur_description/share/ur_description/package.sh'
[1.176s] INFO:colcon.colcon_core.shell:Creating package script '/home/om/ros2_ws/install/ur_description/share/ur_description/package.bash'
[1.177s] INFO:colcon.colcon_core.shell:Creating package script '/home/om/ros2_ws/install/ur_description/share/ur_description/package.zsh'
[1.178s] Level 1:colcon.colcon_core.environment:create_file_with_runtime_dependencies(/home/om/ros2_ws/install/ur_description/share/colcon-core/packages/ur_description)
[1.179s] Level 1:colcon.colcon_core.environment:create_environment_scripts_only(ur5_controller)
[1.179s] Level 1:colcon.colcon_core.environment:checking '/home/om/ros2_ws/install/ur5_controller' for CMake module files
[1.181s] DEBUG:colcon.colcon_core.event_handler.log_command:Invoked command in '/home/om/ros2_ws/build/ur5_controller' returned '0': CMAKE_PREFIX_PATH=/opt/ros/humble /usr/bin/cmake --install /home/om/ros2_ws/build/ur5_controller
[1.181s] Level 1:colcon.colcon_core.environment:checking '/home/om/ros2_ws/install/ur5_controller' for CMake config files
[1.182s] Level 1:colcon.colcon_core.shell:create_environment_hook('ur5_controller', 'cmake_prefix_path')
[1.182s] INFO:colcon.colcon_core.shell:Creating environment hook '/home/om/ros2_ws/install/ur5_controller/share/ur5_controller/hook/cmake_prefix_path.ps1'
[1.183s] INFO:colcon.colcon_core.shell:Creating environment descriptor '/home/om/ros2_ws/install/ur5_controller/share/ur5_controller/hook/cmake_prefix_path.dsv'
[1.184s] INFO:colcon.colcon_core.shell:Creating environment hook '/home/om/ros2_ws/install/ur5_controller/share/ur5_controller/hook/cmake_prefix_path.sh'
[1.185s] Level 1:colcon.colcon_core.environment:checking '/home/om/ros2_ws/install/ur5_controller/lib'
[1.185s] Level 1:colcon.colcon_core.environment:checking '/home/om/ros2_ws/install/ur5_controller/bin'
[1.185s] Level 1:colcon.colcon_core.environment:checking '/home/om/ros2_ws/install/ur5_controller/lib/pkgconfig/ur5_controller.pc'
[1.186s] Level 1:colcon.colcon_core.environment:checking '/home/om/ros2_ws/install/ur5_controller/lib/python3.10/site-packages'
[1.186s] Level 1:colcon.colcon_core.environment:checking '/home/om/ros2_ws/install/ur5_controller/bin'
[1.187s] INFO:colcon.colcon_core.shell:Creating package script '/home/om/ros2_ws/install/ur5_controller/share/ur5_controller/package.ps1'
[1.188s] INFO:colcon.colcon_core.shell:Creating package descriptor '/home/om/ros2_ws/install/ur5_controller/share/ur5_controller/package.dsv'
[1.188s] INFO:colcon.colcon_core.shell:Creating package script '/home/om/ros2_ws/install/ur5_controller/share/ur5_controller/package.sh'
[1.189s] INFO:colcon.colcon_core.shell:Creating package script '/home/om/ros2_ws/install/ur5_controller/share/ur5_controller/package.bash'
[1.190s] INFO:colcon.colcon_core.shell:Creating package script '/home/om/ros2_ws/install/ur5_controller/share/ur5_controller/package.zsh'
[1.191s] Level 1:colcon.colcon_core.environment:create_file_with_runtime_dependencies(/home/om/ros2_ws/install/ur5_controller/share/colcon-core/packages/ur5_controller)
[1.214s] Level 1:colcon.colcon_core.environment:create_environment_scripts_only(trac_ik_lib)
[1.215s] Level 1:colcon.colcon_core.environment:checking '/home/om/ros2_ws/install/trac_ik_lib' for CMake module files
[1.216s] Level 1:colcon.colcon_core.environment:checking '/home/om/ros2_ws/install/trac_ik_lib' for CMake config files
[1.216s] Level 1:colcon.colcon_core.shell:create_environment_hook('trac_ik_lib', 'cmake_prefix_path')
[1.216s] INFO:colcon.colcon_core.shell:Creating environment hook '/home/om/ros2_ws/install/trac_ik_lib/share/trac_ik_lib/hook/cmake_prefix_path.ps1'
[1.217s] INFO:colcon.colcon_core.shell:Creating environment descriptor '/home/om/ros2_ws/install/trac_ik_lib/share/trac_ik_lib/hook/cmake_prefix_path.dsv'
[1.218s] INFO:colcon.colcon_core.shell:Creating environment hook '/home/om/ros2_ws/install/trac_ik_lib/share/trac_ik_lib/hook/cmake_prefix_path.sh'
[1.219s] Level 1:colcon.colcon_core.environment:checking '/home/om/ros2_ws/install/trac_ik_lib/lib'
[1.219s] Level 1:colcon.colcon_core.shell:create_environment_hook('trac_ik_lib', 'ld_library_path_lib')
[1.220s] INFO:colcon.colcon_core.shell:Creating environment hook '/home/om/ros2_ws/install/trac_ik_lib/share/trac_ik_lib/hook/ld_library_path_lib.ps1'
[1.220s] INFO:colcon.colcon_core.shell:Creating environment descriptor '/home/om/ros2_ws/install/trac_ik_lib/share/trac_ik_lib/hook/ld_library_path_lib.dsv'
[1.221s] INFO:colcon.colcon_core.shell:Creating environment hook '/home/om/ros2_ws/install/trac_ik_lib/share/trac_ik_lib/hook/ld_library_path_lib.sh'
[1.222s] Level 1:colcon.colcon_core.environment:checking '/home/om/ros2_ws/install/trac_ik_lib/bin'
[1.222s] Level 1:colcon.colcon_core.environment:checking '/home/om/ros2_ws/install/trac_ik_lib/lib/pkgconfig/trac_ik_lib.pc'
[1.222s] Level 1:colcon.colcon_core.environment:checking '/home/om/ros2_ws/install/trac_ik_lib/lib/python3.10/site-packages'
[1.223s] Level 1:colcon.colcon_core.environment:checking '/home/om/ros2_ws/install/trac_ik_lib/bin'
[1.224s] INFO:colcon.colcon_core.shell:Creating package script '/home/om/ros2_ws/install/trac_ik_lib/share/trac_ik_lib/package.ps1'
[1.225s] INFO:colcon.colcon_core.shell:Creating package descriptor '/home/om/ros2_ws/install/trac_ik_lib/share/trac_ik_lib/package.dsv'
[1.226s] INFO:colcon.colcon_core.shell:Creating package script '/home/om/ros2_ws/install/trac_ik_lib/share/trac_ik_lib/package.sh'
[1.227s] INFO:colcon.colcon_core.shell:Creating package script '/home/om/ros2_ws/install/trac_ik_lib/share/trac_ik_lib/package.bash'
[1.228s] INFO:colcon.colcon_core.shell:Creating package script '/home/om/ros2_ws/install/trac_ik_lib/share/trac_ik_lib/package.zsh'
[1.229s] Level 1:colcon.colcon_core.environment:create_file_with_runtime_dependencies(/home/om/ros2_ws/install/trac_ik_lib/share/colcon-core/packages/trac_ik_lib)
[1.230s] INFO:colcon.colcon_ros.task.ament_cmake.build:Building ROS package in '/home/om/ros2_ws/src/trac_ik/trac_ik_examples' with build type 'ament_cmake'
[1.230s] INFO:colcon.colcon_cmake.task.cmake.build:Building CMake package in '/home/om/ros2_ws/src/trac_ik/trac_ik_examples'
[1.230s] INFO:colcon.colcon_core.shell:Skip shell extension 'powershell' for command environment: Not usable outside of PowerShell
[1.230s] DEBUG:colcon.colcon_core.shell:Skip shell extension 'dsv' for command environment
[1.250s] Level 1:colcon.colcon_core.environment:create_environment_scripts_only(ur5_controller)
[1.251s] Level 1:colcon.colcon_core.environment:checking '/home/om/ros2_ws/install/ur5_controller' for CMake module files
[1.252s] DEBUG:colcon.colcon_core.event_handler.log_command:Invoking command in '/home/om/ros2_ws/build/trac_ik_examples': AMENT_PREFIX_PATH=/home/om/ros2_ws/install/trac_ik_lib:${AMENT_PREFIX_PATH} CMAKE_PREFIX_PATH=/home/om/ros2_ws/install/trac_ik_lib:/opt/ros/humble LD_LIBRARY_PATH=/home/om/ros2_ws/install/trac_ik_lib/lib:${LD_LIBRARY_PATH} /usr/bin/cmake --build /home/om/ros2_ws/build/trac_ik_examples -- -j8 -l8
[1.253s] Level 1:colcon.colcon_core.environment:checking '/home/om/ros2_ws/install/ur5_controller' for CMake config files
[1.253s] Level 1:colcon.colcon_core.shell:create_environment_hook('ur5_controller', 'cmake_prefix_path')
[1.254s] INFO:colcon.colcon_core.shell:Creating environment hook '/home/om/ros2_ws/install/ur5_controller/share/ur5_controller/hook/cmake_prefix_path.ps1'
[1.255s] INFO:colcon.colcon_core.shell:Creating environment descriptor '/home/om/ros2_ws/install/ur5_controller/share/ur5_controller/hook/cmake_prefix_path.dsv'
[1.255s] INFO:colcon.colcon_core.shell:Creating environment hook '/home/om/ros2_ws/install/ur5_controller/share/ur5_controller/hook/cmake_prefix_path.sh'
[1.256s] Level 1:colcon.colcon_core.environment:checking '/home/om/ros2_ws/install/ur5_controller/lib'
[1.257s] Level 1:colcon.colcon_core.environment:checking '/home/om/ros2_ws/install/ur5_controller/bin'
[1.257s] Level 1:colcon.colcon_core.environment:checking '/home/om/ros2_ws/install/ur5_controller/lib/pkgconfig/ur5_controller.pc'
[1.257s] Level 1:colcon.colcon_core.environment:checking '/home/om/ros2_ws/install/ur5_controller/lib/python3.10/site-packages'
[1.258s] Level 1:colcon.colcon_core.environment:checking '/home/om/ros2_ws/install/ur5_controller/bin'
[1.258s] INFO:colcon.colcon_core.shell:Creating package script '/home/om/ros2_ws/install/ur5_controller/share/ur5_controller/package.ps1'
[1.259s] INFO:colcon.colcon_core.shell:Creating package descriptor '/home/om/ros2_ws/install/ur5_controller/share/ur5_controller/package.dsv'
[1.260s] INFO:colcon.colcon_core.shell:Creating package script '/home/om/ros2_ws/install/ur5_controller/share/ur5_controller/package.sh'
[1.261s] INFO:colcon.colcon_core.shell:Creating package script '/home/om/ros2_ws/install/ur5_controller/share/ur5_controller/package.bash'
[1.262s] INFO:colcon.colcon_core.shell:Creating package script '/home/om/ros2_ws/install/ur5_controller/share/ur5_controller/package.zsh'
[1.263s] Level 1:colcon.colcon_core.environment:create_file_with_runtime_dependencies(/home/om/ros2_ws/install/ur5_controller/share/colcon-core/packages/ur5_controller)
[1.379s] DEBUG:colcon.colcon_core.event_handler.log_command:Invoked command in '/home/om/ros2_ws/build/trac_ik_examples' returned '0': AMENT_PREFIX_PATH=/home/om/ros2_ws/install/trac_ik_lib:${AMENT_PREFIX_PATH} CMAKE_PREFIX_PATH=/home/om/ros2_ws/install/trac_ik_lib:/opt/ros/humble LD_LIBRARY_PATH=/home/om/ros2_ws/install/trac_ik_lib/lib:${LD_LIBRARY_PATH} /usr/bin/cmake --build /home/om/ros2_ws/build/trac_ik_examples -- -j8 -l8
[1.427s] DEBUG:colcon.colcon_core.event_handler.log_command:Invoking command in '/home/om/ros2_ws/build/trac_ik_examples': AMENT_PREFIX_PATH=/home/om/ros2_ws/install/trac_ik_lib:${AMENT_PREFIX_PATH} CMAKE_PREFIX_PATH=/home/om/ros2_ws/install/trac_ik_lib:/opt/ros/humble LD_LIBRARY_PATH=/home/om/ros2_ws/install/trac_ik_lib/lib:${LD_LIBRARY_PATH} /usr/bin/cmake --install /home/om/ros2_ws/build/trac_ik_examples
[1.453s] Level 1:colcon.colcon_core.environment:create_environment_scripts_only(trac_ik_examples)
[1.454s] Level 1:colcon.colcon_core.environment:checking '/home/om/ros2_ws/install/trac_ik_examples' for CMake module files
[1.454s] DEBUG:colcon.colcon_core.event_handler.log_command:Invoked command in '/home/om/ros2_ws/build/trac_ik_examples' returned '0': AMENT_PREFIX_PATH=/home/om/ros2_ws/install/trac_ik_lib:${AMENT_PREFIX_PATH} CMAKE_PREFIX_PATH=/home/om/ros2_ws/install/trac_ik_lib:/opt/ros/humble LD_LIBRARY_PATH=/home/om/ros2_ws/install/trac_ik_lib/lib:${LD_LIBRARY_PATH} /usr/bin/cmake --install /home/om/ros2_ws/build/trac_ik_examples
[1.456s] Level 1:colcon.colcon_core.environment:checking '/home/om/ros2_ws/install/trac_ik_examples' for CMake config files
[1.456s] Level 1:colcon.colcon_core.shell:create_environment_hook('trac_ik_examples', 'cmake_prefix_path')
[1.457s] INFO:colcon.colcon_core.shell:Creating environment hook '/home/om/ros2_ws/install/trac_ik_examples/share/trac_ik_examples/hook/cmake_prefix_path.ps1'
[1.457s] INFO:colcon.colcon_core.shell:Creating environment descriptor '/home/om/ros2_ws/install/trac_ik_examples/share/trac_ik_examples/hook/cmake_prefix_path.dsv'
[1.458s] INFO:colcon.colcon_core.shell:Creating environment hook '/home/om/ros2_ws/install/trac_ik_examples/share/trac_ik_examples/hook/cmake_prefix_path.sh'
[1.459s] Level 1:colcon.colcon_core.environment:checking '/home/om/ros2_ws/install/trac_ik_examples/lib'
[1.459s] Level 1:colcon.colcon_core.environment:checking '/home/om/ros2_ws/install/trac_ik_examples/bin'
[1.459s] Level 1:colcon.colcon_core.environment:checking '/home/om/ros2_ws/install/trac_ik_examples/lib/pkgconfig/trac_ik_examples.pc'
[1.460s] Level 1:colcon.colcon_core.environment:checking '/home/om/ros2_ws/install/trac_ik_examples/lib/python3.10/site-packages'
[1.460s] Level 1:colcon.colcon_core.environment:checking '/home/om/ros2_ws/install/trac_ik_examples/bin'
[1.461s] INFO:colcon.colcon_core.shell:Creating package script '/home/om/ros2_ws/install/trac_ik_examples/share/trac_ik_examples/package.ps1'
[1.462s] INFO:colcon.colcon_core.shell:Creating package descriptor '/home/om/ros2_ws/install/trac_ik_examples/share/trac_ik_examples/package.dsv'
[1.462s] INFO:colcon.colcon_core.shell:Creating package script '/home/om/ros2_ws/install/trac_ik_examples/share/trac_ik_examples/package.sh'
[1.463s] INFO:colcon.colcon_core.shell:Creating package script '/home/om/ros2_ws/install/trac_ik_examples/share/trac_ik_examples/package.bash'
[1.464s] INFO:colcon.colcon_core.shell:Creating package script '/home/om/ros2_ws/install/trac_ik_examples/share/trac_ik_examples/package.zsh'
[1.464s] Level 1:colcon.colcon_core.environment:create_file_with_runtime_dependencies(/home/om/ros2_ws/install/trac_ik_examples/share/colcon-core/packages/trac_ik_examples)
[1.510s] Level 1:colcon.colcon_core.environment:create_environment_scripts_only(trac_ik_examples)
[1.511s] Level 1:colcon.colcon_core.environment:checking '/home/om/ros2_ws/install/trac_ik_examples' for CMake module files
[1.512s] Level 1:colcon.colcon_core.environment:checking '/home/om/ros2_ws/install/trac_ik_examples' for CMake config files
[1.512s] Level 1:colcon.colcon_core.shell:create_environment_hook('trac_ik_examples', 'cmake_prefix_path')
[1.512s] INFO:colcon.colcon_core.shell:Creating environment hook '/home/om/ros2_ws/install/trac_ik_examples/share/trac_ik_examples/hook/cmake_prefix_path.ps1'
[1.513s] INFO:colcon.colcon_core.shell:Creating environment descriptor '/home/om/ros2_ws/install/trac_ik_examples/share/trac_ik_examples/hook/cmake_prefix_path.dsv'
[1.514s] INFO:colcon.colcon_core.shell:Creating environment hook '/home/om/ros2_ws/install/trac_ik_examples/share/trac_ik_examples/hook/cmake_prefix_path.sh'
[1.515s] Level 1:colcon.colcon_core.environment:checking '/home/om/ros2_ws/install/trac_ik_examples/lib'
[1.515s] Level 1:colcon.colcon_core.environment:checking '/home/om/ros2_ws/install/trac_ik_examples/bin'
[1.515s] Level 1:colcon.colcon_core.environment:checking '/home/om/ros2_ws/install/trac_ik_examples/lib/pkgconfig/trac_ik_examples.pc'
[1.516s] Level 1:colcon.colcon_core.environment:checking '/home/om/ros2_ws/install/trac_ik_examples/lib/python3.10/site-packages'
[1.516s] Level 1:colcon.colcon_core.environment:checking '/home/om/ros2_ws/install/trac_ik_examples/bin'
[1.517s] INFO:colcon.colcon_core.shell:Creating package script '/home/om/ros2_ws/install/trac_ik_examples/share/trac_ik_examples/package.ps1'
[1.518s] INFO:colcon.colcon_core.shell:Creating package descriptor '/home/om/ros2_ws/install/trac_ik_examples/share/trac_ik_examples/package.dsv'
[1.518s] INFO:colcon.colcon_core.shell:Creating package script '/home/om/ros2_ws/install/trac_ik_examples/share/trac_ik_examples/package.sh'
[1.519s] INFO:colcon.colcon_core.shell:Creating package script '/home/om/ros2_ws/install/trac_ik_examples/share/trac_ik_examples/package.bash'
[1.520s] INFO:colcon.colcon_core.shell:Creating package script '/home/om/ros2_ws/install/trac_ik_examples/share/trac_ik_examples/package.zsh'
[1.521s] Level 1:colcon.colcon_core.environment:create_file_with_runtime_dependencies(/home/om/ros2_ws/install/trac_ik_examples/share/colcon-core/packages/trac_ik_examples)
[1.521s] INFO:colcon.colcon_ros.task.ament_cmake.build:Building ROS package in '/home/om/ros2_ws/src/trac_ik/trac_ik' with build type 'ament_cmake'
[1.522s] INFO:colcon.colcon_cmake.task.cmake.build:Building CMake package in '/home/om/ros2_ws/src/trac_ik/trac_ik'
[1.522s] INFO:colcon.colcon_core.shell:Skip shell extension 'powershell' for command environment: Not usable outside of PowerShell
[1.522s] DEBUG:colcon.colcon_core.shell:Skip shell extension 'dsv' for command environment
[1.544s] DEBUG:colcon.colcon_core.event_handler.log_command:Invoking command in '/home/om/ros2_ws/build/trac_ik': AMENT_PREFIX_PATH=/home/om/ros2_ws/install/trac_ik_examples:/home/om/ros2_ws/install/trac_ik_lib:${AMENT_PREFIX_PATH} CMAKE_PREFIX_PATH=/home/om/ros2_ws/install/trac_ik_examples:/home/om/ros2_ws/install/trac_ik_lib:/opt/ros/humble LD_LIBRARY_PATH=/home/om/ros2_ws/install/trac_ik_lib/lib:${LD_LIBRARY_PATH} /usr/bin/cmake --build /home/om/ros2_ws/build/trac_ik -- -j8 -l8
[1.613s] DEBUG:colcon.colcon_core.event_handler.log_command:Invoked command in '/home/om/ros2_ws/build/trac_ik' returned '0': AMENT_PREFIX_PATH=/home/om/ros2_ws/install/trac_ik_examples:/home/om/ros2_ws/install/trac_ik_lib:${AMENT_PREFIX_PATH} CMAKE_PREFIX_PATH=/home/om/ros2_ws/install/trac_ik_examples:/home/om/ros2_ws/install/trac_ik_lib:/opt/ros/humble LD_LIBRARY_PATH=/home/om/ros2_ws/install/trac_ik_lib/lib:${LD_LIBRARY_PATH} /usr/bin/cmake --build /home/om/ros2_ws/build/trac_ik -- -j8 -l8
[1.656s] DEBUG:colcon.colcon_core.event_handler.log_command:Invoking command in '/home/om/ros2_ws/build/trac_ik': AMENT_PREFIX_PATH=/home/om/ros2_ws/install/trac_ik_examples:/home/om/ros2_ws/install/trac_ik_lib:${AMENT_PREFIX_PATH} CMAKE_PREFIX_PATH=/home/om/ros2_ws/install/trac_ik_examples:/home/om/ros2_ws/install/trac_ik_lib:/opt/ros/humble LD_LIBRARY_PATH=/home/om/ros2_ws/install/trac_ik_lib/lib:${LD_LIBRARY_PATH} /usr/bin/cmake --install /home/om/ros2_ws/build/trac_ik
[1.674s] Level 1:colcon.colcon_core.environment:create_environment_scripts_only(trac_ik)
[1.675s] Level 1:colcon.colcon_core.environment:checking '/home/om/ros2_ws/install/trac_ik' for CMake module files
[1.676s] DEBUG:colcon.colcon_core.event_handler.log_command:Invoked command in '/home/om/ros2_ws/build/trac_ik' returned '0': AMENT_PREFIX_PATH=/home/om/ros2_ws/install/trac_ik_examples:/home/om/ros2_ws/install/trac_ik_lib:${AMENT_PREFIX_PATH} CMAKE_PREFIX_PATH=/home/om/ros2_ws/install/trac_ik_examples:/home/om/ros2_ws/install/trac_ik_lib:/opt/ros/humble LD_LIBRARY_PATH=/home/om/ros2_ws/install/trac_ik_lib/lib:${LD_LIBRARY_PATH} /usr/bin/cmake --install /home/om/ros2_ws/build/trac_ik
[1.676s] Level 1:colcon.colcon_core.environment:checking '/home/om/ros2_ws/install/trac_ik' for CMake config files
[1.677s] Level 1:colcon.colcon_core.shell:create_environment_hook('trac_ik', 'cmake_prefix_path')
[1.677s] INFO:colcon.colcon_core.shell:Creating environment hook '/home/om/ros2_ws/install/trac_ik/share/trac_ik/hook/cmake_prefix_path.ps1'
[1.678s] INFO:colcon.colcon_core.shell:Creating environment descriptor '/home/om/ros2_ws/install/trac_ik/share/trac_ik/hook/cmake_prefix_path.dsv'
[1.679s] INFO:colcon.colcon_core.shell:Creating environment hook '/home/om/ros2_ws/install/trac_ik/share/trac_ik/hook/cmake_prefix_path.sh'
[1.680s] Level 1:colcon.colcon_core.environment:checking '/home/om/ros2_ws/install/trac_ik/bin'
[1.680s] Level 1:colcon.colcon_core.environment:checking '/home/om/ros2_ws/install/trac_ik/lib/pkgconfig/trac_ik.pc'
[1.681s] Level 1:colcon.colcon_core.environment:checking '/home/om/ros2_ws/install/trac_ik/lib/python3.10/site-packages'
[1.681s] Level 1:colcon.colcon_core.environment:checking '/home/om/ros2_ws/install/trac_ik/bin'
[1.683s] INFO:colcon.colcon_core.shell:Creating package script '/home/om/ros2_ws/install/trac_ik/share/trac_ik/package.ps1'
[1.684s] INFO:colcon.colcon_core.shell:Creating package descriptor '/home/om/ros2_ws/install/trac_ik/share/trac_ik/package.dsv'
[1.684s] INFO:colcon.colcon_core.shell:Creating package script '/home/om/ros2_ws/install/trac_ik/share/trac_ik/package.sh'
[1.685s] INFO:colcon.colcon_core.shell:Creating package script '/home/om/ros2_ws/install/trac_ik/share/trac_ik/package.bash'
[1.686s] INFO:colcon.colcon_core.shell:Creating package script '/home/om/ros2_ws/install/trac_ik/share/trac_ik/package.zsh'
[1.687s] Level 1:colcon.colcon_core.environment:create_file_with_runtime_dependencies(/home/om/ros2_ws/install/trac_ik/share/colcon-core/packages/trac_ik)
[1.729s] Level 1:colcon.colcon_core.environment:create_environment_scripts_only(trac_ik)
[1.729s] Level 1:colcon.colcon_core.environment:checking '/home/om/ros2_ws/install/trac_ik' for CMake module files
[1.730s] Level 1:colcon.colcon_core.environment:checking '/home/om/ros2_ws/install/trac_ik' for CMake config files
[1.730s] Level 1:colcon.colcon_core.shell:create_environment_hook('trac_ik', 'cmake_prefix_path')
[1.731s] INFO:colcon.colcon_core.shell:Creating environment hook '/home/om/ros2_ws/install/trac_ik/share/trac_ik/hook/cmake_prefix_path.ps1'
[1.732s] INFO:colcon.colcon_core.shell:Creating environment descriptor '/home/om/ros2_ws/install/trac_ik/share/trac_ik/hook/cmake_prefix_path.dsv'
[1.732s] INFO:colcon.colcon_core.shell:Creating environment hook '/home/om/ros2_ws/install/trac_ik/share/trac_ik/hook/cmake_prefix_path.sh'
[1.733s] Level 1:colcon.colcon_core.environment:checking '/home/om/ros2_ws/install/trac_ik/bin'
[1.734s] Level 1:colcon.colcon_core.environment:checking '/home/om/ros2_ws/install/trac_ik/lib/pkgconfig/trac_ik.pc'
[1.734s] Level 1:colcon.colcon_core.environment:checking '/home/om/ros2_ws/install/trac_ik/lib/python3.10/site-packages'
[1.734s] Level 1:colcon.colcon_core.environment:checking '/home/om/ros2_ws/install/trac_ik/bin'
[1.735s] INFO:colcon.colcon_core.shell:Creating package script '/home/om/ros2_ws/install/trac_ik/share/trac_ik/package.ps1'
[1.736s] INFO:colcon.colcon_core.shell:Creating package descriptor '/home/om/ros2_ws/install/trac_ik/share/trac_ik/package.dsv'
[1.737s] INFO:colcon.colcon_core.shell:Creating package script '/home/om/ros2_ws/install/trac_ik/share/trac_ik/package.sh'
[1.738s] INFO:colcon.colcon_core.shell:Creating package script '/home/om/ros2_ws/install/trac_ik/share/trac_ik/package.bash'
[1.738s] INFO:colcon.colcon_core.shell:Creating package script '/home/om/ros2_ws/install/trac_ik/share/trac_ik/package.zsh'
[1.739s] Level 1:colcon.colcon_core.environment:create_file_with_runtime_dependencies(/home/om/ros2_ws/install/trac_ik/share/colcon-core/packages/trac_ik)
[1.740s] DEBUG:colcon.colcon_parallel_executor.executor.parallel:closing loop
[1.741s] DEBUG:colcon.colcon_parallel_executor.executor.parallel:loop closed
[1.741s] DEBUG:colcon.colcon_parallel_executor.executor.parallel:run_until_complete finished with '0'
[1.741s] DEBUG:colcon.colcon_core.event_reactor:joining thread
[1.752s] INFO:colcon.colcon_core.plugin_system:Skipping extension 'colcon_notification.desktop_notification.terminal_notifier': Not used on non-Darwin systems
[1.752s] INFO:colcon.colcon_core.plugin_system:Skipping extension 'colcon_notification.desktop_notification.win32': Not used on non-Windows systems
[1.752s] INFO:colcon.colcon_notification.desktop_notification:Sending desktop notification using 'notify2'
[1.775s] DEBUG:colcon.colcon_core.event_reactor:joined thread
[1.776s] INFO:colcon.colcon_core.shell:Creating prefix script '/home/om/ros2_ws/install/local_setup.ps1'
[1.778s] INFO:colcon.colcon_core.shell:Creating prefix util module '/home/om/ros2_ws/install/_local_setup_util_ps1.py'
[1.781s] INFO:colcon.colcon_core.shell:Creating prefix chain script '/home/om/ros2_ws/install/setup.ps1'
[1.783s] INFO:colcon.colcon_core.shell:Creating prefix script '/home/om/ros2_ws/install/local_setup.sh'
[1.785s] INFO:colcon.colcon_core.shell:Creating prefix util module '/home/om/ros2_ws/install/_local_setup_util_sh.py'
[1.786s] INFO:colcon.colcon_core.shell:Creating prefix chain script '/home/om/ros2_ws/install/setup.sh'
[1.788s] INFO:colcon.colcon_core.shell:Creating prefix script '/home/om/ros2_ws/install/local_setup.bash'
[1.789s] INFO:colcon.colcon_core.shell:Creating prefix chain script '/home/om/ros2_ws/install/setup.bash'
[1.791s] INFO:colcon.colcon_core.shell:Creating prefix script '/home/om/ros2_ws/install/local_setup.zsh'
[1.792s] INFO:colcon.colcon_core.shell:Creating prefix chain script '/home/om/ros2_ws/install/setup.zsh'
