[0.114s] DEBUG:colcon:Command line arguments: ['/usr/bin/colcon', 'build', '--allow-overriding', 'ur_description']
[0.114s] DEBUG:colcon:Parsed command line arguments: Namespace(log_base=None, log_level=None, verb_name='build', build_base='build', install_base='install', merge_install=False, symlink_install=False, test_result_base=None, continue_on_error=False, executor='parallel', parallel_workers=8, event_handlers=None, ignore_user_meta=False, metas=['./colcon.meta'], base_paths=['.'], packages_ignore=None, packages_ignore_regex=None, paths=None, packages_up_to=None, packages_up_to_regex=None, packages_above=None, packages_above_and_dependencies=None, packages_above_depth=None, packages_select_by_dep=None, packages_skip_by_dep=None, packages_skip_up_to=None, packages_select_build_failed=False, packages_skip_build_finished=False, packages_select_test_failures=False, packages_skip_test_passed=False, packages_select=None, packages_skip=None, packages_select_regex=None, packages_skip_regex=None, packages_start=None, packages_end=None, allow_overriding=['ur_description'], cmake_args=None, cmake_target=None, cmake_target_skip_unavailable=False, cmake_clean_cache=False, cmake_clean_first=False, cmake_force_configure=False, ament_cmake_args=None, catkin_cmake_args=None, catkin_skip_building_tests=False, verb_parser=<colcon_defaults.argument_parser.defaults.DefaultArgumentsDecorator object at 0x725934450d90>, verb_extension=<colcon_core.verb.build.BuildVerb object at 0x725934450790>, main=<bound method BuildVerb.main of <colcon_core.verb.build.BuildVerb object at 0x725934450790>>)
[0.300s] Level 1:colcon.colcon_core.package_discovery:discover_packages(colcon_meta) check parameters
[0.301s] Level 1:colcon.colcon_core.package_discovery:discover_packages(recursive) check parameters
[0.301s] Level 1:colcon.colcon_core.package_discovery:discover_packages(ignore) check parameters
[0.301s] Level 1:colcon.colcon_core.package_discovery:discover_packages(path) check parameters
[0.301s] Level 1:colcon.colcon_core.package_discovery:discover_packages(colcon_meta) discover
[0.301s] Level 1:colcon.colcon_core.package_discovery:discover_packages(recursive) discover
[0.301s] INFO:colcon.colcon_core.package_discovery:Crawling recursively for packages in '/home/om/ros2_ws'
[0.301s] Level 1:colcon.colcon_core.package_identification:_identify(.) by extensions ['ignore', 'ignore_ament_install']
[0.301s] Level 1:colcon.colcon_core.package_identification:_identify(.) by extension 'ignore'
[0.301s] Level 1:colcon.colcon_core.package_identification:_identify(.) by extension 'ignore_ament_install'
[0.301s] Level 1:colcon.colcon_core.package_identification:_identify(.) by extensions ['colcon_pkg']
[0.301s] Level 1:colcon.colcon_core.package_identification:_identify(.) by extension 'colcon_pkg'
[0.301s] Level 1:colcon.colcon_core.package_identification:_identify(.) by extensions ['colcon_meta']
[0.301s] Level 1:colcon.colcon_core.package_identification:_identify(.) by extension 'colcon_meta'
[0.301s] Level 1:colcon.colcon_core.package_identification:_identify(.) by extensions ['ros']
[0.301s] Level 1:colcon.colcon_core.package_identification:_identify(.) by extension 'ros'
[0.314s] Level 1:colcon.colcon_core.package_identification:_identify(.) by extensions ['cmake', 'python']
[0.314s] Level 1:colcon.colcon_core.package_identification:_identify(.) by extension 'cmake'
[0.314s] Level 1:colcon.colcon_core.package_identification:_identify(.) by extension 'python'
[0.314s] Level 1:colcon.colcon_core.package_identification:_identify(.) by extensions ['python_setup_py']
[0.314s] Level 1:colcon.colcon_core.package_identification:_identify(.) by extension 'python_setup_py'
[0.314s] Level 1:colcon.colcon_core.package_identification:_identify(build) by extensions ['ignore', 'ignore_ament_install']
[0.314s] Level 1:colcon.colcon_core.package_identification:_identify(build) by extension 'ignore'
[0.314s] Level 1:colcon.colcon_core.package_identification:_identify(build) ignored
[0.315s] Level 1:colcon.colcon_core.package_identification:_identify(install) by extensions ['ignore', 'ignore_ament_install']
[0.315s] Level 1:colcon.colcon_core.package_identification:_identify(install) by extension 'ignore'
[0.315s] Level 1:colcon.colcon_core.package_identification:_identify(install) ignored
[0.315s] Level 1:colcon.colcon_core.package_identification:_identify(log) by extensions ['ignore', 'ignore_ament_install']
[0.315s] Level 1:colcon.colcon_core.package_identification:_identify(log) by extension 'ignore'
[0.315s] Level 1:colcon.colcon_core.package_identification:_identify(log) ignored
[0.315s] Level 1:colcon.colcon_core.package_identification:_identify(src) by extensions ['ignore', 'ignore_ament_install']
[0.315s] Level 1:colcon.colcon_core.package_identification:_identify(src) by extension 'ignore'
[0.315s] Level 1:colcon.colcon_core.package_identification:_identify(src) by extension 'ignore_ament_install'
[0.315s] Level 1:colcon.colcon_core.package_identification:_identify(src) by extensions ['colcon_pkg']
[0.315s] Level 1:colcon.colcon_core.package_identification:_identify(src) by extension 'colcon_pkg'
[0.315s] Level 1:colcon.colcon_core.package_identification:_identify(src) by extensions ['colcon_meta']
[0.315s] Level 1:colcon.colcon_core.package_identification:_identify(src) by extension 'colcon_meta'
[0.315s] Level 1:colcon.colcon_core.package_identification:_identify(src) by extensions ['ros']
[0.315s] Level 1:colcon.colcon_core.package_identification:_identify(src) by extension 'ros'
[0.315s] Level 1:colcon.colcon_core.package_identification:_identify(src) by extensions ['cmake', 'python']
[0.316s] Level 1:colcon.colcon_core.package_identification:_identify(src) by extension 'cmake'
[0.316s] Level 1:colcon.colcon_core.package_identification:_identify(src) by extension 'python'
[0.316s] Level 1:colcon.colcon_core.package_identification:_identify(src) by extensions ['python_setup_py']
[0.316s] Level 1:colcon.colcon_core.package_identification:_identify(src) by extension 'python_setup_py'
[0.316s] Level 1:colcon.colcon_core.package_identification:_identify(src/trac_ik) by extensions ['ignore', 'ignore_ament_install']
[0.316s] Level 1:colcon.colcon_core.package_identification:_identify(src/trac_ik) by extension 'ignore'
[0.316s] Level 1:colcon.colcon_core.package_identification:_identify(src/trac_ik) by extension 'ignore_ament_install'
[0.316s] Level 1:colcon.colcon_core.package_identification:_identify(src/trac_ik) by extensions ['colcon_pkg']
[0.316s] Level 1:colcon.colcon_core.package_identification:_identify(src/trac_ik) by extension 'colcon_pkg'
[0.316s] Level 1:colcon.colcon_core.package_identification:_identify(src/trac_ik) by extensions ['colcon_meta']
[0.316s] Level 1:colcon.colcon_core.package_identification:_identify(src/trac_ik) by extension 'colcon_meta'
[0.316s] Level 1:colcon.colcon_core.package_identification:_identify(src/trac_ik) by extensions ['ros']
[0.316s] Level 1:colcon.colcon_core.package_identification:_identify(src/trac_ik) by extension 'ros'
[0.316s] Level 1:colcon.colcon_core.package_identification:_identify(src/trac_ik) by extensions ['cmake', 'python']
[0.316s] Level 1:colcon.colcon_core.package_identification:_identify(src/trac_ik) by extension 'cmake'
[0.316s] Level 1:colcon.colcon_core.package_identification:_identify(src/trac_ik) by extension 'python'
[0.316s] Level 1:colcon.colcon_core.package_identification:_identify(src/trac_ik) by extensions ['python_setup_py']
[0.316s] Level 1:colcon.colcon_core.package_identification:_identify(src/trac_ik) by extension 'python_setup_py'
[0.316s] Level 1:colcon.colcon_core.package_identification:_identify(src/trac_ik/trac_ik) by extensions ['ignore', 'ignore_ament_install']
[0.317s] Level 1:colcon.colcon_core.package_identification:_identify(src/trac_ik/trac_ik) by extension 'ignore'
[0.317s] Level 1:colcon.colcon_core.package_identification:_identify(src/trac_ik/trac_ik) by extension 'ignore_ament_install'
[0.317s] Level 1:colcon.colcon_core.package_identification:_identify(src/trac_ik/trac_ik) by extensions ['colcon_pkg']
[0.317s] Level 1:colcon.colcon_core.package_identification:_identify(src/trac_ik/trac_ik) by extension 'colcon_pkg'
[0.317s] Level 1:colcon.colcon_core.package_identification:_identify(src/trac_ik/trac_ik) by extensions ['colcon_meta']
[0.317s] Level 1:colcon.colcon_core.package_identification:_identify(src/trac_ik/trac_ik) by extension 'colcon_meta'
[0.317s] Level 1:colcon.colcon_core.package_identification:_identify(src/trac_ik/trac_ik) by extensions ['ros']
[0.317s] Level 1:colcon.colcon_core.package_identification:_identify(src/trac_ik/trac_ik) by extension 'ros'
[0.320s] DEBUG:colcon.colcon_core.package_identification:Package 'src/trac_ik/trac_ik' with type 'ros.ament_cmake' and name 'trac_ik'
[0.320s] Level 1:colcon.colcon_core.package_identification:_identify(src/trac_ik/trac_ik_examples) by extensions ['ignore', 'ignore_ament_install']
[0.320s] Level 1:colcon.colcon_core.package_identification:_identify(src/trac_ik/trac_ik_examples) by extension 'ignore'
[0.320s] Level 1:colcon.colcon_core.package_identification:_identify(src/trac_ik/trac_ik_examples) by extension 'ignore_ament_install'
[0.320s] Level 1:colcon.colcon_core.package_identification:_identify(src/trac_ik/trac_ik_examples) by extensions ['colcon_pkg']
[0.320s] Level 1:colcon.colcon_core.package_identification:_identify(src/trac_ik/trac_ik_examples) by extension 'colcon_pkg'
[0.320s] Level 1:colcon.colcon_core.package_identification:_identify(src/trac_ik/trac_ik_examples) by extensions ['colcon_meta']
[0.320s] Level 1:colcon.colcon_core.package_identification:_identify(src/trac_ik/trac_ik_examples) by extension 'colcon_meta'
[0.320s] Level 1:colcon.colcon_core.package_identification:_identify(src/trac_ik/trac_ik_examples) by extensions ['ros']
[0.320s] Level 1:colcon.colcon_core.package_identification:_identify(src/trac_ik/trac_ik_examples) by extension 'ros'
[0.321s] DEBUG:colcon.colcon_core.package_identification:Package 'src/trac_ik/trac_ik_examples' with type 'ros.ament_cmake' and name 'trac_ik_examples'
[0.321s] Level 1:colcon.colcon_core.package_identification:_identify(src/trac_ik/trac_ik_kinematics_plugin) by extensions ['ignore', 'ignore_ament_install']
[0.321s] Level 1:colcon.colcon_core.package_identification:_identify(src/trac_ik/trac_ik_kinematics_plugin) by extension 'ignore'
[0.321s] Level 1:colcon.colcon_core.package_identification:_identify(src/trac_ik/trac_ik_kinematics_plugin) ignored
[0.321s] Level 1:colcon.colcon_core.package_identification:_identify(src/trac_ik/trac_ik_lib) by extensions ['ignore', 'ignore_ament_install']
[0.321s] Level 1:colcon.colcon_core.package_identification:_identify(src/trac_ik/trac_ik_lib) by extension 'ignore'
[0.321s] Level 1:colcon.colcon_core.package_identification:_identify(src/trac_ik/trac_ik_lib) by extension 'ignore_ament_install'
[0.322s] Level 1:colcon.colcon_core.package_identification:_identify(src/trac_ik/trac_ik_lib) by extensions ['colcon_pkg']
[0.322s] Level 1:colcon.colcon_core.package_identification:_identify(src/trac_ik/trac_ik_lib) by extension 'colcon_pkg'
[0.322s] Level 1:colcon.colcon_core.package_identification:_identify(src/trac_ik/trac_ik_lib) by extensions ['colcon_meta']
[0.322s] Level 1:colcon.colcon_core.package_identification:_identify(src/trac_ik/trac_ik_lib) by extension 'colcon_meta'
[0.322s] Level 1:colcon.colcon_core.package_identification:_identify(src/trac_ik/trac_ik_lib) by extensions ['ros']
[0.322s] Level 1:colcon.colcon_core.package_identification:_identify(src/trac_ik/trac_ik_lib) by extension 'ros'
[0.322s] DEBUG:colcon.colcon_core.package_identification:Package 'src/trac_ik/trac_ik_lib' with type 'ros.ament_cmake' and name 'trac_ik_lib'
[0.323s] Level 1:colcon.colcon_core.package_identification:_identify(src/trac_ik/trac_ik_python) by extensions ['ignore', 'ignore_ament_install']
[0.323s] Level 1:colcon.colcon_core.package_identification:_identify(src/trac_ik/trac_ik_python) by extension 'ignore'
[0.323s] Level 1:colcon.colcon_core.package_identification:_identify(src/trac_ik/trac_ik_python) ignored
[0.323s] Level 1:colcon.colcon_core.package_identification:_identify(src/ur5_controller) by extensions ['ignore', 'ignore_ament_install']
[0.323s] Level 1:colcon.colcon_core.package_identification:_identify(src/ur5_controller) by extension 'ignore'
[0.323s] Level 1:colcon.colcon_core.package_identification:_identify(src/ur5_controller) by extension 'ignore_ament_install'
[0.323s] Level 1:colcon.colcon_core.package_identification:_identify(src/ur5_controller) by extensions ['colcon_pkg']
[0.323s] Level 1:colcon.colcon_core.package_identification:_identify(src/ur5_controller) by extension 'colcon_pkg'
[0.323s] Level 1:colcon.colcon_core.package_identification:_identify(src/ur5_controller) by extensions ['colcon_meta']
[0.323s] Level 1:colcon.colcon_core.package_identification:_identify(src/ur5_controller) by extension 'colcon_meta'
[0.323s] Level 1:colcon.colcon_core.package_identification:_identify(src/ur5_controller) by extensions ['ros']
[0.323s] Level 1:colcon.colcon_core.package_identification:_identify(src/ur5_controller) by extension 'ros'
[0.325s] DEBUG:colcon.colcon_core.package_identification:Package 'src/ur5_controller' with type 'ros.ament_cmake' and name 'ur5_controller'
[0.325s] Level 1:colcon.colcon_core.package_identification:_identify(src/ur_description) by extensions ['ignore', 'ignore_ament_install']
[0.325s] Level 1:colcon.colcon_core.package_identification:_identify(src/ur_description) by extension 'ignore'
[0.325s] Level 1:colcon.colcon_core.package_identification:_identify(src/ur_description) by extension 'ignore_ament_install'
[0.325s] Level 1:colcon.colcon_core.package_identification:_identify(src/ur_description) by extensions ['colcon_pkg']
[0.325s] Level 1:colcon.colcon_core.package_identification:_identify(src/ur_description) by extension 'colcon_pkg'
[0.325s] Level 1:colcon.colcon_core.package_identification:_identify(src/ur_description) by extensions ['colcon_meta']
[0.325s] Level 1:colcon.colcon_core.package_identification:_identify(src/ur_description) by extension 'colcon_meta'
[0.325s] Level 1:colcon.colcon_core.package_identification:_identify(src/ur_description) by extensions ['ros']
[0.325s] Level 1:colcon.colcon_core.package_identification:_identify(src/ur_description) by extension 'ros'
[0.326s] DEBUG:colcon.colcon_core.package_identification:Package 'src/ur_description' with type 'ros.ament_cmake' and name 'ur_description'
[0.326s] Level 1:colcon.colcon_core.package_discovery:discover_packages(recursive) using defaults
[0.326s] Level 1:colcon.colcon_core.package_discovery:discover_packages(ignore) discover
[0.326s] Level 1:colcon.colcon_core.package_discovery:discover_packages(ignore) using defaults
[0.326s] Level 1:colcon.colcon_core.package_discovery:discover_packages(path) discover
[0.326s] Level 1:colcon.colcon_core.package_discovery:discover_packages(path) using defaults
[0.362s] Level 1:colcon.colcon_core.package_discovery:discover_packages(prefix_path) check parameters
[0.362s] Level 1:colcon.colcon_core.package_discovery:discover_packages(prefix_path) discover
[0.365s] DEBUG:colcon.colcon_installed_package_information.package_discovery:Found 385 installed packages in /opt/ros/humble
[0.367s] Level 1:colcon.colcon_core.package_discovery:discover_packages(prefix_path) using defaults
[0.421s] Level 5:colcon.colcon_core.verb:set package 'trac_ik_lib' build argument 'cmake_args' from command line to 'None'
[0.421s] Level 5:colcon.colcon_core.verb:set package 'trac_ik_lib' build argument 'cmake_target' from command line to 'None'
[0.421s] Level 5:colcon.colcon_core.verb:set package 'trac_ik_lib' build argument 'cmake_target_skip_unavailable' from command line to 'False'
[0.421s] Level 5:colcon.colcon_core.verb:set package 'trac_ik_lib' build argument 'cmake_clean_cache' from command line to 'False'
[0.421s] Level 5:colcon.colcon_core.verb:set package 'trac_ik_lib' build argument 'cmake_clean_first' from command line to 'False'
[0.421s] Level 5:colcon.colcon_core.verb:set package 'trac_ik_lib' build argument 'cmake_force_configure' from command line to 'False'
[0.421s] Level 5:colcon.colcon_core.verb:set package 'trac_ik_lib' build argument 'ament_cmake_args' from command line to 'None'
[0.421s] Level 5:colcon.colcon_core.verb:set package 'trac_ik_lib' build argument 'catkin_cmake_args' from command line to 'None'
[0.421s] Level 5:colcon.colcon_core.verb:set package 'trac_ik_lib' build argument 'catkin_skip_building_tests' from command line to 'False'
[0.421s] DEBUG:colcon.colcon_core.verb:Building package 'trac_ik_lib' with the following arguments: {'ament_cmake_args': None, 'build_base': '/home/om/ros2_ws/build/trac_ik_lib', 'catkin_cmake_args': None, 'catkin_skip_building_tests': False, 'cmake_args': None, 'cmake_clean_cache': False, 'cmake_clean_first': False, 'cmake_force_configure': False, 'cmake_target': None, 'cmake_target_skip_unavailable': False, 'install_base': '/home/om/ros2_ws/install/trac_ik_lib', 'merge_install': False, 'path': '/home/om/ros2_ws/src/trac_ik/trac_ik_lib', 'symlink_install': False, 'test_result_base': None}
[0.422s] Level 5:colcon.colcon_core.verb:set package 'ur5_controller' build argument 'cmake_args' from command line to 'None'
[0.422s] Level 5:colcon.colcon_core.verb:set package 'ur5_controller' build argument 'cmake_target' from command line to 'None'
[0.422s] Level 5:colcon.colcon_core.verb:set package 'ur5_controller' build argument 'cmake_target_skip_unavailable' from command line to 'False'
[0.422s] Level 5:colcon.colcon_core.verb:set package 'ur5_controller' build argument 'cmake_clean_cache' from command line to 'False'
[0.422s] Level 5:colcon.colcon_core.verb:set package 'ur5_controller' build argument 'cmake_clean_first' from command line to 'False'
[0.422s] Level 5:colcon.colcon_core.verb:set package 'ur5_controller' build argument 'cmake_force_configure' from command line to 'False'
[0.422s] Level 5:colcon.colcon_core.verb:set package 'ur5_controller' build argument 'ament_cmake_args' from command line to 'None'
[0.422s] Level 5:colcon.colcon_core.verb:set package 'ur5_controller' build argument 'catkin_cmake_args' from command line to 'None'
[0.422s] Level 5:colcon.colcon_core.verb:set package 'ur5_controller' build argument 'catkin_skip_building_tests' from command line to 'False'
[0.422s] DEBUG:colcon.colcon_core.verb:Building package 'ur5_controller' with the following arguments: {'ament_cmake_args': None, 'build_base': '/home/om/ros2_ws/build/ur5_controller', 'catkin_cmake_args': None, 'catkin_skip_building_tests': False, 'cmake_args': None, 'cmake_clean_cache': False, 'cmake_clean_first': False, 'cmake_force_configure': False, 'cmake_target': None, 'cmake_target_skip_unavailable': False, 'install_base': '/home/om/ros2_ws/install/ur5_controller', 'merge_install': False, 'path': '/home/om/ros2_ws/src/ur5_controller', 'symlink_install': False, 'test_result_base': None}
[0.422s] Level 5:colcon.colcon_core.verb:set package 'ur_description' build argument 'cmake_args' from command line to 'None'
[0.422s] Level 5:colcon.colcon_core.verb:set package 'ur_description' build argument 'cmake_target' from command line to 'None'
[0.422s] Level 5:colcon.colcon_core.verb:set package 'ur_description' build argument 'cmake_target_skip_unavailable' from command line to 'False'
[0.422s] Level 5:colcon.colcon_core.verb:set package 'ur_description' build argument 'cmake_clean_cache' from command line to 'False'
[0.423s] Level 5:colcon.colcon_core.verb:set package 'ur_description' build argument 'cmake_clean_first' from command line to 'False'
[0.423s] Level 5:colcon.colcon_core.verb:set package 'ur_description' build argument 'cmake_force_configure' from command line to 'False'
[0.423s] Level 5:colcon.colcon_core.verb:set package 'ur_description' build argument 'ament_cmake_args' from command line to 'None'
[0.423s] Level 5:colcon.colcon_core.verb:set package 'ur_description' build argument 'catkin_cmake_args' from command line to 'None'
[0.423s] Level 5:colcon.colcon_core.verb:set package 'ur_description' build argument 'catkin_skip_building_tests' from command line to 'False'
[0.423s] DEBUG:colcon.colcon_core.verb:Building package 'ur_description' with the following arguments: {'ament_cmake_args': None, 'build_base': '/home/om/ros2_ws/build/ur_description', 'catkin_cmake_args': None, 'catkin_skip_building_tests': False, 'cmake_args': None, 'cmake_clean_cache': False, 'cmake_clean_first': False, 'cmake_force_configure': False, 'cmake_target': None, 'cmake_target_skip_unavailable': False, 'install_base': '/home/om/ros2_ws/install/ur_description', 'merge_install': False, 'path': '/home/om/ros2_ws/src/ur_description', 'symlink_install': False, 'test_result_base': None}
[0.423s] Level 5:colcon.colcon_core.verb:set package 'trac_ik_examples' build argument 'cmake_args' from command line to 'None'
[0.423s] Level 5:colcon.colcon_core.verb:set package 'trac_ik_examples' build argument 'cmake_target' from command line to 'None'
[0.423s] Level 5:colcon.colcon_core.verb:set package 'trac_ik_examples' build argument 'cmake_target_skip_unavailable' from command line to 'False'
[0.423s] Level 5:colcon.colcon_core.verb:set package 'trac_ik_examples' build argument 'cmake_clean_cache' from command line to 'False'
[0.423s] Level 5:colcon.colcon_core.verb:set package 'trac_ik_examples' build argument 'cmake_clean_first' from command line to 'False'
[0.423s] Level 5:colcon.colcon_core.verb:set package 'trac_ik_examples' build argument 'cmake_force_configure' from command line to 'False'
[0.423s] Level 5:colcon.colcon_core.verb:set package 'trac_ik_examples' build argument 'ament_cmake_args' from command line to 'None'
[0.423s] Level 5:colcon.colcon_core.verb:set package 'trac_ik_examples' build argument 'catkin_cmake_args' from command line to 'None'
[0.423s] Level 5:colcon.colcon_core.verb:set package 'trac_ik_examples' build argument 'catkin_skip_building_tests' from command line to 'False'
[0.423s] DEBUG:colcon.colcon_core.verb:Building package 'trac_ik_examples' with the following arguments: {'ament_cmake_args': None, 'build_base': '/home/om/ros2_ws/build/trac_ik_examples', 'catkin_cmake_args': None, 'catkin_skip_building_tests': False, 'cmake_args': None, 'cmake_clean_cache': False, 'cmake_clean_first': False, 'cmake_force_configure': False, 'cmake_target': None, 'cmake_target_skip_unavailable': False, 'install_base': '/home/om/ros2_ws/install/trac_ik_examples', 'merge_install': False, 'path': '/home/om/ros2_ws/src/trac_ik/trac_ik_examples', 'symlink_install': False, 'test_result_base': None}
[0.424s] Level 5:colcon.colcon_core.verb:set package 'trac_ik' build argument 'cmake_args' from command line to 'None'
[0.424s] Level 5:colcon.colcon_core.verb:set package 'trac_ik' build argument 'cmake_target' from command line to 'None'
[0.424s] Level 5:colcon.colcon_core.verb:set package 'trac_ik' build argument 'cmake_target_skip_unavailable' from command line to 'False'
[0.424s] Level 5:colcon.colcon_core.verb:set package 'trac_ik' build argument 'cmake_clean_cache' from command line to 'False'
[0.424s] Level 5:colcon.colcon_core.verb:set package 'trac_ik' build argument 'cmake_clean_first' from command line to 'False'
[0.424s] Level 5:colcon.colcon_core.verb:set package 'trac_ik' build argument 'cmake_force_configure' from command line to 'False'
[0.424s] Level 5:colcon.colcon_core.verb:set package 'trac_ik' build argument 'ament_cmake_args' from command line to 'None'
[0.424s] Level 5:colcon.colcon_core.verb:set package 'trac_ik' build argument 'catkin_cmake_args' from command line to 'None'
[0.424s] Level 5:colcon.colcon_core.verb:set package 'trac_ik' build argument 'catkin_skip_building_tests' from command line to 'False'
[0.424s] DEBUG:colcon.colcon_core.verb:Building package 'trac_ik' with the following arguments: {'ament_cmake_args': None, 'build_base': '/home/om/ros2_ws/build/trac_ik', 'catkin_cmake_args': None, 'catkin_skip_building_tests': False, 'cmake_args': None, 'cmake_clean_cache': False, 'cmake_clean_first': False, 'cmake_force_configure': False, 'cmake_target': None, 'cmake_target_skip_unavailable': False, 'install_base': '/home/om/ros2_ws/install/trac_ik', 'merge_install': False, 'path': '/home/om/ros2_ws/src/trac_ik/trac_ik', 'symlink_install': False, 'test_result_base': None}
[0.424s] INFO:colcon.colcon_core.executor:Executing jobs using 'parallel' executor
[0.425s] DEBUG:colcon.colcon_parallel_executor.executor.parallel:run_until_complete
[0.426s] INFO:colcon.colcon_ros.task.ament_cmake.build:Building ROS package in '/home/om/ros2_ws/src/trac_ik/trac_ik_lib' with build type 'ament_cmake'
[0.426s] INFO:colcon.colcon_cmake.task.cmake.build:Building CMake package in '/home/om/ros2_ws/src/trac_ik/trac_ik_lib'
[0.428s] INFO:colcon.colcon_core.plugin_system:Skipping extension 'colcon_core.shell.bat': Not used on non-Windows systems
[0.428s] INFO:colcon.colcon_core.shell:Skip shell extension 'powershell' for command environment: Not usable outside of PowerShell
[0.428s] DEBUG:colcon.colcon_core.shell:Skip shell extension 'dsv' for command environment
[0.432s] INFO:colcon.colcon_ros.task.ament_cmake.build:Building ROS package in '/home/om/ros2_ws/src/ur5_controller' with build type 'ament_cmake'
[0.432s] INFO:colcon.colcon_cmake.task.cmake.build:Building CMake package in '/home/om/ros2_ws/src/ur5_controller'
[0.432s] INFO:colcon.colcon_core.shell:Skip shell extension 'powershell' for command environment: Not usable outside of PowerShell
[0.432s] DEBUG:colcon.colcon_core.shell:Skip shell extension 'dsv' for command environment
[0.436s] INFO:colcon.colcon_ros.task.ament_cmake.build:Building ROS package in '/home/om/ros2_ws/src/ur_description' with build type 'ament_cmake'
[0.436s] INFO:colcon.colcon_cmake.task.cmake.build:Building CMake package in '/home/om/ros2_ws/src/ur_description'
[0.436s] INFO:colcon.colcon_core.shell:Skip shell extension 'powershell' for command environment: Not usable outside of PowerShell
[0.436s] DEBUG:colcon.colcon_core.shell:Skip shell extension 'dsv' for command environment
[0.446s] DEBUG:colcon.colcon_core.event_handler.log_command:Invoking command in '/home/om/ros2_ws/build/trac_ik_lib': CMAKE_PREFIX_PATH=/opt/ros/humble /usr/bin/cmake --build /home/om/ros2_ws/build/trac_ik_lib -- -j8 -l8
[0.452s] DEBUG:colcon.colcon_core.event_handler.log_command:Invoking command in '/home/om/ros2_ws/build/ur5_controller': CMAKE_PREFIX_PATH=/opt/ros/humble /usr/bin/cmake --build /home/om/ros2_ws/build/ur5_controller -- -j8 -l8
[0.455s] DEBUG:colcon.colcon_core.event_handler.log_command:Invoking command in '/home/om/ros2_ws/build/ur_description': CMAKE_PREFIX_PATH=/opt/ros/humble /usr/bin/cmake --build /home/om/ros2_ws/build/ur_description -- -j8 -l8
[0.500s] DEBUG:colcon.colcon_core.event_handler.log_command:Invoked command in '/home/om/ros2_ws/build/ur_description' returned '0': CMAKE_PREFIX_PATH=/opt/ros/humble /usr/bin/cmake --build /home/om/ros2_ws/build/ur_description -- -j8 -l8
[0.524s] DEBUG:colcon.colcon_core.event_handler.log_command:Invoked command in '/home/om/ros2_ws/build/trac_ik_lib' returned '0': CMAKE_PREFIX_PATH=/opt/ros/humble /usr/bin/cmake --build /home/om/ros2_ws/build/trac_ik_lib -- -j8 -l8
[0.536s] DEBUG:colcon.colcon_core.event_handler.log_command:Invoking command in '/home/om/ros2_ws/build/ur_description': CMAKE_PREFIX_PATH=/opt/ros/humble /usr/bin/cmake --install /home/om/ros2_ws/build/ur_description
[0.551s] Level 1:colcon.colcon_core.environment:create_environment_scripts_only(ur_description)
[0.556s] Level 1:colcon.colcon_core.environment:checking '/home/om/ros2_ws/install/ur_description' for CMake module files
[0.557s] Level 1:colcon.colcon_core.environment:checking '/home/om/ros2_ws/install/ur_description' for CMake config files
[0.559s] Level 1:colcon.colcon_core.shell:create_environment_hook('ur_description', 'cmake_prefix_path')
[0.560s] INFO:colcon.colcon_core.shell:Creating environment hook '/home/om/ros2_ws/install/ur_description/share/ur_description/hook/cmake_prefix_path.ps1'
[0.561s] INFO:colcon.colcon_core.shell:Creating environment descriptor '/home/om/ros2_ws/install/ur_description/share/ur_description/hook/cmake_prefix_path.dsv'
[0.562s] INFO:colcon.colcon_core.shell:Creating environment hook '/home/om/ros2_ws/install/ur_description/share/ur_description/hook/cmake_prefix_path.sh'
[0.563s] Level 1:colcon.colcon_core.environment:checking '/home/om/ros2_ws/install/ur_description/bin'
[0.563s] Level 1:colcon.colcon_core.environment:checking '/home/om/ros2_ws/install/ur_description/lib/pkgconfig/ur_description.pc'
[0.563s] Level 1:colcon.colcon_core.environment:checking '/home/om/ros2_ws/install/ur_description/lib/python3.10/site-packages'
[0.563s] Level 1:colcon.colcon_core.environment:checking '/home/om/ros2_ws/install/ur_description/bin'
[0.564s] INFO:colcon.colcon_core.shell:Creating package script '/home/om/ros2_ws/install/ur_description/share/ur_description/package.ps1'
[0.565s] INFO:colcon.colcon_core.shell:Creating package descriptor '/home/om/ros2_ws/install/ur_description/share/ur_description/package.dsv'
[0.566s] INFO:colcon.colcon_core.shell:Creating package script '/home/om/ros2_ws/install/ur_description/share/ur_description/package.sh'
[0.567s] INFO:colcon.colcon_core.shell:Creating package script '/home/om/ros2_ws/install/ur_description/share/ur_description/package.bash'
[0.568s] INFO:colcon.colcon_core.shell:Creating package script '/home/om/ros2_ws/install/ur_description/share/ur_description/package.zsh'
[0.570s] Level 1:colcon.colcon_core.environment:create_file_with_runtime_dependencies(/home/om/ros2_ws/install/ur_description/share/colcon-core/packages/ur_description)
[0.583s] DEBUG:colcon.colcon_core.event_handler.log_command:Invoked command in '/home/om/ros2_ws/build/ur_description' returned '0': CMAKE_PREFIX_PATH=/opt/ros/humble /usr/bin/cmake --install /home/om/ros2_ws/build/ur_description
[0.584s] DEBUG:colcon.colcon_core.event_handler.log_command:Invoking command in '/home/om/ros2_ws/build/trac_ik_lib': CMAKE_PREFIX_PATH=/opt/ros/humble /usr/bin/cmake --install /home/om/ros2_ws/build/trac_ik_lib
[0.587s] Level 1:colcon.colcon_core.environment:create_environment_scripts_only(trac_ik_lib)
[0.587s] Level 1:colcon.colcon_core.environment:checking '/home/om/ros2_ws/install/trac_ik_lib' for CMake module files
[0.588s] Level 1:colcon.colcon_core.environment:checking '/home/om/ros2_ws/install/trac_ik_lib' for CMake config files
[0.589s] DEBUG:colcon.colcon_core.event_handler.log_command:Invoked command in '/home/om/ros2_ws/build/trac_ik_lib' returned '0': CMAKE_PREFIX_PATH=/opt/ros/humble /usr/bin/cmake --install /home/om/ros2_ws/build/trac_ik_lib
[0.589s] Level 1:colcon.colcon_core.shell:create_environment_hook('trac_ik_lib', 'cmake_prefix_path')
[0.590s] INFO:colcon.colcon_core.shell:Creating environment hook '/home/om/ros2_ws/install/trac_ik_lib/share/trac_ik_lib/hook/cmake_prefix_path.ps1'
[0.590s] INFO:colcon.colcon_core.shell:Creating environment descriptor '/home/om/ros2_ws/install/trac_ik_lib/share/trac_ik_lib/hook/cmake_prefix_path.dsv'
[0.590s] INFO:colcon.colcon_core.shell:Creating environment hook '/home/om/ros2_ws/install/trac_ik_lib/share/trac_ik_lib/hook/cmake_prefix_path.sh'
[0.591s] Level 1:colcon.colcon_core.environment:checking '/home/om/ros2_ws/install/trac_ik_lib/lib'
[0.591s] Level 1:colcon.colcon_core.shell:create_environment_hook('trac_ik_lib', 'ld_library_path_lib')
[0.592s] INFO:colcon.colcon_core.shell:Creating environment hook '/home/om/ros2_ws/install/trac_ik_lib/share/trac_ik_lib/hook/ld_library_path_lib.ps1'
[0.592s] INFO:colcon.colcon_core.shell:Creating environment descriptor '/home/om/ros2_ws/install/trac_ik_lib/share/trac_ik_lib/hook/ld_library_path_lib.dsv'
[0.592s] INFO:colcon.colcon_core.shell:Creating environment hook '/home/om/ros2_ws/install/trac_ik_lib/share/trac_ik_lib/hook/ld_library_path_lib.sh'
[0.593s] Level 1:colcon.colcon_core.environment:checking '/home/om/ros2_ws/install/trac_ik_lib/bin'
[0.593s] Level 1:colcon.colcon_core.environment:checking '/home/om/ros2_ws/install/trac_ik_lib/lib/pkgconfig/trac_ik_lib.pc'
[0.593s] Level 1:colcon.colcon_core.environment:checking '/home/om/ros2_ws/install/trac_ik_lib/lib/python3.10/site-packages'
[0.593s] Level 1:colcon.colcon_core.environment:checking '/home/om/ros2_ws/install/trac_ik_lib/bin'
[0.594s] INFO:colcon.colcon_core.shell:Creating package script '/home/om/ros2_ws/install/trac_ik_lib/share/trac_ik_lib/package.ps1'
[0.594s] INFO:colcon.colcon_core.shell:Creating package descriptor '/home/om/ros2_ws/install/trac_ik_lib/share/trac_ik_lib/package.dsv'
[0.595s] INFO:colcon.colcon_core.shell:Creating package script '/home/om/ros2_ws/install/trac_ik_lib/share/trac_ik_lib/package.sh'
[0.595s] INFO:colcon.colcon_core.shell:Creating package script '/home/om/ros2_ws/install/trac_ik_lib/share/trac_ik_lib/package.bash'
[0.595s] INFO:colcon.colcon_core.shell:Creating package script '/home/om/ros2_ws/install/trac_ik_lib/share/trac_ik_lib/package.zsh'
[0.596s] Level 1:colcon.colcon_core.environment:create_file_with_runtime_dependencies(/home/om/ros2_ws/install/trac_ik_lib/share/colcon-core/packages/trac_ik_lib)
[0.598s] Level 1:colcon.colcon_core.environment:create_environment_scripts_only(ur_description)
[0.598s] Level 1:colcon.colcon_core.environment:checking '/home/om/ros2_ws/install/ur_description' for CMake module files
[0.598s] Level 1:colcon.colcon_core.environment:checking '/home/om/ros2_ws/install/ur_description' for CMake config files
[0.599s] Level 1:colcon.colcon_core.shell:create_environment_hook('ur_description', 'cmake_prefix_path')
[0.599s] INFO:colcon.colcon_core.shell:Creating environment hook '/home/om/ros2_ws/install/ur_description/share/ur_description/hook/cmake_prefix_path.ps1'
[0.600s] INFO:colcon.colcon_core.shell:Creating environment descriptor '/home/om/ros2_ws/install/ur_description/share/ur_description/hook/cmake_prefix_path.dsv'
[0.600s] INFO:colcon.colcon_core.shell:Creating environment hook '/home/om/ros2_ws/install/ur_description/share/ur_description/hook/cmake_prefix_path.sh'
[0.601s] Level 1:colcon.colcon_core.environment:checking '/home/om/ros2_ws/install/ur_description/bin'
[0.601s] Level 1:colcon.colcon_core.environment:checking '/home/om/ros2_ws/install/ur_description/lib/pkgconfig/ur_description.pc'
[0.601s] Level 1:colcon.colcon_core.environment:checking '/home/om/ros2_ws/install/ur_description/lib/python3.10/site-packages'
[0.601s] Level 1:colcon.colcon_core.environment:checking '/home/om/ros2_ws/install/ur_description/bin'
[0.602s] INFO:colcon.colcon_core.shell:Creating package script '/home/om/ros2_ws/install/ur_description/share/ur_description/package.ps1'
[0.602s] INFO:colcon.colcon_core.shell:Creating package descriptor '/home/om/ros2_ws/install/ur_description/share/ur_description/package.dsv'
[0.603s] INFO:colcon.colcon_core.shell:Creating package script '/home/om/ros2_ws/install/ur_description/share/ur_description/package.sh'
[0.603s] INFO:colcon.colcon_core.shell:Creating package script '/home/om/ros2_ws/install/ur_description/share/ur_description/package.bash'
[0.603s] INFO:colcon.colcon_core.shell:Creating package script '/home/om/ros2_ws/install/ur_description/share/ur_description/package.zsh'
[0.604s] Level 1:colcon.colcon_core.environment:create_file_with_runtime_dependencies(/home/om/ros2_ws/install/ur_description/share/colcon-core/packages/ur_description)
[0.628s] Level 1:colcon.colcon_core.environment:create_environment_scripts_only(trac_ik_lib)
[0.629s] Level 1:colcon.colcon_core.environment:checking '/home/om/ros2_ws/install/trac_ik_lib' for CMake module files
[0.629s] Level 1:colcon.colcon_core.environment:checking '/home/om/ros2_ws/install/trac_ik_lib' for CMake config files
[0.630s] Level 1:colcon.colcon_core.shell:create_environment_hook('trac_ik_lib', 'cmake_prefix_path')
[0.630s] INFO:colcon.colcon_core.shell:Creating environment hook '/home/om/ros2_ws/install/trac_ik_lib/share/trac_ik_lib/hook/cmake_prefix_path.ps1'
[0.630s] INFO:colcon.colcon_core.shell:Creating environment descriptor '/home/om/ros2_ws/install/trac_ik_lib/share/trac_ik_lib/hook/cmake_prefix_path.dsv'
[0.631s] INFO:colcon.colcon_core.shell:Creating environment hook '/home/om/ros2_ws/install/trac_ik_lib/share/trac_ik_lib/hook/cmake_prefix_path.sh'
[0.631s] Level 1:colcon.colcon_core.environment:checking '/home/om/ros2_ws/install/trac_ik_lib/lib'
[0.631s] Level 1:colcon.colcon_core.shell:create_environment_hook('trac_ik_lib', 'ld_library_path_lib')
[0.631s] INFO:colcon.colcon_core.shell:Creating environment hook '/home/om/ros2_ws/install/trac_ik_lib/share/trac_ik_lib/hook/ld_library_path_lib.ps1'
[0.632s] INFO:colcon.colcon_core.shell:Creating environment descriptor '/home/om/ros2_ws/install/trac_ik_lib/share/trac_ik_lib/hook/ld_library_path_lib.dsv'
[0.632s] INFO:colcon.colcon_core.shell:Creating environment hook '/home/om/ros2_ws/install/trac_ik_lib/share/trac_ik_lib/hook/ld_library_path_lib.sh'
[0.633s] Level 1:colcon.colcon_core.environment:checking '/home/om/ros2_ws/install/trac_ik_lib/bin'
[0.633s] Level 1:colcon.colcon_core.environment:checking '/home/om/ros2_ws/install/trac_ik_lib/lib/pkgconfig/trac_ik_lib.pc'
[0.633s] Level 1:colcon.colcon_core.environment:checking '/home/om/ros2_ws/install/trac_ik_lib/lib/python3.10/site-packages'
[0.633s] Level 1:colcon.colcon_core.environment:checking '/home/om/ros2_ws/install/trac_ik_lib/bin'
[0.634s] INFO:colcon.colcon_core.shell:Creating package script '/home/om/ros2_ws/install/trac_ik_lib/share/trac_ik_lib/package.ps1'
[0.634s] INFO:colcon.colcon_core.shell:Creating package descriptor '/home/om/ros2_ws/install/trac_ik_lib/share/trac_ik_lib/package.dsv'
[0.635s] INFO:colcon.colcon_core.shell:Creating package script '/home/om/ros2_ws/install/trac_ik_lib/share/trac_ik_lib/package.sh'
[0.635s] INFO:colcon.colcon_core.shell:Creating package script '/home/om/ros2_ws/install/trac_ik_lib/share/trac_ik_lib/package.bash'
[0.635s] INFO:colcon.colcon_core.shell:Creating package script '/home/om/ros2_ws/install/trac_ik_lib/share/trac_ik_lib/package.zsh'
[0.636s] Level 1:colcon.colcon_core.environment:create_file_with_runtime_dependencies(/home/om/ros2_ws/install/trac_ik_lib/share/colcon-core/packages/trac_ik_lib)
[0.636s] INFO:colcon.colcon_ros.task.ament_cmake.build:Building ROS package in '/home/om/ros2_ws/src/trac_ik/trac_ik_examples' with build type 'ament_cmake'
[0.636s] INFO:colcon.colcon_cmake.task.cmake.build:Building CMake package in '/home/om/ros2_ws/src/trac_ik/trac_ik_examples'
[0.637s] INFO:colcon.colcon_core.shell:Skip shell extension 'powershell' for command environment: Not usable outside of PowerShell
[0.637s] DEBUG:colcon.colcon_core.shell:Skip shell extension 'dsv' for command environment
[0.648s] DEBUG:colcon.colcon_core.event_handler.log_command:Invoking command in '/home/om/ros2_ws/build/trac_ik_examples': AMENT_PREFIX_PATH=/home/om/ros2_ws/install/trac_ik_lib:${AMENT_PREFIX_PATH} CMAKE_PREFIX_PATH=/home/om/ros2_ws/install/trac_ik_lib:/opt/ros/humble LD_LIBRARY_PATH=/home/om/ros2_ws/install/trac_ik_lib/lib:${LD_LIBRARY_PATH} /usr/bin/cmake --build /home/om/ros2_ws/build/trac_ik_examples -- -j8 -l8
[0.725s] DEBUG:colcon.colcon_core.event_handler.log_command:Invoked command in '/home/om/ros2_ws/build/trac_ik_examples' returned '0': AMENT_PREFIX_PATH=/home/om/ros2_ws/install/trac_ik_lib:${AMENT_PREFIX_PATH} CMAKE_PREFIX_PATH=/home/om/ros2_ws/install/trac_ik_lib:/opt/ros/humble LD_LIBRARY_PATH=/home/om/ros2_ws/install/trac_ik_lib/lib:${LD_LIBRARY_PATH} /usr/bin/cmake --build /home/om/ros2_ws/build/trac_ik_examples -- -j8 -l8
[0.755s] DEBUG:colcon.colcon_core.event_handler.log_command:Invoking command in '/home/om/ros2_ws/build/trac_ik_examples': AMENT_PREFIX_PATH=/home/om/ros2_ws/install/trac_ik_lib:${AMENT_PREFIX_PATH} CMAKE_PREFIX_PATH=/home/om/ros2_ws/install/trac_ik_lib:/opt/ros/humble LD_LIBRARY_PATH=/home/om/ros2_ws/install/trac_ik_lib/lib:${LD_LIBRARY_PATH} /usr/bin/cmake --install /home/om/ros2_ws/build/trac_ik_examples
[0.766s] Level 1:colcon.colcon_core.environment:create_environment_scripts_only(trac_ik_examples)
[0.766s] Level 1:colcon.colcon_core.environment:checking '/home/om/ros2_ws/install/trac_ik_examples' for CMake module files
[0.767s] DEBUG:colcon.colcon_core.event_handler.log_command:Invoked command in '/home/om/ros2_ws/build/trac_ik_examples' returned '0': AMENT_PREFIX_PATH=/home/om/ros2_ws/install/trac_ik_lib:${AMENT_PREFIX_PATH} CMAKE_PREFIX_PATH=/home/om/ros2_ws/install/trac_ik_lib:/opt/ros/humble LD_LIBRARY_PATH=/home/om/ros2_ws/install/trac_ik_lib/lib:${LD_LIBRARY_PATH} /usr/bin/cmake --install /home/om/ros2_ws/build/trac_ik_examples
[0.767s] Level 1:colcon.colcon_core.environment:checking '/home/om/ros2_ws/install/trac_ik_examples' for CMake config files
[0.768s] Level 1:colcon.colcon_core.shell:create_environment_hook('trac_ik_examples', 'cmake_prefix_path')
[0.768s] INFO:colcon.colcon_core.shell:Creating environment hook '/home/om/ros2_ws/install/trac_ik_examples/share/trac_ik_examples/hook/cmake_prefix_path.ps1'
[0.768s] INFO:colcon.colcon_core.shell:Creating environment descriptor '/home/om/ros2_ws/install/trac_ik_examples/share/trac_ik_examples/hook/cmake_prefix_path.dsv'
[0.769s] INFO:colcon.colcon_core.shell:Creating environment hook '/home/om/ros2_ws/install/trac_ik_examples/share/trac_ik_examples/hook/cmake_prefix_path.sh'
[0.769s] Level 1:colcon.colcon_core.environment:checking '/home/om/ros2_ws/install/trac_ik_examples/lib'
[0.769s] Level 1:colcon.colcon_core.environment:checking '/home/om/ros2_ws/install/trac_ik_examples/bin'
[0.769s] Level 1:colcon.colcon_core.environment:checking '/home/om/ros2_ws/install/trac_ik_examples/lib/pkgconfig/trac_ik_examples.pc'
[0.769s] Level 1:colcon.colcon_core.environment:checking '/home/om/ros2_ws/install/trac_ik_examples/lib/python3.10/site-packages'
[0.770s] Level 1:colcon.colcon_core.environment:checking '/home/om/ros2_ws/install/trac_ik_examples/bin'
[0.770s] INFO:colcon.colcon_core.shell:Creating package script '/home/om/ros2_ws/install/trac_ik_examples/share/trac_ik_examples/package.ps1'
[0.771s] INFO:colcon.colcon_core.shell:Creating package descriptor '/home/om/ros2_ws/install/trac_ik_examples/share/trac_ik_examples/package.dsv'
[0.771s] INFO:colcon.colcon_core.shell:Creating package script '/home/om/ros2_ws/install/trac_ik_examples/share/trac_ik_examples/package.sh'
[0.771s] INFO:colcon.colcon_core.shell:Creating package script '/home/om/ros2_ws/install/trac_ik_examples/share/trac_ik_examples/package.bash'
[0.772s] INFO:colcon.colcon_core.shell:Creating package script '/home/om/ros2_ws/install/trac_ik_examples/share/trac_ik_examples/package.zsh'
[0.772s] Level 1:colcon.colcon_core.environment:create_file_with_runtime_dependencies(/home/om/ros2_ws/install/trac_ik_examples/share/colcon-core/packages/trac_ik_examples)
[0.802s] Level 1:colcon.colcon_core.environment:create_environment_scripts_only(trac_ik_examples)
[0.802s] Level 1:colcon.colcon_core.environment:checking '/home/om/ros2_ws/install/trac_ik_examples' for CMake module files
[0.803s] Level 1:colcon.colcon_core.environment:checking '/home/om/ros2_ws/install/trac_ik_examples' for CMake config files
[0.803s] Level 1:colcon.colcon_core.shell:create_environment_hook('trac_ik_examples', 'cmake_prefix_path')
[0.803s] INFO:colcon.colcon_core.shell:Creating environment hook '/home/om/ros2_ws/install/trac_ik_examples/share/trac_ik_examples/hook/cmake_prefix_path.ps1'
[0.804s] INFO:colcon.colcon_core.shell:Creating environment descriptor '/home/om/ros2_ws/install/trac_ik_examples/share/trac_ik_examples/hook/cmake_prefix_path.dsv'
[0.805s] INFO:colcon.colcon_core.shell:Creating environment hook '/home/om/ros2_ws/install/trac_ik_examples/share/trac_ik_examples/hook/cmake_prefix_path.sh'
[0.805s] Level 1:colcon.colcon_core.environment:checking '/home/om/ros2_ws/install/trac_ik_examples/lib'
[0.805s] Level 1:colcon.colcon_core.environment:checking '/home/om/ros2_ws/install/trac_ik_examples/bin'
[0.805s] Level 1:colcon.colcon_core.environment:checking '/home/om/ros2_ws/install/trac_ik_examples/lib/pkgconfig/trac_ik_examples.pc'
[0.806s] Level 1:colcon.colcon_core.environment:checking '/home/om/ros2_ws/install/trac_ik_examples/lib/python3.10/site-packages'
[0.806s] Level 1:colcon.colcon_core.environment:checking '/home/om/ros2_ws/install/trac_ik_examples/bin'
[0.806s] INFO:colcon.colcon_core.shell:Creating package script '/home/om/ros2_ws/install/trac_ik_examples/share/trac_ik_examples/package.ps1'
[0.807s] INFO:colcon.colcon_core.shell:Creating package descriptor '/home/om/ros2_ws/install/trac_ik_examples/share/trac_ik_examples/package.dsv'
[0.807s] INFO:colcon.colcon_core.shell:Creating package script '/home/om/ros2_ws/install/trac_ik_examples/share/trac_ik_examples/package.sh'
[0.808s] INFO:colcon.colcon_core.shell:Creating package script '/home/om/ros2_ws/install/trac_ik_examples/share/trac_ik_examples/package.bash'
[0.809s] INFO:colcon.colcon_core.shell:Creating package script '/home/om/ros2_ws/install/trac_ik_examples/share/trac_ik_examples/package.zsh'
[0.809s] Level 1:colcon.colcon_core.environment:create_file_with_runtime_dependencies(/home/om/ros2_ws/install/trac_ik_examples/share/colcon-core/packages/trac_ik_examples)
[0.810s] INFO:colcon.colcon_ros.task.ament_cmake.build:Building ROS package in '/home/om/ros2_ws/src/trac_ik/trac_ik' with build type 'ament_cmake'
[0.810s] INFO:colcon.colcon_cmake.task.cmake.build:Building CMake package in '/home/om/ros2_ws/src/trac_ik/trac_ik'
[0.810s] INFO:colcon.colcon_core.shell:Skip shell extension 'powershell' for command environment: Not usable outside of PowerShell
[0.810s] DEBUG:colcon.colcon_core.shell:Skip shell extension 'dsv' for command environment
[0.824s] DEBUG:colcon.colcon_core.event_handler.log_command:Invoking command in '/home/om/ros2_ws/build/trac_ik': AMENT_PREFIX_PATH=/home/om/ros2_ws/install/trac_ik_examples:/home/om/ros2_ws/install/trac_ik_lib:${AMENT_PREFIX_PATH} CMAKE_PREFIX_PATH=/home/om/ros2_ws/install/trac_ik_examples:/home/om/ros2_ws/install/trac_ik_lib:/opt/ros/humble LD_LIBRARY_PATH=/home/om/ros2_ws/install/trac_ik_lib/lib:${LD_LIBRARY_PATH} /usr/bin/cmake --build /home/om/ros2_ws/build/trac_ik -- -j8 -l8
[0.867s] DEBUG:colcon.colcon_core.event_handler.log_command:Invoked command in '/home/om/ros2_ws/build/trac_ik' returned '0': AMENT_PREFIX_PATH=/home/om/ros2_ws/install/trac_ik_examples:/home/om/ros2_ws/install/trac_ik_lib:${AMENT_PREFIX_PATH} CMAKE_PREFIX_PATH=/home/om/ros2_ws/install/trac_ik_examples:/home/om/ros2_ws/install/trac_ik_lib:/opt/ros/humble LD_LIBRARY_PATH=/home/om/ros2_ws/install/trac_ik_lib/lib:${LD_LIBRARY_PATH} /usr/bin/cmake --build /home/om/ros2_ws/build/trac_ik -- -j8 -l8
[0.892s] DEBUG:colcon.colcon_core.event_handler.log_command:Invoking command in '/home/om/ros2_ws/build/trac_ik': AMENT_PREFIX_PATH=/home/om/ros2_ws/install/trac_ik_examples:/home/om/ros2_ws/install/trac_ik_lib:${AMENT_PREFIX_PATH} CMAKE_PREFIX_PATH=/home/om/ros2_ws/install/trac_ik_examples:/home/om/ros2_ws/install/trac_ik_lib:/opt/ros/humble LD_LIBRARY_PATH=/home/om/ros2_ws/install/trac_ik_lib/lib:${LD_LIBRARY_PATH} /usr/bin/cmake --install /home/om/ros2_ws/build/trac_ik
[0.903s] Level 1:colcon.colcon_core.environment:create_environment_scripts_only(trac_ik)
[0.903s] Level 1:colcon.colcon_core.environment:checking '/home/om/ros2_ws/install/trac_ik' for CMake module files
[0.904s] DEBUG:colcon.colcon_core.event_handler.log_command:Invoked command in '/home/om/ros2_ws/build/trac_ik' returned '0': AMENT_PREFIX_PATH=/home/om/ros2_ws/install/trac_ik_examples:/home/om/ros2_ws/install/trac_ik_lib:${AMENT_PREFIX_PATH} CMAKE_PREFIX_PATH=/home/om/ros2_ws/install/trac_ik_examples:/home/om/ros2_ws/install/trac_ik_lib:/opt/ros/humble LD_LIBRARY_PATH=/home/om/ros2_ws/install/trac_ik_lib/lib:${LD_LIBRARY_PATH} /usr/bin/cmake --install /home/om/ros2_ws/build/trac_ik
[0.904s] Level 1:colcon.colcon_core.environment:checking '/home/om/ros2_ws/install/trac_ik' for CMake config files
[0.904s] Level 1:colcon.colcon_core.shell:create_environment_hook('trac_ik', 'cmake_prefix_path')
[0.904s] INFO:colcon.colcon_core.shell:Creating environment hook '/home/om/ros2_ws/install/trac_ik/share/trac_ik/hook/cmake_prefix_path.ps1'
[0.905s] INFO:colcon.colcon_core.shell:Creating environment descriptor '/home/om/ros2_ws/install/trac_ik/share/trac_ik/hook/cmake_prefix_path.dsv'
[0.905s] INFO:colcon.colcon_core.shell:Creating environment hook '/home/om/ros2_ws/install/trac_ik/share/trac_ik/hook/cmake_prefix_path.sh'
[0.906s] Level 1:colcon.colcon_core.environment:checking '/home/om/ros2_ws/install/trac_ik/bin'
[0.906s] Level 1:colcon.colcon_core.environment:checking '/home/om/ros2_ws/install/trac_ik/lib/pkgconfig/trac_ik.pc'
[0.906s] Level 1:colcon.colcon_core.environment:checking '/home/om/ros2_ws/install/trac_ik/lib/python3.10/site-packages'
[0.906s] Level 1:colcon.colcon_core.environment:checking '/home/om/ros2_ws/install/trac_ik/bin'
[0.906s] INFO:colcon.colcon_core.shell:Creating package script '/home/om/ros2_ws/install/trac_ik/share/trac_ik/package.ps1'
[0.907s] INFO:colcon.colcon_core.shell:Creating package descriptor '/home/om/ros2_ws/install/trac_ik/share/trac_ik/package.dsv'
[0.907s] INFO:colcon.colcon_core.shell:Creating package script '/home/om/ros2_ws/install/trac_ik/share/trac_ik/package.sh'
[0.908s] INFO:colcon.colcon_core.shell:Creating package script '/home/om/ros2_ws/install/trac_ik/share/trac_ik/package.bash'
[0.908s] INFO:colcon.colcon_core.shell:Creating package script '/home/om/ros2_ws/install/trac_ik/share/trac_ik/package.zsh'
[0.909s] Level 1:colcon.colcon_core.environment:create_file_with_runtime_dependencies(/home/om/ros2_ws/install/trac_ik/share/colcon-core/packages/trac_ik)
[0.932s] Level 1:colcon.colcon_core.environment:create_environment_scripts_only(trac_ik)
[0.933s] Level 1:colcon.colcon_core.environment:checking '/home/om/ros2_ws/install/trac_ik' for CMake module files
[0.933s] Level 1:colcon.colcon_core.environment:checking '/home/om/ros2_ws/install/trac_ik' for CMake config files
[0.933s] Level 1:colcon.colcon_core.shell:create_environment_hook('trac_ik', 'cmake_prefix_path')
[0.934s] INFO:colcon.colcon_core.shell:Creating environment hook '/home/om/ros2_ws/install/trac_ik/share/trac_ik/hook/cmake_prefix_path.ps1'
[0.934s] INFO:colcon.colcon_core.shell:Creating environment descriptor '/home/om/ros2_ws/install/trac_ik/share/trac_ik/hook/cmake_prefix_path.dsv'
[0.934s] INFO:colcon.colcon_core.shell:Creating environment hook '/home/om/ros2_ws/install/trac_ik/share/trac_ik/hook/cmake_prefix_path.sh'
[0.935s] Level 1:colcon.colcon_core.environment:checking '/home/om/ros2_ws/install/trac_ik/bin'
[0.935s] Level 1:colcon.colcon_core.environment:checking '/home/om/ros2_ws/install/trac_ik/lib/pkgconfig/trac_ik.pc'
[0.935s] Level 1:colcon.colcon_core.environment:checking '/home/om/ros2_ws/install/trac_ik/lib/python3.10/site-packages'
[0.935s] Level 1:colcon.colcon_core.environment:checking '/home/om/ros2_ws/install/trac_ik/bin'
[0.936s] INFO:colcon.colcon_core.shell:Creating package script '/home/om/ros2_ws/install/trac_ik/share/trac_ik/package.ps1'
[0.936s] INFO:colcon.colcon_core.shell:Creating package descriptor '/home/om/ros2_ws/install/trac_ik/share/trac_ik/package.dsv'
[0.937s] INFO:colcon.colcon_core.shell:Creating package script '/home/om/ros2_ws/install/trac_ik/share/trac_ik/package.sh'
[0.937s] INFO:colcon.colcon_core.shell:Creating package script '/home/om/ros2_ws/install/trac_ik/share/trac_ik/package.bash'
[0.938s] INFO:colcon.colcon_core.shell:Creating package script '/home/om/ros2_ws/install/trac_ik/share/trac_ik/package.zsh'
[0.938s] Level 1:colcon.colcon_core.environment:create_file_with_runtime_dependencies(/home/om/ros2_ws/install/trac_ik/share/colcon-core/packages/trac_ik)
[7.055s] DEBUG:colcon.colcon_core.event_handler.log_command:Invoked command in '/home/om/ros2_ws/build/ur5_controller' returned '0': CMAKE_PREFIX_PATH=/opt/ros/humble /usr/bin/cmake --build /home/om/ros2_ws/build/ur5_controller -- -j8 -l8
[7.093s] DEBUG:colcon.colcon_core.event_handler.log_command:Invoking command in '/home/om/ros2_ws/build/ur5_controller': CMAKE_PREFIX_PATH=/opt/ros/humble /usr/bin/cmake --install /home/om/ros2_ws/build/ur5_controller
[7.105s] Level 1:colcon.colcon_core.environment:create_environment_scripts_only(ur5_controller)
[7.106s] Level 1:colcon.colcon_core.environment:checking '/home/om/ros2_ws/install/ur5_controller' for CMake module files
[7.106s] DEBUG:colcon.colcon_core.event_handler.log_command:Invoked command in '/home/om/ros2_ws/build/ur5_controller' returned '0': CMAKE_PREFIX_PATH=/opt/ros/humble /usr/bin/cmake --install /home/om/ros2_ws/build/ur5_controller
[7.107s] Level 1:colcon.colcon_core.environment:checking '/home/om/ros2_ws/install/ur5_controller' for CMake config files
[7.107s] Level 1:colcon.colcon_core.shell:create_environment_hook('ur5_controller', 'cmake_prefix_path')
[7.107s] INFO:colcon.colcon_core.shell:Creating environment hook '/home/om/ros2_ws/install/ur5_controller/share/ur5_controller/hook/cmake_prefix_path.ps1'
[7.107s] INFO:colcon.colcon_core.shell:Creating environment descriptor '/home/om/ros2_ws/install/ur5_controller/share/ur5_controller/hook/cmake_prefix_path.dsv'
[7.108s] INFO:colcon.colcon_core.shell:Creating environment hook '/home/om/ros2_ws/install/ur5_controller/share/ur5_controller/hook/cmake_prefix_path.sh'
[7.108s] Level 1:colcon.colcon_core.environment:checking '/home/om/ros2_ws/install/ur5_controller/lib'
[7.108s] Level 1:colcon.colcon_core.environment:checking '/home/om/ros2_ws/install/ur5_controller/bin'
[7.108s] Level 1:colcon.colcon_core.environment:checking '/home/om/ros2_ws/install/ur5_controller/lib/pkgconfig/ur5_controller.pc'
[7.109s] Level 1:colcon.colcon_core.environment:checking '/home/om/ros2_ws/install/ur5_controller/lib/python3.10/site-packages'
[7.109s] Level 1:colcon.colcon_core.environment:checking '/home/om/ros2_ws/install/ur5_controller/bin'
[7.109s] INFO:colcon.colcon_core.shell:Creating package script '/home/om/ros2_ws/install/ur5_controller/share/ur5_controller/package.ps1'
[7.110s] INFO:colcon.colcon_core.shell:Creating package descriptor '/home/om/ros2_ws/install/ur5_controller/share/ur5_controller/package.dsv'
[7.110s] INFO:colcon.colcon_core.shell:Creating package script '/home/om/ros2_ws/install/ur5_controller/share/ur5_controller/package.sh'
[7.111s] INFO:colcon.colcon_core.shell:Creating package script '/home/om/ros2_ws/install/ur5_controller/share/ur5_controller/package.bash'
[7.111s] INFO:colcon.colcon_core.shell:Creating package script '/home/om/ros2_ws/install/ur5_controller/share/ur5_controller/package.zsh'
[7.111s] Level 1:colcon.colcon_core.environment:create_file_with_runtime_dependencies(/home/om/ros2_ws/install/ur5_controller/share/colcon-core/packages/ur5_controller)
[7.146s] Level 1:colcon.colcon_core.environment:create_environment_scripts_only(ur5_controller)
[7.146s] Level 1:colcon.colcon_core.environment:checking '/home/om/ros2_ws/install/ur5_controller' for CMake module files
[7.147s] Level 1:colcon.colcon_core.environment:checking '/home/om/ros2_ws/install/ur5_controller' for CMake config files
[7.147s] Level 1:colcon.colcon_core.shell:create_environment_hook('ur5_controller', 'cmake_prefix_path')
[7.147s] INFO:colcon.colcon_core.shell:Creating environment hook '/home/om/ros2_ws/install/ur5_controller/share/ur5_controller/hook/cmake_prefix_path.ps1'
[7.147s] INFO:colcon.colcon_core.shell:Creating environment descriptor '/home/om/ros2_ws/install/ur5_controller/share/ur5_controller/hook/cmake_prefix_path.dsv'
[7.148s] INFO:colcon.colcon_core.shell:Creating environment hook '/home/om/ros2_ws/install/ur5_controller/share/ur5_controller/hook/cmake_prefix_path.sh'
[7.148s] Level 1:colcon.colcon_core.environment:checking '/home/om/ros2_ws/install/ur5_controller/lib'
[7.148s] Level 1:colcon.colcon_core.environment:checking '/home/om/ros2_ws/install/ur5_controller/bin'
[7.148s] Level 1:colcon.colcon_core.environment:checking '/home/om/ros2_ws/install/ur5_controller/lib/pkgconfig/ur5_controller.pc'
[7.149s] Level 1:colcon.colcon_core.environment:checking '/home/om/ros2_ws/install/ur5_controller/lib/python3.10/site-packages'
[7.149s] Level 1:colcon.colcon_core.environment:checking '/home/om/ros2_ws/install/ur5_controller/bin'
[7.149s] INFO:colcon.colcon_core.shell:Creating package script '/home/om/ros2_ws/install/ur5_controller/share/ur5_controller/package.ps1'
[7.150s] INFO:colcon.colcon_core.shell:Creating package descriptor '/home/om/ros2_ws/install/ur5_controller/share/ur5_controller/package.dsv'
[7.150s] INFO:colcon.colcon_core.shell:Creating package script '/home/om/ros2_ws/install/ur5_controller/share/ur5_controller/package.sh'
[7.151s] INFO:colcon.colcon_core.shell:Creating package script '/home/om/ros2_ws/install/ur5_controller/share/ur5_controller/package.bash'
[7.151s] INFO:colcon.colcon_core.shell:Creating package script '/home/om/ros2_ws/install/ur5_controller/share/ur5_controller/package.zsh'
[7.151s] Level 1:colcon.colcon_core.environment:create_file_with_runtime_dependencies(/home/om/ros2_ws/install/ur5_controller/share/colcon-core/packages/ur5_controller)
[7.152s] DEBUG:colcon.colcon_parallel_executor.executor.parallel:closing loop
[7.152s] DEBUG:colcon.colcon_parallel_executor.executor.parallel:loop closed
[7.152s] DEBUG:colcon.colcon_parallel_executor.executor.parallel:run_until_complete finished with '0'
[7.152s] DEBUG:colcon.colcon_core.event_reactor:joining thread
[7.158s] INFO:colcon.colcon_core.plugin_system:Skipping extension 'colcon_notification.desktop_notification.terminal_notifier': Not used on non-Darwin systems
[7.158s] INFO:colcon.colcon_core.plugin_system:Skipping extension 'colcon_notification.desktop_notification.win32': Not used on non-Windows systems
[7.158s] INFO:colcon.colcon_notification.desktop_notification:Sending desktop notification using 'notify2'
[7.173s] DEBUG:colcon.colcon_core.event_reactor:joined thread
[7.174s] INFO:colcon.colcon_core.shell:Creating prefix script '/home/om/ros2_ws/install/local_setup.ps1'
[7.176s] INFO:colcon.colcon_core.shell:Creating prefix util module '/home/om/ros2_ws/install/_local_setup_util_ps1.py'
[7.178s] INFO:colcon.colcon_core.shell:Creating prefix chain script '/home/om/ros2_ws/install/setup.ps1'
[7.179s] INFO:colcon.colcon_core.shell:Creating prefix script '/home/om/ros2_ws/install/local_setup.sh'
[7.179s] INFO:colcon.colcon_core.shell:Creating prefix util module '/home/om/ros2_ws/install/_local_setup_util_sh.py'
[7.180s] INFO:colcon.colcon_core.shell:Creating prefix chain script '/home/om/ros2_ws/install/setup.sh'
[7.181s] INFO:colcon.colcon_core.shell:Creating prefix script '/home/om/ros2_ws/install/local_setup.bash'
[7.182s] INFO:colcon.colcon_core.shell:Creating prefix chain script '/home/om/ros2_ws/install/setup.bash'
[7.183s] INFO:colcon.colcon_core.shell:Creating prefix script '/home/om/ros2_ws/install/local_setup.zsh'
[7.183s] INFO:colcon.colcon_core.shell:Creating prefix chain script '/home/om/ros2_ws/install/setup.zsh'
