-- The C compiler identification is GNU 11.4.0
-- The CXX compiler identification is GNU 11.4.0
-- Detecting C compiler ABI info
-- Detecting C compiler ABI info - done
-- Check for working C compiler: /usr/bin/cc - skipped
-- Detecting C compile features
-- Detecting C compile features - done
-- Detecting CXX compiler ABI info
-- Detecting CXX compiler ABI info - done
-- Check for working CXX compiler: /usr/bin/c++ - skipped
-- Detecting CXX compile features
-- Detecting CXX compile features - done
-- Found ament_cmake: 1.3.9 (/opt/ros/humble/share/ament_cmake/cmake)
-- Found Python3: /usr/bin/python3 (found version "3.10.12") found components: Interpreter 
-- Found rclcpp: 16.0.9 (/opt/ros/humble/share/rclcpp/cmake)
-- Found rosidl_generator_c: 3.1.5 (/opt/ros/humble/share/rosidl_generator_c/cmake)
-- Found rosidl_adapter: 3.1.5 (/opt/ros/humble/share/rosidl_adapter/cmake)
-- Found rosidl_generator_cpp: 3.1.5 (/opt/ros/humble/share/rosidl_generator_cpp/cmake)
-- Using all available rosidl_typesupport_c: rosidl_typesupport_fastrtps_c;rosidl_typesupport_introspection_c
-- Using all available rosidl_typesupport_cpp: rosidl_typesupport_fastrtps_cpp;rosidl_typesupport_introspection_cpp
-- Found rmw_implementation_cmake: 6.1.2 (/opt/ros/humble/share/rmw_implementation_cmake/cmake)
-- Found rmw_fastrtps_cpp: 6.2.6 (/opt/ros/humble/share/rmw_fastrtps_cpp/cmake)
-- Found OpenSSL: /usr/lib/x86_64-linux-gnu/libcrypto.so (found version "3.0.2")  
-- Found FastRTPS: /opt/ros/humble/include  
-- Using RMW implementation 'rmw_fastrtps_cpp' as default
-- Looking for pthread.h
-- Looking for pthread.h - found
-- Performing Test CMAKE_HAVE_LIBC_PTHREAD
-- Performing Test CMAKE_HAVE_LIBC_PTHREAD - Success
-- Found Threads: TRUE  
-- Found controller_manager: 2.41.0 (/opt/ros/humble/share/controller_manager/cmake)
-- Found kdl_parser: 2.6.4 (/opt/ros/humble/share/kdl_parser/cmake)
-- Found eigen3_cmake_module: 0.1.1 (/opt/ros/humble/share/eigen3_cmake_module/cmake)
-- Found Eigen3: TRUE (found version "3.4.0") 
-- Ensuring Eigen3 include directory is part of orocos-kdl CMake target
-- Found urdf: 2.6.0 (/opt/ros/humble/share/urdf/cmake)
-- Found moveit_core: 2.5.5 (/opt/ros/humble/share/moveit_core/cmake)
-- Found Boost: /usr/lib/x86_64-linux-gnu/cmake/Boost-1.74.0/BoostConfig.cmake (found version "1.74.0") found components: chrono date_time filesystem iostreams program_options regex serialization system thread 
-- Found parameter_traits: 0.3.8 (/opt/ros/humble/share/parameter_traits/cmake)
-- Found Boost: /usr/lib/x86_64-linux-gnu/cmake/Boost-1.74.0/BoostConfig.cmake (found version "1.74.0") found components: filesystem 
-- library: /usr/lib/x86_64-linux-gnu/libcurl.so
-- Found moveit_ros_planning_interface: 2.5.5 (/opt/ros/humble/share/moveit_ros_planning_interface/cmake)
-- Found Boost: /usr/lib/x86_64-linux-gnu/cmake/Boost-1.74.0/BoostConfig.cmake (found version "1.74.0") found components: date_time filesystem program_options system thread 
-- Found Boost: /usr/lib/x86_64-linux-gnu/cmake/Boost-1.74.0/BoostConfig.cmake (found version "1.74.0") found components: system filesystem date_time program_options thread chrono 
-- Found Boost: /usr/lib/x86_64-linux-gnu/cmake/Boost-1.74.0/BoostConfig.cmake (found version "1.74.0") found components: thread system filesystem regex date_time program_options 
-- Found Boost: /usr/lib/x86_64-linux-gnu/cmake/Boost-1.74.0/BoostConfig.cmake (found version "1.74.0") found components: system filesystem date_time program_options thread 
-- Found ament_lint_auto: 0.12.11 (/opt/ros/humble/share/ament_lint_auto/cmake)
-- Added test 'cppcheck' to perform static code analysis on C / C++ code
-- Configured cppcheck include dirs: /home/om/ur5_robot/src/ur5_controller/include
-- Configured cppcheck exclude dirs and/or files: 
-- Added test 'flake8' to check Python code syntax and style conventions
-- Added test 'lint_cmake' to check CMake code style
-- Added test 'pep257' to check Python code against some of the docstring style conventions in PEP 257
-- Added test 'uncrustify' to check C / C++ code style
-- Configured uncrustify additional arguments: 
-- Added test 'xmllint' to check XML markup files
-- Configuring done
-- Generating done
-- Build files have been written to: /home/om/ur5_robot/build/ur5_controller
[ 33%] [32mBuilding CXX object CMakeFiles/position_pub_nomoveit.dir/src/position_pub_nomoveit.cpp.o[0m
[ 33%] [32mBuilding CXX object CMakeFiles/position_publisher.dir/src/position_publisher.cpp.o[0m
[ 50%] [32mBuilding CXX object CMakeFiles/moveit_cartesian_planner.dir/src/moveit_cartesian_planner.cpp.o[0m
[ 66%] [32m[1mLinking CXX executable position_pub_nomoveit[0m
[ 66%] Built target position_pub_nomoveit
[ 83%] [32m[1mLinking CXX executable moveit_cartesian_planner[0m
[100%] [32m[1mLinking CXX executable position_publisher[0m
[100%] Built target moveit_cartesian_planner
[100%] Built target position_publisher
-- Install configuration: ""
-- Installing: /home/om/ur5_robot/install/ur5_controller/lib/ur5_controller/position_pub_nomoveit
-- Set runtime path of "/home/om/ur5_robot/install/ur5_controller/lib/ur5_controller/position_pub_nomoveit" to ""
-- Installing: /home/om/ur5_robot/install/ur5_controller/lib/ur5_controller/position_publisher
-- Set runtime path of "/home/om/ur5_robot/install/ur5_controller/lib/ur5_controller/position_publisher" to ""
-- Installing: /home/om/ur5_robot/install/ur5_controller/lib/ur5_controller/moveit_cartesian_planner
-- Set runtime path of "/home/om/ur5_robot/install/ur5_controller/lib/ur5_controller/moveit_cartesian_planner" to ""
-- Installing: /home/om/ur5_robot/install/ur5_controller/share/ur5_controller/config
-- Installing: /home/om/ur5_robot/install/ur5_controller/share/ur5_controller/config/ur5_controller.yaml
-- Installing: /home/om/ur5_robot/install/ur5_controller/share/ur5_controller/launch
-- Installing: /home/om/ur5_robot/install/ur5_controller/share/ur5_controller/launch/moveit2_launch.py
-- Installing: /home/om/ur5_robot/install/ur5_controller/share/ur5_controller/launch/controller.launch.py
-- Installing: /home/om/ur5_robot/install/ur5_controller/share/ament_index/resource_index/package_run_dependencies/ur5_controller
-- Installing: /home/om/ur5_robot/install/ur5_controller/share/ament_index/resource_index/parent_prefix_path/ur5_controller
-- Installing: /home/om/ur5_robot/install/ur5_controller/share/ur5_controller/environment/ament_prefix_path.sh
-- Installing: /home/om/ur5_robot/install/ur5_controller/share/ur5_controller/environment/ament_prefix_path.dsv
-- Installing: /home/om/ur5_robot/install/ur5_controller/share/ur5_controller/environment/path.sh
-- Installing: /home/om/ur5_robot/install/ur5_controller/share/ur5_controller/environment/path.dsv
-- Installing: /home/om/ur5_robot/install/ur5_controller/share/ur5_controller/local_setup.bash
-- Installing: /home/om/ur5_robot/install/ur5_controller/share/ur5_controller/local_setup.sh
-- Installing: /home/om/ur5_robot/install/ur5_controller/share/ur5_controller/local_setup.zsh
-- Installing: /home/om/ur5_robot/install/ur5_controller/share/ur5_controller/local_setup.dsv
-- Installing: /home/om/ur5_robot/install/ur5_controller/share/ur5_controller/package.dsv
-- Installing: /home/om/ur5_robot/install/ur5_controller/share/ament_index/resource_index/packages/ur5_controller
-- Installing: /home/om/ur5_robot/install/ur5_controller/share/ur5_controller/cmake/ur5_controllerConfig.cmake
-- Installing: /home/om/ur5_robot/install/ur5_controller/share/ur5_controller/cmake/ur5_controllerConfig-version.cmake
-- Installing: /home/om/ur5_robot/install/ur5_controller/share/ur5_controller/package.xml
