[0.079s] DEBUG:colcon:Command line arguments: ['/usr/bin/colcon', 'build', '--allow-overriding', 'ur_description']
[0.079s] DEBUG:colcon:Parsed command line arguments: Namespace(log_base=None, log_level=None, verb_name='build', build_base='build', install_base='install', merge_install=False, symlink_install=False, test_result_base=None, continue_on_error=False, executor='parallel', parallel_workers=8, event_handlers=None, ignore_user_meta=False, metas=['./colcon.meta'], base_paths=['.'], packages_ignore=None, packages_ignore_regex=None, paths=None, packages_up_to=None, packages_up_to_regex=None, packages_above=None, packages_above_and_dependencies=None, packages_above_depth=None, packages_select_by_dep=None, packages_skip_by_dep=None, packages_skip_up_to=None, packages_select_build_failed=False, packages_skip_build_finished=False, packages_select_test_failures=False, packages_skip_test_passed=False, packages_select=None, packages_skip=None, packages_select_regex=None, packages_skip_regex=None, packages_start=None, packages_end=None, allow_overriding=['ur_description'], cmake_args=None, cmake_target=None, cmake_target_skip_unavailable=False, cmake_clean_cache=False, cmake_clean_first=False, cmake_force_configure=False, ament_cmake_args=None, catkin_cmake_args=None, catkin_skip_building_tests=False, verb_parser=<colcon_defaults.argument_parser.defaults.DefaultArgumentsDecorator object at 0x733a45044d90>, verb_extension=<colcon_core.verb.build.BuildVerb object at 0x733a45044790>, main=<bound method BuildVerb.main of <colcon_core.verb.build.BuildVerb object at 0x733a45044790>>)
[0.206s] Level 1:colcon.colcon_core.package_discovery:discover_packages(colcon_meta) check parameters
[0.207s] Level 1:colcon.colcon_core.package_discovery:discover_packages(recursive) check parameters
[0.207s] Level 1:colcon.colcon_core.package_discovery:discover_packages(ignore) check parameters
[0.207s] Level 1:colcon.colcon_core.package_discovery:discover_packages(path) check parameters
[0.207s] Level 1:colcon.colcon_core.package_discovery:discover_packages(colcon_meta) discover
[0.207s] Level 1:colcon.colcon_core.package_discovery:discover_packages(recursive) discover
[0.207s] INFO:colcon.colcon_core.package_discovery:Crawling recursively for packages in '/home/om/ros2_ws'
[0.207s] Level 1:colcon.colcon_core.package_identification:_identify(.) by extensions ['ignore', 'ignore_ament_install']
[0.207s] Level 1:colcon.colcon_core.package_identification:_identify(.) by extension 'ignore'
[0.207s] Level 1:colcon.colcon_core.package_identification:_identify(.) by extension 'ignore_ament_install'
[0.207s] Level 1:colcon.colcon_core.package_identification:_identify(.) by extensions ['colcon_pkg']
[0.207s] Level 1:colcon.colcon_core.package_identification:_identify(.) by extension 'colcon_pkg'
[0.207s] Level 1:colcon.colcon_core.package_identification:_identify(.) by extensions ['colcon_meta']
[0.207s] Level 1:colcon.colcon_core.package_identification:_identify(.) by extension 'colcon_meta'
[0.207s] Level 1:colcon.colcon_core.package_identification:_identify(.) by extensions ['ros']
[0.207s] Level 1:colcon.colcon_core.package_identification:_identify(.) by extension 'ros'
[0.216s] Level 1:colcon.colcon_core.package_identification:_identify(.) by extensions ['cmake', 'python']
[0.216s] Level 1:colcon.colcon_core.package_identification:_identify(.) by extension 'cmake'
[0.216s] Level 1:colcon.colcon_core.package_identification:_identify(.) by extension 'python'
[0.216s] Level 1:colcon.colcon_core.package_identification:_identify(.) by extensions ['python_setup_py']
[0.216s] Level 1:colcon.colcon_core.package_identification:_identify(.) by extension 'python_setup_py'
[0.217s] Level 1:colcon.colcon_core.package_identification:_identify(build) by extensions ['ignore', 'ignore_ament_install']
[0.217s] Level 1:colcon.colcon_core.package_identification:_identify(build) by extension 'ignore'
[0.217s] Level 1:colcon.colcon_core.package_identification:_identify(build) ignored
[0.217s] Level 1:colcon.colcon_core.package_identification:_identify(install) by extensions ['ignore', 'ignore_ament_install']
[0.217s] Level 1:colcon.colcon_core.package_identification:_identify(install) by extension 'ignore'
[0.217s] Level 1:colcon.colcon_core.package_identification:_identify(install) ignored
[0.217s] Level 1:colcon.colcon_core.package_identification:_identify(log) by extensions ['ignore', 'ignore_ament_install']
[0.217s] Level 1:colcon.colcon_core.package_identification:_identify(log) by extension 'ignore'
[0.217s] Level 1:colcon.colcon_core.package_identification:_identify(log) ignored
[0.217s] Level 1:colcon.colcon_core.package_identification:_identify(src) by extensions ['ignore', 'ignore_ament_install']
[0.217s] Level 1:colcon.colcon_core.package_identification:_identify(src) by extension 'ignore'
[0.217s] Level 1:colcon.colcon_core.package_identification:_identify(src) by extension 'ignore_ament_install'
[0.217s] Level 1:colcon.colcon_core.package_identification:_identify(src) by extensions ['colcon_pkg']
[0.217s] Level 1:colcon.colcon_core.package_identification:_identify(src) by extension 'colcon_pkg'
[0.217s] Level 1:colcon.colcon_core.package_identification:_identify(src) by extensions ['colcon_meta']
[0.217s] Level 1:colcon.colcon_core.package_identification:_identify(src) by extension 'colcon_meta'
[0.217s] Level 1:colcon.colcon_core.package_identification:_identify(src) by extensions ['ros']
[0.217s] Level 1:colcon.colcon_core.package_identification:_identify(src) by extension 'ros'
[0.217s] Level 1:colcon.colcon_core.package_identification:_identify(src) by extensions ['cmake', 'python']
[0.217s] Level 1:colcon.colcon_core.package_identification:_identify(src) by extension 'cmake'
[0.217s] Level 1:colcon.colcon_core.package_identification:_identify(src) by extension 'python'
[0.217s] Level 1:colcon.colcon_core.package_identification:_identify(src) by extensions ['python_setup_py']
[0.217s] Level 1:colcon.colcon_core.package_identification:_identify(src) by extension 'python_setup_py'
[0.218s] Level 1:colcon.colcon_core.package_identification:_identify(src/trac_ik) by extensions ['ignore', 'ignore_ament_install']
[0.218s] Level 1:colcon.colcon_core.package_identification:_identify(src/trac_ik) by extension 'ignore'
[0.218s] Level 1:colcon.colcon_core.package_identification:_identify(src/trac_ik) by extension 'ignore_ament_install'
[0.218s] Level 1:colcon.colcon_core.package_identification:_identify(src/trac_ik) by extensions ['colcon_pkg']
[0.218s] Level 1:colcon.colcon_core.package_identification:_identify(src/trac_ik) by extension 'colcon_pkg'
[0.218s] Level 1:colcon.colcon_core.package_identification:_identify(src/trac_ik) by extensions ['colcon_meta']
[0.218s] Level 1:colcon.colcon_core.package_identification:_identify(src/trac_ik) by extension 'colcon_meta'
[0.218s] Level 1:colcon.colcon_core.package_identification:_identify(src/trac_ik) by extensions ['ros']
[0.218s] Level 1:colcon.colcon_core.package_identification:_identify(src/trac_ik) by extension 'ros'
[0.218s] Level 1:colcon.colcon_core.package_identification:_identify(src/trac_ik) by extensions ['cmake', 'python']
[0.218s] Level 1:colcon.colcon_core.package_identification:_identify(src/trac_ik) by extension 'cmake'
[0.218s] Level 1:colcon.colcon_core.package_identification:_identify(src/trac_ik) by extension 'python'
[0.218s] Level 1:colcon.colcon_core.package_identification:_identify(src/trac_ik) by extensions ['python_setup_py']
[0.218s] Level 1:colcon.colcon_core.package_identification:_identify(src/trac_ik) by extension 'python_setup_py'
[0.218s] Level 1:colcon.colcon_core.package_identification:_identify(src/trac_ik/trac_ik) by extensions ['ignore', 'ignore_ament_install']
[0.218s] Level 1:colcon.colcon_core.package_identification:_identify(src/trac_ik/trac_ik) by extension 'ignore'
[0.218s] Level 1:colcon.colcon_core.package_identification:_identify(src/trac_ik/trac_ik) by extension 'ignore_ament_install'
[0.218s] Level 1:colcon.colcon_core.package_identification:_identify(src/trac_ik/trac_ik) by extensions ['colcon_pkg']
[0.218s] Level 1:colcon.colcon_core.package_identification:_identify(src/trac_ik/trac_ik) by extension 'colcon_pkg'
[0.218s] Level 1:colcon.colcon_core.package_identification:_identify(src/trac_ik/trac_ik) by extensions ['colcon_meta']
[0.218s] Level 1:colcon.colcon_core.package_identification:_identify(src/trac_ik/trac_ik) by extension 'colcon_meta'
[0.218s] Level 1:colcon.colcon_core.package_identification:_identify(src/trac_ik/trac_ik) by extensions ['ros']
[0.218s] Level 1:colcon.colcon_core.package_identification:_identify(src/trac_ik/trac_ik) by extension 'ros'
[0.220s] DEBUG:colcon.colcon_core.package_identification:Package 'src/trac_ik/trac_ik' with type 'ros.ament_cmake' and name 'trac_ik'
[0.221s] Level 1:colcon.colcon_core.package_identification:_identify(src/trac_ik/trac_ik_examples) by extensions ['ignore', 'ignore_ament_install']
[0.221s] Level 1:colcon.colcon_core.package_identification:_identify(src/trac_ik/trac_ik_examples) by extension 'ignore'
[0.221s] Level 1:colcon.colcon_core.package_identification:_identify(src/trac_ik/trac_ik_examples) by extension 'ignore_ament_install'
[0.221s] Level 1:colcon.colcon_core.package_identification:_identify(src/trac_ik/trac_ik_examples) by extensions ['colcon_pkg']
[0.221s] Level 1:colcon.colcon_core.package_identification:_identify(src/trac_ik/trac_ik_examples) by extension 'colcon_pkg'
[0.221s] Level 1:colcon.colcon_core.package_identification:_identify(src/trac_ik/trac_ik_examples) by extensions ['colcon_meta']
[0.221s] Level 1:colcon.colcon_core.package_identification:_identify(src/trac_ik/trac_ik_examples) by extension 'colcon_meta'
[0.221s] Level 1:colcon.colcon_core.package_identification:_identify(src/trac_ik/trac_ik_examples) by extensions ['ros']
[0.221s] Level 1:colcon.colcon_core.package_identification:_identify(src/trac_ik/trac_ik_examples) by extension 'ros'
[0.221s] DEBUG:colcon.colcon_core.package_identification:Package 'src/trac_ik/trac_ik_examples' with type 'ros.ament_cmake' and name 'trac_ik_examples'
[0.221s] Level 1:colcon.colcon_core.package_identification:_identify(src/trac_ik/trac_ik_kinematics_plugin) by extensions ['ignore', 'ignore_ament_install']
[0.221s] Level 1:colcon.colcon_core.package_identification:_identify(src/trac_ik/trac_ik_kinematics_plugin) by extension 'ignore'
[0.221s] Level 1:colcon.colcon_core.package_identification:_identify(src/trac_ik/trac_ik_kinematics_plugin) ignored
[0.222s] Level 1:colcon.colcon_core.package_identification:_identify(src/trac_ik/trac_ik_lib) by extensions ['ignore', 'ignore_ament_install']
[0.222s] Level 1:colcon.colcon_core.package_identification:_identify(src/trac_ik/trac_ik_lib) by extension 'ignore'
[0.222s] Level 1:colcon.colcon_core.package_identification:_identify(src/trac_ik/trac_ik_lib) by extension 'ignore_ament_install'
[0.222s] Level 1:colcon.colcon_core.package_identification:_identify(src/trac_ik/trac_ik_lib) by extensions ['colcon_pkg']
[0.222s] Level 1:colcon.colcon_core.package_identification:_identify(src/trac_ik/trac_ik_lib) by extension 'colcon_pkg'
[0.222s] Level 1:colcon.colcon_core.package_identification:_identify(src/trac_ik/trac_ik_lib) by extensions ['colcon_meta']
[0.222s] Level 1:colcon.colcon_core.package_identification:_identify(src/trac_ik/trac_ik_lib) by extension 'colcon_meta'
[0.222s] Level 1:colcon.colcon_core.package_identification:_identify(src/trac_ik/trac_ik_lib) by extensions ['ros']
[0.222s] Level 1:colcon.colcon_core.package_identification:_identify(src/trac_ik/trac_ik_lib) by extension 'ros'
[0.222s] DEBUG:colcon.colcon_core.package_identification:Package 'src/trac_ik/trac_ik_lib' with type 'ros.ament_cmake' and name 'trac_ik_lib'
[0.222s] Level 1:colcon.colcon_core.package_identification:_identify(src/trac_ik/trac_ik_python) by extensions ['ignore', 'ignore_ament_install']
[0.222s] Level 1:colcon.colcon_core.package_identification:_identify(src/trac_ik/trac_ik_python) by extension 'ignore'
[0.222s] Level 1:colcon.colcon_core.package_identification:_identify(src/trac_ik/trac_ik_python) ignored
[0.222s] Level 1:colcon.colcon_core.package_identification:_identify(src/ur5_controller) by extensions ['ignore', 'ignore_ament_install']
[0.223s] Level 1:colcon.colcon_core.package_identification:_identify(src/ur5_controller) by extension 'ignore'
[0.223s] Level 1:colcon.colcon_core.package_identification:_identify(src/ur5_controller) by extension 'ignore_ament_install'
[0.223s] Level 1:colcon.colcon_core.package_identification:_identify(src/ur5_controller) by extensions ['colcon_pkg']
[0.223s] Level 1:colcon.colcon_core.package_identification:_identify(src/ur5_controller) by extension 'colcon_pkg'
[0.223s] Level 1:colcon.colcon_core.package_identification:_identify(src/ur5_controller) by extensions ['colcon_meta']
[0.223s] Level 1:colcon.colcon_core.package_identification:_identify(src/ur5_controller) by extension 'colcon_meta'
[0.223s] Level 1:colcon.colcon_core.package_identification:_identify(src/ur5_controller) by extensions ['ros']
[0.223s] Level 1:colcon.colcon_core.package_identification:_identify(src/ur5_controller) by extension 'ros'
[0.224s] DEBUG:colcon.colcon_core.package_identification:Package 'src/ur5_controller' with type 'ros.ament_cmake' and name 'ur5_controller'
[0.224s] Level 1:colcon.colcon_core.package_identification:_identify(src/ur_description) by extensions ['ignore', 'ignore_ament_install']
[0.224s] Level 1:colcon.colcon_core.package_identification:_identify(src/ur_description) by extension 'ignore'
[0.224s] Level 1:colcon.colcon_core.package_identification:_identify(src/ur_description) by extension 'ignore_ament_install'
[0.224s] Level 1:colcon.colcon_core.package_identification:_identify(src/ur_description) by extensions ['colcon_pkg']
[0.224s] Level 1:colcon.colcon_core.package_identification:_identify(src/ur_description) by extension 'colcon_pkg'
[0.224s] Level 1:colcon.colcon_core.package_identification:_identify(src/ur_description) by extensions ['colcon_meta']
[0.224s] Level 1:colcon.colcon_core.package_identification:_identify(src/ur_description) by extension 'colcon_meta'
[0.224s] Level 1:colcon.colcon_core.package_identification:_identify(src/ur_description) by extensions ['ros']
[0.224s] Level 1:colcon.colcon_core.package_identification:_identify(src/ur_description) by extension 'ros'
[0.225s] DEBUG:colcon.colcon_core.package_identification:Package 'src/ur_description' with type 'ros.ament_cmake' and name 'ur_description'
[0.225s] Level 1:colcon.colcon_core.package_discovery:discover_packages(recursive) using defaults
[0.225s] Level 1:colcon.colcon_core.package_discovery:discover_packages(ignore) discover
[0.225s] Level 1:colcon.colcon_core.package_discovery:discover_packages(ignore) using defaults
[0.225s] Level 1:colcon.colcon_core.package_discovery:discover_packages(path) discover
[0.225s] Level 1:colcon.colcon_core.package_discovery:discover_packages(path) using defaults
[0.253s] Level 1:colcon.colcon_core.package_discovery:discover_packages(prefix_path) check parameters
[0.253s] Level 1:colcon.colcon_core.package_discovery:discover_packages(prefix_path) discover
[0.255s] DEBUG:colcon.colcon_installed_package_information.package_discovery:Found 385 installed packages in /opt/ros/humble
[0.256s] Level 1:colcon.colcon_core.package_discovery:discover_packages(prefix_path) using defaults
[0.293s] Level 5:colcon.colcon_core.verb:set package 'trac_ik_lib' build argument 'cmake_args' from command line to 'None'
[0.293s] Level 5:colcon.colcon_core.verb:set package 'trac_ik_lib' build argument 'cmake_target' from command line to 'None'
[0.293s] Level 5:colcon.colcon_core.verb:set package 'trac_ik_lib' build argument 'cmake_target_skip_unavailable' from command line to 'False'
[0.293s] Level 5:colcon.colcon_core.verb:set package 'trac_ik_lib' build argument 'cmake_clean_cache' from command line to 'False'
[0.293s] Level 5:colcon.colcon_core.verb:set package 'trac_ik_lib' build argument 'cmake_clean_first' from command line to 'False'
[0.293s] Level 5:colcon.colcon_core.verb:set package 'trac_ik_lib' build argument 'cmake_force_configure' from command line to 'False'
[0.293s] Level 5:colcon.colcon_core.verb:set package 'trac_ik_lib' build argument 'ament_cmake_args' from command line to 'None'
[0.293s] Level 5:colcon.colcon_core.verb:set package 'trac_ik_lib' build argument 'catkin_cmake_args' from command line to 'None'
[0.293s] Level 5:colcon.colcon_core.verb:set package 'trac_ik_lib' build argument 'catkin_skip_building_tests' from command line to 'False'
[0.293s] DEBUG:colcon.colcon_core.verb:Building package 'trac_ik_lib' with the following arguments: {'ament_cmake_args': None, 'build_base': '/home/om/ros2_ws/build/trac_ik_lib', 'catkin_cmake_args': None, 'catkin_skip_building_tests': False, 'cmake_args': None, 'cmake_clean_cache': False, 'cmake_clean_first': False, 'cmake_force_configure': False, 'cmake_target': None, 'cmake_target_skip_unavailable': False, 'install_base': '/home/om/ros2_ws/install/trac_ik_lib', 'merge_install': False, 'path': '/home/om/ros2_ws/src/trac_ik/trac_ik_lib', 'symlink_install': False, 'test_result_base': None}
[0.294s] Level 5:colcon.colcon_core.verb:set package 'ur5_controller' build argument 'cmake_args' from command line to 'None'
[0.294s] Level 5:colcon.colcon_core.verb:set package 'ur5_controller' build argument 'cmake_target' from command line to 'None'
[0.294s] Level 5:colcon.colcon_core.verb:set package 'ur5_controller' build argument 'cmake_target_skip_unavailable' from command line to 'False'
[0.294s] Level 5:colcon.colcon_core.verb:set package 'ur5_controller' build argument 'cmake_clean_cache' from command line to 'False'
[0.294s] Level 5:colcon.colcon_core.verb:set package 'ur5_controller' build argument 'cmake_clean_first' from command line to 'False'
[0.294s] Level 5:colcon.colcon_core.verb:set package 'ur5_controller' build argument 'cmake_force_configure' from command line to 'False'
[0.294s] Level 5:colcon.colcon_core.verb:set package 'ur5_controller' build argument 'ament_cmake_args' from command line to 'None'
[0.294s] Level 5:colcon.colcon_core.verb:set package 'ur5_controller' build argument 'catkin_cmake_args' from command line to 'None'
[0.294s] Level 5:colcon.colcon_core.verb:set package 'ur5_controller' build argument 'catkin_skip_building_tests' from command line to 'False'
[0.294s] DEBUG:colcon.colcon_core.verb:Building package 'ur5_controller' with the following arguments: {'ament_cmake_args': None, 'build_base': '/home/om/ros2_ws/build/ur5_controller', 'catkin_cmake_args': None, 'catkin_skip_building_tests': False, 'cmake_args': None, 'cmake_clean_cache': False, 'cmake_clean_first': False, 'cmake_force_configure': False, 'cmake_target': None, 'cmake_target_skip_unavailable': False, 'install_base': '/home/om/ros2_ws/install/ur5_controller', 'merge_install': False, 'path': '/home/om/ros2_ws/src/ur5_controller', 'symlink_install': False, 'test_result_base': None}
[0.294s] Level 5:colcon.colcon_core.verb:set package 'ur_description' build argument 'cmake_args' from command line to 'None'
[0.294s] Level 5:colcon.colcon_core.verb:set package 'ur_description' build argument 'cmake_target' from command line to 'None'
[0.294s] Level 5:colcon.colcon_core.verb:set package 'ur_description' build argument 'cmake_target_skip_unavailable' from command line to 'False'
[0.294s] Level 5:colcon.colcon_core.verb:set package 'ur_description' build argument 'cmake_clean_cache' from command line to 'False'
[0.294s] Level 5:colcon.colcon_core.verb:set package 'ur_description' build argument 'cmake_clean_first' from command line to 'False'
[0.294s] Level 5:colcon.colcon_core.verb:set package 'ur_description' build argument 'cmake_force_configure' from command line to 'False'
[0.294s] Level 5:colcon.colcon_core.verb:set package 'ur_description' build argument 'ament_cmake_args' from command line to 'None'
[0.294s] Level 5:colcon.colcon_core.verb:set package 'ur_description' build argument 'catkin_cmake_args' from command line to 'None'
[0.294s] Level 5:colcon.colcon_core.verb:set package 'ur_description' build argument 'catkin_skip_building_tests' from command line to 'False'
[0.294s] DEBUG:colcon.colcon_core.verb:Building package 'ur_description' with the following arguments: {'ament_cmake_args': None, 'build_base': '/home/om/ros2_ws/build/ur_description', 'catkin_cmake_args': None, 'catkin_skip_building_tests': False, 'cmake_args': None, 'cmake_clean_cache': False, 'cmake_clean_first': False, 'cmake_force_configure': False, 'cmake_target': None, 'cmake_target_skip_unavailable': False, 'install_base': '/home/om/ros2_ws/install/ur_description', 'merge_install': False, 'path': '/home/om/ros2_ws/src/ur_description', 'symlink_install': False, 'test_result_base': None}
[0.294s] Level 5:colcon.colcon_core.verb:set package 'trac_ik_examples' build argument 'cmake_args' from command line to 'None'
[0.294s] Level 5:colcon.colcon_core.verb:set package 'trac_ik_examples' build argument 'cmake_target' from command line to 'None'
[0.294s] Level 5:colcon.colcon_core.verb:set package 'trac_ik_examples' build argument 'cmake_target_skip_unavailable' from command line to 'False'
[0.294s] Level 5:colcon.colcon_core.verb:set package 'trac_ik_examples' build argument 'cmake_clean_cache' from command line to 'False'
[0.294s] Level 5:colcon.colcon_core.verb:set package 'trac_ik_examples' build argument 'cmake_clean_first' from command line to 'False'
[0.294s] Level 5:colcon.colcon_core.verb:set package 'trac_ik_examples' build argument 'cmake_force_configure' from command line to 'False'
[0.295s] Level 5:colcon.colcon_core.verb:set package 'trac_ik_examples' build argument 'ament_cmake_args' from command line to 'None'
[0.295s] Level 5:colcon.colcon_core.verb:set package 'trac_ik_examples' build argument 'catkin_cmake_args' from command line to 'None'
[0.295s] Level 5:colcon.colcon_core.verb:set package 'trac_ik_examples' build argument 'catkin_skip_building_tests' from command line to 'False'
[0.295s] DEBUG:colcon.colcon_core.verb:Building package 'trac_ik_examples' with the following arguments: {'ament_cmake_args': None, 'build_base': '/home/om/ros2_ws/build/trac_ik_examples', 'catkin_cmake_args': None, 'catkin_skip_building_tests': False, 'cmake_args': None, 'cmake_clean_cache': False, 'cmake_clean_first': False, 'cmake_force_configure': False, 'cmake_target': None, 'cmake_target_skip_unavailable': False, 'install_base': '/home/om/ros2_ws/install/trac_ik_examples', 'merge_install': False, 'path': '/home/om/ros2_ws/src/trac_ik/trac_ik_examples', 'symlink_install': False, 'test_result_base': None}
[0.295s] Level 5:colcon.colcon_core.verb:set package 'trac_ik' build argument 'cmake_args' from command line to 'None'
[0.295s] Level 5:colcon.colcon_core.verb:set package 'trac_ik' build argument 'cmake_target' from command line to 'None'
[0.295s] Level 5:colcon.colcon_core.verb:set package 'trac_ik' build argument 'cmake_target_skip_unavailable' from command line to 'False'
[0.295s] Level 5:colcon.colcon_core.verb:set package 'trac_ik' build argument 'cmake_clean_cache' from command line to 'False'
[0.295s] Level 5:colcon.colcon_core.verb:set package 'trac_ik' build argument 'cmake_clean_first' from command line to 'False'
[0.295s] Level 5:colcon.colcon_core.verb:set package 'trac_ik' build argument 'cmake_force_configure' from command line to 'False'
[0.295s] Level 5:colcon.colcon_core.verb:set package 'trac_ik' build argument 'ament_cmake_args' from command line to 'None'
[0.295s] Level 5:colcon.colcon_core.verb:set package 'trac_ik' build argument 'catkin_cmake_args' from command line to 'None'
[0.295s] Level 5:colcon.colcon_core.verb:set package 'trac_ik' build argument 'catkin_skip_building_tests' from command line to 'False'
[0.295s] DEBUG:colcon.colcon_core.verb:Building package 'trac_ik' with the following arguments: {'ament_cmake_args': None, 'build_base': '/home/om/ros2_ws/build/trac_ik', 'catkin_cmake_args': None, 'catkin_skip_building_tests': False, 'cmake_args': None, 'cmake_clean_cache': False, 'cmake_clean_first': False, 'cmake_force_configure': False, 'cmake_target': None, 'cmake_target_skip_unavailable': False, 'install_base': '/home/om/ros2_ws/install/trac_ik', 'merge_install': False, 'path': '/home/om/ros2_ws/src/trac_ik/trac_ik', 'symlink_install': False, 'test_result_base': None}
[0.295s] INFO:colcon.colcon_core.executor:Executing jobs using 'parallel' executor
[0.296s] DEBUG:colcon.colcon_parallel_executor.executor.parallel:run_until_complete
[0.296s] INFO:colcon.colcon_ros.task.ament_cmake.build:Building ROS package in '/home/om/ros2_ws/src/trac_ik/trac_ik_lib' with build type 'ament_cmake'
[0.296s] INFO:colcon.colcon_cmake.task.cmake.build:Building CMake package in '/home/om/ros2_ws/src/trac_ik/trac_ik_lib'
[0.298s] INFO:colcon.colcon_core.plugin_system:Skipping extension 'colcon_core.shell.bat': Not used on non-Windows systems
[0.298s] INFO:colcon.colcon_core.shell:Skip shell extension 'powershell' for command environment: Not usable outside of PowerShell
[0.298s] DEBUG:colcon.colcon_core.shell:Skip shell extension 'dsv' for command environment
[0.301s] INFO:colcon.colcon_ros.task.ament_cmake.build:Building ROS package in '/home/om/ros2_ws/src/ur5_controller' with build type 'ament_cmake'
[0.301s] INFO:colcon.colcon_cmake.task.cmake.build:Building CMake package in '/home/om/ros2_ws/src/ur5_controller'
[0.301s] INFO:colcon.colcon_core.shell:Skip shell extension 'powershell' for command environment: Not usable outside of PowerShell
[0.301s] DEBUG:colcon.colcon_core.shell:Skip shell extension 'dsv' for command environment
[0.304s] INFO:colcon.colcon_ros.task.ament_cmake.build:Building ROS package in '/home/om/ros2_ws/src/ur_description' with build type 'ament_cmake'
[0.304s] INFO:colcon.colcon_cmake.task.cmake.build:Building CMake package in '/home/om/ros2_ws/src/ur_description'
[0.304s] INFO:colcon.colcon_core.shell:Skip shell extension 'powershell' for command environment: Not usable outside of PowerShell
[0.304s] DEBUG:colcon.colcon_core.shell:Skip shell extension 'dsv' for command environment
[0.311s] DEBUG:colcon.colcon_core.event_handler.log_command:Invoking command in '/home/om/ros2_ws/build/trac_ik_lib': CMAKE_PREFIX_PATH=/opt/ros/humble /usr/bin/cmake --build /home/om/ros2_ws/build/trac_ik_lib -- -j8 -l8
[0.316s] DEBUG:colcon.colcon_core.event_handler.log_command:Invoking command in '/home/om/ros2_ws/build/ur5_controller': CMAKE_PREFIX_PATH=/opt/ros/humble /usr/bin/cmake --build /home/om/ros2_ws/build/ur5_controller -- -j8 -l8
[0.318s] DEBUG:colcon.colcon_core.event_handler.log_command:Invoking command in '/home/om/ros2_ws/build/ur_description': CMAKE_PREFIX_PATH=/opt/ros/humble /usr/bin/cmake --build /home/om/ros2_ws/build/ur_description -- -j8 -l8
[0.350s] DEBUG:colcon.colcon_core.event_handler.log_command:Invoked command in '/home/om/ros2_ws/build/ur_description' returned '0': CMAKE_PREFIX_PATH=/opt/ros/humble /usr/bin/cmake --build /home/om/ros2_ws/build/ur_description -- -j8 -l8
[0.370s] DEBUG:colcon.colcon_core.event_handler.log_command:Invoked command in '/home/om/ros2_ws/build/trac_ik_lib' returned '0': CMAKE_PREFIX_PATH=/opt/ros/humble /usr/bin/cmake --build /home/om/ros2_ws/build/trac_ik_lib -- -j8 -l8
[0.379s] DEBUG:colcon.colcon_core.event_handler.log_command:Invoking command in '/home/om/ros2_ws/build/ur_description': CMAKE_PREFIX_PATH=/opt/ros/humble /usr/bin/cmake --install /home/om/ros2_ws/build/ur_description
[0.401s] Level 1:colcon.colcon_core.environment:create_environment_scripts_only(ur_description)
[0.405s] Level 1:colcon.colcon_core.environment:checking '/home/om/ros2_ws/install/ur_description' for CMake module files
[0.406s] Level 1:colcon.colcon_core.environment:checking '/home/om/ros2_ws/install/ur_description' for CMake config files
[0.406s] Level 1:colcon.colcon_core.shell:create_environment_hook('ur_description', 'cmake_prefix_path')
[0.407s] INFO:colcon.colcon_core.shell:Creating environment hook '/home/om/ros2_ws/install/ur_description/share/ur_description/hook/cmake_prefix_path.ps1'
[0.408s] INFO:colcon.colcon_core.shell:Creating environment descriptor '/home/om/ros2_ws/install/ur_description/share/ur_description/hook/cmake_prefix_path.dsv'
[0.408s] INFO:colcon.colcon_core.shell:Creating environment hook '/home/om/ros2_ws/install/ur_description/share/ur_description/hook/cmake_prefix_path.sh'
[0.409s] Level 1:colcon.colcon_core.environment:checking '/home/om/ros2_ws/install/ur_description/bin'
[0.409s] Level 1:colcon.colcon_core.environment:checking '/home/om/ros2_ws/install/ur_description/lib/pkgconfig/ur_description.pc'
[0.410s] Level 1:colcon.colcon_core.environment:checking '/home/om/ros2_ws/install/ur_description/lib/python3.10/site-packages'
[0.410s] Level 1:colcon.colcon_core.environment:checking '/home/om/ros2_ws/install/ur_description/bin'
[0.410s] INFO:colcon.colcon_core.shell:Creating package script '/home/om/ros2_ws/install/ur_description/share/ur_description/package.ps1'
[0.411s] INFO:colcon.colcon_core.shell:Creating package descriptor '/home/om/ros2_ws/install/ur_description/share/ur_description/package.dsv'
[0.412s] INFO:colcon.colcon_core.shell:Creating package script '/home/om/ros2_ws/install/ur_description/share/ur_description/package.sh'
[0.413s] INFO:colcon.colcon_core.shell:Creating package script '/home/om/ros2_ws/install/ur_description/share/ur_description/package.bash'
[0.414s] INFO:colcon.colcon_core.shell:Creating package script '/home/om/ros2_ws/install/ur_description/share/ur_description/package.zsh'
[0.415s] Level 1:colcon.colcon_core.environment:create_file_with_runtime_dependencies(/home/om/ros2_ws/install/ur_description/share/colcon-core/packages/ur_description)
[0.425s] DEBUG:colcon.colcon_core.event_handler.log_command:Invoked command in '/home/om/ros2_ws/build/ur_description' returned '0': CMAKE_PREFIX_PATH=/opt/ros/humble /usr/bin/cmake --install /home/om/ros2_ws/build/ur_description
[0.426s] DEBUG:colcon.colcon_core.event_handler.log_command:Invoking command in '/home/om/ros2_ws/build/trac_ik_lib': CMAKE_PREFIX_PATH=/opt/ros/humble /usr/bin/cmake --install /home/om/ros2_ws/build/trac_ik_lib
[0.427s] Level 1:colcon.colcon_core.environment:create_environment_scripts_only(trac_ik_lib)
[0.428s] Level 1:colcon.colcon_core.environment:checking '/home/om/ros2_ws/install/trac_ik_lib' for CMake module files
[0.429s] Level 1:colcon.colcon_core.environment:checking '/home/om/ros2_ws/install/trac_ik_lib' for CMake config files
[0.430s] Level 1:colcon.colcon_core.shell:create_environment_hook('trac_ik_lib', 'cmake_prefix_path')
[0.430s] INFO:colcon.colcon_core.shell:Creating environment hook '/home/om/ros2_ws/install/trac_ik_lib/share/trac_ik_lib/hook/cmake_prefix_path.ps1'
[0.430s] INFO:colcon.colcon_core.shell:Creating environment descriptor '/home/om/ros2_ws/install/trac_ik_lib/share/trac_ik_lib/hook/cmake_prefix_path.dsv'
[0.431s] INFO:colcon.colcon_core.shell:Creating environment hook '/home/om/ros2_ws/install/trac_ik_lib/share/trac_ik_lib/hook/cmake_prefix_path.sh'
[0.431s] DEBUG:colcon.colcon_core.event_handler.log_command:Invoked command in '/home/om/ros2_ws/build/trac_ik_lib' returned '0': CMAKE_PREFIX_PATH=/opt/ros/humble /usr/bin/cmake --install /home/om/ros2_ws/build/trac_ik_lib
[0.432s] Level 1:colcon.colcon_core.environment:checking '/home/om/ros2_ws/install/trac_ik_lib/lib'
[0.432s] Level 1:colcon.colcon_core.shell:create_environment_hook('trac_ik_lib', 'ld_library_path_lib')
[0.432s] INFO:colcon.colcon_core.shell:Creating environment hook '/home/om/ros2_ws/install/trac_ik_lib/share/trac_ik_lib/hook/ld_library_path_lib.ps1'
[0.433s] INFO:colcon.colcon_core.shell:Creating environment descriptor '/home/om/ros2_ws/install/trac_ik_lib/share/trac_ik_lib/hook/ld_library_path_lib.dsv'
[0.433s] INFO:colcon.colcon_core.shell:Creating environment hook '/home/om/ros2_ws/install/trac_ik_lib/share/trac_ik_lib/hook/ld_library_path_lib.sh'
[0.434s] Level 1:colcon.colcon_core.environment:checking '/home/om/ros2_ws/install/trac_ik_lib/bin'
[0.434s] Level 1:colcon.colcon_core.environment:checking '/home/om/ros2_ws/install/trac_ik_lib/lib/pkgconfig/trac_ik_lib.pc'
[0.434s] Level 1:colcon.colcon_core.environment:checking '/home/om/ros2_ws/install/trac_ik_lib/lib/python3.10/site-packages'
[0.434s] Level 1:colcon.colcon_core.environment:checking '/home/om/ros2_ws/install/trac_ik_lib/bin'
[0.434s] INFO:colcon.colcon_core.shell:Creating package script '/home/om/ros2_ws/install/trac_ik_lib/share/trac_ik_lib/package.ps1'
[0.435s] INFO:colcon.colcon_core.shell:Creating package descriptor '/home/om/ros2_ws/install/trac_ik_lib/share/trac_ik_lib/package.dsv'
[0.435s] INFO:colcon.colcon_core.shell:Creating package script '/home/om/ros2_ws/install/trac_ik_lib/share/trac_ik_lib/package.sh'
[0.436s] INFO:colcon.colcon_core.shell:Creating package script '/home/om/ros2_ws/install/trac_ik_lib/share/trac_ik_lib/package.bash'
[0.436s] INFO:colcon.colcon_core.shell:Creating package script '/home/om/ros2_ws/install/trac_ik_lib/share/trac_ik_lib/package.zsh'
[0.436s] Level 1:colcon.colcon_core.environment:create_file_with_runtime_dependencies(/home/om/ros2_ws/install/trac_ik_lib/share/colcon-core/packages/trac_ik_lib)
[0.437s] Level 1:colcon.colcon_core.environment:create_environment_scripts_only(ur_description)
[0.438s] Level 1:colcon.colcon_core.environment:checking '/home/om/ros2_ws/install/ur_description' for CMake module files
[0.438s] Level 1:colcon.colcon_core.environment:checking '/home/om/ros2_ws/install/ur_description' for CMake config files
[0.438s] Level 1:colcon.colcon_core.shell:create_environment_hook('ur_description', 'cmake_prefix_path')
[0.439s] INFO:colcon.colcon_core.shell:Creating environment hook '/home/om/ros2_ws/install/ur_description/share/ur_description/hook/cmake_prefix_path.ps1'
[0.439s] INFO:colcon.colcon_core.shell:Creating environment descriptor '/home/om/ros2_ws/install/ur_description/share/ur_description/hook/cmake_prefix_path.dsv'
[0.439s] INFO:colcon.colcon_core.shell:Creating environment hook '/home/om/ros2_ws/install/ur_description/share/ur_description/hook/cmake_prefix_path.sh'
[0.440s] Level 1:colcon.colcon_core.environment:checking '/home/om/ros2_ws/install/ur_description/bin'
[0.440s] Level 1:colcon.colcon_core.environment:checking '/home/om/ros2_ws/install/ur_description/lib/pkgconfig/ur_description.pc'
[0.440s] Level 1:colcon.colcon_core.environment:checking '/home/om/ros2_ws/install/ur_description/lib/python3.10/site-packages'
[0.440s] Level 1:colcon.colcon_core.environment:checking '/home/om/ros2_ws/install/ur_description/bin'
[0.440s] INFO:colcon.colcon_core.shell:Creating package script '/home/om/ros2_ws/install/ur_description/share/ur_description/package.ps1'
[0.441s] INFO:colcon.colcon_core.shell:Creating package descriptor '/home/om/ros2_ws/install/ur_description/share/ur_description/package.dsv'
[0.441s] INFO:colcon.colcon_core.shell:Creating package script '/home/om/ros2_ws/install/ur_description/share/ur_description/package.sh'
[0.441s] INFO:colcon.colcon_core.shell:Creating package script '/home/om/ros2_ws/install/ur_description/share/ur_description/package.bash'
[0.442s] INFO:colcon.colcon_core.shell:Creating package script '/home/om/ros2_ws/install/ur_description/share/ur_description/package.zsh'
[0.442s] Level 1:colcon.colcon_core.environment:create_file_with_runtime_dependencies(/home/om/ros2_ws/install/ur_description/share/colcon-core/packages/ur_description)
[0.465s] Level 1:colcon.colcon_core.environment:create_environment_scripts_only(trac_ik_lib)
[0.465s] Level 1:colcon.colcon_core.environment:checking '/home/om/ros2_ws/install/trac_ik_lib' for CMake module files
[0.466s] Level 1:colcon.colcon_core.environment:checking '/home/om/ros2_ws/install/trac_ik_lib' for CMake config files
[0.466s] Level 1:colcon.colcon_core.shell:create_environment_hook('trac_ik_lib', 'cmake_prefix_path')
[0.466s] INFO:colcon.colcon_core.shell:Creating environment hook '/home/om/ros2_ws/install/trac_ik_lib/share/trac_ik_lib/hook/cmake_prefix_path.ps1'
[0.467s] INFO:colcon.colcon_core.shell:Creating environment descriptor '/home/om/ros2_ws/install/trac_ik_lib/share/trac_ik_lib/hook/cmake_prefix_path.dsv'
[0.467s] INFO:colcon.colcon_core.shell:Creating environment hook '/home/om/ros2_ws/install/trac_ik_lib/share/trac_ik_lib/hook/cmake_prefix_path.sh'
[0.467s] Level 1:colcon.colcon_core.environment:checking '/home/om/ros2_ws/install/trac_ik_lib/lib'
[0.467s] Level 1:colcon.colcon_core.shell:create_environment_hook('trac_ik_lib', 'ld_library_path_lib')
[0.467s] INFO:colcon.colcon_core.shell:Creating environment hook '/home/om/ros2_ws/install/trac_ik_lib/share/trac_ik_lib/hook/ld_library_path_lib.ps1'
[0.468s] INFO:colcon.colcon_core.shell:Creating environment descriptor '/home/om/ros2_ws/install/trac_ik_lib/share/trac_ik_lib/hook/ld_library_path_lib.dsv'
[0.468s] INFO:colcon.colcon_core.shell:Creating environment hook '/home/om/ros2_ws/install/trac_ik_lib/share/trac_ik_lib/hook/ld_library_path_lib.sh'
[0.468s] Level 1:colcon.colcon_core.environment:checking '/home/om/ros2_ws/install/trac_ik_lib/bin'
[0.468s] Level 1:colcon.colcon_core.environment:checking '/home/om/ros2_ws/install/trac_ik_lib/lib/pkgconfig/trac_ik_lib.pc'
[0.468s] Level 1:colcon.colcon_core.environment:checking '/home/om/ros2_ws/install/trac_ik_lib/lib/python3.10/site-packages'
[0.468s] Level 1:colcon.colcon_core.environment:checking '/home/om/ros2_ws/install/trac_ik_lib/bin'
[0.469s] INFO:colcon.colcon_core.shell:Creating package script '/home/om/ros2_ws/install/trac_ik_lib/share/trac_ik_lib/package.ps1'
[0.469s] INFO:colcon.colcon_core.shell:Creating package descriptor '/home/om/ros2_ws/install/trac_ik_lib/share/trac_ik_lib/package.dsv'
[0.469s] INFO:colcon.colcon_core.shell:Creating package script '/home/om/ros2_ws/install/trac_ik_lib/share/trac_ik_lib/package.sh'
[0.470s] INFO:colcon.colcon_core.shell:Creating package script '/home/om/ros2_ws/install/trac_ik_lib/share/trac_ik_lib/package.bash'
[0.470s] INFO:colcon.colcon_core.shell:Creating package script '/home/om/ros2_ws/install/trac_ik_lib/share/trac_ik_lib/package.zsh'
[0.470s] Level 1:colcon.colcon_core.environment:create_file_with_runtime_dependencies(/home/om/ros2_ws/install/trac_ik_lib/share/colcon-core/packages/trac_ik_lib)
[0.471s] INFO:colcon.colcon_ros.task.ament_cmake.build:Building ROS package in '/home/om/ros2_ws/src/trac_ik/trac_ik_examples' with build type 'ament_cmake'
[0.471s] INFO:colcon.colcon_cmake.task.cmake.build:Building CMake package in '/home/om/ros2_ws/src/trac_ik/trac_ik_examples'
[0.471s] INFO:colcon.colcon_core.shell:Skip shell extension 'powershell' for command environment: Not usable outside of PowerShell
[0.471s] DEBUG:colcon.colcon_core.shell:Skip shell extension 'dsv' for command environment
[0.482s] DEBUG:colcon.colcon_core.event_handler.log_command:Invoking command in '/home/om/ros2_ws/build/trac_ik_examples': AMENT_PREFIX_PATH=/home/om/ros2_ws/install/trac_ik_lib:${AMENT_PREFIX_PATH} CMAKE_PREFIX_PATH=/home/om/ros2_ws/install/trac_ik_lib:/opt/ros/humble LD_LIBRARY_PATH=/home/om/ros2_ws/install/trac_ik_lib/lib:${LD_LIBRARY_PATH} /usr/bin/cmake --build /home/om/ros2_ws/build/trac_ik_examples -- -j8 -l8
[0.541s] DEBUG:colcon.colcon_core.event_handler.log_command:Invoked command in '/home/om/ros2_ws/build/trac_ik_examples' returned '0': AMENT_PREFIX_PATH=/home/om/ros2_ws/install/trac_ik_lib:${AMENT_PREFIX_PATH} CMAKE_PREFIX_PATH=/home/om/ros2_ws/install/trac_ik_lib:/opt/ros/humble LD_LIBRARY_PATH=/home/om/ros2_ws/install/trac_ik_lib/lib:${LD_LIBRARY_PATH} /usr/bin/cmake --build /home/om/ros2_ws/build/trac_ik_examples -- -j8 -l8
[0.568s] DEBUG:colcon.colcon_core.event_handler.log_command:Invoking command in '/home/om/ros2_ws/build/trac_ik_examples': AMENT_PREFIX_PATH=/home/om/ros2_ws/install/trac_ik_lib:${AMENT_PREFIX_PATH} CMAKE_PREFIX_PATH=/home/om/ros2_ws/install/trac_ik_lib:/opt/ros/humble LD_LIBRARY_PATH=/home/om/ros2_ws/install/trac_ik_lib/lib:${LD_LIBRARY_PATH} /usr/bin/cmake --install /home/om/ros2_ws/build/trac_ik_examples
[0.576s] Level 1:colcon.colcon_core.environment:create_environment_scripts_only(trac_ik_examples)
[0.577s] Level 1:colcon.colcon_core.environment:checking '/home/om/ros2_ws/install/trac_ik_examples' for CMake module files
[0.577s] Level 1:colcon.colcon_core.environment:checking '/home/om/ros2_ws/install/trac_ik_examples' for CMake config files
[0.577s] DEBUG:colcon.colcon_core.event_handler.log_command:Invoked command in '/home/om/ros2_ws/build/trac_ik_examples' returned '0': AMENT_PREFIX_PATH=/home/om/ros2_ws/install/trac_ik_lib:${AMENT_PREFIX_PATH} CMAKE_PREFIX_PATH=/home/om/ros2_ws/install/trac_ik_lib:/opt/ros/humble LD_LIBRARY_PATH=/home/om/ros2_ws/install/trac_ik_lib/lib:${LD_LIBRARY_PATH} /usr/bin/cmake --install /home/om/ros2_ws/build/trac_ik_examples
[0.578s] Level 1:colcon.colcon_core.shell:create_environment_hook('trac_ik_examples', 'cmake_prefix_path')
[0.578s] INFO:colcon.colcon_core.shell:Creating environment hook '/home/om/ros2_ws/install/trac_ik_examples/share/trac_ik_examples/hook/cmake_prefix_path.ps1'
[0.578s] INFO:colcon.colcon_core.shell:Creating environment descriptor '/home/om/ros2_ws/install/trac_ik_examples/share/trac_ik_examples/hook/cmake_prefix_path.dsv'
[0.578s] INFO:colcon.colcon_core.shell:Creating environment hook '/home/om/ros2_ws/install/trac_ik_examples/share/trac_ik_examples/hook/cmake_prefix_path.sh'
[0.579s] Level 1:colcon.colcon_core.environment:checking '/home/om/ros2_ws/install/trac_ik_examples/lib'
[0.579s] Level 1:colcon.colcon_core.environment:checking '/home/om/ros2_ws/install/trac_ik_examples/bin'
[0.579s] Level 1:colcon.colcon_core.environment:checking '/home/om/ros2_ws/install/trac_ik_examples/lib/pkgconfig/trac_ik_examples.pc'
[0.579s] Level 1:colcon.colcon_core.environment:checking '/home/om/ros2_ws/install/trac_ik_examples/lib/python3.10/site-packages'
[0.579s] Level 1:colcon.colcon_core.environment:checking '/home/om/ros2_ws/install/trac_ik_examples/bin'
[0.580s] INFO:colcon.colcon_core.shell:Creating package script '/home/om/ros2_ws/install/trac_ik_examples/share/trac_ik_examples/package.ps1'
[0.580s] INFO:colcon.colcon_core.shell:Creating package descriptor '/home/om/ros2_ws/install/trac_ik_examples/share/trac_ik_examples/package.dsv'
[0.580s] INFO:colcon.colcon_core.shell:Creating package script '/home/om/ros2_ws/install/trac_ik_examples/share/trac_ik_examples/package.sh'
[0.581s] INFO:colcon.colcon_core.shell:Creating package script '/home/om/ros2_ws/install/trac_ik_examples/share/trac_ik_examples/package.bash'
[0.581s] INFO:colcon.colcon_core.shell:Creating package script '/home/om/ros2_ws/install/trac_ik_examples/share/trac_ik_examples/package.zsh'
[0.581s] Level 1:colcon.colcon_core.environment:create_file_with_runtime_dependencies(/home/om/ros2_ws/install/trac_ik_examples/share/colcon-core/packages/trac_ik_examples)
[0.602s] Level 1:colcon.colcon_core.environment:create_environment_scripts_only(trac_ik_examples)
[0.602s] Level 1:colcon.colcon_core.environment:checking '/home/om/ros2_ws/install/trac_ik_examples' for CMake module files
[0.603s] Level 1:colcon.colcon_core.environment:checking '/home/om/ros2_ws/install/trac_ik_examples' for CMake config files
[0.603s] Level 1:colcon.colcon_core.shell:create_environment_hook('trac_ik_examples', 'cmake_prefix_path')
[0.603s] INFO:colcon.colcon_core.shell:Creating environment hook '/home/om/ros2_ws/install/trac_ik_examples/share/trac_ik_examples/hook/cmake_prefix_path.ps1'
[0.604s] INFO:colcon.colcon_core.shell:Creating environment descriptor '/home/om/ros2_ws/install/trac_ik_examples/share/trac_ik_examples/hook/cmake_prefix_path.dsv'
[0.604s] INFO:colcon.colcon_core.shell:Creating environment hook '/home/om/ros2_ws/install/trac_ik_examples/share/trac_ik_examples/hook/cmake_prefix_path.sh'
[0.604s] Level 1:colcon.colcon_core.environment:checking '/home/om/ros2_ws/install/trac_ik_examples/lib'
[0.604s] Level 1:colcon.colcon_core.environment:checking '/home/om/ros2_ws/install/trac_ik_examples/bin'
[0.604s] Level 1:colcon.colcon_core.environment:checking '/home/om/ros2_ws/install/trac_ik_examples/lib/pkgconfig/trac_ik_examples.pc'
[0.605s] Level 1:colcon.colcon_core.environment:checking '/home/om/ros2_ws/install/trac_ik_examples/lib/python3.10/site-packages'
[0.605s] Level 1:colcon.colcon_core.environment:checking '/home/om/ros2_ws/install/trac_ik_examples/bin'
[0.605s] INFO:colcon.colcon_core.shell:Creating package script '/home/om/ros2_ws/install/trac_ik_examples/share/trac_ik_examples/package.ps1'
[0.605s] INFO:colcon.colcon_core.shell:Creating package descriptor '/home/om/ros2_ws/install/trac_ik_examples/share/trac_ik_examples/package.dsv'
[0.606s] INFO:colcon.colcon_core.shell:Creating package script '/home/om/ros2_ws/install/trac_ik_examples/share/trac_ik_examples/package.sh'
[0.606s] INFO:colcon.colcon_core.shell:Creating package script '/home/om/ros2_ws/install/trac_ik_examples/share/trac_ik_examples/package.bash'
[0.607s] INFO:colcon.colcon_core.shell:Creating package script '/home/om/ros2_ws/install/trac_ik_examples/share/trac_ik_examples/package.zsh'
[0.607s] Level 1:colcon.colcon_core.environment:create_file_with_runtime_dependencies(/home/om/ros2_ws/install/trac_ik_examples/share/colcon-core/packages/trac_ik_examples)
[0.607s] INFO:colcon.colcon_ros.task.ament_cmake.build:Building ROS package in '/home/om/ros2_ws/src/trac_ik/trac_ik' with build type 'ament_cmake'
[0.607s] INFO:colcon.colcon_cmake.task.cmake.build:Building CMake package in '/home/om/ros2_ws/src/trac_ik/trac_ik'
[0.608s] INFO:colcon.colcon_core.shell:Skip shell extension 'powershell' for command environment: Not usable outside of PowerShell
[0.608s] DEBUG:colcon.colcon_core.shell:Skip shell extension 'dsv' for command environment
[0.618s] DEBUG:colcon.colcon_core.event_handler.log_command:Invoking command in '/home/om/ros2_ws/build/trac_ik': AMENT_PREFIX_PATH=/home/om/ros2_ws/install/trac_ik_examples:/home/om/ros2_ws/install/trac_ik_lib:${AMENT_PREFIX_PATH} CMAKE_PREFIX_PATH=/home/om/ros2_ws/install/trac_ik_examples:/home/om/ros2_ws/install/trac_ik_lib:/opt/ros/humble LD_LIBRARY_PATH=/home/om/ros2_ws/install/trac_ik_lib/lib:${LD_LIBRARY_PATH} /usr/bin/cmake --build /home/om/ros2_ws/build/trac_ik -- -j8 -l8
[0.651s] DEBUG:colcon.colcon_core.event_handler.log_command:Invoked command in '/home/om/ros2_ws/build/trac_ik' returned '0': AMENT_PREFIX_PATH=/home/om/ros2_ws/install/trac_ik_examples:/home/om/ros2_ws/install/trac_ik_lib:${AMENT_PREFIX_PATH} CMAKE_PREFIX_PATH=/home/om/ros2_ws/install/trac_ik_examples:/home/om/ros2_ws/install/trac_ik_lib:/opt/ros/humble LD_LIBRARY_PATH=/home/om/ros2_ws/install/trac_ik_lib/lib:${LD_LIBRARY_PATH} /usr/bin/cmake --build /home/om/ros2_ws/build/trac_ik -- -j8 -l8
[0.669s] DEBUG:colcon.colcon_core.event_handler.log_command:Invoking command in '/home/om/ros2_ws/build/trac_ik': AMENT_PREFIX_PATH=/home/om/ros2_ws/install/trac_ik_examples:/home/om/ros2_ws/install/trac_ik_lib:${AMENT_PREFIX_PATH} CMAKE_PREFIX_PATH=/home/om/ros2_ws/install/trac_ik_examples:/home/om/ros2_ws/install/trac_ik_lib:/opt/ros/humble LD_LIBRARY_PATH=/home/om/ros2_ws/install/trac_ik_lib/lib:${LD_LIBRARY_PATH} /usr/bin/cmake --install /home/om/ros2_ws/build/trac_ik
[0.677s] Level 1:colcon.colcon_core.environment:create_environment_scripts_only(trac_ik)
[0.677s] Level 1:colcon.colcon_core.environment:checking '/home/om/ros2_ws/install/trac_ik' for CMake module files
[0.678s] DEBUG:colcon.colcon_core.event_handler.log_command:Invoked command in '/home/om/ros2_ws/build/trac_ik' returned '0': AMENT_PREFIX_PATH=/home/om/ros2_ws/install/trac_ik_examples:/home/om/ros2_ws/install/trac_ik_lib:${AMENT_PREFIX_PATH} CMAKE_PREFIX_PATH=/home/om/ros2_ws/install/trac_ik_examples:/home/om/ros2_ws/install/trac_ik_lib:/opt/ros/humble LD_LIBRARY_PATH=/home/om/ros2_ws/install/trac_ik_lib/lib:${LD_LIBRARY_PATH} /usr/bin/cmake --install /home/om/ros2_ws/build/trac_ik
[0.678s] Level 1:colcon.colcon_core.environment:checking '/home/om/ros2_ws/install/trac_ik' for CMake config files
[0.678s] Level 1:colcon.colcon_core.shell:create_environment_hook('trac_ik', 'cmake_prefix_path')
[0.678s] INFO:colcon.colcon_core.shell:Creating environment hook '/home/om/ros2_ws/install/trac_ik/share/trac_ik/hook/cmake_prefix_path.ps1'
[0.679s] INFO:colcon.colcon_core.shell:Creating environment descriptor '/home/om/ros2_ws/install/trac_ik/share/trac_ik/hook/cmake_prefix_path.dsv'
[0.679s] INFO:colcon.colcon_core.shell:Creating environment hook '/home/om/ros2_ws/install/trac_ik/share/trac_ik/hook/cmake_prefix_path.sh'
[0.679s] Level 1:colcon.colcon_core.environment:checking '/home/om/ros2_ws/install/trac_ik/bin'
[0.679s] Level 1:colcon.colcon_core.environment:checking '/home/om/ros2_ws/install/trac_ik/lib/pkgconfig/trac_ik.pc'
[0.679s] Level 1:colcon.colcon_core.environment:checking '/home/om/ros2_ws/install/trac_ik/lib/python3.10/site-packages'
[0.679s] Level 1:colcon.colcon_core.environment:checking '/home/om/ros2_ws/install/trac_ik/bin'
[0.680s] INFO:colcon.colcon_core.shell:Creating package script '/home/om/ros2_ws/install/trac_ik/share/trac_ik/package.ps1'
[0.680s] INFO:colcon.colcon_core.shell:Creating package descriptor '/home/om/ros2_ws/install/trac_ik/share/trac_ik/package.dsv'
[0.680s] INFO:colcon.colcon_core.shell:Creating package script '/home/om/ros2_ws/install/trac_ik/share/trac_ik/package.sh'
[0.681s] INFO:colcon.colcon_core.shell:Creating package script '/home/om/ros2_ws/install/trac_ik/share/trac_ik/package.bash'
[0.681s] INFO:colcon.colcon_core.shell:Creating package script '/home/om/ros2_ws/install/trac_ik/share/trac_ik/package.zsh'
[0.681s] Level 1:colcon.colcon_core.environment:create_file_with_runtime_dependencies(/home/om/ros2_ws/install/trac_ik/share/colcon-core/packages/trac_ik)
[0.699s] Level 1:colcon.colcon_core.environment:create_environment_scripts_only(trac_ik)
[0.700s] Level 1:colcon.colcon_core.environment:checking '/home/om/ros2_ws/install/trac_ik' for CMake module files
[0.700s] Level 1:colcon.colcon_core.environment:checking '/home/om/ros2_ws/install/trac_ik' for CMake config files
[0.700s] Level 1:colcon.colcon_core.shell:create_environment_hook('trac_ik', 'cmake_prefix_path')
[0.700s] INFO:colcon.colcon_core.shell:Creating environment hook '/home/om/ros2_ws/install/trac_ik/share/trac_ik/hook/cmake_prefix_path.ps1'
[0.701s] INFO:colcon.colcon_core.shell:Creating environment descriptor '/home/om/ros2_ws/install/trac_ik/share/trac_ik/hook/cmake_prefix_path.dsv'
[0.701s] INFO:colcon.colcon_core.shell:Creating environment hook '/home/om/ros2_ws/install/trac_ik/share/trac_ik/hook/cmake_prefix_path.sh'
[0.701s] Level 1:colcon.colcon_core.environment:checking '/home/om/ros2_ws/install/trac_ik/bin'
[0.701s] Level 1:colcon.colcon_core.environment:checking '/home/om/ros2_ws/install/trac_ik/lib/pkgconfig/trac_ik.pc'
[0.702s] Level 1:colcon.colcon_core.environment:checking '/home/om/ros2_ws/install/trac_ik/lib/python3.10/site-packages'
[0.702s] Level 1:colcon.colcon_core.environment:checking '/home/om/ros2_ws/install/trac_ik/bin'
[0.702s] INFO:colcon.colcon_core.shell:Creating package script '/home/om/ros2_ws/install/trac_ik/share/trac_ik/package.ps1'
[0.702s] INFO:colcon.colcon_core.shell:Creating package descriptor '/home/om/ros2_ws/install/trac_ik/share/trac_ik/package.dsv'
[0.703s] INFO:colcon.colcon_core.shell:Creating package script '/home/om/ros2_ws/install/trac_ik/share/trac_ik/package.sh'
[0.703s] INFO:colcon.colcon_core.shell:Creating package script '/home/om/ros2_ws/install/trac_ik/share/trac_ik/package.bash'
[0.703s] INFO:colcon.colcon_core.shell:Creating package script '/home/om/ros2_ws/install/trac_ik/share/trac_ik/package.zsh'
[0.704s] Level 1:colcon.colcon_core.environment:create_file_with_runtime_dependencies(/home/om/ros2_ws/install/trac_ik/share/colcon-core/packages/trac_ik)
[12.374s] DEBUG:colcon.colcon_core.event_handler.log_command:Invoked command in '/home/om/ros2_ws/build/ur5_controller' returned '0': CMAKE_PREFIX_PATH=/opt/ros/humble /usr/bin/cmake --build /home/om/ros2_ws/build/ur5_controller -- -j8 -l8
[12.406s] DEBUG:colcon.colcon_core.event_handler.log_command:Invoking command in '/home/om/ros2_ws/build/ur5_controller': CMAKE_PREFIX_PATH=/opt/ros/humble /usr/bin/cmake --install /home/om/ros2_ws/build/ur5_controller
[12.418s] Level 1:colcon.colcon_core.environment:create_environment_scripts_only(ur5_controller)
[12.418s] DEBUG:colcon.colcon_core.event_handler.log_command:Invoked command in '/home/om/ros2_ws/build/ur5_controller' returned '0': CMAKE_PREFIX_PATH=/opt/ros/humble /usr/bin/cmake --install /home/om/ros2_ws/build/ur5_controller
[12.419s] Level 1:colcon.colcon_core.environment:checking '/home/om/ros2_ws/install/ur5_controller' for CMake module files
[12.419s] Level 1:colcon.colcon_core.environment:checking '/home/om/ros2_ws/install/ur5_controller' for CMake config files
[12.420s] Level 1:colcon.colcon_core.shell:create_environment_hook('ur5_controller', 'cmake_prefix_path')
[12.420s] INFO:colcon.colcon_core.shell:Creating environment hook '/home/om/ros2_ws/install/ur5_controller/share/ur5_controller/hook/cmake_prefix_path.ps1'
[12.421s] INFO:colcon.colcon_core.shell:Creating environment descriptor '/home/om/ros2_ws/install/ur5_controller/share/ur5_controller/hook/cmake_prefix_path.dsv'
[12.421s] INFO:colcon.colcon_core.shell:Creating environment hook '/home/om/ros2_ws/install/ur5_controller/share/ur5_controller/hook/cmake_prefix_path.sh'
[12.421s] Level 1:colcon.colcon_core.environment:checking '/home/om/ros2_ws/install/ur5_controller/lib'
[12.421s] Level 1:colcon.colcon_core.environment:checking '/home/om/ros2_ws/install/ur5_controller/bin'
[12.421s] Level 1:colcon.colcon_core.environment:checking '/home/om/ros2_ws/install/ur5_controller/lib/pkgconfig/ur5_controller.pc'
[12.422s] Level 1:colcon.colcon_core.environment:checking '/home/om/ros2_ws/install/ur5_controller/lib/python3.10/site-packages'
[12.422s] Level 1:colcon.colcon_core.environment:checking '/home/om/ros2_ws/install/ur5_controller/bin'
[12.422s] INFO:colcon.colcon_core.shell:Creating package script '/home/om/ros2_ws/install/ur5_controller/share/ur5_controller/package.ps1'
[12.422s] INFO:colcon.colcon_core.shell:Creating package descriptor '/home/om/ros2_ws/install/ur5_controller/share/ur5_controller/package.dsv'
[12.423s] INFO:colcon.colcon_core.shell:Creating package script '/home/om/ros2_ws/install/ur5_controller/share/ur5_controller/package.sh'
[12.423s] INFO:colcon.colcon_core.shell:Creating package script '/home/om/ros2_ws/install/ur5_controller/share/ur5_controller/package.bash'
[12.423s] INFO:colcon.colcon_core.shell:Creating package script '/home/om/ros2_ws/install/ur5_controller/share/ur5_controller/package.zsh'
[12.423s] Level 1:colcon.colcon_core.environment:create_file_with_runtime_dependencies(/home/om/ros2_ws/install/ur5_controller/share/colcon-core/packages/ur5_controller)
[12.450s] Level 1:colcon.colcon_core.environment:create_environment_scripts_only(ur5_controller)
[12.450s] Level 1:colcon.colcon_core.environment:checking '/home/om/ros2_ws/install/ur5_controller' for CMake module files
[12.451s] Level 1:colcon.colcon_core.environment:checking '/home/om/ros2_ws/install/ur5_controller' for CMake config files
[12.451s] Level 1:colcon.colcon_core.shell:create_environment_hook('ur5_controller', 'cmake_prefix_path')
[12.451s] INFO:colcon.colcon_core.shell:Creating environment hook '/home/om/ros2_ws/install/ur5_controller/share/ur5_controller/hook/cmake_prefix_path.ps1'
[12.451s] INFO:colcon.colcon_core.shell:Creating environment descriptor '/home/om/ros2_ws/install/ur5_controller/share/ur5_controller/hook/cmake_prefix_path.dsv'
[12.452s] INFO:colcon.colcon_core.shell:Creating environment hook '/home/om/ros2_ws/install/ur5_controller/share/ur5_controller/hook/cmake_prefix_path.sh'
[12.452s] Level 1:colcon.colcon_core.environment:checking '/home/om/ros2_ws/install/ur5_controller/lib'
[12.452s] Level 1:colcon.colcon_core.environment:checking '/home/om/ros2_ws/install/ur5_controller/bin'
[12.452s] Level 1:colcon.colcon_core.environment:checking '/home/om/ros2_ws/install/ur5_controller/lib/pkgconfig/ur5_controller.pc'
[12.452s] Level 1:colcon.colcon_core.environment:checking '/home/om/ros2_ws/install/ur5_controller/lib/python3.10/site-packages'
[12.453s] Level 1:colcon.colcon_core.environment:checking '/home/om/ros2_ws/install/ur5_controller/bin'
[12.453s] INFO:colcon.colcon_core.shell:Creating package script '/home/om/ros2_ws/install/ur5_controller/share/ur5_controller/package.ps1'
[12.453s] INFO:colcon.colcon_core.shell:Creating package descriptor '/home/om/ros2_ws/install/ur5_controller/share/ur5_controller/package.dsv'
[12.454s] INFO:colcon.colcon_core.shell:Creating package script '/home/om/ros2_ws/install/ur5_controller/share/ur5_controller/package.sh'
[12.454s] INFO:colcon.colcon_core.shell:Creating package script '/home/om/ros2_ws/install/ur5_controller/share/ur5_controller/package.bash'
[12.454s] INFO:colcon.colcon_core.shell:Creating package script '/home/om/ros2_ws/install/ur5_controller/share/ur5_controller/package.zsh'
[12.454s] Level 1:colcon.colcon_core.environment:create_file_with_runtime_dependencies(/home/om/ros2_ws/install/ur5_controller/share/colcon-core/packages/ur5_controller)
[12.454s] DEBUG:colcon.colcon_parallel_executor.executor.parallel:closing loop
[12.455s] DEBUG:colcon.colcon_parallel_executor.executor.parallel:loop closed
[12.455s] DEBUG:colcon.colcon_parallel_executor.executor.parallel:run_until_complete finished with '0'
[12.455s] DEBUG:colcon.colcon_core.event_reactor:joining thread
[12.459s] INFO:colcon.colcon_core.plugin_system:Skipping extension 'colcon_notification.desktop_notification.terminal_notifier': Not used on non-Darwin systems
[12.459s] INFO:colcon.colcon_core.plugin_system:Skipping extension 'colcon_notification.desktop_notification.win32': Not used on non-Windows systems
[12.459s] INFO:colcon.colcon_notification.desktop_notification:Sending desktop notification using 'notify2'
[12.470s] DEBUG:colcon.colcon_core.event_reactor:joined thread
[12.471s] INFO:colcon.colcon_core.shell:Creating prefix script '/home/om/ros2_ws/install/local_setup.ps1'
[12.472s] INFO:colcon.colcon_core.shell:Creating prefix util module '/home/om/ros2_ws/install/_local_setup_util_ps1.py'
[12.473s] INFO:colcon.colcon_core.shell:Creating prefix chain script '/home/om/ros2_ws/install/setup.ps1'
[12.474s] INFO:colcon.colcon_core.shell:Creating prefix script '/home/om/ros2_ws/install/local_setup.sh'
[12.475s] INFO:colcon.colcon_core.shell:Creating prefix util module '/home/om/ros2_ws/install/_local_setup_util_sh.py'
[12.475s] INFO:colcon.colcon_core.shell:Creating prefix chain script '/home/om/ros2_ws/install/setup.sh'
[12.476s] INFO:colcon.colcon_core.shell:Creating prefix script '/home/om/ros2_ws/install/local_setup.bash'
[12.476s] INFO:colcon.colcon_core.shell:Creating prefix chain script '/home/om/ros2_ws/install/setup.bash'
[12.477s] INFO:colcon.colcon_core.shell:Creating prefix script '/home/om/ros2_ws/install/local_setup.zsh'
[12.477s] INFO:colcon.colcon_core.shell:Creating prefix chain script '/home/om/ros2_ws/install/setup.zsh'
