[0.020s] Invoking command in '/home/om/ros2_ws/build/trac_ik_examples': AMENT_PREFIX_PATH=/home/om/ros2_ws/install/trac_ik_lib:${AMENT_PREFIX_PATH} CMAKE_PREFIX_PATH=/home/om/ros2_ws/install/trac_ik_lib:/opt/ros/humble LD_LIBRARY_PATH=/home/om/ros2_ws/install/trac_ik_lib/lib:${LD_LIBRARY_PATH} /usr/bin/cmake --build /home/om/ros2_ws/build/trac_ik_examples -- -j8 -l8
[0.070s] -- Found ament_cmake: 1.3.9 (/opt/ros/humble/share/ament_cmake/cmake)
[0.324s] -- Found rclcpp: 16.0.9 (/opt/ros/humble/share/rclcpp/cmake)
[0.390s] -- Found rosidl_generator_c: 3.1.5 (/opt/ros/humble/share/rosidl_generator_c/cmake)
[0.396s] -- Found rosidl_adapter: 3.1.5 (/opt/ros/humble/share/rosidl_adapter/cmake)
[0.410s] -- Found rosidl_generator_cpp: 3.1.5 (/opt/ros/humble/share/rosidl_generator_cpp/cmake)
[0.438s] -- Using all available rosidl_typesupport_c: rosidl_typesupport_fastrtps_c;rosidl_typesupport_introspection_c
[0.477s] -- Using all available rosidl_typesupport_cpp: rosidl_typesupport_fastrtps_cpp;rosidl_typesupport_introspection_cpp
[0.622s] -- Found rmw_implementation_cmake: 6.1.2 (/opt/ros/humble/share/rmw_implementation_cmake/cmake)
[0.625s] -- Found rmw_cyclonedds_cpp: 1.3.4 (/opt/ros/humble/share/rmw_cyclonedds_cpp/cmake)
[0.697s] -- Using RMW implementation 'rmw_cyclonedds_cpp' as default
[1.107s] -- Found trac_ik_lib: 0.1.0 (/home/om/ros2_ws/install/trac_ik_lib/share/trac_ik_lib/cmake)
[1.116s] -- Found eigen3_cmake_module: 0.1.1 (/opt/ros/humble/share/eigen3_cmake_module/cmake)
[1.119s] -- Ensuring Eigen3 include directory is part of orocos-kdl CMake target
[1.193s] -- Found ament_lint_auto: 0.12.11 (/opt/ros/humble/share/ament_lint_auto/cmake)
[1.352s] -- Added test 'copyright' to check source files copyright and LICENSE
[1.354s] -- Added test 'cppcheck' to perform static code analysis on C / C++ code
[1.354s] -- Configured cppcheck include dirs: 
[1.354s] -- Configured cppcheck exclude dirs and/or files: 
[1.356s] -- Added test 'cpplint' to check C / C++ code against the Google style
[1.356s] -- Configured cpplint exclude dirs and/or files: 
[1.357s] -- Added test 'flake8' to check Python code syntax and style conventions
[1.358s] -- Added test 'lint_cmake' to check CMake code style
[1.359s] -- Added test 'pep257' to check Python code against some of the docstring style conventions in PEP 257
[1.360s] -- Added test 'uncrustify' to check C / C++ code style
[1.360s] -- Configured uncrustify additional arguments: 
[1.361s] -- Added test 'xmllint' to check XML markup files
[1.363s] -- Configuring done
[1.390s] -- Generating done
[1.394s] -- Build files have been written to: /home/om/ros2_ws/build/trac_ik_examples
[1.452s] [35m[1mConsolidate compiler generated dependencies of target ik_tests[0m
[1.495s] [100%] Built target ik_tests
[1.514s] Invoked command in '/home/om/ros2_ws/build/trac_ik_examples' returned '0': AMENT_PREFIX_PATH=/home/om/ros2_ws/install/trac_ik_lib:${AMENT_PREFIX_PATH} CMAKE_PREFIX_PATH=/home/om/ros2_ws/install/trac_ik_lib:/opt/ros/humble LD_LIBRARY_PATH=/home/om/ros2_ws/install/trac_ik_lib/lib:${LD_LIBRARY_PATH} /usr/bin/cmake --build /home/om/ros2_ws/build/trac_ik_examples -- -j8 -l8
[1.564s] Invoking command in '/home/om/ros2_ws/build/trac_ik_examples': AMENT_PREFIX_PATH=/home/om/ros2_ws/install/trac_ik_lib:${AMENT_PREFIX_PATH} CMAKE_PREFIX_PATH=/home/om/ros2_ws/install/trac_ik_lib:/opt/ros/humble LD_LIBRARY_PATH=/home/om/ros2_ws/install/trac_ik_lib/lib:${LD_LIBRARY_PATH} /usr/bin/cmake --install /home/om/ros2_ws/build/trac_ik_examples
[1.578s] -- Install configuration: ""
[1.579s] -- Up-to-date: /home/om/ros2_ws/install/trac_ik_examples/lib/trac_ik_examples/ik_tests
[1.579s] -- Up-to-date: /home/om/ros2_ws/install/trac_ik_examples/share/trac_ik_examples/launch
[1.579s] -- Up-to-date: /home/om/ros2_ws/install/trac_ik_examples/share/trac_ik_examples/launch/pr2_arm.launch.py
[1.579s] -- Up-to-date: /home/om/ros2_ws/install/trac_ik_examples/share/trac_ik_examples/launch/pr2.urdf
[1.579s] -- Up-to-date: /home/om/ros2_ws/install/trac_ik_examples/share/ament_index/resource_index/package_run_dependencies/trac_ik_examples
[1.580s] -- Up-to-date: /home/om/ros2_ws/install/trac_ik_examples/share/ament_index/resource_index/parent_prefix_path/trac_ik_examples
[1.580s] -- Up-to-date: /home/om/ros2_ws/install/trac_ik_examples/share/trac_ik_examples/environment/ament_prefix_path.sh
[1.580s] -- Installing: /home/om/ros2_ws/install/trac_ik_examples/share/trac_ik_examples/environment/ament_prefix_path.dsv
[1.580s] -- Up-to-date: /home/om/ros2_ws/install/trac_ik_examples/share/trac_ik_examples/environment/path.sh
[1.580s] -- Installing: /home/om/ros2_ws/install/trac_ik_examples/share/trac_ik_examples/environment/path.dsv
[1.581s] -- Up-to-date: /home/om/ros2_ws/install/trac_ik_examples/share/trac_ik_examples/local_setup.bash
[1.581s] -- Up-to-date: /home/om/ros2_ws/install/trac_ik_examples/share/trac_ik_examples/local_setup.sh
[1.581s] -- Up-to-date: /home/om/ros2_ws/install/trac_ik_examples/share/trac_ik_examples/local_setup.zsh
[1.581s] -- Installing: /home/om/ros2_ws/install/trac_ik_examples/share/trac_ik_examples/local_setup.dsv
[1.581s] -- Installing: /home/om/ros2_ws/install/trac_ik_examples/share/trac_ik_examples/package.dsv
[1.581s] -- Up-to-date: /home/om/ros2_ws/install/trac_ik_examples/share/ament_index/resource_index/packages/trac_ik_examples
[1.582s] -- Up-to-date: /home/om/ros2_ws/install/trac_ik_examples/share/trac_ik_examples/cmake/trac_ik_examplesConfig.cmake
[1.582s] -- Up-to-date: /home/om/ros2_ws/install/trac_ik_examples/share/trac_ik_examples/cmake/trac_ik_examplesConfig-version.cmake
[1.582s] -- Up-to-date: /home/om/ros2_ws/install/trac_ik_examples/share/trac_ik_examples/package.xml
[1.585s] Invoked command in '/home/om/ros2_ws/build/trac_ik_examples' returned '0': AMENT_PREFIX_PATH=/home/om/ros2_ws/install/trac_ik_lib:${AMENT_PREFIX_PATH} CMAKE_PREFIX_PATH=/home/om/ros2_ws/install/trac_ik_lib:/opt/ros/humble LD_LIBRARY_PATH=/home/om/ros2_ws/install/trac_ik_lib/lib:${LD_LIBRARY_PATH} /usr/bin/cmake --install /home/om/ros2_ws/build/trac_ik_examples
