[0.021s] Invoking command in '/home/om/ros2_ws/build/ur5_controller': CMAKE_PREFIX_PATH=${CMAKE_PREFIX_PATH}:/opt/ros/humble /usr/bin/cmake --build /home/om/ros2_ws/build/ur5_controller -- -j8 -l8
[0.084s] [35m[1mConsolidate compiler generated dependencies of target moveit_cartesian_planner[0m
[0.099s] [ 50%] Built target position_publisher
[0.118s] [100%] Built target moveit_cartesian_planner
[0.158s] Invoked command in '/home/om/ros2_ws/build/ur5_controller' returned '0': CMAKE_PREFIX_PATH=${CMAKE_PREFIX_PATH}:/opt/ros/humble /usr/bin/cmake --build /home/om/ros2_ws/build/ur5_controller -- -j8 -l8
[0.182s] Invoking command in '/home/om/ros2_ws/build/ur5_controller': CMAKE_PREFIX_PATH=${CMAKE_PREFIX_PATH}:/opt/ros/humble /usr/bin/cmake --install /home/om/ros2_ws/build/ur5_controller
[0.192s] -- Install configuration: ""
[0.192s] -- Up-to-date: /home/om/ros2_ws/install/ur5_controller/lib/ur5_controller/position_publisher
[0.192s] -- Up-to-date: /home/om/ros2_ws/install/ur5_controller/lib/ur5_controller/moveit_cartesian_planner
[0.192s] -- Up-to-date: /home/om/ros2_ws/install/ur5_controller/share/ur5_controller/config
[0.192s] -- Up-to-date: /home/om/ros2_ws/install/ur5_controller/share/ur5_controller/config/ur5_controller.yaml
[0.192s] -- Up-to-date: /home/om/ros2_ws/install/ur5_controller/share/ur5_controller/launch
[0.193s] -- Up-to-date: /home/om/ros2_ws/install/ur5_controller/share/ur5_controller/launch/controller.launch.py
[0.193s] -- Installing: /home/om/ros2_ws/install/ur5_controller/share/ur5_controller/launch/moveit2_launch.py
[0.193s] -- Up-to-date: /home/om/ros2_ws/install/ur5_controller/share/ament_index/resource_index/package_run_dependencies/ur5_controller
[0.193s] -- Up-to-date: /home/om/ros2_ws/install/ur5_controller/share/ament_index/resource_index/parent_prefix_path/ur5_controller
[0.193s] -- Up-to-date: /home/om/ros2_ws/install/ur5_controller/share/ur5_controller/environment/ament_prefix_path.sh
[0.193s] -- Up-to-date: /home/om/ros2_ws/install/ur5_controller/share/ur5_controller/environment/ament_prefix_path.dsv
[0.193s] -- Up-to-date: /home/om/ros2_ws/install/ur5_controller/share/ur5_controller/environment/path.sh
[0.193s] -- Up-to-date: /home/om/ros2_ws/install/ur5_controller/share/ur5_controller/environment/path.dsv
[0.193s] -- Up-to-date: /home/om/ros2_ws/install/ur5_controller/share/ur5_controller/local_setup.bash
[0.193s] -- Up-to-date: /home/om/ros2_ws/install/ur5_controller/share/ur5_controller/local_setup.sh
[0.193s] -- Up-to-date: /home/om/ros2_ws/install/ur5_controller/share/ur5_controller/local_setup.zsh
[0.194s] -- Up-to-date: /home/om/ros2_ws/install/ur5_controller/share/ur5_controller/local_setup.dsv
[0.194s] -- Installing: /home/om/ros2_ws/install/ur5_controller/share/ur5_controller/package.dsv
[0.194s] -- Up-to-date: /home/om/ros2_ws/install/ur5_controller/share/ament_index/resource_index/packages/ur5_controller
[0.194s] -- Up-to-date: /home/om/ros2_ws/install/ur5_controller/share/ur5_controller/cmake/ur5_controllerConfig.cmake
[0.194s] -- Up-to-date: /home/om/ros2_ws/install/ur5_controller/share/ur5_controller/cmake/ur5_controllerConfig-version.cmake
[0.194s] -- Up-to-date: /home/om/ros2_ws/install/ur5_controller/share/ur5_controller/package.xml
[0.196s] Invoked command in '/home/om/ros2_ws/build/ur5_controller' returned '0': CMAKE_PREFIX_PATH=${CMAKE_PREFIX_PATH}:/opt/ros/humble /usr/bin/cmake --install /home/om/ros2_ws/build/ur5_controller
