[0.010s] Invoking command in '/home/om/ros2_ws/build/trac_ik_examples': AMENT_PREFIX_PATH=/home/om/ros2_ws/install/trac_ik_lib:${AMENT_PREFIX_PATH} CMAKE_PREFIX_PATH=/home/om/ros2_ws/install/trac_ik_lib:/opt/ros/humble LD_LIBRARY_PATH=/home/om/ros2_ws/install/trac_ik_lib/lib:${LD_LIBRARY_PATH} /usr/bin/cmake /home/om/ros2_ws/src/trac_ik/trac_ik_examples -DCMAKE_INSTALL_PREFIX=/home/om/ros2_ws/install/trac_ik_examples
[0.068s] -- The C compiler identification is GNU 11.4.0
[0.119s] -- The CXX compiler identification is GNU 11.4.0
[0.128s] -- Detecting C compiler ABI info
[0.194s] -- Detecting C compiler ABI info - done
[0.201s] -- Check for working C compiler: /usr/bin/cc - skipped
[0.201s] -- Detecting C compile features
[0.202s] -- Detecting C compile features - done
[0.205s] -- Detecting CXX compiler ABI info
[0.277s] -- Detecting CXX compiler ABI info - done
[0.283s] -- Check for working CXX compiler: /usr/bin/c++ - skipped
[0.284s] -- Detecting CXX compile features
[0.284s] -- Detecting CXX compile features - done
[0.291s] -- Found ament_cmake: 1.3.9 (/opt/ros/humble/share/ament_cmake/cmake)
[0.424s] -- Found Python3: /usr/bin/python3 (found version "3.10.12") found components: Interpreter 
[0.525s] -- Found rclcpp: 16.0.9 (/opt/ros/humble/share/rclcpp/cmake)
[0.578s] -- Found rosidl_generator_c: 3.1.5 (/opt/ros/humble/share/rosidl_generator_c/cmake)
[0.584s] -- Found rosidl_adapter: 3.1.5 (/opt/ros/humble/share/rosidl_adapter/cmake)
[0.593s] -- Found rosidl_generator_cpp: 3.1.5 (/opt/ros/humble/share/rosidl_generator_cpp/cmake)
[0.610s] -- Using all available rosidl_typesupport_c: rosidl_typesupport_fastrtps_c;rosidl_typesupport_introspection_c
[0.632s] -- Using all available rosidl_typesupport_cpp: rosidl_typesupport_fastrtps_cpp;rosidl_typesupport_introspection_cpp
[0.704s] -- Found rmw_implementation_cmake: 6.1.2 (/opt/ros/humble/share/rmw_implementation_cmake/cmake)
[0.709s] -- Found rmw_cyclonedds_cpp: 1.3.4 (/opt/ros/humble/share/rmw_cyclonedds_cpp/cmake)
[0.746s] -- Using RMW implementation 'rmw_cyclonedds_cpp' as default
[0.757s] -- Looking for pthread.h
[0.828s] -- Looking for pthread.h - found
[0.829s] -- Performing Test CMAKE_HAVE_LIBC_PTHREAD
[0.895s] -- Performing Test CMAKE_HAVE_LIBC_PTHREAD - Success
[0.896s] -- Found Threads: TRUE  
[1.212s] -- Found trac_ik_lib: 0.1.0 (/home/om/ros2_ws/install/trac_ik_lib/share/trac_ik_lib/cmake)
[1.220s] -- Found eigen3_cmake_module: 0.1.1 (/opt/ros/humble/share/eigen3_cmake_module/cmake)
[1.221s] -- Found Eigen3: TRUE (found version "3.4.0") 
[1.221s] -- Ensuring Eigen3 include directory is part of orocos-kdl CMake target
[1.269s] -- Found ament_lint_auto: 0.12.11 (/opt/ros/humble/share/ament_lint_auto/cmake)
[1.360s] -- Added test 'copyright' to check source files copyright and LICENSE
[1.362s] -- Added test 'cppcheck' to perform static code analysis on C / C++ code
[1.362s] -- Configured cppcheck include dirs: 
[1.362s] -- Configured cppcheck exclude dirs and/or files: 
[1.363s] -- Added test 'cpplint' to check C / C++ code against the Google style
[1.363s] -- Configured cpplint exclude dirs and/or files: 
[1.364s] -- Added test 'flake8' to check Python code syntax and style conventions
[1.366s] -- Added test 'lint_cmake' to check CMake code style
[1.366s] -- Added test 'pep257' to check Python code against some of the docstring style conventions in PEP 257
[1.367s] -- Added test 'uncrustify' to check C / C++ code style
[1.367s] -- Configured uncrustify additional arguments: 
[1.367s] -- Added test 'xmllint' to check XML markup files
[1.369s] -- Configuring done
[1.379s] -- Generating done
[1.380s] -- Build files have been written to: /home/om/ros2_ws/build/trac_ik_examples
[1.393s] Invoked command in '/home/om/ros2_ws/build/trac_ik_examples' returned '0': AMENT_PREFIX_PATH=/home/om/ros2_ws/install/trac_ik_lib:${AMENT_PREFIX_PATH} CMAKE_PREFIX_PATH=/home/om/ros2_ws/install/trac_ik_lib:/opt/ros/humble LD_LIBRARY_PATH=/home/om/ros2_ws/install/trac_ik_lib/lib:${LD_LIBRARY_PATH} /usr/bin/cmake /home/om/ros2_ws/src/trac_ik/trac_ik_examples -DCMAKE_INSTALL_PREFIX=/home/om/ros2_ws/install/trac_ik_examples
[1.396s] Invoking command in '/home/om/ros2_ws/build/trac_ik_examples': AMENT_PREFIX_PATH=/home/om/ros2_ws/install/trac_ik_lib:${AMENT_PREFIX_PATH} CMAKE_PREFIX_PATH=/home/om/ros2_ws/install/trac_ik_lib:/opt/ros/humble LD_LIBRARY_PATH=/home/om/ros2_ws/install/trac_ik_lib/lib:${LD_LIBRARY_PATH} /usr/bin/cmake --build /home/om/ros2_ws/build/trac_ik_examples -- -j8 -l8
[1.458s] [ 50%] [32mBuilding CXX object CMakeFiles/ik_tests.dir/src/ik_tests.cpp.o[0m
[5.365s] [100%] [32m[1mLinking CXX executable ik_tests[0m
[5.542s] [100%] Built target ik_tests
[5.554s] Invoked command in '/home/om/ros2_ws/build/trac_ik_examples' returned '0': AMENT_PREFIX_PATH=/home/om/ros2_ws/install/trac_ik_lib:${AMENT_PREFIX_PATH} CMAKE_PREFIX_PATH=/home/om/ros2_ws/install/trac_ik_lib:/opt/ros/humble LD_LIBRARY_PATH=/home/om/ros2_ws/install/trac_ik_lib/lib:${LD_LIBRARY_PATH} /usr/bin/cmake --build /home/om/ros2_ws/build/trac_ik_examples -- -j8 -l8
[5.578s] Invoking command in '/home/om/ros2_ws/build/trac_ik_examples': AMENT_PREFIX_PATH=/home/om/ros2_ws/install/trac_ik_lib:${AMENT_PREFIX_PATH} CMAKE_PREFIX_PATH=/home/om/ros2_ws/install/trac_ik_lib:/opt/ros/humble LD_LIBRARY_PATH=/home/om/ros2_ws/install/trac_ik_lib/lib:${LD_LIBRARY_PATH} /usr/bin/cmake --install /home/om/ros2_ws/build/trac_ik_examples
[5.585s] -- Install configuration: ""
[5.585s] -- Installing: /home/om/ros2_ws/install/trac_ik_examples/lib/trac_ik_examples/ik_tests
[5.585s] -- Set runtime path of "/home/om/ros2_ws/install/trac_ik_examples/lib/trac_ik_examples/ik_tests" to ""
[5.585s] -- Installing: /home/om/ros2_ws/install/trac_ik_examples/share/trac_ik_examples/launch
[5.585s] -- Installing: /home/om/ros2_ws/install/trac_ik_examples/share/trac_ik_examples/launch/pr2_arm.launch.py
[5.585s] -- Installing: /home/om/ros2_ws/install/trac_ik_examples/share/trac_ik_examples/launch/pr2.urdf
[5.585s] -- Installing: /home/om/ros2_ws/install/trac_ik_examples/share/ament_index/resource_index/package_run_dependencies/trac_ik_examples
[5.586s] -- Installing: /home/om/ros2_ws/install/trac_ik_examples/share/ament_index/resource_index/parent_prefix_path/trac_ik_examples
[5.586s] -- Installing: /home/om/ros2_ws/install/trac_ik_examples/share/trac_ik_examples/environment/ament_prefix_path.sh
[5.586s] -- Installing: /home/om/ros2_ws/install/trac_ik_examples/share/trac_ik_examples/environment/ament_prefix_path.dsv
[5.586s] -- Installing: /home/om/ros2_ws/install/trac_ik_examples/share/trac_ik_examples/environment/path.sh
[5.586s] -- Installing: /home/om/ros2_ws/install/trac_ik_examples/share/trac_ik_examples/environment/path.dsv
[5.586s] -- Installing: /home/om/ros2_ws/install/trac_ik_examples/share/trac_ik_examples/local_setup.bash
[5.586s] -- Installing: /home/om/ros2_ws/install/trac_ik_examples/share/trac_ik_examples/local_setup.sh
[5.587s] -- Installing: /home/om/ros2_ws/install/trac_ik_examples/share/trac_ik_examples/local_setup.zsh
[5.587s] -- Installing: /home/om/ros2_ws/install/trac_ik_examples/share/trac_ik_examples/local_setup.dsv
[5.587s] -- Installing: /home/om/ros2_ws/install/trac_ik_examples/share/trac_ik_examples/package.dsv
[5.587s] -- Installing: /home/om/ros2_ws/install/trac_ik_examples/share/ament_index/resource_index/packages/trac_ik_examples
[5.587s] -- Installing: /home/om/ros2_ws/install/trac_ik_examples/share/trac_ik_examples/cmake/trac_ik_examplesConfig.cmake
[5.587s] -- Installing: /home/om/ros2_ws/install/trac_ik_examples/share/trac_ik_examples/cmake/trac_ik_examplesConfig-version.cmake
[5.587s] -- Installing: /home/om/ros2_ws/install/trac_ik_examples/share/trac_ik_examples/package.xml
[5.589s] Invoked command in '/home/om/ros2_ws/build/trac_ik_examples' returned '0': AMENT_PREFIX_PATH=/home/om/ros2_ws/install/trac_ik_lib:${AMENT_PREFIX_PATH} CMAKE_PREFIX_PATH=/home/om/ros2_ws/install/trac_ik_lib:/opt/ros/humble LD_LIBRARY_PATH=/home/om/ros2_ws/install/trac_ik_lib/lib:${LD_LIBRARY_PATH} /usr/bin/cmake --install /home/om/ros2_ws/build/trac_ik_examples
