[0.035s] Invoking command in '/home/om/ros2_ws/build/trac_ik_lib': CMAKE_PREFIX_PATH=/opt/ros/humble /usr/bin/cmake --build /home/om/ros2_ws/build/trac_ik_lib -- -j8 -l8
[0.155s] [100%] Built target trac_ik_lib
[0.188s] Invoked command in '/home/om/ros2_ws/build/trac_ik_lib' returned '0': CMAKE_PREFIX_PATH=/opt/ros/humble /usr/bin/cmake --build /home/om/ros2_ws/build/trac_ik_lib -- -j8 -l8
[0.284s] Invoking command in '/home/om/ros2_ws/build/trac_ik_lib': CMAKE_PREFIX_PATH=/opt/ros/humble /usr/bin/cmake --install /home/om/ros2_ws/build/trac_ik_lib
[0.285s] -- Install configuration: ""
[0.285s] -- Up-to-date: /home/om/ros2_ws/install/trac_ik_lib/share/trac_ik_lib/environment/library_path.sh
[0.286s] -- Up-to-date: /home/om/ros2_ws/install/trac_ik_lib/share/trac_ik_lib/environment/library_path.dsv
[0.286s] -- Up-to-date: /home/om/ros2_ws/install/trac_ik_lib/include
[0.287s] -- Up-to-date: /home/om/ros2_ws/install/trac_ik_lib/include/trac_ik
[0.288s] -- Up-to-date: /home/om/ros2_ws/install/trac_ik_lib/include/trac_ik/trac_ik.hpp
[0.288s] -- Up-to-date: /home/om/ros2_ws/install/trac_ik_lib/include/trac_ik/nlopt_ik.hpp
[0.289s] -- Up-to-date: /home/om/ros2_ws/install/trac_ik_lib/include/trac_ik/kdl_tl.hpp
[0.291s] -- Up-to-date: /home/om/ros2_ws/install/trac_ik_lib/include/trac_ik/math3d.h
[0.292s] -- Up-to-date: /home/om/ros2_ws/install/trac_ik_lib/include/trac_ik/visibility_control.hpp
[0.293s] -- Up-to-date: /home/om/ros2_ws/install/trac_ik_lib/include/trac_ik/dual_quaternion.h
[0.293s] -- Up-to-date: /home/om/ros2_ws/install/trac_ik_lib/lib/libtrac_ik_lib.so
[0.293s] -- Up-to-date: /home/om/ros2_ws/install/trac_ik_lib/share/ament_index/resource_index/package_run_dependencies/trac_ik_lib
[0.294s] -- Up-to-date: /home/om/ros2_ws/install/trac_ik_lib/share/ament_index/resource_index/parent_prefix_path/trac_ik_lib
[0.294s] -- Up-to-date: /home/om/ros2_ws/install/trac_ik_lib/share/trac_ik_lib/environment/ament_prefix_path.sh
[0.294s] -- Up-to-date: /home/om/ros2_ws/install/trac_ik_lib/share/trac_ik_lib/environment/ament_prefix_path.dsv
[0.294s] -- Up-to-date: /home/om/ros2_ws/install/trac_ik_lib/share/trac_ik_lib/environment/path.sh
[0.295s] -- Up-to-date: /home/om/ros2_ws/install/trac_ik_lib/share/trac_ik_lib/environment/path.dsv
[0.295s] -- Up-to-date: /home/om/ros2_ws/install/trac_ik_lib/share/trac_ik_lib/local_setup.bash
[0.296s] -- Up-to-date: /home/om/ros2_ws/install/trac_ik_lib/share/trac_ik_lib/local_setup.sh
[0.298s] -- Up-to-date: /home/om/ros2_ws/install/trac_ik_lib/share/trac_ik_lib/local_setup.zsh
[0.298s] -- Up-to-date: /home/om/ros2_ws/install/trac_ik_lib/share/trac_ik_lib/local_setup.dsv
[0.298s] -- Installing: /home/om/ros2_ws/install/trac_ik_lib/share/trac_ik_lib/package.dsv
[0.299s] -- Up-to-date: /home/om/ros2_ws/install/trac_ik_lib/share/ament_index/resource_index/packages/trac_ik_lib
[0.301s] -- Up-to-date: /home/om/ros2_ws/install/trac_ik_lib/share/trac_ik_lib/cmake/export_trac_ik_libExport.cmake
[0.301s] -- Up-to-date: /home/om/ros2_ws/install/trac_ik_lib/share/trac_ik_lib/cmake/export_trac_ik_libExport-noconfig.cmake
[0.302s] -- Up-to-date: /home/om/ros2_ws/install/trac_ik_lib/share/trac_ik_lib/cmake/ament_cmake_export_targets-extras.cmake
[0.302s] -- Up-to-date: /home/om/ros2_ws/install/trac_ik_lib/share/trac_ik_lib/cmake/ament_cmake_export_dependencies-extras.cmake
[0.302s] -- Up-to-date: /home/om/ros2_ws/install/trac_ik_lib/share/trac_ik_lib/cmake/trac_ik_libConfig.cmake
[0.303s] -- Up-to-date: /home/om/ros2_ws/install/trac_ik_lib/share/trac_ik_lib/cmake/trac_ik_libConfig-version.cmake
[0.303s] -- Up-to-date: /home/om/ros2_ws/install/trac_ik_lib/share/trac_ik_lib/package.xml
[0.304s] Invoked command in '/home/om/ros2_ws/build/trac_ik_lib' returned '0': CMAKE_PREFIX_PATH=/opt/ros/humble /usr/bin/cmake --install /home/om/ros2_ws/build/trac_ik_lib
